cd /home/liumengjiao/Desktop/CI/Benchmark/../bugs/Codec_14_buggy && timeout 300000 gen_tests.pl -g evosuite -p Codec -v 14f -n 0 -o /home/liumengjiao/Desktop/CI/Evosuite/Codec_14/ -b 300 >> evosuite-report-clz/test_gen.log 2>&1

Checking out 39d5df29 to /tmp/gen_tests.pl_1606851_1693903623.............. OK
Init local repository...................................................... OK
Tag post-fix revision...................................................... OK
Run post-checkout hook..................................................... OK
Initialize fixed program version........................................... OK
Apply patch................................................................ OK
Initialize buggy program version........................................... OK
Diff 39d5df29:50a1d17b..................................................... OK
Apply patch................................................................ OK
Tag pre-fix revision....................................................... OK
Check out program version: Codec-14f....................................... OK
Running ant (compile)...................................................... OK
Creating temporary output directory........................................ OK
Generating (regression) tests with: evosuite............................... [MASTER] 01:47:05.855 [logback-2] ERROR TestSuiteGenerator - Problem for org.apache.commons.codec.language.bm.Lang. Full stack:
java.lang.ExceptionInInitializerError: null
	at org.apache.commons.codec.language.bm.Lang.<clinit>(Lang.java)
	at java.lang.Class.forName0(Native Method)
	at java.lang.Class.forName(Class.java:348)
	at sun.reflect.NativeMethodAccessorImpl.invoke0(Native Method)
	at sun.reflect.NativeMethodAccessorImpl.invoke(NativeMethodAccessorImpl.java:62)
	at sun.reflect.DelegatingMethodAccessorImpl.invoke(DelegatingMethodAccessorImpl.java:43)
	at java.lang.reflect.Method.invoke(Method.java:498)
	at org.evosuite.testcase.statements.MethodStatement$1.execute(MethodStatement.java:261)
	at org.evosuite.testcase.statements.AbstractStatement.exceptionHandler(AbstractStatement.java:172)
	at org.evosuite.testcase.statements.MethodStatement.execute(MethodStatement.java:224)
	at org.evosuite.testcase.execution.TestRunnable.executeStatements(TestRunnable.java:295)
	at org.evosuite.testcase.execution.TestRunnable.call(TestRunnable.java:201)
	at org.evosuite.testcase.execution.TestRunnable.call(TestRunnable.java:54)
	at java.util.concurrent.FutureTask.run(FutureTask.java:266)
	at java.util.concurrent.ThreadPoolExecutor.runWorker(ThreadPoolExecutor.java:1149)
	at java.util.concurrent.ThreadPoolExecutor$Worker.run(ThreadPoolExecutor.java:624)
	at java.lang.Thread.run(Thread.java:750)
Caused by: org.evosuite.runtime.mock.java.lang.MockIllegalArgumentException: Unable to resolve required resource: org/apache/commons/codec/language/bm/ash_languages.txt
	at org.apache.commons.codec.language.bm.Languages.getInstance(Languages.java:175)
	at <evosuite>.<evosuite>(<evosuite>)
	at <evosuite>.<evosuite>(<evosuite>)
[MASTER] 01:47:05.966 [main] ERROR SearchStatistics - No statistics has been saved because EvoSuite failed to generate any test case
[MASTER] 01:47:06.066 [main] ERROR TestGeneration - failed to write statistics data
[MASTER] 01:47:07.525 [logback-2] ERROR TestCluster - Failed to check cache for java.util.LinkedList<E> : Type points to itself
[MASTER] 01:47:07.525 [logback-2] ERROR TestCluster - Failed to check cache for java.util.LinkedHashSet<E> : Type points to itself
[MASTER] 01:47:29.972 [logback-2] ERROR TestCluster - Failed to check cache for java.util.function.Predicate<T> : Type points to itself
[MASTER] 01:47:35.266 [logback-2] ERROR TestSuiteGenerator - Problem for org.apache.commons.codec.language.bm.Rule. Full stack:
java.lang.ExceptionInInitializerError: null
	at org.apache.commons.codec.language.bm.Rule.<clinit>(Rule.java)
	at java.lang.Class.forName0(Native Method)
	at java.lang.Class.forName(Class.java:348)
	at sun.reflect.NativeMethodAccessorImpl.invoke0(Native Method)
	at sun.reflect.NativeMethodAccessorImpl.invoke(NativeMethodAccessorImpl.java:62)
	at sun.reflect.DelegatingMethodAccessorImpl.invoke(DelegatingMethodAccessorImpl.java:43)
	at java.lang.reflect.Method.invoke(Method.java:498)
	at org.evosuite.testcase.statements.MethodStatement$1.execute(MethodStatement.java:261)
	at org.evosuite.testcase.statements.AbstractStatement.exceptionHandler(AbstractStatement.java:172)
	at org.evosuite.testcase.statements.MethodStatement.execute(MethodStatement.java:224)
	at org.evosuite.testcase.execution.TestRunnable.executeStatements(TestRunnable.java:295)
	at org.evosuite.testcase.execution.TestRunnable.call(TestRunnable.java:201)
	at org.evosuite.testcase.execution.TestRunnable.call(TestRunnable.java:54)
	at java.util.concurrent.FutureTask.run(FutureTask.java:266)
	at java.util.concurrent.ThreadPoolExecutor.runWorker(ThreadPoolExecutor.java:1149)
	at java.util.concurrent.ThreadPoolExecutor$Worker.run(ThreadPoolExecutor.java:624)
	at java.lang.Thread.run(Thread.java:750)
Caused by: org.evosuite.runtime.mock.java.lang.MockIllegalArgumentException: Unable to resolve required resource: org/apache/commons/codec/language/bm/ash_languages.txt
	at org.apache.commons.codec.language.bm.Languages.getInstance(Languages.java:175)
	at <evosuite>.<evosuite>(<evosuite>)
	at <evosuite>.<evosuite>(<evosuite>)
[MASTER] 01:47:35.378 [main] ERROR SearchStatistics - No statistics has been saved because EvoSuite failed to generate any test case
[MASTER] 01:47:35.479 [main] ERROR TestGeneration - failed to write statistics data
OK
Creating test suite archive................................................ OK
Creating output directory.................................................. OK
Moving test suite archive to /home/liumengjiao/Desktop/CI/Evosuite/Codec_14 OK
