cd /home/liumengjiao/Desktop/CI/Benchmark/../bugs/Closure_21_buggy && timeout 300000 java -jar /home/liumengjiao/Desktop/CI/Benchmark/libs/evosuite-shaded-1.2.1-SNAPSHOT.jar -projectCP build/classes/:lib/ -class com.google.javascript.jscomp.CheckSideEffects -Dtarget_method_list "visit(Lcom/google/javascript/jscomp/NodeTraversal;Lcom/google/javascript/rhino/Node;Lcom/google/javascript/rhino/Node;)V" -criterion=LINE >> evosuite-report/test_gen.log 2>&1

* EvoSuite 1.2.1-SNAPSHOT
* Going to generate test cases for class: com.google.javascript.jscomp.CheckSideEffects
* Starting Client-0
* Connecting to master process on port 9911
* Analyzing classpath: 
  - build/classes/
  - lib/
[MASTER] 05:26:54.094 [logback-2] ERROR ConcreteClassAnalyzer - Problem for com.google.javascript.jscomp.CheckSideEffects. Class not found: com.google.javascript.jscomp.TransformAMDToCJSModule$TransformAMDModulesCallback
[MASTER] 05:26:54.094 [logback-2] ERROR ConcreteClassAnalyzer - Removing class from inheritance tree
[MASTER] 05:26:54.099 [logback-2] ERROR ConcreteClassAnalyzer - Problem for com.google.javascript.jscomp.CheckSideEffects. Class not found: com.google.javascript.jscomp.RuntimeTypeCheck$AddChecks
[MASTER] 05:26:54.099 [logback-2] ERROR ConcreteClassAnalyzer - Removing class from inheritance tree
[MASTER] 05:26:54.350 [logback-1] WARN  CheapPurityAnalyzer - com.google.common.collect.Sets was not found in the inheritance tree. Using DEFAULT value for cheap-purity analysis
[MASTER] 05:26:54.350 [logback-1] WARN  InheritanceTree - Class not in inheritance graph: com.google.common.collect.Sets
[MASTER] 05:26:54.372 [logback-1] WARN  CheapPurityAnalyzer - com.google.common.collect.Lists was not found in the inheritance tree. Using DEFAULT value for cheap-purity analysis
[MASTER] 05:26:54.372 [logback-1] WARN  InheritanceTree - Class not in inheritance graph: com.google.common.collect.Lists
[MASTER] 05:26:54.403 [logback-1] WARN  CheapPurityAnalyzer - com.google.common.base.Preconditions was not found in the inheritance tree. Using DEFAULT value for cheap-purity analysis
[MASTER] 05:26:54.403 [logback-1] WARN  InheritanceTree - Class not in inheritance graph: com.google.common.base.Preconditions
[MASTER] 05:26:54.406 [logback-1] WARN  CheapPurityAnalyzer - com.google.common.base.Preconditions was not found in the inheritance tree. Using DEFAULT value for cheap-purity analysis
[MASTER] 05:26:54.419 [logback-1] WARN  CheapPurityAnalyzer - com.google.common.base.Preconditions was not found in the inheritance tree. Using DEFAULT value for cheap-purity analysis
[MASTER] 05:26:54.515 [logback-2] ERROR TestClusterGenerator - Problem for com.google.javascript.jscomp.CheckSideEffects. Failed to add dependencies for class com.google.javascript.jscomp.type.ClosureReverseAbstractInterpreter: java.lang.TypeNotPresentException: Type com.google.common.base.Function not present
[sun.reflect.generics.factory.CoreReflectionFactory.makeNamedType(CoreReflectionFactory.java:117), sun.reflect.generics.visitor.Reifier.visitClassTypeSignature(Reifier.java:125), sun.reflect.generics.tree.ClassTypeSignature.accept(ClassTypeSignature.java:49), sun.reflect.generics.visitor.Reifier.reifyTypeArguments(Reifier.java:68), sun.reflect.generics.visitor.Reifier.visitClassTypeSignature(Reifier.java:138), sun.reflect.generics.tree.ClassTypeSignature.accept(ClassTypeSignature.java:49), sun.reflect.generics.repository.FieldRepository.getGenericType(FieldRepository.java:85), java.lang.reflect.Field.getGenericType(Field.java:247), java.lang.reflect.Field.toGenericString(Field.java:329), shaded.org.evosuite.setup.TestClusterUtils.getFields(TestClusterUtils.java:219), shaded.org.evosuite.setup.TestClusterGenerator.addDependencyClass(TestClusterGenerator.java:961), shaded.org.evosuite.setup.TestClusterGenerator.resolveDependencies(TestClusterGenerator.java:312), shaded.org.evosuite.setup.TestClusterGenerator.generateCluster(TestClusterGenerator.java:122), shaded.org.evosuite.setup.DependencyAnalysis.analyze(DependencyAnalysis.java:120), shaded.org.evosuite.setup.DependencyAnalysis.analyzeClass(DependencyAnalysis.java:136), shaded.org.evosuite.TestSuiteGenerator.initializeTargetClass(TestSuiteGenerator.java:114), shaded.org.evosuite.TestSuiteGenerator.generateTestSuite(TestSuiteGenerator.java:135), shaded.org.evosuite.rmi.service.ClientNodeImpl.lambda$startNewSearch$0(ClientNodeImpl.java:140), java.util.concurrent.Executors$RunnableAdapter.call(Executors.java:511), java.util.concurrent.FutureTask.run(FutureTask.java:266), java.util.concurrent.ThreadPoolExecutor.runWorker(ThreadPoolExecutor.java:1149), java.util.concurrent.ThreadPoolExecutor$Worker.run(ThreadPoolExecutor.java:624), java.lang.Thread.run(Thread.java:750)]
* Finished analyzing classpath
* Generating tests for class com.google.javascript.jscomp.CheckSideEffects
* Test criterion:
  - Line Coverage
* Total number of test goals for DYNAMOSA: 27
* Using seed 1693484812931
* Starting evolution
[Progress:>                             0%] [Cov:>                                  0%]* Initial Number of Goals in DynaMOSA = 7 / 27
[MASTER] 05:26:54.627 [logback-1] WARN  FunctionalMockStatement - Problem with class com.google.javascript.jscomp.AbstractCompiler: java.lang.NoClassDefFoundError: com/google/javascript/rhino/head/ErrorReporter
[MASTER] 05:26:55.097 [logback-2] ERROR ClientNodeImpl - Error when generating tests for: com.google.javascript.jscomp.CheckSideEffects with seed 1693484812931. Configuration id : null
java.lang.RuntimeException: Trying to update the archive with a target of 'BranchCoverageTestFitness' type, but correspondent criterion is not enabled.
	at shaded.org.evosuite.ga.archive.Archive.updateArchive(Archive.java:144)
	at shaded.org.evosuite.ga.archive.CoverageArchive.updateArchive(CoverageArchive.java:83)
	at shaded.org.evosuite.ga.metaheuristics.mosa.structural.StructuralGoalManager.updateCoveredGoals(StructuralGoalManager.java:137)
	at shaded.org.evosuite.ga.metaheuristics.mosa.structural.MultiCriteriaManager.calculateFitness(MultiCriteriaManager.java:426)
	at shaded.org.evosuite.ga.metaheuristics.mosa.DynaMOSA.calculateFitness(DynaMOSA.java:190)
	at shaded.org.evosuite.ga.metaheuristics.mosa.DynaMOSA.calculateFitness(DynaMOSA.java:44)
	at shaded.org.evosuite.ga.metaheuristics.GeneticAlgorithm.calculateFitness(GeneticAlgorithm.java:573)
	at shaded.org.evosuite.ga.metaheuristics.mosa.AbstractMOSA.initializePopulation(AbstractMOSA.java:359)
	at shaded.org.evosuite.ga.metaheuristics.mosa.DynaMOSA.generateSolution(DynaMOSA.java:155)
	at shaded.org.evosuite.ga.metaheuristics.TestSuiteAdapter.generateSolution(TestSuiteAdapter.java:136)
	at shaded.org.evosuite.strategy.MOSuiteStrategy.generateTests(MOSuiteStrategy.java:128)
	at shaded.org.evosuite.TestSuiteGenerator.generateTests(TestSuiteGenerator.java:630)
	at shaded.org.evosuite.TestSuiteGenerator.generateTestSuite(TestSuiteGenerator.java:208)
	at shaded.org.evosuite.rmi.service.ClientNodeImpl.lambda$startNewSearch$0(ClientNodeImpl.java:140)
	at java.util.concurrent.Executors$RunnableAdapter.call(Executors.java:511)
	at java.util.concurrent.FutureTask.run(FutureTask.java:266)
	at java.util.concurrent.ThreadPoolExecutor.runWorker(ThreadPoolExecutor.java:1149)
	at java.util.concurrent.ThreadPoolExecutor$Worker.run(ThreadPoolExecutor.java:624)
	at java.lang.Thread.run(Thread.java:750)
* Computation finished
[MASTER] 05:26:55.200 [main] ERROR SearchStatistics - No statistics has been saved because EvoSuite failed to generate any test case
[MASTER] 05:26:55.300 [main] ERROR TestGeneration - failed to write statistics data
