cd /home/liumengjiao/Desktop/CI/Benchmark/../bugs/Closure_62_buggy && timeout 300000 java -jar /home/liumengjiao/Desktop/CI/Benchmark/libs/evosuite-shaded-1.2.1-SNAPSHOT.jar -projectCP build/classes/:lib/ -class com.google.javascript.jscomp.LightweightMessageFormatter -Dtarget_method_list "format(Lcom/google/javascript/jscomp/JSError;Z)Ljava/lang/String;" -criterion=LINE >> evosuite-report/test_gen.log 2>&1

* EvoSuite 1.2.1-SNAPSHOT
* Going to generate test cases for class: com.google.javascript.jscomp.LightweightMessageFormatter
* Starting Client-0
* Connecting to master process on port 12432
* Analyzing classpath: 
  - build/classes/
  - lib/
* Error while initializing target class: com/google/common/collect/ImmutableSet
* Computation finished
[MASTER] 05:27:30.683 [logback-2] ERROR TestSuiteGenerator - Problem for com.google.javascript.jscomp.LightweightMessageFormatter. Full stack:
java.lang.NoClassDefFoundError: com/google/common/collect/ImmutableSet
	at com.google.javascript.jscomp.AbstractMessageFormatter.<clinit>(AbstractMessageFormatter.java)
	at java.lang.Class.forName0(Native Method)
	at java.lang.Class.forName(Class.java:348)
	at sun.reflect.NativeMethodAccessorImpl.invoke0(Native Method)
	at sun.reflect.NativeMethodAccessorImpl.invoke(NativeMethodAccessorImpl.java:62)
	at sun.reflect.DelegatingMethodAccessorImpl.invoke(DelegatingMethodAccessorImpl.java:43)
	at java.lang.reflect.Method.invoke(Method.java:498)
	at shaded.org.evosuite.testcase.statements.MethodStatement$1.execute(MethodStatement.java:257)
	at shaded.org.evosuite.testcase.statements.AbstractStatement.exceptionHandler(AbstractStatement.java:165)
	at shaded.org.evosuite.testcase.statements.MethodStatement.execute(MethodStatement.java:220)
	at shaded.org.evosuite.testcase.execution.TestRunnable.executeStatements(TestRunnable.java:286)
	at shaded.org.evosuite.testcase.execution.TestRunnable.call(TestRunnable.java:192)
	at shaded.org.evosuite.testcase.execution.TestRunnable.call(TestRunnable.java:49)
	at java.util.concurrent.FutureTask.run(FutureTask.java:266)
	at java.util.concurrent.ThreadPoolExecutor.runWorker(ThreadPoolExecutor.java:1149)
	at java.util.concurrent.ThreadPoolExecutor$Worker.run(ThreadPoolExecutor.java:624)
	at java.lang.Thread.run(Thread.java:750)
Caused by: java.lang.ClassNotFoundException: Class 'com/google/common/collect/ImmutableSet.class' should be in target project, but could not be found!
	at shaded.org.evosuite.instrumentation.InstrumentingClassLoader.instrumentClass(InstrumentingClassLoader.java:158)
	at shaded.org.evosuite.instrumentation.InstrumentingClassLoader.loadClass(InstrumentingClassLoader.java:126)
	... 17 common frames omitted
Caused by: java.lang.ClassNotFoundException: Class 'com/google/common/collect/ImmutableSet.class' should be in target project, but could not be found!
	at shaded.org.evosuite.instrumentation.InstrumentingClassLoader.instrumentClass(InstrumentingClassLoader.java:145)
	... 18 common frames omitted
[MASTER] 05:27:30.798 [main] ERROR SearchStatistics - No statistics has been saved because EvoSuite failed to generate any test case
[MASTER] 05:27:30.898 [main] ERROR TestGeneration - failed to write statistics data
