cd /home/liumengjiao/Desktop/CI/Benchmark/../bugs/Closure_91_buggy && timeout 300000 java -jar /home/liumengjiao/Desktop/CI/Benchmark/libs/evosuite-shaded-1.2.1-SNAPSHOT.jar -projectCP build/classes/:lib/ -class com.google.javascript.jscomp.CheckGlobalThis -Dtarget_method_list "shouldTraverse(Lcom/google/javascript/jscomp/NodeTraversal;Lcom/google/javascript/rhino/Node;Lcom/google/javascript/rhino/Node;)Z" -criterion=LINE >> evosuite-report/test_gen.log 2>&1

* EvoSuite 1.2.1-SNAPSHOT
* Going to generate test cases for class: com.google.javascript.jscomp.CheckGlobalThis
* Starting Client-0
* Connecting to master process on port 3903
* Analyzing classpath: 
  - build/classes/
  - lib/
[MASTER] 05:30:09.826 [logback-2] ERROR ConcreteClassAnalyzer - Problem for com.google.javascript.jscomp.CheckGlobalThis. Class not found: com.google.javascript.jscomp.RuntimeTypeCheck$AddChecks
[MASTER] 05:30:09.826 [logback-2] ERROR ConcreteClassAnalyzer - Removing class from inheritance tree
[MASTER] 05:30:10.071 [logback-1] WARN  CheapPurityAnalyzer - com.google.common.base.Preconditions was not found in the inheritance tree. Using DEFAULT value for cheap-purity analysis
[MASTER] 05:30:10.071 [logback-1] WARN  InheritanceTree - Class not in inheritance graph: com.google.common.base.Preconditions
[MASTER] 05:30:10.074 [logback-1] WARN  CheapPurityAnalyzer - com.google.common.base.Preconditions was not found in the inheritance tree. Using DEFAULT value for cheap-purity analysis
[MASTER] 05:30:10.158 [logback-2] ERROR TestClusterGenerator - Problem for com.google.javascript.jscomp.CheckGlobalThis. Failed to add dependencies for class com.google.javascript.jscomp.ClosureReverseAbstractInterpreter: java.lang.TypeNotPresentException: Type com.google.common.base.Function not present
[sun.reflect.generics.factory.CoreReflectionFactory.makeNamedType(CoreReflectionFactory.java:117), sun.reflect.generics.visitor.Reifier.visitClassTypeSignature(Reifier.java:125), sun.reflect.generics.tree.ClassTypeSignature.accept(ClassTypeSignature.java:49), sun.reflect.generics.visitor.Reifier.reifyTypeArguments(Reifier.java:68), sun.reflect.generics.visitor.Reifier.visitClassTypeSignature(Reifier.java:138), sun.reflect.generics.tree.ClassTypeSignature.accept(ClassTypeSignature.java:49), sun.reflect.generics.repository.FieldRepository.getGenericType(FieldRepository.java:85), java.lang.reflect.Field.getGenericType(Field.java:247), java.lang.reflect.Field.toGenericString(Field.java:329), shaded.org.evosuite.setup.TestClusterUtils.getFields(TestClusterUtils.java:219), shaded.org.evosuite.setup.TestClusterGenerator.addDependencyClass(TestClusterGenerator.java:961), shaded.org.evosuite.setup.TestClusterGenerator.resolveDependencies(TestClusterGenerator.java:312), shaded.org.evosuite.setup.TestClusterGenerator.generateCluster(TestClusterGenerator.java:122), shaded.org.evosuite.setup.DependencyAnalysis.analyze(DependencyAnalysis.java:120), shaded.org.evosuite.setup.DependencyAnalysis.analyzeClass(DependencyAnalysis.java:136), shaded.org.evosuite.TestSuiteGenerator.initializeTargetClass(TestSuiteGenerator.java:114), shaded.org.evosuite.TestSuiteGenerator.generateTestSuite(TestSuiteGenerator.java:135), shaded.org.evosuite.rmi.service.ClientNodeImpl.lambda$startNewSearch$0(ClientNodeImpl.java:140), java.util.concurrent.Executors$RunnableAdapter.call(Executors.java:511), java.util.concurrent.FutureTask.run(FutureTask.java:266), java.util.concurrent.ThreadPoolExecutor.runWorker(ThreadPoolExecutor.java:1149), java.util.concurrent.ThreadPoolExecutor$Worker.run(ThreadPoolExecutor.java:624), java.lang.Thread.run(Thread.java:750)]
[MASTER] 05:30:10.173 [logback-2] ERROR ConcreteClassAnalyzer - Problem for com.google.javascript.jscomp.CheckGlobalThis. Class not found: com.google.javascript.rhino.jstype.ProxyObjectType
[MASTER] 05:30:10.173 [logback-2] ERROR ConcreteClassAnalyzer - Removing class from inheritance tree
[MASTER] 05:30:10.176 [logback-2] ERROR ConcreteClassAnalyzer - Problem for com.google.javascript.jscomp.CheckGlobalThis. Class not found: com.google.javascript.rhino.jstype.TemplateType
[MASTER] 05:30:10.176 [logback-2] ERROR ConcreteClassAnalyzer - Removing class from inheritance tree
[MASTER] 05:30:10.178 [logback-2] ERROR ConcreteClassAnalyzer - Problem for com.google.javascript.jscomp.CheckGlobalThis. Class not found: com.google.javascript.rhino.jstype.NamedType
[MASTER] 05:30:10.178 [logback-2] ERROR ConcreteClassAnalyzer - Removing class from inheritance tree
[MASTER] 05:30:10.180 [logback-2] ERROR ConcreteClassAnalyzer - Problem for com.google.javascript.jscomp.CheckGlobalThis. Class not found: com.google.javascript.rhino.jstype.IndexedType
[MASTER] 05:30:10.180 [logback-2] ERROR ConcreteClassAnalyzer - Removing class from inheritance tree
[MASTER] 05:30:10.181 [logback-2] ERROR ConcreteClassAnalyzer - Problem for com.google.javascript.jscomp.CheckGlobalThis. Class not found: com.google.javascript.rhino.jstype.ParameterizedType
[MASTER] 05:30:10.181 [logback-2] ERROR ConcreteClassAnalyzer - Removing class from inheritance tree
* Finished analyzing classpath
* Generating tests for class com.google.javascript.jscomp.CheckGlobalThis
* Test criterion:
  - Line Coverage
* Total number of test goals for DYNAMOSA: 25
* Using seed 1693485008802
* Starting evolution
[Progress:>                             0%] [Cov:>                                  0%]* Initial Number of Goals in DynaMOSA = 3 / 25
[MASTER] 05:30:10.268 [logback-1] WARN  FunctionalMockStatement - Problem with class com.google.javascript.jscomp.AbstractCompiler: java.lang.NoClassDefFoundError: com/google/javascript/jscomp/mozilla/rhino/ErrorReporter
[MASTER] 05:30:10.365 [logback-1] WARN  FunctionalMockStatement - Problem with class com.google.javascript.jscomp.JSModuleGraph: java.lang.NoClassDefFoundError: com/google/common/collect/ListMultimap
* Computation finished
[MASTER] 05:30:10.880 [logback-2] ERROR ClientNodeImpl - Error when generating tests for: com.google.javascript.jscomp.CheckGlobalThis with seed 1693485008802. Configuration id : null
java.lang.RuntimeException: Trying to update the archive with a target of 'BranchCoverageTestFitness' type, but correspondent criterion is not enabled.
	at shaded.org.evosuite.ga.archive.Archive.updateArchive(Archive.java:144)
	at shaded.org.evosuite.ga.archive.CoverageArchive.updateArchive(CoverageArchive.java:83)
	at shaded.org.evosuite.ga.metaheuristics.mosa.structural.StructuralGoalManager.updateCoveredGoals(StructuralGoalManager.java:137)
	at shaded.org.evosuite.ga.metaheuristics.mosa.structural.MultiCriteriaManager.calculateFitness(MultiCriteriaManager.java:426)
	at shaded.org.evosuite.ga.metaheuristics.mosa.DynaMOSA.calculateFitness(DynaMOSA.java:190)
	at shaded.org.evosuite.ga.metaheuristics.mosa.DynaMOSA.calculateFitness(DynaMOSA.java:44)
	at shaded.org.evosuite.ga.metaheuristics.GeneticAlgorithm.calculateFitness(GeneticAlgorithm.java:573)
	at shaded.org.evosuite.ga.metaheuristics.mosa.AbstractMOSA.initializePopulation(AbstractMOSA.java:359)
	at shaded.org.evosuite.ga.metaheuristics.mosa.DynaMOSA.generateSolution(DynaMOSA.java:155)
	at shaded.org.evosuite.ga.metaheuristics.TestSuiteAdapter.generateSolution(TestSuiteAdapter.java:136)
	at shaded.org.evosuite.strategy.MOSuiteStrategy.generateTests(MOSuiteStrategy.java:128)
	at shaded.org.evosuite.TestSuiteGenerator.generateTests(TestSuiteGenerator.java:630)
	at shaded.org.evosuite.TestSuiteGenerator.generateTestSuite(TestSuiteGenerator.java:208)
	at shaded.org.evosuite.rmi.service.ClientNodeImpl.lambda$startNewSearch$0(ClientNodeImpl.java:140)
	at java.util.concurrent.Executors$RunnableAdapter.call(Executors.java:511)
	at java.util.concurrent.FutureTask.run(FutureTask.java:266)
	at java.util.concurrent.ThreadPoolExecutor.runWorker(ThreadPoolExecutor.java:1149)
	at java.util.concurrent.ThreadPoolExecutor$Worker.run(ThreadPoolExecutor.java:624)
	at java.lang.Thread.run(Thread.java:750)
[MASTER] 05:30:10.983 [main] ERROR SearchStatistics - No statistics has been saved because EvoSuite failed to generate any test case
[MASTER] 05:30:11.083 [main] ERROR TestGeneration - failed to write statistics data
