cd /home/liumengjiao/Desktop/CI/Benchmark/../bugs/Math_97_fix && timeout 300000 java -cp /home/liumengjiao/Desktop/defects4j/framework/lib/test_generation/generation/evosuite-current.jar:/home/liumengjiao/Desktop/CI/Evosuite/Math_97/Math/evosuite//3/::target/classes/:target/lib/* org.junit.runner.JUnitCore org.apache.commons.math.analysis.BrentSolver_ESTest >> evosuite-report-clz/test_run_fix.log 2>&1

JUnit version 4.13
19:19:31.704 [main] INFO org.evosuite.runtime.instrumentation.EvoClassLoader - Seeing class for first time: org.apache.commons.math.analysis.BrentSolver_ESTest
19:19:31.705 [main] INFO org.evosuite.runtime.instrumentation.EvoClassLoader - Instrumenting class 'org.apache.commons.math.analysis.BrentSolver_ESTest'.
19:19:31.745 [main] INFO org.evosuite.runtime.instrumentation.EvoClassLoader - Seeing class for first time: org.apache.commons.math.analysis.BrentSolver_ESTest_scaffolding
19:19:31.745 [main] INFO org.evosuite.runtime.instrumentation.EvoClassLoader - Instrumenting class 'org.apache.commons.math.analysis.BrentSolver_ESTest_scaffolding'.
19:19:31.746 [main] INFO org.evosuite.runtime.instrumentation.EvoClassLoader - Keeping class: org.apache.commons.math.analysis.BrentSolver_ESTest_scaffolding
19:19:31.746 [main] INFO org.evosuite.runtime.instrumentation.EvoClassLoader - Keeping class: org.apache.commons.math.analysis.BrentSolver_ESTest
19:19:31.747 [main] INFO org.evosuite.runtime.instrumentation.EvoClassLoader - Seeing class for first time: org.apache.commons.math.analysis.UnivariateRealFunction
19:19:31.747 [main] INFO org.evosuite.runtime.instrumentation.EvoClassLoader - Instrumenting class 'org.apache.commons.math.analysis.UnivariateRealFunction'.
19:19:31.765 [main] INFO org.evosuite.runtime.instrumentation.EvoClassLoader - Keeping class: org.apache.commons.math.analysis.UnivariateRealFunction
19:19:31.835 [main] DEBUG org.evosuite.runtime.sandbox.MSecurityManager - Adding privileged thread: "Reference Handler"
19:19:31.835 [main] DEBUG org.evosuite.runtime.sandbox.MSecurityManager - Adding privileged thread: "Finalizer"
19:19:31.835 [main] DEBUG org.evosuite.runtime.sandbox.MSecurityManager - Adding privileged thread: "Signal Dispatcher"
19:19:31.835 [main] DEBUG org.evosuite.runtime.sandbox.MSecurityManager - Adding privileged thread: "Java2D Disposer"
19:19:31.835 [main] DEBUG org.evosuite.runtime.sandbox.MSecurityManager - Adding privileged thread: "AWT-XAWT"
19:19:31.835 [main] DEBUG org.evosuite.runtime.sandbox.MSecurityManager - Adding privileged thread: "main"
19:19:31.842 [main] INFO org.evosuite.runtime.instrumentation.EvoClassLoader - Seeing class for first time: org.apache.commons.math.FunctionEvaluationException
19:19:31.843 [main] INFO org.evosuite.runtime.instrumentation.EvoClassLoader - Instrumenting class 'org.apache.commons.math.FunctionEvaluationException'.
19:19:31.843 [main] INFO org.evosuite.runtime.instrumentation.MethodCallReplacementClassAdapter - Adding mock interface to class org/apache/commons/math/FunctionEvaluationException
19:19:31.881 [main] INFO org.evosuite.runtime.instrumentation.CreateClassResetClassAdapter - Creating brand-new static initializer in class org/apache/commons/math/FunctionEvaluationException
19:19:31.881 [main] INFO org.evosuite.runtime.instrumentation.EvoClassLoader - Defined package (3): package org.apache.commons.math, 802290660
19:19:31.881 [main] INFO org.evosuite.runtime.instrumentation.EvoClassLoader - Seeing class for first time: org.apache.commons.math.MathException
19:19:31.881 [main] INFO org.evosuite.runtime.instrumentation.EvoClassLoader - Instrumenting class 'org.apache.commons.math.MathException'.
19:19:31.881 [main] INFO org.evosuite.runtime.instrumentation.MethodCallReplacementClassAdapter - Adding mock interface to class org/apache/commons/math/MathException
19:19:31.885 [main] INFO org.evosuite.runtime.instrumentation.CreateClassResetClassAdapter - Found static initializer in class org/apache/commons/math/MathException
19:19:31.886 [main] INFO org.evosuite.runtime.instrumentation.EvoClassLoader - Keeping class: org.apache.commons.math.MathException
19:19:31.886 [main] INFO org.evosuite.runtime.instrumentation.EvoClassLoader - Keeping class: org.apache.commons.math.FunctionEvaluationException
19:19:31.886 [main] INFO org.evosuite.runtime.instrumentation.EvoClassLoader - Seeing class for first time: org.apache.commons.math.analysis.UnivariateRealSolver
19:19:31.888 [main] INFO org.evosuite.runtime.instrumentation.EvoClassLoader - Instrumenting class 'org.apache.commons.math.analysis.UnivariateRealSolver'.
19:19:31.889 [main] INFO org.evosuite.runtime.instrumentation.EvoClassLoader - Keeping class: org.apache.commons.math.analysis.UnivariateRealSolver
19:19:31.889 [main] INFO org.evosuite.runtime.instrumentation.EvoClassLoader - Seeing class for first time: org.apache.commons.math.analysis.DifferentiableUnivariateRealFunction
19:19:31.889 [main] INFO org.evosuite.runtime.instrumentation.EvoClassLoader - Instrumenting class 'org.apache.commons.math.analysis.DifferentiableUnivariateRealFunction'.
19:19:31.890 [main] INFO org.evosuite.runtime.instrumentation.EvoClassLoader - Keeping class: org.apache.commons.math.analysis.DifferentiableUnivariateRealFunction
19:19:31.890 [main] INFO org.evosuite.runtime.instrumentation.EvoClassLoader - Seeing class for first time: org.apache.commons.math.analysis.UnivariateRealSolverImpl
19:19:31.890 [main] INFO org.evosuite.runtime.instrumentation.EvoClassLoader - Instrumenting class 'org.apache.commons.math.analysis.UnivariateRealSolverImpl'.
19:19:31.890 [main] INFO org.evosuite.runtime.instrumentation.MethodCallReplacementClassAdapter - Adding mock interface to class org/apache/commons/math/analysis/UnivariateRealSolverImpl
19:19:31.894 [main] INFO org.evosuite.runtime.instrumentation.CreateClassResetClassAdapter - Creating brand-new static initializer in class org/apache/commons/math/analysis/UnivariateRealSolverImpl
19:19:31.894 [main] INFO org.evosuite.runtime.instrumentation.EvoClassLoader - Keeping class: org.apache.commons.math.analysis.UnivariateRealSolverImpl
19:19:31.895 [main] INFO org.evosuite.runtime.instrumentation.EvoClassLoader - Seeing class for first time: org.apache.commons.math.MaxIterationsExceededException
19:19:31.895 [main] INFO org.evosuite.runtime.instrumentation.EvoClassLoader - Instrumenting class 'org.apache.commons.math.MaxIterationsExceededException'.
19:19:31.895 [main] INFO org.evosuite.runtime.instrumentation.MethodCallReplacementClassAdapter - Adding mock interface to class org/apache/commons/math/MaxIterationsExceededException
19:19:31.896 [main] INFO org.evosuite.runtime.instrumentation.CreateClassResetClassAdapter - Creating brand-new static initializer in class org/apache/commons/math/MaxIterationsExceededException
19:19:31.896 [main] INFO org.evosuite.runtime.instrumentation.EvoClassLoader - Seeing class for first time: org.apache.commons.math.ConvergenceException
19:19:31.896 [main] INFO org.evosuite.runtime.instrumentation.EvoClassLoader - Instrumenting class 'org.apache.commons.math.ConvergenceException'.
19:19:31.896 [main] INFO org.evosuite.runtime.instrumentation.MethodCallReplacementClassAdapter - Adding mock interface to class org/apache/commons/math/ConvergenceException
19:19:31.896 [main] INFO org.evosuite.runtime.instrumentation.CreateClassResetClassAdapter - Creating brand-new static initializer in class org/apache/commons/math/ConvergenceException
19:19:31.896 [main] INFO org.evosuite.runtime.instrumentation.EvoClassLoader - Keeping class: org.apache.commons.math.ConvergenceException
19:19:31.896 [main] INFO org.evosuite.runtime.instrumentation.EvoClassLoader - Keeping class: org.apache.commons.math.MaxIterationsExceededException
19:19:31.897 [main] INFO org.evosuite.runtime.instrumentation.EvoClassLoader - Seeing class for first time: org.apache.commons.math.analysis.PolynomialFunction
19:19:31.897 [main] INFO org.evosuite.runtime.instrumentation.EvoClassLoader - Instrumenting class 'org.apache.commons.math.analysis.PolynomialFunction'.
19:19:31.898 [main] INFO org.evosuite.runtime.instrumentation.MethodCallReplacementClassAdapter - Adding mock interface to class org/apache/commons/math/analysis/PolynomialFunction
19:19:31.899 [main] INFO org.evosuite.runtime.instrumentation.CreateClassResetClassAdapter - Creating brand-new static initializer in class org/apache/commons/math/analysis/PolynomialFunction
19:19:31.899 [main] INFO org.evosuite.runtime.instrumentation.EvoClassLoader - Keeping class: org.apache.commons.math.analysis.PolynomialFunction
19:19:31.900 [main] INFO org.evosuite.runtime.instrumentation.EvoClassLoader - Seeing class for first time: org.apache.commons.math.analysis.BrentSolver
19:19:31.900 [main] INFO org.evosuite.runtime.instrumentation.EvoClassLoader - Instrumenting class 'org.apache.commons.math.analysis.BrentSolver'.
19:19:31.900 [main] INFO org.evosuite.runtime.instrumentation.MethodCallReplacementClassAdapter - Adding mock interface to class org/apache/commons/math/analysis/BrentSolver
19:19:31.902 [main] INFO org.evosuite.runtime.instrumentation.CreateClassResetClassAdapter - Creating brand-new static initializer in class org/apache/commons/math/analysis/BrentSolver
19:19:31.902 [main] INFO org.evosuite.runtime.instrumentation.EvoClassLoader - Keeping class: org.apache.commons.math.analysis.BrentSolver
.19:19:31.908 [main] INFO org.evosuite.runtime.instrumentation.EvoClassLoader - Seeing class for first time: org.apache.commons.math.analysis.PolynomialFunctionNewtonForm
19:19:31.908 [main] INFO org.evosuite.runtime.instrumentation.EvoClassLoader - Instrumenting class 'org.apache.commons.math.analysis.PolynomialFunctionNewtonForm'.
19:19:31.924 [main] INFO org.evosuite.runtime.instrumentation.MethodCallReplacementClassAdapter - Adding mock interface to class org/apache/commons/math/analysis/PolynomialFunctionNewtonForm
19:19:31.926 [main] INFO org.evosuite.runtime.instrumentation.CreateClassResetClassAdapter - Creating brand-new static initializer in class org/apache/commons/math/analysis/PolynomialFunctionNewtonForm
19:19:31.926 [main] INFO org.evosuite.runtime.instrumentation.EvoClassLoader - Keeping class: org.apache.commons.math.analysis.PolynomialFunctionNewtonForm
19:19:31.927 [main] INFO org.evosuite.runtime.instrumentation.EvoClassLoader - Seeing class for first time: org.apache.commons.math.analysis.PolynomialSplineFunction
19:19:31.927 [main] INFO org.evosuite.runtime.instrumentation.EvoClassLoader - Instrumenting class 'org.apache.commons.math.analysis.PolynomialSplineFunction'.
19:19:31.927 [main] INFO org.evosuite.runtime.instrumentation.MethodCallReplacementClassAdapter - Adding mock interface to class org/apache/commons/math/analysis/PolynomialSplineFunction
19:19:31.929 [main] INFO org.evosuite.runtime.instrumentation.CreateClassResetClassAdapter - Creating brand-new static initializer in class org/apache/commons/math/analysis/PolynomialSplineFunction
19:19:31.929 [main] INFO org.evosuite.runtime.instrumentation.EvoClassLoader - Keeping class: org.apache.commons.math.analysis.PolynomialSplineFunction
19:19:31.929 [main] INFO org.evosuite.runtime.instrumentation.EvoClassLoader - Seeing class for first time: org.apache.commons.math.ArgumentOutsideDomainException
19:19:31.929 [main] INFO org.evosuite.runtime.instrumentation.EvoClassLoader - Instrumenting class 'org.apache.commons.math.ArgumentOutsideDomainException'.
19:19:31.930 [main] INFO org.evosuite.runtime.instrumentation.MethodCallReplacementClassAdapter - Adding mock interface to class org/apache/commons/math/ArgumentOutsideDomainException
19:19:31.930 [main] INFO org.evosuite.runtime.instrumentation.CreateClassResetClassAdapter - Creating brand-new static initializer in class org/apache/commons/math/ArgumentOutsideDomainException
19:19:31.930 [main] INFO org.evosuite.runtime.instrumentation.EvoClassLoader - Keeping class: org.apache.commons.math.ArgumentOutsideDomainException
19:19:31.930 [main] INFO org.evosuite.runtime.instrumentation.EvoClassLoader - Seeing class for first time: org.apache.commons.math.analysis.PolynomialFunctionLagrangeForm
19:19:31.930 [main] INFO org.evosuite.runtime.instrumentation.EvoClassLoader - Instrumenting class 'org.apache.commons.math.analysis.PolynomialFunctionLagrangeForm'.
19:19:31.931 [main] INFO org.evosuite.runtime.instrumentation.MethodCallReplacementClassAdapter - Adding mock interface to class org/apache/commons/math/analysis/PolynomialFunctionLagrangeForm
19:19:31.937 [main] INFO org.evosuite.runtime.instrumentation.CreateClassResetClassAdapter - Creating brand-new static initializer in class org/apache/commons/math/analysis/PolynomialFunctionLagrangeForm
19:19:31.937 [main] INFO org.evosuite.runtime.instrumentation.EvoClassLoader - Keeping class: org.apache.commons.math.analysis.PolynomialFunctionLagrangeForm
19:19:31.937 [main] INFO org.evosuite.runtime.instrumentation.EvoClassLoader - Seeing class for first time: org.apache.commons.math.DuplicateSampleAbscissaException
19:19:31.937 [main] INFO org.evosuite.runtime.instrumentation.EvoClassLoader - Instrumenting class 'org.apache.commons.math.DuplicateSampleAbscissaException'.
19:19:31.938 [main] INFO org.evosuite.runtime.instrumentation.MethodCallReplacementClassAdapter - Adding mock interface to class org/apache/commons/math/DuplicateSampleAbscissaException
19:19:31.939 [main] INFO org.evosuite.runtime.instrumentation.CreateClassResetClassAdapter - Creating brand-new static initializer in class org/apache/commons/math/DuplicateSampleAbscissaException
19:19:31.939 [main] INFO org.evosuite.runtime.instrumentation.EvoClassLoader - Keeping class: org.apache.commons.math.DuplicateSampleAbscissaException
...19:19:31.947 [Time-limited test] INFO org.evosuite.runtime.instrumentation.EvoClassLoader - Seeing class for first time: org.apache.commons.math.MessagesResources
19:19:31.947 [Time-limited test] INFO org.evosuite.runtime.instrumentation.EvoClassLoader - Instrumenting class 'org.apache.commons.math.MessagesResources'.
19:19:31.947 [Time-limited test] INFO org.evosuite.runtime.instrumentation.EvoClassLoader - Error while loading class: java.lang.ClassNotFoundException: Class 'org/apache/commons/math/MessagesResources.class' should be in target project, but could not be found!
19:19:31.947 [Time-limited test] INFO org.evosuite.runtime.instrumentation.EvoClassLoader - Seeing class for first time: org.apache.commons.math.MessagesResources_en
19:19:31.947 [Time-limited test] INFO org.evosuite.runtime.instrumentation.EvoClassLoader - Instrumenting class 'org.apache.commons.math.MessagesResources_en'.
19:19:31.947 [Time-limited test] INFO org.evosuite.runtime.instrumentation.EvoClassLoader - Error while loading class: java.lang.ClassNotFoundException: Class 'org/apache/commons/math/MessagesResources_en.class' should be in target project, but could not be found!
19:19:31.947 [Time-limited test] INFO org.evosuite.runtime.instrumentation.EvoClassLoader - Seeing class for first time: org.apache.commons.math.MessagesResources_en_US
19:19:31.947 [Time-limited test] INFO org.evosuite.runtime.instrumentation.EvoClassLoader - Instrumenting class 'org.apache.commons.math.MessagesResources_en_US'.
19:19:31.948 [Time-limited test] INFO org.evosuite.runtime.instrumentation.EvoClassLoader - Error while loading class: java.lang.ClassNotFoundException: Class 'org/apache/commons/math/MessagesResources_en_US.class' should be in target project, but could not be found!
...........
Time: 0.181

OK (15 tests)

cd /home/liumengjiao/Desktop/CI/Benchmark/../bugs/Math_97_fix && timeout 300000 defects4j test -s /home/liumengjiao/Desktop/CI/Evosuite//Math_97/Math/evosuite/0/Math-97f-evosuite.0.tar.bz >> evosuite-report-clz/test_run_fix.log 2>&1

Test suite archive not found: /home/liumengjiao/Desktop/CI/Evosuite//Math_97/Math/evosuite/0/Math-97f-evosuite.0.tar.bz
Died at /home/liumengjiao/Desktop/defects4j/framework/bin/d4j/d4j-test line 125.
Compilation failed in require at /home/liumengjiao/Desktop/defects4j/framework/bin/defects4j line 195.
cd /home/liumengjiao/Desktop/CI/Benchmark/../bugs/Math_97_fix && timeout 300000 defects4j test -s /home/liumengjiao/Desktop/CI/Evosuite//Math_97/Math/evosuite/1/Math-97f-evosuite.1.tar.bz >> evosuite-report-clz/test_run_fix.log 2>&1

Test suite archive not found: /home/liumengjiao/Desktop/CI/Evosuite//Math_97/Math/evosuite/1/Math-97f-evosuite.1.tar.bz
Died at /home/liumengjiao/Desktop/defects4j/framework/bin/d4j/d4j-test line 125.
Compilation failed in require at /home/liumengjiao/Desktop/defects4j/framework/bin/defects4j line 195.
cd /home/liumengjiao/Desktop/CI/Benchmark/../bugs/Math_97_fix && timeout 300000 defects4j test -s /home/liumengjiao/Desktop/CI/Evosuite//Math_97/Math/evosuite/2/Math-97f-evosuite.2.tar.bz >> evosuite-report-clz/test_run_fix.log 2>&1

Test suite archive not found: /home/liumengjiao/Desktop/CI/Evosuite//Math_97/Math/evosuite/2/Math-97f-evosuite.2.tar.bz
Died at /home/liumengjiao/Desktop/defects4j/framework/bin/d4j/d4j-test line 125.
Compilation failed in require at /home/liumengjiao/Desktop/defects4j/framework/bin/defects4j line 195.
cd /home/liumengjiao/Desktop/CI/Benchmark/../bugs/Math_97_fix && timeout 300000 defects4j test -s /home/liumengjiao/Desktop/CI/Evosuite//Math_97/Math/evosuite/3/Math-97f-evosuite.3.tar.bz >> evosuite-report-clz/test_run_fix.log 2>&1

Test suite archive not found: /home/liumengjiao/Desktop/CI/Evosuite//Math_97/Math/evosuite/3/Math-97f-evosuite.3.tar.bz
Died at /home/liumengjiao/Desktop/defects4j/framework/bin/d4j/d4j-test line 125.
Compilation failed in require at /home/liumengjiao/Desktop/defects4j/framework/bin/defects4j line 195.
cd /home/liumengjiao/Desktop/CI/Benchmark/../bugs/Math_97_fix && timeout 300000 defects4j test -s /home/liumengjiao/Desktop/CI/Evosuite//Math_97/Math/evosuite/4/Math-97f-evosuite.4.tar.bz >> evosuite-report-clz/test_run_fix.log 2>&1

Test suite archive not found: /home/liumengjiao/Desktop/CI/Evosuite//Math_97/Math/evosuite/4/Math-97f-evosuite.4.tar.bz
Died at /home/liumengjiao/Desktop/defects4j/framework/bin/d4j/d4j-test line 125.
Compilation failed in require at /home/liumengjiao/Desktop/defects4j/framework/bin/defects4j line 195.
cd /home/liumengjiao/Desktop/CI/Benchmark/../bugs/Math_97_fix && timeout 300000 defects4j test -s /home/liumengjiao/Desktop/CI/Evosuite//Math_97/Math/evosuite/5/Math-97f-evosuite.5.tar.bz >> evosuite-report-clz/test_run_fix.log 2>&1

Test suite archive not found: /home/liumengjiao/Desktop/CI/Evosuite//Math_97/Math/evosuite/5/Math-97f-evosuite.5.tar.bz
Died at /home/liumengjiao/Desktop/defects4j/framework/bin/d4j/d4j-test line 125.
Compilation failed in require at /home/liumengjiao/Desktop/defects4j/framework/bin/defects4j line 195.
cd /home/liumengjiao/Desktop/CI/Benchmark/../bugs/Math_97_fix && timeout 300000 defects4j test -s /home/liumengjiao/Desktop/CI/Evosuite//Math_97/Math/evosuite/6/Math-97f-evosuite.6.tar.bz >> evosuite-report-clz/test_run_fix.log 2>&1

Test suite archive not found: /home/liumengjiao/Desktop/CI/Evosuite//Math_97/Math/evosuite/6/Math-97f-evosuite.6.tar.bz
Died at /home/liumengjiao/Desktop/defects4j/framework/bin/d4j/d4j-test line 125.
Compilation failed in require at /home/liumengjiao/Desktop/defects4j/framework/bin/defects4j line 195.
cd /home/liumengjiao/Desktop/CI/Benchmark/../bugs/Math_97_fix && timeout 300000 defects4j test -s /home/liumengjiao/Desktop/CI/Evosuite//Math_97/Math/evosuite/7/Math-97f-evosuite.7.tar.bz >> evosuite-report-clz/test_run_fix.log 2>&1

Test suite archive not found: /home/liumengjiao/Desktop/CI/Evosuite//Math_97/Math/evosuite/7/Math-97f-evosuite.7.tar.bz
Died at /home/liumengjiao/Desktop/defects4j/framework/bin/d4j/d4j-test line 125.
Compilation failed in require at /home/liumengjiao/Desktop/defects4j/framework/bin/defects4j line 195.
cd /home/liumengjiao/Desktop/CI/Benchmark/../bugs/Math_97_fix && timeout 300000 defects4j test -s /home/liumengjiao/Desktop/CI/Evosuite//Math_97/Math/evosuite/8/Math-97f-evosuite.8.tar.bz >> evosuite-report-clz/test_run_fix.log 2>&1

Test suite archive not found: /home/liumengjiao/Desktop/CI/Evosuite//Math_97/Math/evosuite/8/Math-97f-evosuite.8.tar.bz
Died at /home/liumengjiao/Desktop/defects4j/framework/bin/d4j/d4j-test line 125.
Compilation failed in require at /home/liumengjiao/Desktop/defects4j/framework/bin/defects4j line 195.
cd /home/liumengjiao/Desktop/CI/Benchmark/../bugs/Math_97_fix && timeout 300000 defects4j test -s /home/liumengjiao/Desktop/CI/Evosuite//Math_97/Math/evosuite/9/Math-97f-evosuite.9.tar.bz >> evosuite-report-clz/test_run_fix.log 2>&1

Test suite archive not found: /home/liumengjiao/Desktop/CI/Evosuite//Math_97/Math/evosuite/9/Math-97f-evosuite.9.tar.bz
Died at /home/liumengjiao/Desktop/defects4j/framework/bin/d4j/d4j-test line 125.
Compilation failed in require at /home/liumengjiao/Desktop/defects4j/framework/bin/defects4j line 195.
cd /home/liumengjiao/Desktop/CI/Benchmark/../bugs/Math_97_fix && timeout 300000 defects4j test -s /home/liumengjiao/Desktop/CI/Evosuite//Math_97/Math/evosuite/10/Math-97f-evosuite.10.tar.bz >> evosuite-report-clz/test_run_fix.log 2>&1

Test suite archive not found: /home/liumengjiao/Desktop/CI/Evosuite//Math_97/Math/evosuite/10/Math-97f-evosuite.10.tar.bz
Died at /home/liumengjiao/Desktop/defects4j/framework/bin/d4j/d4j-test line 125.
Compilation failed in require at /home/liumengjiao/Desktop/defects4j/framework/bin/defects4j line 195.
cd /home/liumengjiao/Desktop/CI/Benchmark/../bugs/Math_97_fix && timeout 300000 defects4j test -s /home/liumengjiao/Desktop/CI/Evosuite//Math_97/Math/evosuite/11/Math-97f-evosuite.11.tar.bz >> evosuite-report-clz/test_run_fix.log 2>&1

Test suite archive not found: /home/liumengjiao/Desktop/CI/Evosuite//Math_97/Math/evosuite/11/Math-97f-evosuite.11.tar.bz
Died at /home/liumengjiao/Desktop/defects4j/framework/bin/d4j/d4j-test line 125.
Compilation failed in require at /home/liumengjiao/Desktop/defects4j/framework/bin/defects4j line 195.
cd /home/liumengjiao/Desktop/CI/Benchmark/../bugs/Math_97_fix && timeout 300000 defects4j test -s /home/liumengjiao/Desktop/CI/Evosuite//Math_97/Math/evosuite/12/Math-97f-evosuite.12.tar.bz >> evosuite-report-clz/test_run_fix.log 2>&1

Test suite archive not found: /home/liumengjiao/Desktop/CI/Evosuite//Math_97/Math/evosuite/12/Math-97f-evosuite.12.tar.bz
Died at /home/liumengjiao/Desktop/defects4j/framework/bin/d4j/d4j-test line 125.
Compilation failed in require at /home/liumengjiao/Desktop/defects4j/framework/bin/defects4j line 195.
cd /home/liumengjiao/Desktop/CI/Benchmark/../bugs/Math_97_fix && timeout 300000 defects4j test -s /home/liumengjiao/Desktop/CI/Evosuite//Math_97/Math/evosuite/13/Math-97f-evosuite.13.tar.bz >> evosuite-report-clz/test_run_fix.log 2>&1

Test suite archive not found: /home/liumengjiao/Desktop/CI/Evosuite//Math_97/Math/evosuite/13/Math-97f-evosuite.13.tar.bz
Died at /home/liumengjiao/Desktop/defects4j/framework/bin/d4j/d4j-test line 125.
Compilation failed in require at /home/liumengjiao/Desktop/defects4j/framework/bin/defects4j line 195.
cd /home/liumengjiao/Desktop/CI/Benchmark/../bugs/Math_97_fix && timeout 300000 defects4j test -s /home/liumengjiao/Desktop/CI/Evosuite//Math_97/Math/evosuite/14/Math-97f-evosuite.14.tar.bz >> evosuite-report-clz/test_run_fix.log 2>&1

Test suite archive not found: /home/liumengjiao/Desktop/CI/Evosuite//Math_97/Math/evosuite/14/Math-97f-evosuite.14.tar.bz
Died at /home/liumengjiao/Desktop/defects4j/framework/bin/d4j/d4j-test line 125.
Compilation failed in require at /home/liumengjiao/Desktop/defects4j/framework/bin/defects4j line 195.
cd /home/liumengjiao/Desktop/CI/Benchmark/../bugs/Math_97_fix && timeout 300000 defects4j test -s /home/liumengjiao/Desktop/CI/Evosuite//Math_97/Math/evosuite/15/Math-97f-evosuite.15.tar.bz >> evosuite-report-clz/test_run_fix.log 2>&1

Test suite archive not found: /home/liumengjiao/Desktop/CI/Evosuite//Math_97/Math/evosuite/15/Math-97f-evosuite.15.tar.bz
Died at /home/liumengjiao/Desktop/defects4j/framework/bin/d4j/d4j-test line 125.
Compilation failed in require at /home/liumengjiao/Desktop/defects4j/framework/bin/defects4j line 195.
cd /home/liumengjiao/Desktop/CI/Benchmark/../bugs/Math_97_fix && timeout 300000 defects4j test -s /home/liumengjiao/Desktop/CI/Evosuite//Math_97/Math/evosuite/16/Math-97f-evosuite.16.tar.bz >> evosuite-report-clz/test_run_fix.log 2>&1

Test suite archive not found: /home/liumengjiao/Desktop/CI/Evosuite//Math_97/Math/evosuite/16/Math-97f-evosuite.16.tar.bz
Died at /home/liumengjiao/Desktop/defects4j/framework/bin/d4j/d4j-test line 125.
Compilation failed in require at /home/liumengjiao/Desktop/defects4j/framework/bin/defects4j line 195.
cd /home/liumengjiao/Desktop/CI/Benchmark/../bugs/Math_97_fix && timeout 300000 defects4j test -s /home/liumengjiao/Desktop/CI/Evosuite//Math_97/Math/evosuite/17/Math-97f-evosuite.17.tar.bz >> evosuite-report-clz/test_run_fix.log 2>&1

Test suite archive not found: /home/liumengjiao/Desktop/CI/Evosuite//Math_97/Math/evosuite/17/Math-97f-evosuite.17.tar.bz
Died at /home/liumengjiao/Desktop/defects4j/framework/bin/d4j/d4j-test line 125.
Compilation failed in require at /home/liumengjiao/Desktop/defects4j/framework/bin/defects4j line 195.
cd /home/liumengjiao/Desktop/CI/Benchmark/../bugs/Math_97_fix && timeout 300000 defects4j test -s /home/liumengjiao/Desktop/CI/Evosuite//Math_97/Math/evosuite/18/Math-97f-evosuite.18.tar.bz >> evosuite-report-clz/test_run_fix.log 2>&1

Test suite archive not found: /home/liumengjiao/Desktop/CI/Evosuite//Math_97/Math/evosuite/18/Math-97f-evosuite.18.tar.bz
Died at /home/liumengjiao/Desktop/defects4j/framework/bin/d4j/d4j-test line 125.
Compilation failed in require at /home/liumengjiao/Desktop/defects4j/framework/bin/defects4j line 195.
cd /home/liumengjiao/Desktop/CI/Benchmark/../bugs/Math_97_fix && timeout 300000 defects4j test -s /home/liumengjiao/Desktop/CI/Evosuite//Math_97/Math/evosuite/19/Math-97f-evosuite.19.tar.bz >> evosuite-report-clz/test_run_fix.log 2>&1

Test suite archive not found: /home/liumengjiao/Desktop/CI/Evosuite//Math_97/Math/evosuite/19/Math-97f-evosuite.19.tar.bz
Died at /home/liumengjiao/Desktop/defects4j/framework/bin/d4j/d4j-test line 125.
Compilation failed in require at /home/liumengjiao/Desktop/defects4j/framework/bin/defects4j line 195.
cd /home/liumengjiao/Desktop/CI/Benchmark/../bugs/Math_97_fix && timeout 300000 defects4j test -s /home/liumengjiao/Desktop/CI/Evosuite//Math_97/Math/evosuite/20/Math-97f-evosuite.20.tar.bz >> evosuite-report-clz/test_run_fix.log 2>&1

Test suite archive not found: /home/liumengjiao/Desktop/CI/Evosuite//Math_97/Math/evosuite/20/Math-97f-evosuite.20.tar.bz
Died at /home/liumengjiao/Desktop/defects4j/framework/bin/d4j/d4j-test line 125.
Compilation failed in require at /home/liumengjiao/Desktop/defects4j/framework/bin/defects4j line 195.
cd /home/liumengjiao/Desktop/CI/Benchmark/../bugs/Math_97_fix && timeout 300000 defects4j test -s /home/liumengjiao/Desktop/CI/Evosuite//Math_97/Math/evosuite/21/Math-97f-evosuite.21.tar.bz >> evosuite-report-clz/test_run_fix.log 2>&1

Test suite archive not found: /home/liumengjiao/Desktop/CI/Evosuite//Math_97/Math/evosuite/21/Math-97f-evosuite.21.tar.bz
Died at /home/liumengjiao/Desktop/defects4j/framework/bin/d4j/d4j-test line 125.
Compilation failed in require at /home/liumengjiao/Desktop/defects4j/framework/bin/defects4j line 195.
cd /home/liumengjiao/Desktop/CI/Benchmark/../bugs/Math_97_fix && timeout 300000 defects4j test -s /home/liumengjiao/Desktop/CI/Evosuite//Math_97/Math/evosuite/22/Math-97f-evosuite.22.tar.bz >> evosuite-report-clz/test_run_fix.log 2>&1

Test suite archive not found: /home/liumengjiao/Desktop/CI/Evosuite//Math_97/Math/evosuite/22/Math-97f-evosuite.22.tar.bz
Died at /home/liumengjiao/Desktop/defects4j/framework/bin/d4j/d4j-test line 125.
Compilation failed in require at /home/liumengjiao/Desktop/defects4j/framework/bin/defects4j line 195.
cd /home/liumengjiao/Desktop/CI/Benchmark/../bugs/Math_97_fix && timeout 300000 defects4j test -s /home/liumengjiao/Desktop/CI/Evosuite//Math_97/Math/evosuite/23/Math-97f-evosuite.23.tar.bz >> evosuite-report-clz/test_run_fix.log 2>&1

Test suite archive not found: /home/liumengjiao/Desktop/CI/Evosuite//Math_97/Math/evosuite/23/Math-97f-evosuite.23.tar.bz
Died at /home/liumengjiao/Desktop/defects4j/framework/bin/d4j/d4j-test line 125.
Compilation failed in require at /home/liumengjiao/Desktop/defects4j/framework/bin/defects4j line 195.
cd /home/liumengjiao/Desktop/CI/Benchmark/../bugs/Math_97_fix && timeout 300000 defects4j test -s /home/liumengjiao/Desktop/CI/Evosuite//Math_97/Math/evosuite/24/Math-97f-evosuite.24.tar.bz >> evosuite-report-clz/test_run_fix.log 2>&1

Test suite archive not found: /home/liumengjiao/Desktop/CI/Evosuite//Math_97/Math/evosuite/24/Math-97f-evosuite.24.tar.bz
Died at /home/liumengjiao/Desktop/defects4j/framework/bin/d4j/d4j-test line 125.
Compilation failed in require at /home/liumengjiao/Desktop/defects4j/framework/bin/defects4j line 195.
cd /home/liumengjiao/Desktop/CI/Benchmark/../bugs/Math_97_fix && timeout 300000 defects4j test -s /home/liumengjiao/Desktop/CI/Evosuite//Math_97/Math/evosuite/25/Math-97f-evosuite.25.tar.bz >> evosuite-report-clz/test_run_fix.log 2>&1

Test suite archive not found: /home/liumengjiao/Desktop/CI/Evosuite//Math_97/Math/evosuite/25/Math-97f-evosuite.25.tar.bz
Died at /home/liumengjiao/Desktop/defects4j/framework/bin/d4j/d4j-test line 125.
Compilation failed in require at /home/liumengjiao/Desktop/defects4j/framework/bin/defects4j line 195.
cd /home/liumengjiao/Desktop/CI/Benchmark/../bugs/Math_97_fix && timeout 300000 defects4j test -s /home/liumengjiao/Desktop/CI/Evosuite//Math_97/Math/evosuite/26/Math-97f-evosuite.26.tar.bz >> evosuite-report-clz/test_run_fix.log 2>&1

Test suite archive not found: /home/liumengjiao/Desktop/CI/Evosuite//Math_97/Math/evosuite/26/Math-97f-evosuite.26.tar.bz
Died at /home/liumengjiao/Desktop/defects4j/framework/bin/d4j/d4j-test line 125.
Compilation failed in require at /home/liumengjiao/Desktop/defects4j/framework/bin/defects4j line 195.
cd /home/liumengjiao/Desktop/CI/Benchmark/../bugs/Math_97_fix && timeout 300000 defects4j test -s /home/liumengjiao/Desktop/CI/Evosuite//Math_97/Math/evosuite/27/Math-97f-evosuite.27.tar.bz >> evosuite-report-clz/test_run_fix.log 2>&1

Test suite archive not found: /home/liumengjiao/Desktop/CI/Evosuite//Math_97/Math/evosuite/27/Math-97f-evosuite.27.tar.bz
Died at /home/liumengjiao/Desktop/defects4j/framework/bin/d4j/d4j-test line 125.
Compilation failed in require at /home/liumengjiao/Desktop/defects4j/framework/bin/defects4j line 195.
cd /home/liumengjiao/Desktop/CI/Benchmark/../bugs/Math_97_fix && timeout 300000 defects4j test -s /home/liumengjiao/Desktop/CI/Evosuite//Math_97/Math/evosuite/28/Math-97f-evosuite.28.tar.bz >> evosuite-report-clz/test_run_fix.log 2>&1

Test suite archive not found: /home/liumengjiao/Desktop/CI/Evosuite//Math_97/Math/evosuite/28/Math-97f-evosuite.28.tar.bz
Died at /home/liumengjiao/Desktop/defects4j/framework/bin/d4j/d4j-test line 125.
Compilation failed in require at /home/liumengjiao/Desktop/defects4j/framework/bin/defects4j line 195.
