cd /home/liumengjiao/Desktop/CI/Benchmark/../bugs/Closure_121_buggy && timeout 300000 java -jar /home/liumengjiao/Desktop/CI/Benchmark/libs/evosuite-shaded-1.2.1-SNAPSHOT.jar -projectCP build/classes/:lib/ -class com.google.javascript.jscomp.InlineVariables\$InliningBehavior -Dtarget_method_list "inlineNonConstants(Lcom/google/javascript/jscomp/Scope$Var;Lcom/google/javascript/jscomp/ReferenceCollectingCallback$ReferenceCollection;Z)V" -criterion=LINE >> evosuite-report/test_gen.log 2>&1

* EvoSuite 1.2.1-SNAPSHOT
* Going to generate test cases for class: com.google.javascript.jscomp.InlineVariables$InliningBehavior
* Starting Client-0
* Connecting to master process on port 11209
* Analyzing classpath: 
  - build/classes/
  - lib/
* Error while initializing target class: com/google/javascript/jscomp/InlineVariables$IdentifyLocals
* Computation finished
[MASTER] 05:32:56.768 [logback-2] ERROR TestSuiteGenerator - Problem for com.google.javascript.jscomp.InlineVariables$InliningBehavior. Full stack:
java.lang.NoClassDefFoundError: com/google/javascript/jscomp/InlineVariables$IdentifyLocals
	at java.lang.Class.getDeclaringClass0(Native Method)
	at java.lang.Class.getDeclaringClass(Class.java:1235)
	at java.lang.Class.getEnclosingClass(Class.java:1277)
	at java.lang.Class.getSimpleBinaryName(Class.java:1443)
	at java.lang.Class.getSimpleName(Class.java:1309)
	at java.lang.Class.isAnonymousClass(Class.java:1411)
	at shaded.org.evosuite.setup.TestUsageChecker.canUse(TestUsageChecker.java:152)
	at shaded.org.evosuite.setup.TestClusterGenerator.initializeTargetMethods(TestClusterGenerator.java:626)
	at shaded.org.evosuite.setup.TestClusterGenerator.generateCluster(TestClusterGenerator.java:119)
	at shaded.org.evosuite.setup.DependencyAnalysis.analyze(DependencyAnalysis.java:120)
	at shaded.org.evosuite.setup.DependencyAnalysis.analyzeClass(DependencyAnalysis.java:136)
	at shaded.org.evosuite.TestSuiteGenerator.initializeTargetClass(TestSuiteGenerator.java:114)
	at shaded.org.evosuite.TestSuiteGenerator.generateTestSuite(TestSuiteGenerator.java:135)
	at shaded.org.evosuite.rmi.service.ClientNodeImpl.lambda$startNewSearch$0(ClientNodeImpl.java:140)
	at java.util.concurrent.Executors$RunnableAdapter.call(Executors.java:511)
	at java.util.concurrent.FutureTask.run(FutureTask.java:266)
	at java.util.concurrent.ThreadPoolExecutor.runWorker(ThreadPoolExecutor.java:1149)
	at java.util.concurrent.ThreadPoolExecutor$Worker.run(ThreadPoolExecutor.java:624)
	at java.lang.Thread.run(Thread.java:750)
Caused by: java.lang.ClassNotFoundException: com/google/common/base/Predicate
	at shaded.org.evosuite.instrumentation.InstrumentingClassLoader.instrumentClass(InstrumentingClassLoader.java:158)
	at shaded.org.evosuite.instrumentation.InstrumentingClassLoader.loadClass(InstrumentingClassLoader.java:126)
	... 19 common frames omitted
Caused by: java.lang.NoClassDefFoundError: com/google/common/base/Predicate
	at java.lang.ClassLoader.defineClass1(Native Method)
	at java.lang.ClassLoader.defineClass(ClassLoader.java:756)
	at java.lang.ClassLoader.defineClass(ClassLoader.java:635)
	at shaded.org.evosuite.instrumentation.InstrumentingClassLoader.instrumentClass(InstrumentingClassLoader.java:151)
	... 20 common frames omitted
Caused by: java.lang.ClassNotFoundException: Class 'com/google/common/base/Predicate.class' should be in target project, but could not be found!
	at shaded.org.evosuite.instrumentation.InstrumentingClassLoader.instrumentClass(InstrumentingClassLoader.java:158)
	at shaded.org.evosuite.instrumentation.InstrumentingClassLoader.loadClass(InstrumentingClassLoader.java:126)
	... 24 common frames omitted
Caused by: java.lang.ClassNotFoundException: Class 'com/google/common/base/Predicate.class' should be in target project, but could not be found!
	at shaded.org.evosuite.instrumentation.InstrumentingClassLoader.instrumentClass(InstrumentingClassLoader.java:145)
	... 25 common frames omitted
[MASTER] 05:32:56.890 [main] ERROR SearchStatistics - No statistics has been saved because EvoSuite failed to generate any test case
[MASTER] 05:32:56.991 [main] ERROR TestGeneration - failed to write statistics data
