cd /home/liumengjiao/Desktop/CI/Benchmark/../bugs/Math_63_fix && timeout 300000 java -cp /home/liumengjiao/Desktop/defects4j/framework/lib/test_generation/generation/evosuite-current.jar:/home/liumengjiao/Desktop/CI/Evosuite/Math_63/Math/evosuite//3/::target/classes/ org.junit.runner.JUnitCore org.apache.commons.math.util.MathUtils_ESTest >> evosuite-report-clz/test_run_fix.log 2>&1

JUnit version 4.13
19:19:19.972 [main] INFO org.evosuite.runtime.instrumentation.EvoClassLoader - Seeing class for first time: org.apache.commons.math.util.MathUtils_ESTest
19:19:19.973 [main] INFO org.evosuite.runtime.instrumentation.EvoClassLoader - Instrumenting class 'org.apache.commons.math.util.MathUtils_ESTest'.
19:19:20.022 [main] INFO org.evosuite.runtime.instrumentation.EvoClassLoader - Seeing class for first time: org.apache.commons.math.util.MathUtils_ESTest_scaffolding
19:19:20.022 [main] INFO org.evosuite.runtime.instrumentation.EvoClassLoader - Instrumenting class 'org.apache.commons.math.util.MathUtils_ESTest_scaffolding'.
19:19:20.023 [main] INFO org.evosuite.runtime.instrumentation.EvoClassLoader - Keeping class: org.apache.commons.math.util.MathUtils_ESTest_scaffolding
19:19:20.023 [main] INFO org.evosuite.runtime.instrumentation.EvoClassLoader - Keeping class: org.apache.commons.math.util.MathUtils_ESTest
19:19:20.105 [main] DEBUG org.evosuite.runtime.sandbox.MSecurityManager - Adding privileged thread: "Reference Handler"
19:19:20.105 [main] DEBUG org.evosuite.runtime.sandbox.MSecurityManager - Adding privileged thread: "Finalizer"
19:19:20.105 [main] DEBUG org.evosuite.runtime.sandbox.MSecurityManager - Adding privileged thread: "Signal Dispatcher"
19:19:20.105 [main] DEBUG org.evosuite.runtime.sandbox.MSecurityManager - Adding privileged thread: "Java2D Disposer"
19:19:20.105 [main] DEBUG org.evosuite.runtime.sandbox.MSecurityManager - Adding privileged thread: "AWT-XAWT"
19:19:20.105 [main] DEBUG org.evosuite.runtime.sandbox.MSecurityManager - Adding privileged thread: "main"
19:19:20.115 [main] INFO org.evosuite.runtime.instrumentation.EvoClassLoader - Seeing class for first time: org.apache.commons.math.exception.util.Localizable
19:19:20.115 [main] INFO org.evosuite.runtime.instrumentation.EvoClassLoader - Instrumenting class 'org.apache.commons.math.exception.util.Localizable'.
19:19:20.132 [main] INFO org.evosuite.runtime.instrumentation.EvoClassLoader - Defined package (3): package org.apache.commons.math.exception.util, 512723339
19:19:20.132 [main] INFO org.evosuite.runtime.instrumentation.EvoClassLoader - Keeping class: org.apache.commons.math.exception.util.Localizable
19:19:20.133 [main] INFO org.evosuite.runtime.instrumentation.EvoClassLoader - Seeing class for first time: org.apache.commons.math.exception.MathIllegalArgumentException
19:19:20.133 [main] INFO org.evosuite.runtime.instrumentation.EvoClassLoader - Instrumenting class 'org.apache.commons.math.exception.MathIllegalArgumentException'.
19:19:20.133 [main] INFO org.evosuite.runtime.instrumentation.MethodCallReplacementClassAdapter - Adding mock interface to class org/apache/commons/math/exception/MathIllegalArgumentException
19:19:20.165 [main] INFO org.evosuite.runtime.instrumentation.CreateClassResetClassAdapter - Creating brand-new static initializer in class org/apache/commons/math/exception/MathIllegalArgumentException
19:19:20.166 [main] INFO org.evosuite.runtime.instrumentation.EvoClassLoader - Defined package (3): package org.apache.commons.math.exception, 1929745093
19:19:20.166 [main] INFO org.evosuite.runtime.instrumentation.EvoClassLoader - Keeping class: org.apache.commons.math.exception.MathIllegalArgumentException
19:19:20.166 [main] INFO org.evosuite.runtime.instrumentation.EvoClassLoader - Seeing class for first time: org.apache.commons.math.exception.NonMonotonousSequenceException
19:19:20.166 [main] INFO org.evosuite.runtime.instrumentation.EvoClassLoader - Instrumenting class 'org.apache.commons.math.exception.NonMonotonousSequenceException'.
19:19:20.167 [main] INFO org.evosuite.runtime.instrumentation.MethodCallReplacementClassAdapter - Adding mock interface to class org/apache/commons/math/exception/NonMonotonousSequenceException
19:19:20.167 [main] INFO org.evosuite.runtime.instrumentation.CreateClassResetClassAdapter - Creating brand-new static initializer in class org/apache/commons/math/exception/NonMonotonousSequenceException
19:19:20.168 [main] INFO org.evosuite.runtime.instrumentation.EvoClassLoader - Seeing class for first time: org.apache.commons.math.exception.MathIllegalNumberException
19:19:20.168 [main] INFO org.evosuite.runtime.instrumentation.EvoClassLoader - Instrumenting class 'org.apache.commons.math.exception.MathIllegalNumberException'.
19:19:20.170 [main] INFO org.evosuite.runtime.instrumentation.MethodCallReplacementClassAdapter - Adding mock interface to class org/apache/commons/math/exception/MathIllegalNumberException
19:19:20.170 [main] INFO org.evosuite.runtime.instrumentation.CreateClassResetClassAdapter - Creating brand-new static initializer in class org/apache/commons/math/exception/MathIllegalNumberException
19:19:20.170 [main] INFO org.evosuite.runtime.instrumentation.EvoClassLoader - Keeping class: org.apache.commons.math.exception.MathIllegalNumberException
19:19:20.170 [main] INFO org.evosuite.runtime.instrumentation.EvoClassLoader - Keeping class: org.apache.commons.math.exception.NonMonotonousSequenceException
19:19:20.170 [main] INFO org.evosuite.runtime.instrumentation.EvoClassLoader - Seeing class for first time: org.apache.commons.math.util.FastMath
19:19:20.170 [main] INFO org.evosuite.runtime.instrumentation.EvoClassLoader - Instrumenting class 'org.apache.commons.math.util.FastMath'.
19:19:20.172 [main] INFO org.evosuite.runtime.instrumentation.MethodCallReplacementClassAdapter - Adding mock interface to class org/apache/commons/math/util/FastMath
19:19:20.178 [main] INFO org.evosuite.runtime.instrumentation.CreateClassResetClassAdapter - Found static initializer in class org/apache/commons/math/util/FastMath
19:19:20.180 [main] INFO org.evosuite.runtime.instrumentation.EvoClassLoader - Keeping class: org.apache.commons.math.util.FastMath
19:19:20.321 [main] INFO org.evosuite.runtime.instrumentation.EvoClassLoader - Seeing class for first time: org.apache.commons.math.util.MathUtils
19:19:20.322 [main] INFO org.evosuite.runtime.instrumentation.EvoClassLoader - Instrumenting class 'org.apache.commons.math.util.MathUtils'.
19:19:20.323 [main] INFO org.evosuite.runtime.instrumentation.MethodCallReplacementClassAdapter - Adding mock interface to class org/apache/commons/math/util/MathUtils
19:19:20.328 [main] INFO org.evosuite.runtime.instrumentation.CreateClassResetClassAdapter - Found static initializer in class org/apache/commons/math/util/MathUtils
19:19:20.328 [main] INFO org.evosuite.runtime.instrumentation.EvoClassLoader - Keeping class: org.apache.commons.math.util.MathUtils
19:19:20.329 [main] INFO org.evosuite.runtime.instrumentation.EvoClassLoader - Seeing class for first time: org.apache.commons.math.exception.util.LocalizedFormats
19:19:20.330 [main] INFO org.evosuite.runtime.instrumentation.EvoClassLoader - Instrumenting class 'org.apache.commons.math.exception.util.LocalizedFormats'.
19:19:20.331 [main] INFO org.evosuite.runtime.instrumentation.MethodCallReplacementClassAdapter - Adding mock interface to class org/apache/commons/math/exception/util/LocalizedFormats
19:19:20.332 [main] INFO org.evosuite.runtime.instrumentation.CreateClassResetClassAdapter - Found static initializer in class org/apache/commons/math/exception/util/LocalizedFormats
19:19:20.336 [main] INFO org.evosuite.runtime.instrumentation.EvoClassLoader - Keeping class: org.apache.commons.math.exception.util.LocalizedFormats
19:19:20.340 [main] INFO org.evosuite.runtime.instrumentation.EvoClassLoader - Seeing class for first time: org.apache.commons.math.exception.util.MessageFactory
19:19:20.340 [main] INFO org.evosuite.runtime.instrumentation.EvoClassLoader - Instrumenting class 'org.apache.commons.math.exception.util.MessageFactory'.
19:19:20.340 [main] INFO org.evosuite.runtime.instrumentation.MethodCallReplacementClassAdapter - Adding mock interface to class org/apache/commons/math/exception/util/MessageFactory
19:19:20.341 [main] INFO org.evosuite.runtime.instrumentation.CreateClassResetClassAdapter - Creating brand-new static initializer in class org/apache/commons/math/exception/util/MessageFactory
19:19:20.341 [main] INFO org.evosuite.runtime.instrumentation.EvoClassLoader - Keeping class: org.apache.commons.math.exception.util.MessageFactory
19:19:20.342 [main] INFO org.evosuite.runtime.instrumentation.EvoClassLoader - Seeing class for first time: org.apache.commons.math.util.MathUtils$OrderDirection
19:19:20.342 [main] INFO org.evosuite.runtime.instrumentation.EvoClassLoader - Instrumenting class 'org.apache.commons.math.util.MathUtils$OrderDirection'.
19:19:20.342 [main] INFO org.evosuite.runtime.instrumentation.MethodCallReplacementClassAdapter - Adding mock interface to class org/apache/commons/math/util/MathUtils$OrderDirection
19:19:20.343 [main] INFO org.evosuite.runtime.instrumentation.CreateClassResetClassAdapter - Found static initializer in class org/apache/commons/math/util/MathUtils$OrderDirection
19:19:20.343 [main] INFO org.evosuite.runtime.instrumentation.EvoClassLoader - Keeping class: org.apache.commons.math.util.MathUtils$OrderDirection
19:19:20.343 [main] INFO org.evosuite.runtime.instrumentation.EvoClassLoader - Seeing class for first time: org.apache.commons.math.MathRuntimeException
19:19:20.343 [main] INFO org.evosuite.runtime.instrumentation.EvoClassLoader - Instrumenting class 'org.apache.commons.math.MathRuntimeException'.
19:19:20.344 [main] INFO org.evosuite.runtime.instrumentation.MethodCallReplacementClassAdapter - Adding mock interface to class org/apache/commons/math/MathRuntimeException
19:19:20.346 [main] INFO org.evosuite.runtime.instrumentation.CreateClassResetClassAdapter - Creating brand-new static initializer in class org/apache/commons/math/MathRuntimeException
19:19:20.347 [main] INFO org.evosuite.runtime.instrumentation.EvoClassLoader - Defined package (3): package org.apache.commons.math, 802290660
19:19:20.347 [main] INFO org.evosuite.runtime.instrumentation.EvoClassLoader - Keeping class: org.apache.commons.math.MathRuntimeException
19:19:20.347 [main] INFO org.evosuite.runtime.instrumentation.EvoClassLoader - Seeing class for first time: org.apache.commons.math.MathRuntimeException$8
19:19:20.347 [main] INFO org.evosuite.runtime.instrumentation.EvoClassLoader - Instrumenting class 'org.apache.commons.math.MathRuntimeException$8'.
19:19:20.347 [main] INFO org.evosuite.runtime.instrumentation.MethodCallReplacementClassAdapter - Adding mock interface to class org/apache/commons/math/MathRuntimeException$8
19:19:20.348 [main] INFO org.evosuite.runtime.instrumentation.EvoClassLoader - Keeping class: org.apache.commons.math.MathRuntimeException$8
19:19:20.348 [main] INFO org.evosuite.runtime.instrumentation.EvoClassLoader - Seeing class for first time: org.apache.commons.math.MathRuntimeException$6
19:19:20.348 [main] INFO org.evosuite.runtime.instrumentation.EvoClassLoader - Instrumenting class 'org.apache.commons.math.MathRuntimeException$6'.
19:19:20.348 [main] INFO org.evosuite.runtime.instrumentation.MethodCallReplacementClassAdapter - Adding mock interface to class org/apache/commons/math/MathRuntimeException$6
19:19:20.348 [main] INFO org.evosuite.runtime.instrumentation.EvoClassLoader - Keeping class: org.apache.commons.math.MathRuntimeException$6
19:19:20.348 [main] INFO org.evosuite.runtime.instrumentation.EvoClassLoader - Seeing class for first time: org.apache.commons.math.MathRuntimeException$2
19:19:20.348 [main] INFO org.evosuite.runtime.instrumentation.EvoClassLoader - Instrumenting class 'org.apache.commons.math.MathRuntimeException$2'.
19:19:20.349 [main] INFO org.evosuite.runtime.instrumentation.MethodCallReplacementClassAdapter - Adding mock interface to class org/apache/commons/math/MathRuntimeException$2
19:19:20.352 [main] INFO org.evosuite.runtime.instrumentation.EvoClassLoader - Keeping class: org.apache.commons.math.MathRuntimeException$2
19:19:20.352 [main] INFO org.evosuite.runtime.instrumentation.EvoClassLoader - Seeing class for first time: org.apache.commons.math.MathRuntimeException$4
19:19:20.352 [main] INFO org.evosuite.runtime.instrumentation.EvoClassLoader - Instrumenting class 'org.apache.commons.math.MathRuntimeException$4'.
19:19:20.352 [main] INFO org.evosuite.runtime.instrumentation.MethodCallReplacementClassAdapter - Adding mock interface to class org/apache/commons/math/MathRuntimeException$4
19:19:20.352 [main] INFO org.evosuite.runtime.instrumentation.EvoClassLoader - Keeping class: org.apache.commons.math.MathRuntimeException$4
19:19:20.352 [main] INFO org.evosuite.runtime.instrumentation.EvoClassLoader - Seeing class for first time: org.apache.commons.math.MathRuntimeException$1
19:19:20.352 [main] INFO org.evosuite.runtime.instrumentation.EvoClassLoader - Instrumenting class 'org.apache.commons.math.MathRuntimeException$1'.
19:19:20.353 [main] INFO org.evosuite.runtime.instrumentation.MethodCallReplacementClassAdapter - Adding mock interface to class org/apache/commons/math/MathRuntimeException$1
19:19:20.353 [main] INFO org.evosuite.runtime.instrumentation.EvoClassLoader - Keeping class: org.apache.commons.math.MathRuntimeException$1
19:19:20.353 [main] INFO org.evosuite.runtime.instrumentation.EvoClassLoader - Seeing class for first time: org.apache.commons.math.MathRuntimeException$11
19:19:20.353 [main] INFO org.evosuite.runtime.instrumentation.EvoClassLoader - Instrumenting class 'org.apache.commons.math.MathRuntimeException$11'.
19:19:20.353 [main] INFO org.evosuite.runtime.instrumentation.MethodCallReplacementClassAdapter - Adding mock interface to class org/apache/commons/math/MathRuntimeException$11
19:19:20.354 [main] INFO org.evosuite.runtime.instrumentation.EvoClassLoader - Keeping class: org.apache.commons.math.MathRuntimeException$11
19:19:20.354 [main] INFO org.evosuite.runtime.instrumentation.EvoClassLoader - Seeing class for first time: org.apache.commons.math.MathRuntimeException$3
19:19:20.354 [main] INFO org.evosuite.runtime.instrumentation.EvoClassLoader - Instrumenting class 'org.apache.commons.math.MathRuntimeException$3'.
19:19:20.354 [main] INFO org.evosuite.runtime.instrumentation.MethodCallReplacementClassAdapter - Adding mock interface to class org/apache/commons/math/MathRuntimeException$3
19:19:20.354 [main] INFO org.evosuite.runtime.instrumentation.EvoClassLoader - Keeping class: org.apache.commons.math.MathRuntimeException$3
19:19:20.354 [main] INFO org.evosuite.runtime.instrumentation.EvoClassLoader - Seeing class for first time: org.apache.commons.math.MathRuntimeException$7
19:19:20.354 [main] INFO org.evosuite.runtime.instrumentation.EvoClassLoader - Instrumenting class 'org.apache.commons.math.MathRuntimeException$7'.
19:19:20.355 [main] INFO org.evosuite.runtime.instrumentation.MethodCallReplacementClassAdapter - Adding mock interface to class org/apache/commons/math/MathRuntimeException$7
19:19:20.355 [main] INFO org.evosuite.runtime.instrumentation.EvoClassLoader - Keeping class: org.apache.commons.math.MathRuntimeException$7
19:19:20.355 [main] INFO org.evosuite.runtime.instrumentation.EvoClassLoader - Seeing class for first time: org.apache.commons.math.MathRuntimeException$10
19:19:20.355 [main] INFO org.evosuite.runtime.instrumentation.EvoClassLoader - Instrumenting class 'org.apache.commons.math.MathRuntimeException$10'.
19:19:20.355 [main] INFO org.evosuite.runtime.instrumentation.MethodCallReplacementClassAdapter - Adding mock interface to class org/apache/commons/math/MathRuntimeException$10
19:19:20.355 [main] INFO org.evosuite.runtime.instrumentation.EvoClassLoader - Keeping class: org.apache.commons.math.MathRuntimeException$10
19:19:20.355 [main] INFO org.evosuite.runtime.instrumentation.EvoClassLoader - Seeing class for first time: org.apache.commons.math.MathRuntimeException$9
19:19:20.355 [main] INFO org.evosuite.runtime.instrumentation.EvoClassLoader - Instrumenting class 'org.apache.commons.math.MathRuntimeException$9'.
19:19:20.356 [main] INFO org.evosuite.runtime.instrumentation.MethodCallReplacementClassAdapter - Adding mock interface to class org/apache/commons/math/MathRuntimeException$9
19:19:20.356 [main] INFO org.evosuite.runtime.instrumentation.EvoClassLoader - Keeping class: org.apache.commons.math.MathRuntimeException$9
19:19:20.356 [main] INFO org.evosuite.runtime.instrumentation.EvoClassLoader - Seeing class for first time: org.apache.commons.math.MathRuntimeException$5
19:19:20.356 [main] INFO org.evosuite.runtime.instrumentation.EvoClassLoader - Instrumenting class 'org.apache.commons.math.MathRuntimeException$5'.
19:19:20.356 [main] INFO org.evosuite.runtime.instrumentation.MethodCallReplacementClassAdapter - Adding mock interface to class org/apache/commons/math/MathRuntimeException$5
19:19:20.357 [main] INFO org.evosuite.runtime.instrumentation.EvoClassLoader - Keeping class: org.apache.commons.math.MathRuntimeException$5
19:19:20.357 [main] INFO org.evosuite.runtime.instrumentation.EvoClassLoader - Seeing class for first time: org.apache.commons.math.util.MathUtils$1
19:19:20.357 [main] INFO org.evosuite.runtime.instrumentation.EvoClassLoader - Instrumenting class 'org.apache.commons.math.util.MathUtils$1'.
19:19:20.358 [main] INFO org.evosuite.runtime.instrumentation.MethodCallReplacementClassAdapter - Adding mock interface to class org/apache/commons/math/util/MathUtils$1
19:19:20.358 [main] INFO org.evosuite.runtime.instrumentation.EvoClassLoader - Keeping class: org.apache.commons.math.util.MathUtils$1
19:19:20.359 [main] INFO org.evosuite.runtime.instrumentation.EvoClassLoader - Seeing class for first time: org.apache.commons.math.exception.util.ArgUtils
19:19:20.359 [main] INFO org.evosuite.runtime.instrumentation.EvoClassLoader - Instrumenting class 'org.apache.commons.math.exception.util.ArgUtils'.
19:19:20.359 [main] INFO org.evosuite.runtime.instrumentation.MethodCallReplacementClassAdapter - Adding mock interface to class org/apache/commons/math/exception/util/ArgUtils
19:19:20.360 [main] INFO org.evosuite.runtime.instrumentation.CreateClassResetClassAdapter - Creating brand-new static initializer in class org/apache/commons/math/exception/util/ArgUtils
19:19:20.360 [main] INFO org.evosuite.runtime.instrumentation.EvoClassLoader - Keeping class: org.apache.commons.math.exception.util.ArgUtils
............................................................................................................................E................................................................
Time: 0.909
There was 1 failure:
1) test082(org.apache.commons.math.util.MathUtils_ESTest)
java.lang.AssertionError: Exception was not thrown in org.apache.commons.math.MathRuntimeException but in org.apache.commons.math.util.MathUtils.mulAndCheck(MathUtils.java:1060): org.evosuite.runtime.mock.java.lang.MockThrowable: overflow: multiply
	at org.evosuite.runtime.EvoAssertions.assertThrownBy(EvoAssertions.java:112)
	at org.evosuite.runtime.EvoAssertions.verifyException(EvoAssertions.java:49)
	at org.apache.commons.math.util.MathUtils_ESTest.test082(MathUtils_ESTest.java:709)

FAILURES!!!
Tests run: 188,  Failures: 1

cd /home/liumengjiao/Desktop/CI/Benchmark/../bugs/Math_63_fix && timeout 300000 defects4j test -s /home/liumengjiao/Desktop/CI/Evosuite//Math_63/Math/evosuite/0/Math-63f-evosuite.0.tar.bz >> evosuite-report-clz/test_run_fix.log 2>&1

Test suite archive not found: /home/liumengjiao/Desktop/CI/Evosuite//Math_63/Math/evosuite/0/Math-63f-evosuite.0.tar.bz
Died at /home/liumengjiao/Desktop/defects4j/framework/bin/d4j/d4j-test line 125.
Compilation failed in require at /home/liumengjiao/Desktop/defects4j/framework/bin/defects4j line 195.
cd /home/liumengjiao/Desktop/CI/Benchmark/../bugs/Math_63_fix && timeout 300000 defects4j test -s /home/liumengjiao/Desktop/CI/Evosuite//Math_63/Math/evosuite/1/Math-63f-evosuite.1.tar.bz >> evosuite-report-clz/test_run_fix.log 2>&1

Test suite archive not found: /home/liumengjiao/Desktop/CI/Evosuite//Math_63/Math/evosuite/1/Math-63f-evosuite.1.tar.bz
Died at /home/liumengjiao/Desktop/defects4j/framework/bin/d4j/d4j-test line 125.
Compilation failed in require at /home/liumengjiao/Desktop/defects4j/framework/bin/defects4j line 195.
cd /home/liumengjiao/Desktop/CI/Benchmark/../bugs/Math_63_fix && timeout 300000 defects4j test -s /home/liumengjiao/Desktop/CI/Evosuite//Math_63/Math/evosuite/2/Math-63f-evosuite.2.tar.bz >> evosuite-report-clz/test_run_fix.log 2>&1

Test suite archive not found: /home/liumengjiao/Desktop/CI/Evosuite//Math_63/Math/evosuite/2/Math-63f-evosuite.2.tar.bz
Died at /home/liumengjiao/Desktop/defects4j/framework/bin/d4j/d4j-test line 125.
Compilation failed in require at /home/liumengjiao/Desktop/defects4j/framework/bin/defects4j line 195.
cd /home/liumengjiao/Desktop/CI/Benchmark/../bugs/Math_63_fix && timeout 300000 defects4j test -s /home/liumengjiao/Desktop/CI/Evosuite//Math_63/Math/evosuite/3/Math-63f-evosuite.3.tar.bz >> evosuite-report-clz/test_run_fix.log 2>&1

Test suite archive not found: /home/liumengjiao/Desktop/CI/Evosuite//Math_63/Math/evosuite/3/Math-63f-evosuite.3.tar.bz
Died at /home/liumengjiao/Desktop/defects4j/framework/bin/d4j/d4j-test line 125.
Compilation failed in require at /home/liumengjiao/Desktop/defects4j/framework/bin/defects4j line 195.
cd /home/liumengjiao/Desktop/CI/Benchmark/../bugs/Math_63_fix && timeout 300000 defects4j test -s /home/liumengjiao/Desktop/CI/Evosuite//Math_63/Math/evosuite/4/Math-63f-evosuite.4.tar.bz >> evosuite-report-clz/test_run_fix.log 2>&1

Test suite archive not found: /home/liumengjiao/Desktop/CI/Evosuite//Math_63/Math/evosuite/4/Math-63f-evosuite.4.tar.bz
Died at /home/liumengjiao/Desktop/defects4j/framework/bin/d4j/d4j-test line 125.
Compilation failed in require at /home/liumengjiao/Desktop/defects4j/framework/bin/defects4j line 195.
cd /home/liumengjiao/Desktop/CI/Benchmark/../bugs/Math_63_fix && timeout 300000 defects4j test -s /home/liumengjiao/Desktop/CI/Evosuite//Math_63/Math/evosuite/5/Math-63f-evosuite.5.tar.bz >> evosuite-report-clz/test_run_fix.log 2>&1

Test suite archive not found: /home/liumengjiao/Desktop/CI/Evosuite//Math_63/Math/evosuite/5/Math-63f-evosuite.5.tar.bz
Died at /home/liumengjiao/Desktop/defects4j/framework/bin/d4j/d4j-test line 125.
Compilation failed in require at /home/liumengjiao/Desktop/defects4j/framework/bin/defects4j line 195.
cd /home/liumengjiao/Desktop/CI/Benchmark/../bugs/Math_63_fix && timeout 300000 defects4j test -s /home/liumengjiao/Desktop/CI/Evosuite//Math_63/Math/evosuite/6/Math-63f-evosuite.6.tar.bz >> evosuite-report-clz/test_run_fix.log 2>&1

Test suite archive not found: /home/liumengjiao/Desktop/CI/Evosuite//Math_63/Math/evosuite/6/Math-63f-evosuite.6.tar.bz
Died at /home/liumengjiao/Desktop/defects4j/framework/bin/d4j/d4j-test line 125.
Compilation failed in require at /home/liumengjiao/Desktop/defects4j/framework/bin/defects4j line 195.
cd /home/liumengjiao/Desktop/CI/Benchmark/../bugs/Math_63_fix && timeout 300000 defects4j test -s /home/liumengjiao/Desktop/CI/Evosuite//Math_63/Math/evosuite/7/Math-63f-evosuite.7.tar.bz >> evosuite-report-clz/test_run_fix.log 2>&1

Test suite archive not found: /home/liumengjiao/Desktop/CI/Evosuite//Math_63/Math/evosuite/7/Math-63f-evosuite.7.tar.bz
Died at /home/liumengjiao/Desktop/defects4j/framework/bin/d4j/d4j-test line 125.
Compilation failed in require at /home/liumengjiao/Desktop/defects4j/framework/bin/defects4j line 195.
cd /home/liumengjiao/Desktop/CI/Benchmark/../bugs/Math_63_fix && timeout 300000 defects4j test -s /home/liumengjiao/Desktop/CI/Evosuite//Math_63/Math/evosuite/8/Math-63f-evosuite.8.tar.bz >> evosuite-report-clz/test_run_fix.log 2>&1

Test suite archive not found: /home/liumengjiao/Desktop/CI/Evosuite//Math_63/Math/evosuite/8/Math-63f-evosuite.8.tar.bz
Died at /home/liumengjiao/Desktop/defects4j/framework/bin/d4j/d4j-test line 125.
Compilation failed in require at /home/liumengjiao/Desktop/defects4j/framework/bin/defects4j line 195.
cd /home/liumengjiao/Desktop/CI/Benchmark/../bugs/Math_63_fix && timeout 300000 defects4j test -s /home/liumengjiao/Desktop/CI/Evosuite//Math_63/Math/evosuite/9/Math-63f-evosuite.9.tar.bz >> evosuite-report-clz/test_run_fix.log 2>&1

Test suite archive not found: /home/liumengjiao/Desktop/CI/Evosuite//Math_63/Math/evosuite/9/Math-63f-evosuite.9.tar.bz
Died at /home/liumengjiao/Desktop/defects4j/framework/bin/d4j/d4j-test line 125.
Compilation failed in require at /home/liumengjiao/Desktop/defects4j/framework/bin/defects4j line 195.
cd /home/liumengjiao/Desktop/CI/Benchmark/../bugs/Math_63_fix && timeout 300000 defects4j test -s /home/liumengjiao/Desktop/CI/Evosuite//Math_63/Math/evosuite/10/Math-63f-evosuite.10.tar.bz >> evosuite-report-clz/test_run_fix.log 2>&1

Test suite archive not found: /home/liumengjiao/Desktop/CI/Evosuite//Math_63/Math/evosuite/10/Math-63f-evosuite.10.tar.bz
Died at /home/liumengjiao/Desktop/defects4j/framework/bin/d4j/d4j-test line 125.
Compilation failed in require at /home/liumengjiao/Desktop/defects4j/framework/bin/defects4j line 195.
cd /home/liumengjiao/Desktop/CI/Benchmark/../bugs/Math_63_fix && timeout 300000 defects4j test -s /home/liumengjiao/Desktop/CI/Evosuite//Math_63/Math/evosuite/11/Math-63f-evosuite.11.tar.bz >> evosuite-report-clz/test_run_fix.log 2>&1

Test suite archive not found: /home/liumengjiao/Desktop/CI/Evosuite//Math_63/Math/evosuite/11/Math-63f-evosuite.11.tar.bz
Died at /home/liumengjiao/Desktop/defects4j/framework/bin/d4j/d4j-test line 125.
Compilation failed in require at /home/liumengjiao/Desktop/defects4j/framework/bin/defects4j line 195.
cd /home/liumengjiao/Desktop/CI/Benchmark/../bugs/Math_63_fix && timeout 300000 defects4j test -s /home/liumengjiao/Desktop/CI/Evosuite//Math_63/Math/evosuite/12/Math-63f-evosuite.12.tar.bz >> evosuite-report-clz/test_run_fix.log 2>&1

Test suite archive not found: /home/liumengjiao/Desktop/CI/Evosuite//Math_63/Math/evosuite/12/Math-63f-evosuite.12.tar.bz
Died at /home/liumengjiao/Desktop/defects4j/framework/bin/d4j/d4j-test line 125.
Compilation failed in require at /home/liumengjiao/Desktop/defects4j/framework/bin/defects4j line 195.
cd /home/liumengjiao/Desktop/CI/Benchmark/../bugs/Math_63_fix && timeout 300000 defects4j test -s /home/liumengjiao/Desktop/CI/Evosuite//Math_63/Math/evosuite/13/Math-63f-evosuite.13.tar.bz >> evosuite-report-clz/test_run_fix.log 2>&1

Test suite archive not found: /home/liumengjiao/Desktop/CI/Evosuite//Math_63/Math/evosuite/13/Math-63f-evosuite.13.tar.bz
Died at /home/liumengjiao/Desktop/defects4j/framework/bin/d4j/d4j-test line 125.
Compilation failed in require at /home/liumengjiao/Desktop/defects4j/framework/bin/defects4j line 195.
cd /home/liumengjiao/Desktop/CI/Benchmark/../bugs/Math_63_fix && timeout 300000 defects4j test -s /home/liumengjiao/Desktop/CI/Evosuite//Math_63/Math/evosuite/14/Math-63f-evosuite.14.tar.bz >> evosuite-report-clz/test_run_fix.log 2>&1

Test suite archive not found: /home/liumengjiao/Desktop/CI/Evosuite//Math_63/Math/evosuite/14/Math-63f-evosuite.14.tar.bz
Died at /home/liumengjiao/Desktop/defects4j/framework/bin/d4j/d4j-test line 125.
Compilation failed in require at /home/liumengjiao/Desktop/defects4j/framework/bin/defects4j line 195.
cd /home/liumengjiao/Desktop/CI/Benchmark/../bugs/Math_63_fix && timeout 300000 defects4j test -s /home/liumengjiao/Desktop/CI/Evosuite//Math_63/Math/evosuite/15/Math-63f-evosuite.15.tar.bz >> evosuite-report-clz/test_run_fix.log 2>&1

Test suite archive not found: /home/liumengjiao/Desktop/CI/Evosuite//Math_63/Math/evosuite/15/Math-63f-evosuite.15.tar.bz
Died at /home/liumengjiao/Desktop/defects4j/framework/bin/d4j/d4j-test line 125.
Compilation failed in require at /home/liumengjiao/Desktop/defects4j/framework/bin/defects4j line 195.
cd /home/liumengjiao/Desktop/CI/Benchmark/../bugs/Math_63_fix && timeout 300000 defects4j test -s /home/liumengjiao/Desktop/CI/Evosuite//Math_63/Math/evosuite/16/Math-63f-evosuite.16.tar.bz >> evosuite-report-clz/test_run_fix.log 2>&1

Test suite archive not found: /home/liumengjiao/Desktop/CI/Evosuite//Math_63/Math/evosuite/16/Math-63f-evosuite.16.tar.bz
Died at /home/liumengjiao/Desktop/defects4j/framework/bin/d4j/d4j-test line 125.
Compilation failed in require at /home/liumengjiao/Desktop/defects4j/framework/bin/defects4j line 195.
cd /home/liumengjiao/Desktop/CI/Benchmark/../bugs/Math_63_fix && timeout 300000 defects4j test -s /home/liumengjiao/Desktop/CI/Evosuite//Math_63/Math/evosuite/17/Math-63f-evosuite.17.tar.bz >> evosuite-report-clz/test_run_fix.log 2>&1

Test suite archive not found: /home/liumengjiao/Desktop/CI/Evosuite//Math_63/Math/evosuite/17/Math-63f-evosuite.17.tar.bz
Died at /home/liumengjiao/Desktop/defects4j/framework/bin/d4j/d4j-test line 125.
Compilation failed in require at /home/liumengjiao/Desktop/defects4j/framework/bin/defects4j line 195.
cd /home/liumengjiao/Desktop/CI/Benchmark/../bugs/Math_63_fix && timeout 300000 defects4j test -s /home/liumengjiao/Desktop/CI/Evosuite//Math_63/Math/evosuite/18/Math-63f-evosuite.18.tar.bz >> evosuite-report-clz/test_run_fix.log 2>&1

Test suite archive not found: /home/liumengjiao/Desktop/CI/Evosuite//Math_63/Math/evosuite/18/Math-63f-evosuite.18.tar.bz
Died at /home/liumengjiao/Desktop/defects4j/framework/bin/d4j/d4j-test line 125.
Compilation failed in require at /home/liumengjiao/Desktop/defects4j/framework/bin/defects4j line 195.
cd /home/liumengjiao/Desktop/CI/Benchmark/../bugs/Math_63_fix && timeout 300000 defects4j test -s /home/liumengjiao/Desktop/CI/Evosuite//Math_63/Math/evosuite/19/Math-63f-evosuite.19.tar.bz >> evosuite-report-clz/test_run_fix.log 2>&1

Test suite archive not found: /home/liumengjiao/Desktop/CI/Evosuite//Math_63/Math/evosuite/19/Math-63f-evosuite.19.tar.bz
Died at /home/liumengjiao/Desktop/defects4j/framework/bin/d4j/d4j-test line 125.
Compilation failed in require at /home/liumengjiao/Desktop/defects4j/framework/bin/defects4j line 195.
cd /home/liumengjiao/Desktop/CI/Benchmark/../bugs/Math_63_fix && timeout 300000 defects4j test -s /home/liumengjiao/Desktop/CI/Evosuite//Math_63/Math/evosuite/20/Math-63f-evosuite.20.tar.bz >> evosuite-report-clz/test_run_fix.log 2>&1

Test suite archive not found: /home/liumengjiao/Desktop/CI/Evosuite//Math_63/Math/evosuite/20/Math-63f-evosuite.20.tar.bz
Died at /home/liumengjiao/Desktop/defects4j/framework/bin/d4j/d4j-test line 125.
Compilation failed in require at /home/liumengjiao/Desktop/defects4j/framework/bin/defects4j line 195.
cd /home/liumengjiao/Desktop/CI/Benchmark/../bugs/Math_63_fix && timeout 300000 defects4j test -s /home/liumengjiao/Desktop/CI/Evosuite//Math_63/Math/evosuite/21/Math-63f-evosuite.21.tar.bz >> evosuite-report-clz/test_run_fix.log 2>&1

Test suite archive not found: /home/liumengjiao/Desktop/CI/Evosuite//Math_63/Math/evosuite/21/Math-63f-evosuite.21.tar.bz
Died at /home/liumengjiao/Desktop/defects4j/framework/bin/d4j/d4j-test line 125.
Compilation failed in require at /home/liumengjiao/Desktop/defects4j/framework/bin/defects4j line 195.
cd /home/liumengjiao/Desktop/CI/Benchmark/../bugs/Math_63_fix && timeout 300000 defects4j test -s /home/liumengjiao/Desktop/CI/Evosuite//Math_63/Math/evosuite/22/Math-63f-evosuite.22.tar.bz >> evosuite-report-clz/test_run_fix.log 2>&1

Test suite archive not found: /home/liumengjiao/Desktop/CI/Evosuite//Math_63/Math/evosuite/22/Math-63f-evosuite.22.tar.bz
Died at /home/liumengjiao/Desktop/defects4j/framework/bin/d4j/d4j-test line 125.
Compilation failed in require at /home/liumengjiao/Desktop/defects4j/framework/bin/defects4j line 195.
cd /home/liumengjiao/Desktop/CI/Benchmark/../bugs/Math_63_fix && timeout 300000 defects4j test -s /home/liumengjiao/Desktop/CI/Evosuite//Math_63/Math/evosuite/23/Math-63f-evosuite.23.tar.bz >> evosuite-report-clz/test_run_fix.log 2>&1

Test suite archive not found: /home/liumengjiao/Desktop/CI/Evosuite//Math_63/Math/evosuite/23/Math-63f-evosuite.23.tar.bz
Died at /home/liumengjiao/Desktop/defects4j/framework/bin/d4j/d4j-test line 125.
Compilation failed in require at /home/liumengjiao/Desktop/defects4j/framework/bin/defects4j line 195.
cd /home/liumengjiao/Desktop/CI/Benchmark/../bugs/Math_63_fix && timeout 300000 defects4j test -s /home/liumengjiao/Desktop/CI/Evosuite//Math_63/Math/evosuite/24/Math-63f-evosuite.24.tar.bz >> evosuite-report-clz/test_run_fix.log 2>&1

Test suite archive not found: /home/liumengjiao/Desktop/CI/Evosuite//Math_63/Math/evosuite/24/Math-63f-evosuite.24.tar.bz
Died at /home/liumengjiao/Desktop/defects4j/framework/bin/d4j/d4j-test line 125.
Compilation failed in require at /home/liumengjiao/Desktop/defects4j/framework/bin/defects4j line 195.
cd /home/liumengjiao/Desktop/CI/Benchmark/../bugs/Math_63_fix && timeout 300000 defects4j test -s /home/liumengjiao/Desktop/CI/Evosuite//Math_63/Math/evosuite/25/Math-63f-evosuite.25.tar.bz >> evosuite-report-clz/test_run_fix.log 2>&1

Test suite archive not found: /home/liumengjiao/Desktop/CI/Evosuite//Math_63/Math/evosuite/25/Math-63f-evosuite.25.tar.bz
Died at /home/liumengjiao/Desktop/defects4j/framework/bin/d4j/d4j-test line 125.
Compilation failed in require at /home/liumengjiao/Desktop/defects4j/framework/bin/defects4j line 195.
cd /home/liumengjiao/Desktop/CI/Benchmark/../bugs/Math_63_fix && timeout 300000 defects4j test -s /home/liumengjiao/Desktop/CI/Evosuite//Math_63/Math/evosuite/26/Math-63f-evosuite.26.tar.bz >> evosuite-report-clz/test_run_fix.log 2>&1

Test suite archive not found: /home/liumengjiao/Desktop/CI/Evosuite//Math_63/Math/evosuite/26/Math-63f-evosuite.26.tar.bz
Died at /home/liumengjiao/Desktop/defects4j/framework/bin/d4j/d4j-test line 125.
Compilation failed in require at /home/liumengjiao/Desktop/defects4j/framework/bin/defects4j line 195.
cd /home/liumengjiao/Desktop/CI/Benchmark/../bugs/Math_63_fix && timeout 300000 defects4j test -s /home/liumengjiao/Desktop/CI/Evosuite//Math_63/Math/evosuite/27/Math-63f-evosuite.27.tar.bz >> evosuite-report-clz/test_run_fix.log 2>&1

Test suite archive not found: /home/liumengjiao/Desktop/CI/Evosuite//Math_63/Math/evosuite/27/Math-63f-evosuite.27.tar.bz
Died at /home/liumengjiao/Desktop/defects4j/framework/bin/d4j/d4j-test line 125.
Compilation failed in require at /home/liumengjiao/Desktop/defects4j/framework/bin/defects4j line 195.
cd /home/liumengjiao/Desktop/CI/Benchmark/../bugs/Math_63_fix && timeout 300000 defects4j test -s /home/liumengjiao/Desktop/CI/Evosuite//Math_63/Math/evosuite/28/Math-63f-evosuite.28.tar.bz >> evosuite-report-clz/test_run_fix.log 2>&1

Test suite archive not found: /home/liumengjiao/Desktop/CI/Evosuite//Math_63/Math/evosuite/28/Math-63f-evosuite.28.tar.bz
Died at /home/liumengjiao/Desktop/defects4j/framework/bin/d4j/d4j-test line 125.
Compilation failed in require at /home/liumengjiao/Desktop/defects4j/framework/bin/defects4j line 195.
