cd /home/liumengjiao/Desktop/CI/Benchmark/../bugs/Closure_125_buggy && timeout 300000 java -jar /home/liumengjiao/Desktop/CI/Benchmark/libs/evosuite-shaded-1.2.1-SNAPSHOT.jar -projectCP build/classes/:lib/ -class com.google.javascript.jscomp.TypeCheck -Dtarget_method_list "propertyIsImplicitCast(Lcom/google/javascript/rhino/jstype/ObjectType;Ljava/lang/String;)Z:visitNew(Lcom/google/javascript/jscomp/NodeTraversal;Lcom/google/javascript/rhino/Node;)V" -criterion=LINE >> evosuite-report/test_gen.log 2>&1

* EvoSuite 1.2.1-SNAPSHOT
* Going to generate test cases for class: com.google.javascript.jscomp.TypeCheck
* Starting Client-0
* Connecting to master process on port 11149
* Analyzing classpath: 
  - build/classes/
  - lib/
* Error while initializing target class: Class not found: com/google/common/collect/ImmutableSet: java.lang.NullPointerException: Class not found com/google/common/collect/ImmutableSet
* Computation finished
[MASTER] 05:33:02.033 [logback-2] ERROR TestSuiteGenerator - Problem for com.google.javascript.jscomp.TypeCheck. Full stack:
java.lang.ClassNotFoundException: Class not found: com/google/common/collect/ImmutableSet: java.lang.NullPointerException: Class not found com/google/common/collect/ImmutableSet
	at shaded.org.evosuite.instrumentation.InstrumentingClassLoader.instrumentClass(InstrumentingClassLoader.java:158)
	at shaded.org.evosuite.instrumentation.InstrumentingClassLoader.loadClass(InstrumentingClassLoader.java:126)
	at java.lang.Class.forName0(Native Method)
	at java.lang.Class.forName(Class.java:348)
	at sun.reflect.NativeMethodAccessorImpl.invoke0(Native Method)
	at sun.reflect.NativeMethodAccessorImpl.invoke(NativeMethodAccessorImpl.java:62)
	at sun.reflect.DelegatingMethodAccessorImpl.invoke(DelegatingMethodAccessorImpl.java:43)
	at java.lang.reflect.Method.invoke(Method.java:498)
	at shaded.org.evosuite.testcase.statements.MethodStatement$1.execute(MethodStatement.java:257)
	at shaded.org.evosuite.testcase.statements.AbstractStatement.exceptionHandler(AbstractStatement.java:165)
	at shaded.org.evosuite.testcase.statements.MethodStatement.execute(MethodStatement.java:220)
	at shaded.org.evosuite.testcase.execution.TestRunnable.executeStatements(TestRunnable.java:286)
	at shaded.org.evosuite.testcase.execution.TestRunnable.call(TestRunnable.java:192)
	at shaded.org.evosuite.testcase.execution.TestRunnable.call(TestRunnable.java:49)
	at java.util.concurrent.FutureTask.run(FutureTask.java:266)
	at java.util.concurrent.ThreadPoolExecutor.runWorker(ThreadPoolExecutor.java:1149)
	at java.util.concurrent.ThreadPoolExecutor$Worker.run(ThreadPoolExecutor.java:624)
	at java.lang.Thread.run(Thread.java:750)
Caused by: java.lang.RuntimeException: Class not found: com/google/common/collect/ImmutableSet: java.lang.NullPointerException: Class not found com/google/common/collect/ImmutableSet
	at shaded.org.evosuite.runtime.util.ComputeClassWriter.getCommonSuperClass(ComputeClassWriter.java:56)
	at shaded.org.evosuite.shaded.org.objectweb.asm.SymbolTable.addMergedType(SymbolTable.java:1202)
	at shaded.org.evosuite.shaded.org.objectweb.asm.Frame.merge(Frame.java:1299)
	at shaded.org.evosuite.shaded.org.objectweb.asm.Frame.merge(Frame.java:1197)
	at shaded.org.evosuite.shaded.org.objectweb.asm.MethodWriter.computeAllFrames(MethodWriter.java:1610)
	at shaded.org.evosuite.shaded.org.objectweb.asm.MethodWriter.visitMaxs(MethodWriter.java:1546)
	at shaded.org.evosuite.shaded.org.objectweb.asm.MethodVisitor.visitMaxs(MethodVisitor.java:773)
	at shaded.org.evosuite.shaded.org.objectweb.asm.MethodVisitor.visitMaxs(MethodVisitor.java:773)
	at shaded.org.evosuite.shaded.org.objectweb.asm.MethodVisitor.visitMaxs(MethodVisitor.java:773)
	at shaded.org.evosuite.runtime.instrumentation.LoopCounterMethodAdapter.visitMaxs(LoopCounterMethodAdapter.java:48)
	at shaded.org.evosuite.shaded.org.objectweb.asm.MethodVisitor.visitMaxs(MethodVisitor.java:773)
	at shaded.org.evosuite.shaded.org.objectweb.asm.commons.LocalVariablesSorter.visitMaxs(LocalVariablesSorter.java:148)
	at shaded.org.evosuite.instrumentation.MethodEntryAdapter.visitMaxs(MethodEntryAdapter.java:115)
	at shaded.org.evosuite.shaded.org.objectweb.asm.MethodVisitor.visitMaxs(MethodVisitor.java:773)
	at shaded.org.evosuite.instrumentation.LineNumberMethodAdapter.visitMaxs(LineNumberMethodAdapter.java:134)
	at shaded.org.evosuite.shaded.org.objectweb.asm.MethodVisitor.visitMaxs(MethodVisitor.java:773)
	at shaded.org.evosuite.shaded.org.objectweb.asm.commons.LocalVariablesSorter.visitMaxs(LocalVariablesSorter.java:148)
	at shaded.org.evosuite.shaded.org.objectweb.asm.MethodVisitor.visitMaxs(MethodVisitor.java:773)
	at shaded.org.evosuite.shaded.org.objectweb.asm.tree.MethodNode.accept(MethodNode.java:769)
	at shaded.org.evosuite.shaded.org.objectweb.asm.commons.JSRInlinerAdapter.visitEnd(JSRInlinerAdapter.java:158)
	at shaded.org.evosuite.shaded.org.objectweb.asm.tree.MethodNode.accept(MethodNode.java:772)
	at shaded.org.evosuite.graphs.cfg.CFGMethodAdapter.visitEnd(CFGMethodAdapter.java:249)
	at shaded.org.evosuite.shaded.org.objectweb.asm.MethodVisitor.visitEnd(MethodVisitor.java:783)
	at shaded.org.evosuite.shaded.org.objectweb.asm.MethodVisitor.visitEnd(MethodVisitor.java:783)
	at shaded.org.evosuite.shaded.org.objectweb.asm.tree.MethodNode.accept(MethodNode.java:772)
	at shaded.org.evosuite.shaded.org.objectweb.asm.tree.MethodNode.accept(MethodNode.java:649)
	at shaded.org.evosuite.shaded.org.objectweb.asm.tree.ClassNode.accept(ClassNode.java:452)
	at shaded.org.evosuite.instrumentation.BytecodeInstrumentation.transformBytes(BytecodeInstrumentation.java:282)
	at shaded.org.evosuite.instrumentation.InstrumentingClassLoader.getTransformedBytes(InstrumentingClassLoader.java:135)
	at shaded.org.evosuite.instrumentation.InstrumentingClassLoader.instrumentClass(InstrumentingClassLoader.java:149)
	... 17 common frames omitted
Caused by: java.lang.NullPointerException: Class not found com/google/common/collect/ImmutableSet
	at shaded.org.evosuite.runtime.util.ComputeClassWriter.typeInfo(ComputeClassWriter.java:179)
	at shaded.org.evosuite.runtime.util.ComputeClassWriter.getCommonSuperClass(ComputeClassWriter.java:53)
	... 46 common frames omitted
[MASTER] 05:33:02.162 [main] ERROR SearchStatistics - No statistics has been saved because EvoSuite failed to generate any test case
[MASTER] 05:33:02.262 [main] ERROR TestGeneration - failed to write statistics data
