cd /home/liumengjiao/Desktop/CI/Benchmark/../bugs/Closure_125_buggy && timeout 300000 javac -cp  /home/liumengjiao/Desktop/defects4j/framework/lib/test_generation/generation/evosuite-current.jar:build/classes/:lib/*  /home/liumengjiao/Desktop/CI/Evosuite/Closure_125/Closure/evosuite/3/com/google/javascript/jscomp/TypeCheck_ESTest.java /home/liumengjiao/Desktop/CI/Evosuite/Closure_125/Closure/evosuite/3/com/google/javascript/jscomp/TypeCheck_ESTest_scaffolding.java >> evosuite-report-org/test_build_org.log 2>&1

/home/liumengjiao/Desktop/CI/Evosuite/Closure_125/Closure/evosuite/3/com/google/javascript/jscomp/TypeCheck_ESTest.java:14: error: cannot find symbol
import com.google.javascript.jscomp.CheckSuspiciousCode;
                                   ^
  symbol:   class CheckSuspiciousCode
  location: package com.google.javascript.jscomp
/home/liumengjiao/Desktop/CI/Evosuite/Closure_125/Closure/evosuite/3/com/google/javascript/jscomp/TypeCheck_ESTest.java:15: error: cannot find symbol
import com.google.javascript.jscomp.CleanupPasses;
                                   ^
  symbol:   class CleanupPasses
  location: package com.google.javascript.jscomp
/home/liumengjiao/Desktop/CI/Evosuite/Closure_125/Closure/evosuite/3/com/google/javascript/jscomp/TypeCheck_ESTest.java:23: error: cannot find symbol
import com.google.javascript.jscomp.StatementFusion;
                                   ^
  symbol:   class StatementFusion
  location: package com.google.javascript.jscomp
/home/liumengjiao/Desktop/CI/Evosuite/Closure_125/Closure/evosuite/3/com/google/javascript/jscomp/TypeCheck_ESTest.java:27: error: package com.google.javascript.jscomp.type does not exist
import com.google.javascript.jscomp.type.ReverseAbstractInterpreter;
                                        ^
/home/liumengjiao/Desktop/CI/Evosuite/Closure_125/Closure/evosuite/3/com/google/javascript/jscomp/TypeCheck_ESTest.java:55: error: cannot find symbol
      CleanupPasses cleanupPasses0 = new CleanupPasses(compilerOptions0);
      ^
  symbol:   class CleanupPasses
  location: class TypeCheck_ESTest
/home/liumengjiao/Desktop/CI/Evosuite/Closure_125/Closure/evosuite/3/com/google/javascript/jscomp/TypeCheck_ESTest.java:55: error: cannot find symbol
      CleanupPasses cleanupPasses0 = new CleanupPasses(compilerOptions0);
                                         ^
  symbol:   class CleanupPasses
  location: class TypeCheck_ESTest
/home/liumengjiao/Desktop/CI/Evosuite/Closure_125/Closure/evosuite/3/com/google/javascript/jscomp/TypeCheck_ESTest.java:59: error: cannot find symbol
      assertFalse(node1.isNumber());
                       ^
  symbol:   method isNumber()
  location: variable node1 of type Node
/home/liumengjiao/Desktop/CI/Evosuite/Closure_125/Closure/evosuite/3/com/google/javascript/jscomp/TypeCheck_ESTest.java:68: error: no suitable constructor found for TypeCheck(Compiler,ReverseAbstractInterpreter,JSTypeRegistry,CheckLevel)
      TypeCheck typeCheck0 = new TypeCheck(compiler0, (ReverseAbstractInterpreter) null, jSTypeRegistry0, checkLevel0);
                             ^
    constructor TypeCheck.TypeCheck(AbstractCompiler,ReverseAbstractInterpreter,JSTypeRegistry,Scope,ScopeCreator,CheckLevel,CheckLevel) is not applicable
      (actual and formal argument lists differ in length)
    constructor TypeCheck.TypeCheck(AbstractCompiler,ReverseAbstractInterpreter,JSTypeRegistry,CheckLevel,CheckLevel) is not applicable
      (actual and formal argument lists differ in length)
    constructor TypeCheck.TypeCheck(AbstractCompiler,ReverseAbstractInterpreter,JSTypeRegistry) is not applicable
      (actual and formal argument lists differ in length)
/home/liumengjiao/Desktop/CI/Evosuite/Closure_125/Closure/evosuite/3/com/google/javascript/jscomp/TypeCheck_ESTest.java:120: error: cannot find symbol
      Scope scope0 = Scope.createGlobalScope(node0);
                          ^
  symbol:   method createGlobalScope(Node)
  location: class Scope
/home/liumengjiao/Desktop/CI/Evosuite/Closure_125/Closure/evosuite/3/com/google/javascript/jscomp/TypeCheck_ESTest.java:122: error: no suitable constructor found for TypeCheck(Compiler,ReverseAbstractInterpreter,JSTypeRegistry,Scope,MemoizedScopeCreator,CheckLevel)
      TypeCheck typeCheck0 = new TypeCheck(compiler0, (ReverseAbstractInterpreter) null, jSTypeRegistry0, scope0, (MemoizedScopeCreator) null, checkLevel0);
                             ^
    constructor TypeCheck.TypeCheck(AbstractCompiler,ReverseAbstractInterpreter,JSTypeRegistry,Scope,ScopeCreator,CheckLevel,CheckLevel) is not applicable
      (actual and formal argument lists differ in length)
    constructor TypeCheck.TypeCheck(AbstractCompiler,ReverseAbstractInterpreter,JSTypeRegistry,CheckLevel,CheckLevel) is not applicable
      (actual and formal argument lists differ in length)
    constructor TypeCheck.TypeCheck(AbstractCompiler,ReverseAbstractInterpreter,JSTypeRegistry) is not applicable
      (actual and formal argument lists differ in length)
/home/liumengjiao/Desktop/CI/Evosuite/Closure_125/Closure/evosuite/3/com/google/javascript/jscomp/TypeCheck_ESTest.java:177: error: cannot find symbol
      assertFalse(node0.isName());
                       ^
  symbol:   method isName()
  location: variable node0 of type Node
/home/liumengjiao/Desktop/CI/Evosuite/Closure_125/Closure/evosuite/3/com/google/javascript/jscomp/TypeCheck_ESTest.java:189: error: cannot find symbol
      assertFalse(node0.isCast());
                       ^
  symbol:   method isCast()
  location: variable node0 of type Node
/home/liumengjiao/Desktop/CI/Evosuite/Closure_125/Closure/evosuite/3/com/google/javascript/jscomp/TypeCheck_ESTest.java:318: error: cannot find symbol
      assertFalse(node1.isNew());
                       ^
  symbol:   method isNew()
  location: variable node1 of type Node
/home/liumengjiao/Desktop/CI/Evosuite/Closure_125/Closure/evosuite/3/com/google/javascript/jscomp/TypeCheck_ESTest.java:330: error: cannot find symbol
      assertFalse(node1.isNot());
                       ^
  symbol:   method isNot()
  location: variable node1 of type Node
/home/liumengjiao/Desktop/CI/Evosuite/Closure_125/Closure/evosuite/3/com/google/javascript/jscomp/TypeCheck_ESTest.java:361: error: cannot find symbol
      assertFalse(node1.isTrue());
                       ^
  symbol:   method isTrue()
  location: variable node1 of type Node
/home/liumengjiao/Desktop/CI/Evosuite/Closure_125/Closure/evosuite/3/com/google/javascript/jscomp/TypeCheck_ESTest.java:374: error: cannot find symbol
      assertFalse(node0.isArrayLit());
                       ^
  symbol:   method isArrayLit()
  location: variable node0 of type Node
/home/liumengjiao/Desktop/CI/Evosuite/Closure_125/Closure/evosuite/3/com/google/javascript/jscomp/TypeCheck_ESTest.java:387: error: cannot find symbol
      assertEquals(55, Node.INFERRED_FUNCTION);
                           ^
  symbol:   variable INFERRED_FUNCTION
  location: class Node
/home/liumengjiao/Desktop/CI/Evosuite/Closure_125/Closure/evosuite/3/com/google/javascript/jscomp/TypeCheck_ESTest.java:398: error: cannot find symbol
      assertFalse(node1.isExprResult());
                       ^
  symbol:   method isExprResult()
  location: variable node1 of type Node
/home/liumengjiao/Desktop/CI/Evosuite/Closure_125/Closure/evosuite/3/com/google/javascript/jscomp/TypeCheck_ESTest.java:410: error: cannot find symbol
      assertEquals(55, Node.INFERRED_FUNCTION);
                           ^
  symbol:   variable INFERRED_FUNCTION
  location: class Node
/home/liumengjiao/Desktop/CI/Evosuite/Closure_125/Closure/evosuite/3/com/google/javascript/jscomp/TypeCheck_ESTest.java:477: error: cannot find symbol
      assertEquals(55, Node.INFERRED_FUNCTION);
                           ^
  symbol:   variable INFERRED_FUNCTION
  location: class Node
/home/liumengjiao/Desktop/CI/Evosuite/Closure_125/Closure/evosuite/3/com/google/javascript/jscomp/TypeCheck_ESTest.java:488: error: cannot find symbol
      assertEquals(54, Node.SLASH_V);
                           ^
  symbol:   variable SLASH_V
  location: class Node
/home/liumengjiao/Desktop/CI/Evosuite/Closure_125/Closure/evosuite/3/com/google/javascript/jscomp/TypeCheck_ESTest.java:500: error: cannot find symbol
      assertFalse(node0.isNE());
                       ^
  symbol:   method isNE()
  location: variable node0 of type Node
/home/liumengjiao/Desktop/CI/Evosuite/Closure_125/Closure/evosuite/3/com/google/javascript/jscomp/TypeCheck_ESTest.java:510: error: cannot find symbol
      CheckSideEffects.StripProtection checkSideEffects_StripProtection0 = new CheckSideEffects.StripProtection(compiler0);
                      ^
  symbol:   class StripProtection
  location: class CheckSideEffects
/home/liumengjiao/Desktop/CI/Evosuite/Closure_125/Closure/evosuite/3/com/google/javascript/jscomp/TypeCheck_ESTest.java:510: error: cannot find symbol
      CheckSideEffects.StripProtection checkSideEffects_StripProtection0 = new CheckSideEffects.StripProtection(compiler0);
                                                                                               ^
  symbol:   class StripProtection
  location: class CheckSideEffects
/home/liumengjiao/Desktop/CI/Evosuite/Closure_125/Closure/evosuite/3/com/google/javascript/jscomp/TypeCheck_ESTest.java:574: error: cannot find symbol
      assertFalse(node1.isFalse());
                       ^
  symbol:   method isFalse()
  location: variable node1 of type Node
/home/liumengjiao/Desktop/CI/Evosuite/Closure_125/Closure/evosuite/3/com/google/javascript/jscomp/TypeCheck_ESTest.java:585: error: cannot find symbol
      assertFalse(node0.isCall());
                       ^
  symbol:   method isCall()
  location: variable node0 of type Node
/home/liumengjiao/Desktop/CI/Evosuite/Closure_125/Closure/evosuite/3/com/google/javascript/jscomp/TypeCheck_ESTest.java:627: error: cannot find symbol
      assertFalse(node0.isAnd());
                       ^
  symbol:   method isAnd()
  location: variable node0 of type Node
/home/liumengjiao/Desktop/CI/Evosuite/Closure_125/Closure/evosuite/3/com/google/javascript/jscomp/TypeCheck_ESTest.java:649: error: cannot find symbol
      assertFalse(node1.isBreak());
                       ^
  symbol:   method isBreak()
  location: variable node1 of type Node
/home/liumengjiao/Desktop/CI/Evosuite/Closure_125/Closure/evosuite/3/com/google/javascript/jscomp/TypeCheck_ESTest.java:681: error: cannot find symbol
      assertFalse(node1.isGetterDef());
                       ^
  symbol:   method isGetterDef()
  location: variable node1 of type Node
/home/liumengjiao/Desktop/CI/Evosuite/Closure_125/Closure/evosuite/3/com/google/javascript/jscomp/TypeCheck_ESTest.java:723: error: cannot find symbol
      assertEquals(54, Node.SLASH_V);
                           ^
  symbol:   variable SLASH_V
  location: class Node
/home/liumengjiao/Desktop/CI/Evosuite/Closure_125/Closure/evosuite/3/com/google/javascript/jscomp/TypeCheck_ESTest.java:856: error: cannot find symbol
      assertFalse(node0.isComma());
                       ^
  symbol:   method isComma()
  location: variable node0 of type Node
/home/liumengjiao/Desktop/CI/Evosuite/Closure_125/Closure/evosuite/3/com/google/javascript/jscomp/TypeCheck_ESTest.java:867: error: cannot find symbol
      assertFalse(node0.isScript());
                       ^
  symbol:   method isScript()
  location: variable node0 of type Node
/home/liumengjiao/Desktop/CI/Evosuite/Closure_125/Closure/evosuite/3/com/google/javascript/jscomp/TypeCheck_ESTest.java:1095: error: cannot find symbol
      assertEquals(52, Node.LENGTH);
                           ^
  symbol:   variable LENGTH
  location: class Node
/home/liumengjiao/Desktop/CI/Evosuite/Closure_125/Closure/evosuite/3/com/google/javascript/jscomp/TypeCheck_ESTest.java:1106: error: cannot find symbol
      Node node2 = StatementFusion.fuseExpressionIntoExpression(node1, node0);
                   ^
  symbol:   variable StatementFusion
  location: class TypeCheck_ESTest
/home/liumengjiao/Desktop/CI/Evosuite/Closure_125/Closure/evosuite/3/com/google/javascript/jscomp/TypeCheck_ESTest.java:1108: error: cannot find symbol
      assertFalse(node1.isAssignAdd());
                       ^
  symbol:   method isAssignAdd()
  location: variable node1 of type Node
/home/liumengjiao/Desktop/CI/Evosuite/Closure_125/Closure/evosuite/3/com/google/javascript/jscomp/TypeCheck_ESTest.java:1133: error: cannot find symbol
      assertFalse(node1.isHook());
                       ^
  symbol:   method isHook()
  location: variable node1 of type Node
/home/liumengjiao/Desktop/CI/Evosuite/Closure_125/Closure/evosuite/3/com/google/javascript/jscomp/TypeCheck_ESTest.java:1145: error: cannot find symbol
      assertFalse(node1.isIn());
                       ^
  symbol:   method isIn()
  location: variable node1 of type Node
/home/liumengjiao/Desktop/CI/Evosuite/Closure_125/Closure/evosuite/3/com/google/javascript/jscomp/TypeCheck_ESTest.java:1157: error: cannot find symbol
      assertFalse(node1.isVar());
                       ^
  symbol:   method isVar()
  location: variable node1 of type Node
/home/liumengjiao/Desktop/CI/Evosuite/Closure_125/Closure/evosuite/3/com/google/javascript/jscomp/TypeCheck_ESTest.java:1167: error: cannot find symbol
      CheckSuspiciousCode checkSuspiciousCode0 = new CheckSuspiciousCode();
      ^
  symbol:   class CheckSuspiciousCode
  location: class TypeCheck_ESTest
/home/liumengjiao/Desktop/CI/Evosuite/Closure_125/Closure/evosuite/3/com/google/javascript/jscomp/TypeCheck_ESTest.java:1167: error: cannot find symbol
      CheckSuspiciousCode checkSuspiciousCode0 = new CheckSuspiciousCode();
                                                     ^
  symbol:   class CheckSuspiciousCode
  location: class TypeCheck_ESTest
/home/liumengjiao/Desktop/CI/Evosuite/Closure_125/Closure/evosuite/3/com/google/javascript/jscomp/TypeCheck_ESTest.java:1182: error: cannot find symbol
      assertFalse(node0.isNot());
                       ^
  symbol:   method isNot()
  location: variable node0 of type Node
/home/liumengjiao/Desktop/CI/Evosuite/Closure_125/Closure/evosuite/3/com/google/javascript/jscomp/TypeCheck_ESTest.java:1205: error: cannot find symbol
      assertFalse(node1.isReturn());
                       ^
  symbol:   method isReturn()
  location: variable node1 of type Node
/home/liumengjiao/Desktop/CI/Evosuite/Closure_125/Closure/evosuite/3/com/google/javascript/jscomp/TypeCheck_ESTest.java:1216: error: cannot find symbol
      assertFalse(node1.isArrayLit());
                       ^
  symbol:   method isArrayLit()
  location: variable node1 of type Node
/home/liumengjiao/Desktop/CI/Evosuite/Closure_125/Closure/evosuite/3/com/google/javascript/jscomp/TypeCheck_ESTest.java:1251: error: cannot find symbol
      assertFalse(node0.isReturn());
                       ^
  symbol:   method isReturn()
  location: variable node0 of type Node
/home/liumengjiao/Desktop/CI/Evosuite/Closure_125/Closure/evosuite/3/com/google/javascript/jscomp/TypeCheck_ESTest.java:1343: error: cannot find symbol
      assertFalse(node1.isStringKey());
                       ^
  symbol:   method isStringKey()
  location: variable node1 of type Node
/home/liumengjiao/Desktop/CI/Evosuite/Closure_125/Closure/evosuite/3/com/google/javascript/jscomp/TypeCheck_ESTest.java:1374: error: cannot find symbol
      assertFalse(node0.isIf());
                       ^
  symbol:   method isIf()
  location: variable node0 of type Node
/home/liumengjiao/Desktop/CI/Evosuite/Closure_125/Closure/evosuite/3/com/google/javascript/jscomp/TypeCheck_ESTest.java:1429: error: cannot find symbol
      assertFalse(node0.isGetProp());
                       ^
  symbol:   method isGetProp()
  location: variable node0 of type Node
/home/liumengjiao/Desktop/CI/Evosuite/Closure_125/Closure/evosuite/3/com/google/javascript/jscomp/TypeCheck_ESTest.java:1440: error: cannot find symbol
      assertFalse(node1.isAnd());
                       ^
  symbol:   method isAnd()
  location: variable node1 of type Node
/home/liumengjiao/Desktop/CI/Evosuite/Closure_125/Closure/evosuite/3/com/google/javascript/jscomp/TypeCheck_ESTest.java:1451: error: cannot find symbol
      assertFalse(node1.isObjectLit());
                       ^
  symbol:   method isObjectLit()
  location: variable node1 of type Node
/home/liumengjiao/Desktop/CI/Evosuite/Closure_125/Closure/evosuite/3/com/google/javascript/jscomp/TypeCheck_ESTest.java:1462: error: cannot find symbol
      assertEquals(55, Node.INFERRED_FUNCTION);
                           ^
  symbol:   variable INFERRED_FUNCTION
  location: class Node
/home/liumengjiao/Desktop/CI/Evosuite/Closure_125/Closure/evosuite/3/com/google/javascript/jscomp/TypeCheck_ESTest.java:1486: error: cannot find symbol
      assertFalse(node0.isString());
                       ^
  symbol:   method isString()
  location: variable node0 of type Node
/home/liumengjiao/Desktop/CI/Evosuite/Closure_125/Closure/evosuite/3/com/google/javascript/jscomp/TypeCheck_ESTest.java:1519: error: cannot find symbol
      assertEquals(52, Node.LENGTH);
                           ^
  symbol:   variable LENGTH
  location: class Node
/home/liumengjiao/Desktop/CI/Evosuite/Closure_125/Closure/evosuite/3/com/google/javascript/jscomp/TypeCheck_ESTest.java:1551: error: cannot find symbol
      assertFalse(node0.isLabel());
                       ^
  symbol:   method isLabel()
  location: variable node0 of type Node
/home/liumengjiao/Desktop/CI/Evosuite/Closure_125/Closure/evosuite/3/com/google/javascript/jscomp/TypeCheck_ESTest.java:1615: error: cannot find symbol
      CheckSideEffects.StripProtection checkSideEffects_StripProtection0 = new CheckSideEffects.StripProtection(compiler0);
                      ^
  symbol:   class StripProtection
  location: class CheckSideEffects
/home/liumengjiao/Desktop/CI/Evosuite/Closure_125/Closure/evosuite/3/com/google/javascript/jscomp/TypeCheck_ESTest.java:1615: error: cannot find symbol
      CheckSideEffects.StripProtection checkSideEffects_StripProtection0 = new CheckSideEffects.StripProtection(compiler0);
                                                                                               ^
  symbol:   class StripProtection
  location: class CheckSideEffects
/home/liumengjiao/Desktop/CI/Evosuite/Closure_125/Closure/evosuite/3/com/google/javascript/jscomp/TypeCheck_ESTest.java:1940: error: cannot find symbol
      assertEquals(56, Node.CHANGE_TIME);
                           ^
  symbol:   variable CHANGE_TIME
  location: class Node
/home/liumengjiao/Desktop/CI/Evosuite/Closure_125/Closure/evosuite/3/com/google/javascript/jscomp/TypeCheck_ESTest.java:1971: error: cannot find symbol
      CleanupPasses cleanupPasses0 = new CleanupPasses(compilerOptions0);
      ^
  symbol:   class CleanupPasses
  location: class TypeCheck_ESTest
/home/liumengjiao/Desktop/CI/Evosuite/Closure_125/Closure/evosuite/3/com/google/javascript/jscomp/TypeCheck_ESTest.java:1971: error: cannot find symbol
      CleanupPasses cleanupPasses0 = new CleanupPasses(compilerOptions0);
                                         ^
  symbol:   class CleanupPasses
  location: class TypeCheck_ESTest
/home/liumengjiao/Desktop/CI/Evosuite/Closure_125/Closure/evosuite/3/com/google/javascript/jscomp/TypeCheck_ESTest.java:1996: error: cannot find symbol
      assertFalse(node1.isAssignAdd());
                       ^
  symbol:   method isAssignAdd()
  location: variable node1 of type Node
/home/liumengjiao/Desktop/CI/Evosuite/Closure_125/Closure/evosuite/3/com/google/javascript/jscomp/TypeCheck_ESTest.java:2164: error: cannot find symbol
      CleanupPasses cleanupPasses0 = new CleanupPasses(compilerOptions0);
      ^
  symbol:   class CleanupPasses
  location: class TypeCheck_ESTest
/home/liumengjiao/Desktop/CI/Evosuite/Closure_125/Closure/evosuite/3/com/google/javascript/jscomp/TypeCheck_ESTest.java:2164: error: cannot find symbol
      CleanupPasses cleanupPasses0 = new CleanupPasses(compilerOptions0);
                                         ^
  symbol:   class CleanupPasses
  location: class TypeCheck_ESTest
61 errors
