cd /home/liumengjiao/Desktop/CI/Benchmark/../bugs/Jsoup_88_buggy && timeout 300000 javac -cp  /home/liumengjiao/Desktop/defects4j/framework/lib/test_generation/generation/evosuite-current.jar:target/classes/  /home/liumengjiao/Desktop/CI/Evosuite/Jsoup_88/Jsoup/evosuite/3/org/jsoup/nodes/Attribute_ESTest_scaffolding.java /home/liumengjiao/Desktop/CI/Evosuite/Jsoup_88/Jsoup/evosuite/3/org/jsoup/nodes/Attribute_ESTest.java >> evosuite-report-org/test_build_org.log 2>&1

/home/liumengjiao/Desktop/CI/Evosuite/Jsoup_88/Jsoup/evosuite/3/org/jsoup/nodes/Attribute_ESTest.java:12: error: cannot find symbol
import org.jsoup.nodes.Attribute;
                      ^
  symbol:   class Attribute
  location: package org.jsoup.nodes
/home/liumengjiao/Desktop/CI/Evosuite/Jsoup_88/Jsoup/evosuite/3/org/jsoup/nodes/Attribute_ESTest.java:13: error: cannot find symbol
import org.jsoup.nodes.Attributes;
                      ^
  symbol:   class Attributes
  location: package org.jsoup.nodes
/home/liumengjiao/Desktop/CI/Evosuite/Jsoup_88/Jsoup/evosuite/3/org/jsoup/nodes/Attribute_ESTest.java:14: error: cannot find symbol
import org.jsoup.nodes.Document;
                      ^
  symbol:   class Document
  location: package org.jsoup.nodes
/home/liumengjiao/Desktop/CI/Evosuite/Jsoup_88/Jsoup/evosuite/3/org/jsoup/nodes/Attribute_ESTest.java:22: error: cannot find symbol
      Attribute attribute0 = Attribute.createFromEncoded(">pe", "Nx/9KtSRCAH/");
      ^
  symbol:   class Attribute
  location: class Attribute_ESTest
/home/liumengjiao/Desktop/CI/Evosuite/Jsoup_88/Jsoup/evosuite/3/org/jsoup/nodes/Attribute_ESTest.java:22: error: cannot find symbol
      Attribute attribute0 = Attribute.createFromEncoded(">pe", "Nx/9KtSRCAH/");
                             ^
  symbol:   variable Attribute
  location: class Attribute_ESTest
/home/liumengjiao/Desktop/CI/Evosuite/Jsoup_88/Jsoup/evosuite/3/org/jsoup/nodes/Attribute_ESTest.java:28: error: cannot find symbol
      Attributes attributes0 = new Attributes();
      ^
  symbol:   class Attributes
  location: class Attribute_ESTest
/home/liumengjiao/Desktop/CI/Evosuite/Jsoup_88/Jsoup/evosuite/3/org/jsoup/nodes/Attribute_ESTest.java:28: error: cannot find symbol
      Attributes attributes0 = new Attributes();
                                   ^
  symbol:   class Attributes
  location: class Attribute_ESTest
/home/liumengjiao/Desktop/CI/Evosuite/Jsoup_88/Jsoup/evosuite/3/org/jsoup/nodes/Attribute_ESTest.java:29: error: cannot find symbol
      Attribute attribute0 = new Attribute("cD_1j;!nUT+zy", "cD_1j;!nUT+zy", attributes0);
      ^
  symbol:   class Attribute
  location: class Attribute_ESTest
/home/liumengjiao/Desktop/CI/Evosuite/Jsoup_88/Jsoup/evosuite/3/org/jsoup/nodes/Attribute_ESTest.java:29: error: cannot find symbol
      Attribute attribute0 = new Attribute("cD_1j;!nUT+zy", "cD_1j;!nUT+zy", attributes0);
                                 ^
  symbol:   class Attribute
  location: class Attribute_ESTest
/home/liumengjiao/Desktop/CI/Evosuite/Jsoup_88/Jsoup/evosuite/3/org/jsoup/nodes/Attribute_ESTest.java:37: error: cannot find symbol
      Attribute attribute0 = Attribute.createFromEncoded("c1S1n!]UTj]", "c1S1n!]UTj]");
      ^
  symbol:   class Attribute
  location: class Attribute_ESTest
/home/liumengjiao/Desktop/CI/Evosuite/Jsoup_88/Jsoup/evosuite/3/org/jsoup/nodes/Attribute_ESTest.java:37: error: cannot find symbol
      Attribute attribute0 = Attribute.createFromEncoded("c1S1n!]UTj]", "c1S1n!]UTj]");
                             ^
  symbol:   variable Attribute
  location: class Attribute_ESTest
/home/liumengjiao/Desktop/CI/Evosuite/Jsoup_88/Jsoup/evosuite/3/org/jsoup/nodes/Attribute_ESTest.java:44: error: cannot find symbol
      Attribute attribute0 = new Attribute("\"g8zFVK0E6M9az:%Yl.", "\"g8zFVK0E6M9az:%Yl.");
      ^
  symbol:   class Attribute
  location: class Attribute_ESTest
/home/liumengjiao/Desktop/CI/Evosuite/Jsoup_88/Jsoup/evosuite/3/org/jsoup/nodes/Attribute_ESTest.java:44: error: cannot find symbol
      Attribute attribute0 = new Attribute("\"g8zFVK0E6M9az:%Yl.", "\"g8zFVK0E6M9az:%Yl.");
                                 ^
  symbol:   class Attribute
  location: class Attribute_ESTest
/home/liumengjiao/Desktop/CI/Evosuite/Jsoup_88/Jsoup/evosuite/3/org/jsoup/nodes/Attribute_ESTest.java:45: error: cannot find symbol
      Attribute attribute1 = Attribute.createFromEncoded("adp5'|S", "\"g8zFVK0E6M9az:%Yl.");
      ^
  symbol:   class Attribute
  location: class Attribute_ESTest
/home/liumengjiao/Desktop/CI/Evosuite/Jsoup_88/Jsoup/evosuite/3/org/jsoup/nodes/Attribute_ESTest.java:45: error: cannot find symbol
      Attribute attribute1 = Attribute.createFromEncoded("adp5'|S", "\"g8zFVK0E6M9az:%Yl.");
                             ^
  symbol:   variable Attribute
  location: class Attribute_ESTest
/home/liumengjiao/Desktop/CI/Evosuite/Jsoup_88/Jsoup/evosuite/3/org/jsoup/nodes/Attribute_ESTest.java:53: error: cannot find symbol
      Attribute attribute0 = new Attribute("cD_%;!nUT+]", (String) null);
      ^
  symbol:   class Attribute
  location: class Attribute_ESTest
/home/liumengjiao/Desktop/CI/Evosuite/Jsoup_88/Jsoup/evosuite/3/org/jsoup/nodes/Attribute_ESTest.java:53: error: cannot find symbol
      Attribute attribute0 = new Attribute("cD_%;!nUT+]", (String) null);
                                 ^
  symbol:   class Attribute
  location: class Attribute_ESTest
/home/liumengjiao/Desktop/CI/Evosuite/Jsoup_88/Jsoup/evosuite/3/org/jsoup/nodes/Attribute_ESTest.java:54: error: cannot find symbol
      Attribute attribute1 = attribute0.clone();
      ^
  symbol:   class Attribute
  location: class Attribute_ESTest
/home/liumengjiao/Desktop/CI/Evosuite/Jsoup_88/Jsoup/evosuite/3/org/jsoup/nodes/Attribute_ESTest.java:62: error: cannot find symbol
      Attribute attribute0 = new Attribute("seamless", "seamless");
      ^
  symbol:   class Attribute
  location: class Attribute_ESTest
/home/liumengjiao/Desktop/CI/Evosuite/Jsoup_88/Jsoup/evosuite/3/org/jsoup/nodes/Attribute_ESTest.java:62: error: cannot find symbol
      Attribute attribute0 = new Attribute("seamless", "seamless");
                                 ^
  symbol:   class Attribute
  location: class Attribute_ESTest
/home/liumengjiao/Desktop/CI/Evosuite/Jsoup_88/Jsoup/evosuite/3/org/jsoup/nodes/Attribute_ESTest.java:69: error: cannot find symbol
      Attribute attribute0 = Attribute.createFromEncoded("c1S1%;!oUTj]", "c1S1%;!oUTj]");
      ^
  symbol:   class Attribute
  location: class Attribute_ESTest
/home/liumengjiao/Desktop/CI/Evosuite/Jsoup_88/Jsoup/evosuite/3/org/jsoup/nodes/Attribute_ESTest.java:69: error: cannot find symbol
      Attribute attribute0 = Attribute.createFromEncoded("c1S1%;!oUTj]", "c1S1%;!oUTj]");
                             ^
  symbol:   variable Attribute
  location: class Attribute_ESTest
/home/liumengjiao/Desktop/CI/Evosuite/Jsoup_88/Jsoup/evosuite/3/org/jsoup/nodes/Attribute_ESTest.java:70: error: package Document does not exist
      Document.OutputSettings document_OutputSettings0 = new Document.OutputSettings();
              ^
/home/liumengjiao/Desktop/CI/Evosuite/Jsoup_88/Jsoup/evosuite/3/org/jsoup/nodes/Attribute_ESTest.java:70: error: package Document does not exist
      Document.OutputSettings document_OutputSettings0 = new Document.OutputSettings();
                                                                     ^
/home/liumengjiao/Desktop/CI/Evosuite/Jsoup_88/Jsoup/evosuite/3/org/jsoup/nodes/Attribute_ESTest.java:77: error: cannot find symbol
      Attribute attribute0 = Attribute.createFromEncoded("c1S1%;!oUTj]", "c1S1%;!oUTj]");
      ^
  symbol:   class Attribute
  location: class Attribute_ESTest
/home/liumengjiao/Desktop/CI/Evosuite/Jsoup_88/Jsoup/evosuite/3/org/jsoup/nodes/Attribute_ESTest.java:77: error: cannot find symbol
      Attribute attribute0 = Attribute.createFromEncoded("c1S1%;!oUTj]", "c1S1%;!oUTj]");
                             ^
  symbol:   variable Attribute
  location: class Attribute_ESTest
/home/liumengjiao/Desktop/CI/Evosuite/Jsoup_88/Jsoup/evosuite/3/org/jsoup/nodes/Attribute_ESTest.java:84: error: cannot find symbol
      Attributes attributes0 = new Attributes();
      ^
  symbol:   class Attributes
  location: class Attribute_ESTest
/home/liumengjiao/Desktop/CI/Evosuite/Jsoup_88/Jsoup/evosuite/3/org/jsoup/nodes/Attribute_ESTest.java:84: error: cannot find symbol
      Attributes attributes0 = new Attributes();
                                   ^
  symbol:   class Attributes
  location: class Attribute_ESTest
/home/liumengjiao/Desktop/CI/Evosuite/Jsoup_88/Jsoup/evosuite/3/org/jsoup/nodes/Attribute_ESTest.java:85: error: cannot find symbol
      Attribute attribute0 = new Attribute("cD_1j;!nUT+zy", "cD_1j;!nUT+zy", attributes0);
      ^
  symbol:   class Attribute
  location: class Attribute_ESTest
/home/liumengjiao/Desktop/CI/Evosuite/Jsoup_88/Jsoup/evosuite/3/org/jsoup/nodes/Attribute_ESTest.java:85: error: cannot find symbol
      Attribute attribute0 = new Attribute("cD_1j;!nUT+zy", "cD_1j;!nUT+zy", attributes0);
                                 ^
  symbol:   class Attribute
  location: class Attribute_ESTest
/home/liumengjiao/Desktop/CI/Evosuite/Jsoup_88/Jsoup/evosuite/3/org/jsoup/nodes/Attribute_ESTest.java:92: error: cannot find symbol
      Attributes attributes0 = new Attributes();
      ^
  symbol:   class Attributes
  location: class Attribute_ESTest
/home/liumengjiao/Desktop/CI/Evosuite/Jsoup_88/Jsoup/evosuite/3/org/jsoup/nodes/Attribute_ESTest.java:92: error: cannot find symbol
      Attributes attributes0 = new Attributes();
                                   ^
  symbol:   class Attributes
  location: class Attribute_ESTest
/home/liumengjiao/Desktop/CI/Evosuite/Jsoup_88/Jsoup/evosuite/3/org/jsoup/nodes/Attribute_ESTest.java:93: error: cannot find symbol
      Attribute attribute0 = new Attribute("reversed", "reversed", attributes0);
      ^
  symbol:   class Attribute
  location: class Attribute_ESTest
/home/liumengjiao/Desktop/CI/Evosuite/Jsoup_88/Jsoup/evosuite/3/org/jsoup/nodes/Attribute_ESTest.java:93: error: cannot find symbol
      Attribute attribute0 = new Attribute("reversed", "reversed", attributes0);
                                 ^
  symbol:   class Attribute
  location: class Attribute_ESTest
/home/liumengjiao/Desktop/CI/Evosuite/Jsoup_88/Jsoup/evosuite/3/org/jsoup/nodes/Attribute_ESTest.java:101: error: cannot find symbol
      Attributes attributes0 = new Attributes();
      ^
  symbol:   class Attributes
  location: class Attribute_ESTest
/home/liumengjiao/Desktop/CI/Evosuite/Jsoup_88/Jsoup/evosuite/3/org/jsoup/nodes/Attribute_ESTest.java:101: error: cannot find symbol
      Attributes attributes0 = new Attributes();
                                   ^
  symbol:   class Attributes
  location: class Attribute_ESTest
/home/liumengjiao/Desktop/CI/Evosuite/Jsoup_88/Jsoup/evosuite/3/org/jsoup/nodes/Attribute_ESTest.java:103: error: cannot find symbol
      Attribute attribute0 = new Attribute("reversed", "reversed", attributes0);
      ^
  symbol:   class Attribute
  location: class Attribute_ESTest
/home/liumengjiao/Desktop/CI/Evosuite/Jsoup_88/Jsoup/evosuite/3/org/jsoup/nodes/Attribute_ESTest.java:103: error: cannot find symbol
      Attribute attribute0 = new Attribute("reversed", "reversed", attributes0);
                                 ^
  symbol:   class Attribute
  location: class Attribute_ESTest
/home/liumengjiao/Desktop/CI/Evosuite/Jsoup_88/Jsoup/evosuite/3/org/jsoup/nodes/Attribute_ESTest.java:110: error: cannot find symbol
      boolean boolean0 = Attribute.isDataAttribute("data-Eq!.8'UNPIQW?6");
                         ^
  symbol:   variable Attribute
  location: class Attribute_ESTest
/home/liumengjiao/Desktop/CI/Evosuite/Jsoup_88/Jsoup/evosuite/3/org/jsoup/nodes/Attribute_ESTest.java:116: error: cannot find symbol
      boolean boolean0 = Attribute.isDataAttribute("data-");
                         ^
  symbol:   variable Attribute
  location: class Attribute_ESTest
/home/liumengjiao/Desktop/CI/Evosuite/Jsoup_88/Jsoup/evosuite/3/org/jsoup/nodes/Attribute_ESTest.java:122: error: package Document does not exist
      Document.OutputSettings document_OutputSettings0 = new Document.OutputSettings();
              ^
/home/liumengjiao/Desktop/CI/Evosuite/Jsoup_88/Jsoup/evosuite/3/org/jsoup/nodes/Attribute_ESTest.java:122: error: package Document does not exist
      Document.OutputSettings document_OutputSettings0 = new Document.OutputSettings();
                                                                     ^
/home/liumengjiao/Desktop/CI/Evosuite/Jsoup_88/Jsoup/evosuite/3/org/jsoup/nodes/Attribute_ESTest.java:123: error: package Document.OutputSettings does not exist
      Document.OutputSettings.Syntax document_OutputSettings_Syntax0 = Document.OutputSettings.Syntax.xml;
                             ^
/home/liumengjiao/Desktop/CI/Evosuite/Jsoup_88/Jsoup/evosuite/3/org/jsoup/nodes/Attribute_ESTest.java:123: error: package Document.OutputSettings does not exist
      Document.OutputSettings.Syntax document_OutputSettings_Syntax0 = Document.OutputSettings.Syntax.xml;
                                                                                              ^
/home/liumengjiao/Desktop/CI/Evosuite/Jsoup_88/Jsoup/evosuite/3/org/jsoup/nodes/Attribute_ESTest.java:125: error: cannot find symbol
      boolean boolean0 = Attribute.shouldCollapseAttribute("3H}fH[s`7<*9P3Gyp90", "3H}fH[s`7<*9P3Gyp90", document_OutputSettings0);
                         ^
  symbol:   variable Attribute
  location: class Attribute_ESTest
/home/liumengjiao/Desktop/CI/Evosuite/Jsoup_88/Jsoup/evosuite/3/org/jsoup/nodes/Attribute_ESTest.java:131: error: cannot find symbol
      Attribute attribute0 = new Attribute("an", (String) null);
      ^
  symbol:   class Attribute
  location: class Attribute_ESTest
/home/liumengjiao/Desktop/CI/Evosuite/Jsoup_88/Jsoup/evosuite/3/org/jsoup/nodes/Attribute_ESTest.java:131: error: cannot find symbol
      Attribute attribute0 = new Attribute("an", (String) null);
                                 ^
  symbol:   class Attribute
  location: class Attribute_ESTest
/home/liumengjiao/Desktop/CI/Evosuite/Jsoup_88/Jsoup/evosuite/3/org/jsoup/nodes/Attribute_ESTest.java:138: error: cannot find symbol
      Attribute attribute0 = Attribute.createFromEncoded("open", "");
      ^
  symbol:   class Attribute
  location: class Attribute_ESTest
/home/liumengjiao/Desktop/CI/Evosuite/Jsoup_88/Jsoup/evosuite/3/org/jsoup/nodes/Attribute_ESTest.java:138: error: cannot find symbol
      Attribute attribute0 = Attribute.createFromEncoded("open", "");
                             ^
  symbol:   variable Attribute
  location: class Attribute_ESTest
/home/liumengjiao/Desktop/CI/Evosuite/Jsoup_88/Jsoup/evosuite/3/org/jsoup/nodes/Attribute_ESTest.java:146: error: cannot find symbol
      Attribute attribute0 = Attribute.createFromEncoded("reversed", "reversed");
      ^
  symbol:   class Attribute
  location: class Attribute_ESTest
/home/liumengjiao/Desktop/CI/Evosuite/Jsoup_88/Jsoup/evosuite/3/org/jsoup/nodes/Attribute_ESTest.java:146: error: cannot find symbol
      Attribute attribute0 = Attribute.createFromEncoded("reversed", "reversed");
                             ^
  symbol:   variable Attribute
  location: class Attribute_ESTest
/home/liumengjiao/Desktop/CI/Evosuite/Jsoup_88/Jsoup/evosuite/3/org/jsoup/nodes/Attribute_ESTest.java:153: error: cannot find symbol
      Attribute attribute0 = new Attribute("cD_%;!nUT+]", (String) null);
      ^
  symbol:   class Attribute
  location: class Attribute_ESTest
/home/liumengjiao/Desktop/CI/Evosuite/Jsoup_88/Jsoup/evosuite/3/org/jsoup/nodes/Attribute_ESTest.java:153: error: cannot find symbol
      Attribute attribute0 = new Attribute("cD_%;!nUT+]", (String) null);
                                 ^
  symbol:   class Attribute
  location: class Attribute_ESTest
/home/liumengjiao/Desktop/CI/Evosuite/Jsoup_88/Jsoup/evosuite/3/org/jsoup/nodes/Attribute_ESTest.java:160: error: cannot find symbol
      Attribute attribute0 = new Attribute("3H}fH[s7<*9P3Gyp90", "3H}fH[s7<*9P3Gyp90");
      ^
  symbol:   class Attribute
  location: class Attribute_ESTest
/home/liumengjiao/Desktop/CI/Evosuite/Jsoup_88/Jsoup/evosuite/3/org/jsoup/nodes/Attribute_ESTest.java:160: error: cannot find symbol
      Attribute attribute0 = new Attribute("3H}fH[s7<*9P3Gyp90", "3H}fH[s7<*9P3Gyp90");
                                 ^
  symbol:   class Attribute
  location: class Attribute_ESTest
/home/liumengjiao/Desktop/CI/Evosuite/Jsoup_88/Jsoup/evosuite/3/org/jsoup/nodes/Attribute_ESTest.java:167: error: cannot find symbol
      Attribute attribute0 = Attribute.createFromEncoded("c1S1%;[oUTj]", "c1S1%;[oUTj]");
      ^
  symbol:   class Attribute
  location: class Attribute_ESTest
/home/liumengjiao/Desktop/CI/Evosuite/Jsoup_88/Jsoup/evosuite/3/org/jsoup/nodes/Attribute_ESTest.java:167: error: cannot find symbol
      Attribute attribute0 = Attribute.createFromEncoded("c1S1%;[oUTj]", "c1S1%;[oUTj]");
                             ^
  symbol:   variable Attribute
  location: class Attribute_ESTest
/home/liumengjiao/Desktop/CI/Evosuite/Jsoup_88/Jsoup/evosuite/3/org/jsoup/nodes/Attribute_ESTest.java:174: error: cannot find symbol
      Attribute attribute0 = Attribute.createFromEncoded("allowfullscreen", "allowfullscreen");
      ^
  symbol:   class Attribute
  location: class Attribute_ESTest
/home/liumengjiao/Desktop/CI/Evosuite/Jsoup_88/Jsoup/evosuite/3/org/jsoup/nodes/Attribute_ESTest.java:174: error: cannot find symbol
      Attribute attribute0 = Attribute.createFromEncoded("allowfullscreen", "allowfullscreen");
                             ^
  symbol:   variable Attribute
  location: class Attribute_ESTest
/home/liumengjiao/Desktop/CI/Evosuite/Jsoup_88/Jsoup/evosuite/3/org/jsoup/nodes/Attribute_ESTest.java:181: error: cannot find symbol
      Attribute attribute0 = Attribute.createFromEncoded("c1S1%;!oUTj]", "c1S1%;!oUTj]");
      ^
  symbol:   class Attribute
  location: class Attribute_ESTest
/home/liumengjiao/Desktop/CI/Evosuite/Jsoup_88/Jsoup/evosuite/3/org/jsoup/nodes/Attribute_ESTest.java:181: error: cannot find symbol
      Attribute attribute0 = Attribute.createFromEncoded("c1S1%;!oUTj]", "c1S1%;!oUTj]");
                             ^
  symbol:   variable Attribute
  location: class Attribute_ESTest
/home/liumengjiao/Desktop/CI/Evosuite/Jsoup_88/Jsoup/evosuite/3/org/jsoup/nodes/Attribute_ESTest.java:188: error: cannot find symbol
      Attribute attribute0 = Attribute.createFromEncoded("c1S1%;!oUTj]", "c1S1%;!oUTj]");
      ^
  symbol:   class Attribute
  location: class Attribute_ESTest
/home/liumengjiao/Desktop/CI/Evosuite/Jsoup_88/Jsoup/evosuite/3/org/jsoup/nodes/Attribute_ESTest.java:188: error: cannot find symbol
      Attribute attribute0 = Attribute.createFromEncoded("c1S1%;!oUTj]", "c1S1%;!oUTj]");
                             ^
  symbol:   variable Attribute
  location: class Attribute_ESTest
/home/liumengjiao/Desktop/CI/Evosuite/Jsoup_88/Jsoup/evosuite/3/org/jsoup/nodes/Attribute_ESTest.java:189: error: cannot find symbol
      Attribute attribute1 = attribute0.clone();
      ^
  symbol:   class Attribute
  location: class Attribute_ESTest
/home/liumengjiao/Desktop/CI/Evosuite/Jsoup_88/Jsoup/evosuite/3/org/jsoup/nodes/Attribute_ESTest.java:196: error: cannot find symbol
      Attribute attribute0 = new Attribute("selected", (String) null);
      ^
  symbol:   class Attribute
  location: class Attribute_ESTest
/home/liumengjiao/Desktop/CI/Evosuite/Jsoup_88/Jsoup/evosuite/3/org/jsoup/nodes/Attribute_ESTest.java:196: error: cannot find symbol
      Attribute attribute0 = new Attribute("selected", (String) null);
                                 ^
  symbol:   class Attribute
  location: class Attribute_ESTest
/home/liumengjiao/Desktop/CI/Evosuite/Jsoup_88/Jsoup/evosuite/3/org/jsoup/nodes/Attribute_ESTest.java:197: error: cannot find symbol
      Attribute attribute1 = new Attribute("selected", "selected");
      ^
  symbol:   class Attribute
  location: class Attribute_ESTest
/home/liumengjiao/Desktop/CI/Evosuite/Jsoup_88/Jsoup/evosuite/3/org/jsoup/nodes/Attribute_ESTest.java:197: error: cannot find symbol
      Attribute attribute1 = new Attribute("selected", "selected");
                                 ^
  symbol:   class Attribute
  location: class Attribute_ESTest
/home/liumengjiao/Desktop/CI/Evosuite/Jsoup_88/Jsoup/evosuite/3/org/jsoup/nodes/Attribute_ESTest.java:205: error: cannot find symbol
      Attribute attribute0 = new Attribute("=g8nF&K0EsM9a:%Yl.", (String) null);
      ^
  symbol:   class Attribute
  location: class Attribute_ESTest
/home/liumengjiao/Desktop/CI/Evosuite/Jsoup_88/Jsoup/evosuite/3/org/jsoup/nodes/Attribute_ESTest.java:205: error: cannot find symbol
      Attribute attribute0 = new Attribute("=g8nF&K0EsM9a:%Yl.", (String) null);
                                 ^
  symbol:   class Attribute
  location: class Attribute_ESTest
/home/liumengjiao/Desktop/CI/Evosuite/Jsoup_88/Jsoup/evosuite/3/org/jsoup/nodes/Attribute_ESTest.java:212: error: cannot find symbol
      Attribute attribute0 = Attribute.createFromEncoded("c1S1%;!oUTj]", "c1S1%;!oUTj]");
      ^
  symbol:   class Attribute
  location: class Attribute_ESTest
/home/liumengjiao/Desktop/CI/Evosuite/Jsoup_88/Jsoup/evosuite/3/org/jsoup/nodes/Attribute_ESTest.java:212: error: cannot find symbol
      Attribute attribute0 = Attribute.createFromEncoded("c1S1%;!oUTj]", "c1S1%;!oUTj]");
                             ^
  symbol:   variable Attribute
  location: class Attribute_ESTest
72 errors
