cd /home/liumengjiao/Desktop/CI/Benchmark/../bugs/Time_1_buggy && timeout 300000 javac -cp  /home/liumengjiao/Desktop/CI/Benchmark/libs/evosuite-shaded-1.2.1-SNAPSHOT.jar:target/classes/  /home/liumengjiao/Desktop/CI/Benchmark/../bugs/Time_1_buggy/evosuite-tests/org/joda/time/Partial_ESTest_scaffolding.java /home/liumengjiao/Desktop/CI/Benchmark/../bugs/Time_1_buggy/evosuite-tests/org/joda/time/Partial_ESTest.java >> evosuite-report-clz/test_build.log 2>&1

/home/liumengjiao/Desktop/CI/Benchmark/../bugs/Time_1_buggy/evosuite-tests/org/joda/time/Partial_ESTest.java:12: error: cannot find symbol
import org.joda.time.Chronology;
                    ^
  symbol:   class Chronology
  location: package org.joda.time
/home/liumengjiao/Desktop/CI/Benchmark/../bugs/Time_1_buggy/evosuite-tests/org/joda/time/Partial_ESTest.java:13: error: cannot find symbol
import org.joda.time.DateTimeField;
                    ^
  symbol:   class DateTimeField
  location: package org.joda.time
/home/liumengjiao/Desktop/CI/Benchmark/../bugs/Time_1_buggy/evosuite-tests/org/joda/time/Partial_ESTest.java:14: error: cannot find symbol
import org.joda.time.DateTimeFieldType;
                    ^
  symbol:   class DateTimeFieldType
  location: package org.joda.time
/home/liumengjiao/Desktop/CI/Benchmark/../bugs/Time_1_buggy/evosuite-tests/org/joda/time/Partial_ESTest.java:15: error: cannot find symbol
import org.joda.time.Partial;
                    ^
  symbol:   class Partial
  location: package org.joda.time
/home/liumengjiao/Desktop/CI/Benchmark/../bugs/Time_1_buggy/evosuite-tests/org/joda/time/Partial_ESTest.java:26: error: cannot find symbol
      Partial partial0 = new Partial();
      ^
  symbol:   class Partial
  location: class Partial_ESTest
/home/liumengjiao/Desktop/CI/Benchmark/../bugs/Time_1_buggy/evosuite-tests/org/joda/time/Partial_ESTest.java:26: error: cannot find symbol
      Partial partial0 = new Partial();
                             ^
  symbol:   class Partial
  location: class Partial_ESTest
/home/liumengjiao/Desktop/CI/Benchmark/../bugs/Time_1_buggy/evosuite-tests/org/joda/time/Partial_ESTest.java:27: error: package Partial does not exist
      Partial.Property partial_Property0 = new Partial.Property(partial0, (-1012));
             ^
/home/liumengjiao/Desktop/CI/Benchmark/../bugs/Time_1_buggy/evosuite-tests/org/joda/time/Partial_ESTest.java:27: error: package Partial does not exist
      Partial.Property partial_Property0 = new Partial.Property(partial0, (-1012));
                                                      ^
/home/liumengjiao/Desktop/CI/Benchmark/../bugs/Time_1_buggy/evosuite-tests/org/joda/time/Partial_ESTest.java:33: error: cannot find symbol
      DateTimeFieldType[] dateTimeFieldTypeArray0 = new DateTimeFieldType[0];
      ^
  symbol:   class DateTimeFieldType
  location: class Partial_ESTest
/home/liumengjiao/Desktop/CI/Benchmark/../bugs/Time_1_buggy/evosuite-tests/org/joda/time/Partial_ESTest.java:33: error: cannot find symbol
      DateTimeFieldType[] dateTimeFieldTypeArray0 = new DateTimeFieldType[0];
                                                        ^
  symbol:   class DateTimeFieldType
  location: class Partial_ESTest
/home/liumengjiao/Desktop/CI/Benchmark/../bugs/Time_1_buggy/evosuite-tests/org/joda/time/Partial_ESTest.java:34: error: cannot find symbol
      Chronology chronology0 = mock(Chronology.class, new ViolatedAssumptionAnswer());
      ^
  symbol:   class Chronology
  location: class Partial_ESTest
/home/liumengjiao/Desktop/CI/Benchmark/../bugs/Time_1_buggy/evosuite-tests/org/joda/time/Partial_ESTest.java:34: error: cannot find symbol
      Chronology chronology0 = mock(Chronology.class, new ViolatedAssumptionAnswer());
                                    ^
  symbol:   class Chronology
  location: class Partial_ESTest
/home/liumengjiao/Desktop/CI/Benchmark/../bugs/Time_1_buggy/evosuite-tests/org/joda/time/Partial_ESTest.java:35: error: cannot find symbol
      doReturn((Chronology) null).when(chronology0).withUTC();
                ^
  symbol:   class Chronology
  location: class Partial_ESTest
/home/liumengjiao/Desktop/CI/Benchmark/../bugs/Time_1_buggy/evosuite-tests/org/joda/time/Partial_ESTest.java:36: error: cannot find symbol
      Partial partial0 = new Partial(dateTimeFieldTypeArray0, intArray0, chronology0);
      ^
  symbol:   class Partial
  location: class Partial_ESTest
/home/liumengjiao/Desktop/CI/Benchmark/../bugs/Time_1_buggy/evosuite-tests/org/joda/time/Partial_ESTest.java:36: error: cannot find symbol
      Partial partial0 = new Partial(dateTimeFieldTypeArray0, intArray0, chronology0);
                             ^
  symbol:   class Partial
  location: class Partial_ESTest
/home/liumengjiao/Desktop/CI/Benchmark/../bugs/Time_1_buggy/evosuite-tests/org/joda/time/Partial_ESTest.java:42: error: cannot find symbol
      DateTimeFieldType[] dateTimeFieldTypeArray0 = new DateTimeFieldType[9];
      ^
  symbol:   class DateTimeFieldType
  location: class Partial_ESTest
/home/liumengjiao/Desktop/CI/Benchmark/../bugs/Time_1_buggy/evosuite-tests/org/joda/time/Partial_ESTest.java:42: error: cannot find symbol
      DateTimeFieldType[] dateTimeFieldTypeArray0 = new DateTimeFieldType[9];
                                                        ^
  symbol:   class DateTimeFieldType
  location: class Partial_ESTest
/home/liumengjiao/Desktop/CI/Benchmark/../bugs/Time_1_buggy/evosuite-tests/org/joda/time/Partial_ESTest.java:44: error: cannot find symbol
      Partial partial0 = null;
      ^
  symbol:   class Partial
  location: class Partial_ESTest
/home/liumengjiao/Desktop/CI/Benchmark/../bugs/Time_1_buggy/evosuite-tests/org/joda/time/Partial_ESTest.java:46: error: cannot find symbol
        partial0 = new Partial(dateTimeFieldTypeArray0, intArray0);
                       ^
  symbol:   class Partial
  location: class Partial_ESTest
/home/liumengjiao/Desktop/CI/Benchmark/../bugs/Time_1_buggy/evosuite-tests/org/joda/time/Partial_ESTest.java:59: error: cannot find symbol
      DateTimeFieldType dateTimeFieldType0 = mock(DateTimeFieldType.class, new ViolatedAssumptionAnswer());
      ^
  symbol:   class DateTimeFieldType
  location: class Partial_ESTest
/home/liumengjiao/Desktop/CI/Benchmark/../bugs/Time_1_buggy/evosuite-tests/org/joda/time/Partial_ESTest.java:59: error: cannot find symbol
      DateTimeFieldType dateTimeFieldType0 = mock(DateTimeFieldType.class, new ViolatedAssumptionAnswer());
                                                  ^
  symbol:   class DateTimeFieldType
  location: class Partial_ESTest
/home/liumengjiao/Desktop/CI/Benchmark/../bugs/Time_1_buggy/evosuite-tests/org/joda/time/Partial_ESTest.java:60: error: cannot find symbol
      Chronology chronology0 = mock(Chronology.class, new ViolatedAssumptionAnswer());
      ^
  symbol:   class Chronology
  location: class Partial_ESTest
/home/liumengjiao/Desktop/CI/Benchmark/../bugs/Time_1_buggy/evosuite-tests/org/joda/time/Partial_ESTest.java:60: error: cannot find symbol
      Chronology chronology0 = mock(Chronology.class, new ViolatedAssumptionAnswer());
                                    ^
  symbol:   class Chronology
  location: class Partial_ESTest
/home/liumengjiao/Desktop/CI/Benchmark/../bugs/Time_1_buggy/evosuite-tests/org/joda/time/Partial_ESTest.java:61: error: cannot find symbol
      doReturn((Chronology) null).when(chronology0).withUTC();
                ^
  symbol:   class Chronology
  location: class Partial_ESTest
/home/liumengjiao/Desktop/CI/Benchmark/../bugs/Time_1_buggy/evosuite-tests/org/joda/time/Partial_ESTest.java:62: error: cannot find symbol
      Partial partial0 = null;
      ^
  symbol:   class Partial
  location: class Partial_ESTest
/home/liumengjiao/Desktop/CI/Benchmark/../bugs/Time_1_buggy/evosuite-tests/org/joda/time/Partial_ESTest.java:64: error: cannot find symbol
        partial0 = new Partial(dateTimeFieldType0, 0, chronology0);
                       ^
  symbol:   class Partial
  location: class Partial_ESTest
/home/liumengjiao/Desktop/CI/Benchmark/../bugs/Time_1_buggy/evosuite-tests/org/joda/time/Partial_ESTest.java:77: error: cannot find symbol
      DateTimeFieldType dateTimeFieldType0 = mock(DateTimeFieldType.class, new ViolatedAssumptionAnswer());
      ^
  symbol:   class DateTimeFieldType
  location: class Partial_ESTest
/home/liumengjiao/Desktop/CI/Benchmark/../bugs/Time_1_buggy/evosuite-tests/org/joda/time/Partial_ESTest.java:77: error: cannot find symbol
      DateTimeFieldType dateTimeFieldType0 = mock(DateTimeFieldType.class, new ViolatedAssumptionAnswer());
                                                  ^
  symbol:   class DateTimeFieldType
  location: class Partial_ESTest
/home/liumengjiao/Desktop/CI/Benchmark/../bugs/Time_1_buggy/evosuite-tests/org/joda/time/Partial_ESTest.java:78: error: cannot find symbol
      doReturn((DateTimeField) null).when(dateTimeFieldType0).getField(any(org.joda.time.Chronology.class));
                ^
  symbol:   class DateTimeField
  location: class Partial_ESTest
/home/liumengjiao/Desktop/CI/Benchmark/../bugs/Time_1_buggy/evosuite-tests/org/joda/time/Partial_ESTest.java:78: error: cannot find symbol
      doReturn((DateTimeField) null).when(dateTimeFieldType0).getField(any(org.joda.time.Chronology.class));
                                                                                        ^
  symbol:   class Chronology
  location: package org.joda.time
/home/liumengjiao/Desktop/CI/Benchmark/../bugs/Time_1_buggy/evosuite-tests/org/joda/time/Partial_ESTest.java:79: error: cannot find symbol
      Partial partial0 = null;
      ^
  symbol:   class Partial
  location: class Partial_ESTest
/home/liumengjiao/Desktop/CI/Benchmark/../bugs/Time_1_buggy/evosuite-tests/org/joda/time/Partial_ESTest.java:81: error: cannot find symbol
        partial0 = new Partial(dateTimeFieldType0, 12740625);
                       ^
  symbol:   class Partial
  location: class Partial_ESTest
/home/liumengjiao/Desktop/CI/Benchmark/../bugs/Time_1_buggy/evosuite-tests/org/joda/time/Partial_ESTest.java:94: error: cannot find symbol
      Chronology chronology0 = mock(Chronology.class, new ViolatedAssumptionAnswer());
      ^
  symbol:   class Chronology
  location: class Partial_ESTest
/home/liumengjiao/Desktop/CI/Benchmark/../bugs/Time_1_buggy/evosuite-tests/org/joda/time/Partial_ESTest.java:94: error: cannot find symbol
      Chronology chronology0 = mock(Chronology.class, new ViolatedAssumptionAnswer());
                                    ^
  symbol:   class Chronology
  location: class Partial_ESTest
/home/liumengjiao/Desktop/CI/Benchmark/../bugs/Time_1_buggy/evosuite-tests/org/joda/time/Partial_ESTest.java:95: error: cannot find symbol
      DateTimeFieldType[] dateTimeFieldTypeArray0 = new DateTimeFieldType[4];
      ^
  symbol:   class DateTimeFieldType
  location: class Partial_ESTest
/home/liumengjiao/Desktop/CI/Benchmark/../bugs/Time_1_buggy/evosuite-tests/org/joda/time/Partial_ESTest.java:95: error: cannot find symbol
      DateTimeFieldType[] dateTimeFieldTypeArray0 = new DateTimeFieldType[4];
                                                        ^
  symbol:   class DateTimeFieldType
  location: class Partial_ESTest
/home/liumengjiao/Desktop/CI/Benchmark/../bugs/Time_1_buggy/evosuite-tests/org/joda/time/Partial_ESTest.java:97: error: cannot find symbol
      Partial partial0 = new Partial(chronology0, dateTimeFieldTypeArray0, intArray0);
      ^
  symbol:   class Partial
  location: class Partial_ESTest
/home/liumengjiao/Desktop/CI/Benchmark/../bugs/Time_1_buggy/evosuite-tests/org/joda/time/Partial_ESTest.java:97: error: cannot find symbol
      Partial partial0 = new Partial(chronology0, dateTimeFieldTypeArray0, intArray0);
                             ^
  symbol:   class Partial
  location: class Partial_ESTest
/home/liumengjiao/Desktop/CI/Benchmark/../bugs/Time_1_buggy/evosuite-tests/org/joda/time/Partial_ESTest.java:103: error: cannot find symbol
      Chronology chronology0 = mock(Chronology.class, new ViolatedAssumptionAnswer());
      ^
  symbol:   class Chronology
  location: class Partial_ESTest
/home/liumengjiao/Desktop/CI/Benchmark/../bugs/Time_1_buggy/evosuite-tests/org/joda/time/Partial_ESTest.java:103: error: cannot find symbol
      Chronology chronology0 = mock(Chronology.class, new ViolatedAssumptionAnswer());
                                    ^
  symbol:   class Chronology
  location: class Partial_ESTest
/home/liumengjiao/Desktop/CI/Benchmark/../bugs/Time_1_buggy/evosuite-tests/org/joda/time/Partial_ESTest.java:104: error: cannot find symbol
      doReturn((Chronology) null).when(chronology0).withUTC();
                ^
  symbol:   class Chronology
  location: class Partial_ESTest
/home/liumengjiao/Desktop/CI/Benchmark/../bugs/Time_1_buggy/evosuite-tests/org/joda/time/Partial_ESTest.java:105: error: cannot find symbol
      Partial partial0 = new Partial(chronology0);
      ^
  symbol:   class Partial
  location: class Partial_ESTest
/home/liumengjiao/Desktop/CI/Benchmark/../bugs/Time_1_buggy/evosuite-tests/org/joda/time/Partial_ESTest.java:105: error: cannot find symbol
      Partial partial0 = new Partial(chronology0);
                             ^
  symbol:   class Partial
  location: class Partial_ESTest
/home/liumengjiao/Desktop/CI/Benchmark/../bugs/Time_1_buggy/evosuite-tests/org/joda/time/Partial_ESTest.java:106: error: cannot find symbol
      Partial partial1 = new Partial(partial0);
      ^
  symbol:   class Partial
  location: class Partial_ESTest
/home/liumengjiao/Desktop/CI/Benchmark/../bugs/Time_1_buggy/evosuite-tests/org/joda/time/Partial_ESTest.java:106: error: cannot find symbol
      Partial partial1 = new Partial(partial0);
                             ^
  symbol:   class Partial
  location: class Partial_ESTest
/home/liumengjiao/Desktop/CI/Benchmark/../bugs/Time_1_buggy/evosuite-tests/org/joda/time/Partial_ESTest.java:112: error: cannot find symbol
      Partial partial0 = new Partial();
      ^
  symbol:   class Partial
  location: class Partial_ESTest
/home/liumengjiao/Desktop/CI/Benchmark/../bugs/Time_1_buggy/evosuite-tests/org/joda/time/Partial_ESTest.java:112: error: cannot find symbol
      Partial partial0 = new Partial();
                             ^
  symbol:   class Partial
  location: class Partial_ESTest
/home/liumengjiao/Desktop/CI/Benchmark/../bugs/Time_1_buggy/evosuite-tests/org/joda/time/Partial_ESTest.java:114: error: cannot find symbol
      Partial partial1 = new Partial(partial0, intArray0);
      ^
  symbol:   class Partial
  location: class Partial_ESTest
/home/liumengjiao/Desktop/CI/Benchmark/../bugs/Time_1_buggy/evosuite-tests/org/joda/time/Partial_ESTest.java:114: error: cannot find symbol
      Partial partial1 = new Partial(partial0, intArray0);
                             ^
  symbol:   class Partial
  location: class Partial_ESTest
49 errors
