cd /home/liumengjiao/Desktop/CI/Benchmark/../bugs/Jsoup_57_buggy && timeout 300000 javac -cp  /home/liumengjiao/Desktop/defects4j/framework/lib/test_generation/generation/evosuite-current.jar:target/classes/  /home/liumengjiao/Desktop/CI/Evosuite/Jsoup_57/Jsoup/evosuite/3/org/jsoup/nodes/Attributes_ESTest_scaffolding.java /home/liumengjiao/Desktop/CI/Evosuite/Jsoup_57/Jsoup/evosuite/3/org/jsoup/nodes/Attributes_ESTest.java >> evosuite-report-org/test_build_org.log 2>&1

/home/liumengjiao/Desktop/CI/Evosuite/Jsoup_57/Jsoup/evosuite/3/org/jsoup/nodes/Attributes_ESTest.java:16: error: cannot find symbol
import org.jsoup.nodes.Attribute;
                      ^
  symbol:   class Attribute
  location: package org.jsoup.nodes
/home/liumengjiao/Desktop/CI/Evosuite/Jsoup_57/Jsoup/evosuite/3/org/jsoup/nodes/Attributes_ESTest.java:17: error: cannot find symbol
import org.jsoup.nodes.Attributes;
                      ^
  symbol:   class Attributes
  location: package org.jsoup.nodes
/home/liumengjiao/Desktop/CI/Evosuite/Jsoup_57/Jsoup/evosuite/3/org/jsoup/nodes/Attributes_ESTest.java:25: error: cannot find symbol
      Attributes attributes0 = new Attributes();
      ^
  symbol:   class Attributes
  location: class Attributes_ESTest
/home/liumengjiao/Desktop/CI/Evosuite/Jsoup_57/Jsoup/evosuite/3/org/jsoup/nodes/Attributes_ESTest.java:25: error: cannot find symbol
      Attributes attributes0 = new Attributes();
                                   ^
  symbol:   class Attributes
  location: class Attributes_ESTest
/home/liumengjiao/Desktop/CI/Evosuite/Jsoup_57/Jsoup/evosuite/3/org/jsoup/nodes/Attributes_ESTest.java:32: error: cannot find symbol
      Attributes attributes0 = new Attributes();
      ^
  symbol:   class Attributes
  location: class Attributes_ESTest
/home/liumengjiao/Desktop/CI/Evosuite/Jsoup_57/Jsoup/evosuite/3/org/jsoup/nodes/Attributes_ESTest.java:32: error: cannot find symbol
      Attributes attributes0 = new Attributes();
                                   ^
  symbol:   class Attributes
  location: class Attributes_ESTest
/home/liumengjiao/Desktop/CI/Evosuite/Jsoup_57/Jsoup/evosuite/3/org/jsoup/nodes/Attributes_ESTest.java:40: error: cannot find symbol
      Attributes attributes0 = new Attributes();
      ^
  symbol:   class Attributes
  location: class Attributes_ESTest
/home/liumengjiao/Desktop/CI/Evosuite/Jsoup_57/Jsoup/evosuite/3/org/jsoup/nodes/Attributes_ESTest.java:40: error: cannot find symbol
      Attributes attributes0 = new Attributes();
                                   ^
  symbol:   class Attributes
  location: class Attributes_ESTest
/home/liumengjiao/Desktop/CI/Evosuite/Jsoup_57/Jsoup/evosuite/3/org/jsoup/nodes/Attributes_ESTest.java:48: error: cannot find symbol
      Attributes attributes0 = new Attributes();
      ^
  symbol:   class Attributes
  location: class Attributes_ESTest
/home/liumengjiao/Desktop/CI/Evosuite/Jsoup_57/Jsoup/evosuite/3/org/jsoup/nodes/Attributes_ESTest.java:48: error: cannot find symbol
      Attributes attributes0 = new Attributes();
                                   ^
  symbol:   class Attributes
  location: class Attributes_ESTest
/home/liumengjiao/Desktop/CI/Evosuite/Jsoup_57/Jsoup/evosuite/3/org/jsoup/nodes/Attributes_ESTest.java:55: error: cannot find symbol
      Attributes attributes0 = new Attributes();
      ^
  symbol:   class Attributes
  location: class Attributes_ESTest
/home/liumengjiao/Desktop/CI/Evosuite/Jsoup_57/Jsoup/evosuite/3/org/jsoup/nodes/Attributes_ESTest.java:55: error: cannot find symbol
      Attributes attributes0 = new Attributes();
                                   ^
  symbol:   class Attributes
  location: class Attributes_ESTest
/home/liumengjiao/Desktop/CI/Evosuite/Jsoup_57/Jsoup/evosuite/3/org/jsoup/nodes/Attributes_ESTest.java:63: error: cannot find symbol
      Attributes attributes0 = new Attributes();
      ^
  symbol:   class Attributes
  location: class Attributes_ESTest
/home/liumengjiao/Desktop/CI/Evosuite/Jsoup_57/Jsoup/evosuite/3/org/jsoup/nodes/Attributes_ESTest.java:63: error: cannot find symbol
      Attributes attributes0 = new Attributes();
                                   ^
  symbol:   class Attributes
  location: class Attributes_ESTest
/home/liumengjiao/Desktop/CI/Evosuite/Jsoup_57/Jsoup/evosuite/3/org/jsoup/nodes/Attributes_ESTest.java:70: error: cannot find symbol
      Attributes attributes0 = new Attributes();
      ^
  symbol:   class Attributes
  location: class Attributes_ESTest
/home/liumengjiao/Desktop/CI/Evosuite/Jsoup_57/Jsoup/evosuite/3/org/jsoup/nodes/Attributes_ESTest.java:70: error: cannot find symbol
      Attributes attributes0 = new Attributes();
                                   ^
  symbol:   class Attributes
  location: class Attributes_ESTest
/home/liumengjiao/Desktop/CI/Evosuite/Jsoup_57/Jsoup/evosuite/3/org/jsoup/nodes/Attributes_ESTest.java:78: error: cannot find symbol
      Attributes attributes0 = new Attributes();
      ^
  symbol:   class Attributes
  location: class Attributes_ESTest
/home/liumengjiao/Desktop/CI/Evosuite/Jsoup_57/Jsoup/evosuite/3/org/jsoup/nodes/Attributes_ESTest.java:78: error: cannot find symbol
      Attributes attributes0 = new Attributes();
                                   ^
  symbol:   class Attributes
  location: class Attributes_ESTest
/home/liumengjiao/Desktop/CI/Evosuite/Jsoup_57/Jsoup/evosuite/3/org/jsoup/nodes/Attributes_ESTest.java:84: error: cannot find symbol
      Attributes attributes0 = new Attributes();
      ^
  symbol:   class Attributes
  location: class Attributes_ESTest
/home/liumengjiao/Desktop/CI/Evosuite/Jsoup_57/Jsoup/evosuite/3/org/jsoup/nodes/Attributes_ESTest.java:84: error: cannot find symbol
      Attributes attributes0 = new Attributes();
                                   ^
  symbol:   class Attributes
  location: class Attributes_ESTest
/home/liumengjiao/Desktop/CI/Evosuite/Jsoup_57/Jsoup/evosuite/3/org/jsoup/nodes/Attributes_ESTest.java:91: error: cannot find symbol
      Attributes attributes0 = new Attributes();
      ^
  symbol:   class Attributes
  location: class Attributes_ESTest
/home/liumengjiao/Desktop/CI/Evosuite/Jsoup_57/Jsoup/evosuite/3/org/jsoup/nodes/Attributes_ESTest.java:91: error: cannot find symbol
      Attributes attributes0 = new Attributes();
                                   ^
  symbol:   class Attributes
  location: class Attributes_ESTest
/home/liumengjiao/Desktop/CI/Evosuite/Jsoup_57/Jsoup/evosuite/3/org/jsoup/nodes/Attributes_ESTest.java:98: error: cannot find symbol
      Attributes attributes0 = new Attributes();
      ^
  symbol:   class Attributes
  location: class Attributes_ESTest
/home/liumengjiao/Desktop/CI/Evosuite/Jsoup_57/Jsoup/evosuite/3/org/jsoup/nodes/Attributes_ESTest.java:98: error: cannot find symbol
      Attributes attributes0 = new Attributes();
                                   ^
  symbol:   class Attributes
  location: class Attributes_ESTest
/home/liumengjiao/Desktop/CI/Evosuite/Jsoup_57/Jsoup/evosuite/3/org/jsoup/nodes/Attributes_ESTest.java:105: error: cannot find symbol
      Attributes attributes0 = new Attributes();
      ^
  symbol:   class Attributes
  location: class Attributes_ESTest
/home/liumengjiao/Desktop/CI/Evosuite/Jsoup_57/Jsoup/evosuite/3/org/jsoup/nodes/Attributes_ESTest.java:105: error: cannot find symbol
      Attributes attributes0 = new Attributes();
                                   ^
  symbol:   class Attributes
  location: class Attributes_ESTest
/home/liumengjiao/Desktop/CI/Evosuite/Jsoup_57/Jsoup/evosuite/3/org/jsoup/nodes/Attributes_ESTest.java:111: error: cannot find symbol
      Attributes attributes0 = new Attributes();
      ^
  symbol:   class Attributes
  location: class Attributes_ESTest
/home/liumengjiao/Desktop/CI/Evosuite/Jsoup_57/Jsoup/evosuite/3/org/jsoup/nodes/Attributes_ESTest.java:111: error: cannot find symbol
      Attributes attributes0 = new Attributes();
                                   ^
  symbol:   class Attributes
  location: class Attributes_ESTest
/home/liumengjiao/Desktop/CI/Evosuite/Jsoup_57/Jsoup/evosuite/3/org/jsoup/nodes/Attributes_ESTest.java:118: error: cannot find symbol
      Attributes attributes0 = new Attributes();
      ^
  symbol:   class Attributes
  location: class Attributes_ESTest
/home/liumengjiao/Desktop/CI/Evosuite/Jsoup_57/Jsoup/evosuite/3/org/jsoup/nodes/Attributes_ESTest.java:118: error: cannot find symbol
      Attributes attributes0 = new Attributes();
                                   ^
  symbol:   class Attributes
  location: class Attributes_ESTest
/home/liumengjiao/Desktop/CI/Evosuite/Jsoup_57/Jsoup/evosuite/3/org/jsoup/nodes/Attributes_ESTest.java:125: error: cannot find symbol
      Attributes attributes0 = new Attributes();
      ^
  symbol:   class Attributes
  location: class Attributes_ESTest
/home/liumengjiao/Desktop/CI/Evosuite/Jsoup_57/Jsoup/evosuite/3/org/jsoup/nodes/Attributes_ESTest.java:125: error: cannot find symbol
      Attributes attributes0 = new Attributes();
                                   ^
  symbol:   class Attributes
  location: class Attributes_ESTest
/home/liumengjiao/Desktop/CI/Evosuite/Jsoup_57/Jsoup/evosuite/3/org/jsoup/nodes/Attributes_ESTest.java:133: error: cannot find symbol
      Attributes attributes0 = new Attributes();
      ^
  symbol:   class Attributes
  location: class Attributes_ESTest
/home/liumengjiao/Desktop/CI/Evosuite/Jsoup_57/Jsoup/evosuite/3/org/jsoup/nodes/Attributes_ESTest.java:133: error: cannot find symbol
      Attributes attributes0 = new Attributes();
                                   ^
  symbol:   class Attributes
  location: class Attributes_ESTest
/home/liumengjiao/Desktop/CI/Evosuite/Jsoup_57/Jsoup/evosuite/3/org/jsoup/nodes/Attributes_ESTest.java:141: error: cannot find symbol
      Attributes attributes0 = new Attributes();
      ^
  symbol:   class Attributes
  location: class Attributes_ESTest
/home/liumengjiao/Desktop/CI/Evosuite/Jsoup_57/Jsoup/evosuite/3/org/jsoup/nodes/Attributes_ESTest.java:141: error: cannot find symbol
      Attributes attributes0 = new Attributes();
                                   ^
  symbol:   class Attributes
  location: class Attributes_ESTest
/home/liumengjiao/Desktop/CI/Evosuite/Jsoup_57/Jsoup/evosuite/3/org/jsoup/nodes/Attributes_ESTest.java:149: error: cannot find symbol
      Attributes attributes0 = new Attributes();
      ^
  symbol:   class Attributes
  location: class Attributes_ESTest
/home/liumengjiao/Desktop/CI/Evosuite/Jsoup_57/Jsoup/evosuite/3/org/jsoup/nodes/Attributes_ESTest.java:149: error: cannot find symbol
      Attributes attributes0 = new Attributes();
                                   ^
  symbol:   class Attributes
  location: class Attributes_ESTest
/home/liumengjiao/Desktop/CI/Evosuite/Jsoup_57/Jsoup/evosuite/3/org/jsoup/nodes/Attributes_ESTest.java:156: error: cannot find symbol
      Attributes attributes0 = new Attributes();
      ^
  symbol:   class Attributes
  location: class Attributes_ESTest
/home/liumengjiao/Desktop/CI/Evosuite/Jsoup_57/Jsoup/evosuite/3/org/jsoup/nodes/Attributes_ESTest.java:156: error: cannot find symbol
      Attributes attributes0 = new Attributes();
                                   ^
  symbol:   class Attributes
  location: class Attributes_ESTest
/home/liumengjiao/Desktop/CI/Evosuite/Jsoup_57/Jsoup/evosuite/3/org/jsoup/nodes/Attributes_ESTest.java:164: error: cannot find symbol
      Attributes attributes0 = new Attributes();
      ^
  symbol:   class Attributes
  location: class Attributes_ESTest
/home/liumengjiao/Desktop/CI/Evosuite/Jsoup_57/Jsoup/evosuite/3/org/jsoup/nodes/Attributes_ESTest.java:164: error: cannot find symbol
      Attributes attributes0 = new Attributes();
                                   ^
  symbol:   class Attributes
  location: class Attributes_ESTest
/home/liumengjiao/Desktop/CI/Evosuite/Jsoup_57/Jsoup/evosuite/3/org/jsoup/nodes/Attributes_ESTest.java:171: error: cannot find symbol
      Attributes attributes0 = new Attributes();
      ^
  symbol:   class Attributes
  location: class Attributes_ESTest
/home/liumengjiao/Desktop/CI/Evosuite/Jsoup_57/Jsoup/evosuite/3/org/jsoup/nodes/Attributes_ESTest.java:171: error: cannot find symbol
      Attributes attributes0 = new Attributes();
                                   ^
  symbol:   class Attributes
  location: class Attributes_ESTest
/home/liumengjiao/Desktop/CI/Evosuite/Jsoup_57/Jsoup/evosuite/3/org/jsoup/nodes/Attributes_ESTest.java:177: error: cannot find symbol
      Attributes attributes0 = new Attributes();
      ^
  symbol:   class Attributes
  location: class Attributes_ESTest
/home/liumengjiao/Desktop/CI/Evosuite/Jsoup_57/Jsoup/evosuite/3/org/jsoup/nodes/Attributes_ESTest.java:177: error: cannot find symbol
      Attributes attributes0 = new Attributes();
                                   ^
  symbol:   class Attributes
  location: class Attributes_ESTest
/home/liumengjiao/Desktop/CI/Evosuite/Jsoup_57/Jsoup/evosuite/3/org/jsoup/nodes/Attributes_ESTest.java:178: error: cannot find symbol
      Attributes attributes1 = attributes0.clone();
      ^
  symbol:   class Attributes
  location: class Attributes_ESTest
/home/liumengjiao/Desktop/CI/Evosuite/Jsoup_57/Jsoup/evosuite/3/org/jsoup/nodes/Attributes_ESTest.java:179: error: cannot find symbol
      Attribute attribute0 = new Attribute(";,rPV>=1Wr4", ";,rPV>=1Wr4");
      ^
  symbol:   class Attribute
  location: class Attributes_ESTest
/home/liumengjiao/Desktop/CI/Evosuite/Jsoup_57/Jsoup/evosuite/3/org/jsoup/nodes/Attributes_ESTest.java:179: error: cannot find symbol
      Attribute attribute0 = new Attribute(";,rPV>=1Wr4", ";,rPV>=1Wr4");
                                 ^
  symbol:   class Attribute
  location: class Attributes_ESTest
/home/liumengjiao/Desktop/CI/Evosuite/Jsoup_57/Jsoup/evosuite/3/org/jsoup/nodes/Attributes_ESTest.java:187: error: cannot find symbol
      Attributes attributes0 = new Attributes();
      ^
  symbol:   class Attributes
  location: class Attributes_ESTest
/home/liumengjiao/Desktop/CI/Evosuite/Jsoup_57/Jsoup/evosuite/3/org/jsoup/nodes/Attributes_ESTest.java:187: error: cannot find symbol
      Attributes attributes0 = new Attributes();
                                   ^
  symbol:   class Attributes
  location: class Attributes_ESTest
/home/liumengjiao/Desktop/CI/Evosuite/Jsoup_57/Jsoup/evosuite/3/org/jsoup/nodes/Attributes_ESTest.java:188: error: cannot find symbol
      Spliterator<Attribute> spliterator0 = attributes0.spliterator();
                  ^
  symbol:   class Attribute
  location: class Attributes_ESTest
/home/liumengjiao/Desktop/CI/Evosuite/Jsoup_57/Jsoup/evosuite/3/org/jsoup/nodes/Attributes_ESTest.java:194: error: cannot find symbol
      Attributes attributes0 = new Attributes();
      ^
  symbol:   class Attributes
  location: class Attributes_ESTest
/home/liumengjiao/Desktop/CI/Evosuite/Jsoup_57/Jsoup/evosuite/3/org/jsoup/nodes/Attributes_ESTest.java:194: error: cannot find symbol
      Attributes attributes0 = new Attributes();
                                   ^
  symbol:   class Attributes
  location: class Attributes_ESTest
/home/liumengjiao/Desktop/CI/Evosuite/Jsoup_57/Jsoup/evosuite/3/org/jsoup/nodes/Attributes_ESTest.java:196: error: cannot find symbol
      Spliterator<Attribute> spliterator0 = attributes0.spliterator();
                  ^
  symbol:   class Attribute
  location: class Attributes_ESTest
/home/liumengjiao/Desktop/CI/Evosuite/Jsoup_57/Jsoup/evosuite/3/org/jsoup/nodes/Attributes_ESTest.java:202: error: cannot find symbol
      Attributes attributes0 = new Attributes();
      ^
  symbol:   class Attributes
  location: class Attributes_ESTest
/home/liumengjiao/Desktop/CI/Evosuite/Jsoup_57/Jsoup/evosuite/3/org/jsoup/nodes/Attributes_ESTest.java:202: error: cannot find symbol
      Attributes attributes0 = new Attributes();
                                   ^
  symbol:   class Attributes
  location: class Attributes_ESTest
/home/liumengjiao/Desktop/CI/Evosuite/Jsoup_57/Jsoup/evosuite/3/org/jsoup/nodes/Attributes_ESTest.java:204: error: cannot find symbol
      List<Attribute> list0 = attributes0.asList();
           ^
  symbol:   class Attribute
  location: class Attributes_ESTest
/home/liumengjiao/Desktop/CI/Evosuite/Jsoup_57/Jsoup/evosuite/3/org/jsoup/nodes/Attributes_ESTest.java:210: error: cannot find symbol
      Attributes attributes0 = new Attributes();
      ^
  symbol:   class Attributes
  location: class Attributes_ESTest
/home/liumengjiao/Desktop/CI/Evosuite/Jsoup_57/Jsoup/evosuite/3/org/jsoup/nodes/Attributes_ESTest.java:210: error: cannot find symbol
      Attributes attributes0 = new Attributes();
                                   ^
  symbol:   class Attributes
  location: class Attributes_ESTest
/home/liumengjiao/Desktop/CI/Evosuite/Jsoup_57/Jsoup/evosuite/3/org/jsoup/nodes/Attributes_ESTest.java:211: error: cannot find symbol
      List<Attribute> list0 = attributes0.asList();
           ^
  symbol:   class Attribute
  location: class Attributes_ESTest
/home/liumengjiao/Desktop/CI/Evosuite/Jsoup_57/Jsoup/evosuite/3/org/jsoup/nodes/Attributes_ESTest.java:217: error: cannot find symbol
      Attributes attributes0 = new Attributes();
      ^
  symbol:   class Attributes
  location: class Attributes_ESTest
/home/liumengjiao/Desktop/CI/Evosuite/Jsoup_57/Jsoup/evosuite/3/org/jsoup/nodes/Attributes_ESTest.java:217: error: cannot find symbol
      Attributes attributes0 = new Attributes();
                                   ^
  symbol:   class Attributes
  location: class Attributes_ESTest
/home/liumengjiao/Desktop/CI/Evosuite/Jsoup_57/Jsoup/evosuite/3/org/jsoup/nodes/Attributes_ESTest.java:225: error: cannot find symbol
      Attributes attributes0 = new Attributes();
      ^
  symbol:   class Attributes
  location: class Attributes_ESTest
/home/liumengjiao/Desktop/CI/Evosuite/Jsoup_57/Jsoup/evosuite/3/org/jsoup/nodes/Attributes_ESTest.java:225: error: cannot find symbol
      Attributes attributes0 = new Attributes();
                                   ^
  symbol:   class Attributes
  location: class Attributes_ESTest
/home/liumengjiao/Desktop/CI/Evosuite/Jsoup_57/Jsoup/evosuite/3/org/jsoup/nodes/Attributes_ESTest.java:226: error: cannot find symbol
      Attributes attributes1 = attributes0.clone();
      ^
  symbol:   class Attributes
  location: class Attributes_ESTest
/home/liumengjiao/Desktop/CI/Evosuite/Jsoup_57/Jsoup/evosuite/3/org/jsoup/nodes/Attributes_ESTest.java:233: error: cannot find symbol
      Attributes attributes0 = new Attributes();
      ^
  symbol:   class Attributes
  location: class Attributes_ESTest
/home/liumengjiao/Desktop/CI/Evosuite/Jsoup_57/Jsoup/evosuite/3/org/jsoup/nodes/Attributes_ESTest.java:233: error: cannot find symbol
      Attributes attributes0 = new Attributes();
                                   ^
  symbol:   class Attributes
  location: class Attributes_ESTest
/home/liumengjiao/Desktop/CI/Evosuite/Jsoup_57/Jsoup/evosuite/3/org/jsoup/nodes/Attributes_ESTest.java:241: error: cannot find symbol
      Attributes attributes0 = new Attributes();
      ^
  symbol:   class Attributes
  location: class Attributes_ESTest
/home/liumengjiao/Desktop/CI/Evosuite/Jsoup_57/Jsoup/evosuite/3/org/jsoup/nodes/Attributes_ESTest.java:241: error: cannot find symbol
      Attributes attributes0 = new Attributes();
                                   ^
  symbol:   class Attributes
  location: class Attributes_ESTest
/home/liumengjiao/Desktop/CI/Evosuite/Jsoup_57/Jsoup/evosuite/3/org/jsoup/nodes/Attributes_ESTest.java:248: error: cannot find symbol
      Attributes attributes0 = new Attributes();
      ^
  symbol:   class Attributes
  location: class Attributes_ESTest
/home/liumengjiao/Desktop/CI/Evosuite/Jsoup_57/Jsoup/evosuite/3/org/jsoup/nodes/Attributes_ESTest.java:248: error: cannot find symbol
      Attributes attributes0 = new Attributes();
                                   ^
  symbol:   class Attributes
  location: class Attributes_ESTest
/home/liumengjiao/Desktop/CI/Evosuite/Jsoup_57/Jsoup/evosuite/3/org/jsoup/nodes/Attributes_ESTest.java:249: error: cannot find symbol
      Attribute attribute0 = new Attribute("L)an<7", "L)an<7");
      ^
  symbol:   class Attribute
  location: class Attributes_ESTest
/home/liumengjiao/Desktop/CI/Evosuite/Jsoup_57/Jsoup/evosuite/3/org/jsoup/nodes/Attributes_ESTest.java:249: error: cannot find symbol
      Attribute attribute0 = new Attribute("L)an<7", "L)an<7");
                                 ^
  symbol:   class Attribute
  location: class Attributes_ESTest
/home/liumengjiao/Desktop/CI/Evosuite/Jsoup_57/Jsoup/evosuite/3/org/jsoup/nodes/Attributes_ESTest.java:251: error: cannot find symbol
      Attributes attributes1 = attributes0.clone();
      ^
  symbol:   class Attributes
  location: class Attributes_ESTest
/home/liumengjiao/Desktop/CI/Evosuite/Jsoup_57/Jsoup/evosuite/3/org/jsoup/nodes/Attributes_ESTest.java:259: error: cannot find symbol
      Attributes attributes0 = new Attributes();
      ^
  symbol:   class Attributes
  location: class Attributes_ESTest
/home/liumengjiao/Desktop/CI/Evosuite/Jsoup_57/Jsoup/evosuite/3/org/jsoup/nodes/Attributes_ESTest.java:259: error: cannot find symbol
      Attributes attributes0 = new Attributes();
                                   ^
  symbol:   class Attributes
  location: class Attributes_ESTest
/home/liumengjiao/Desktop/CI/Evosuite/Jsoup_57/Jsoup/evosuite/3/org/jsoup/nodes/Attributes_ESTest.java:260: error: cannot find symbol
      Attributes attributes1 = attributes0.clone();
      ^
  symbol:   class Attributes
  location: class Attributes_ESTest
/home/liumengjiao/Desktop/CI/Evosuite/Jsoup_57/Jsoup/evosuite/3/org/jsoup/nodes/Attributes_ESTest.java:268: error: cannot find symbol
      Attributes attributes0 = new Attributes();
      ^
  symbol:   class Attributes
  location: class Attributes_ESTest
/home/liumengjiao/Desktop/CI/Evosuite/Jsoup_57/Jsoup/evosuite/3/org/jsoup/nodes/Attributes_ESTest.java:268: error: cannot find symbol
      Attributes attributes0 = new Attributes();
                                   ^
  symbol:   class Attributes
  location: class Attributes_ESTest
/home/liumengjiao/Desktop/CI/Evosuite/Jsoup_57/Jsoup/evosuite/3/org/jsoup/nodes/Attributes_ESTest.java:269: error: cannot find symbol
      Attributes attributes1 = attributes0.clone();
      ^
  symbol:   class Attributes
  location: class Attributes_ESTest
/home/liumengjiao/Desktop/CI/Evosuite/Jsoup_57/Jsoup/evosuite/3/org/jsoup/nodes/Attributes_ESTest.java:277: error: cannot find symbol
      Attributes attributes0 = new Attributes();
      ^
  symbol:   class Attributes
  location: class Attributes_ESTest
/home/liumengjiao/Desktop/CI/Evosuite/Jsoup_57/Jsoup/evosuite/3/org/jsoup/nodes/Attributes_ESTest.java:277: error: cannot find symbol
      Attributes attributes0 = new Attributes();
                                   ^
  symbol:   class Attributes
  location: class Attributes_ESTest
/home/liumengjiao/Desktop/CI/Evosuite/Jsoup_57/Jsoup/evosuite/3/org/jsoup/nodes/Attributes_ESTest.java:283: error: cannot find symbol
      Attributes attributes0 = new Attributes();
      ^
  symbol:   class Attributes
  location: class Attributes_ESTest
/home/liumengjiao/Desktop/CI/Evosuite/Jsoup_57/Jsoup/evosuite/3/org/jsoup/nodes/Attributes_ESTest.java:283: error: cannot find symbol
      Attributes attributes0 = new Attributes();
                                   ^
  symbol:   class Attributes
  location: class Attributes_ESTest
/home/liumengjiao/Desktop/CI/Evosuite/Jsoup_57/Jsoup/evosuite/3/org/jsoup/nodes/Attributes_ESTest.java:290: error: cannot find symbol
      Attributes attributes0 = new Attributes();
      ^
  symbol:   class Attributes
  location: class Attributes_ESTest
/home/liumengjiao/Desktop/CI/Evosuite/Jsoup_57/Jsoup/evosuite/3/org/jsoup/nodes/Attributes_ESTest.java:290: error: cannot find symbol
      Attributes attributes0 = new Attributes();
                                   ^
  symbol:   class Attributes
  location: class Attributes_ESTest
87 errors
