cd /home/liumengjiao/Desktop/CI/Benchmark/../bugs/Math_104_fix && timeout 300000 java -cp /home/liumengjiao/Desktop/defects4j/framework/lib/test_generation/generation/evosuite-current.jar:/home/liumengjiao/Desktop/CI/Evosuite/Math_104/Math/evosuite//3/::target/classes/ org.junit.runner.JUnitCore org.apache.commons.math.special.Gamma_ESTest >> evosuite-report-clz/test_run_fix.log 2>&1

JUnit version 4.13
19:18:56.783 [main] INFO org.evosuite.runtime.instrumentation.EvoClassLoader - Seeing class for first time: org.apache.commons.math.special.Gamma_ESTest
19:18:56.784 [main] INFO org.evosuite.runtime.instrumentation.EvoClassLoader - Instrumenting class 'org.apache.commons.math.special.Gamma_ESTest'.
19:18:56.823 [main] INFO org.evosuite.runtime.instrumentation.EvoClassLoader - Seeing class for first time: org.apache.commons.math.special.Gamma_ESTest_scaffolding
19:18:56.823 [main] INFO org.evosuite.runtime.instrumentation.EvoClassLoader - Instrumenting class 'org.apache.commons.math.special.Gamma_ESTest_scaffolding'.
19:18:56.824 [main] INFO org.evosuite.runtime.instrumentation.EvoClassLoader - Keeping class: org.apache.commons.math.special.Gamma_ESTest_scaffolding
19:18:56.825 [main] INFO org.evosuite.runtime.instrumentation.EvoClassLoader - Keeping class: org.apache.commons.math.special.Gamma_ESTest
19:18:56.897 [main] DEBUG org.evosuite.runtime.sandbox.MSecurityManager - Adding privileged thread: "Reference Handler"
19:18:56.897 [main] DEBUG org.evosuite.runtime.sandbox.MSecurityManager - Adding privileged thread: "Finalizer"
19:18:56.897 [main] DEBUG org.evosuite.runtime.sandbox.MSecurityManager - Adding privileged thread: "Signal Dispatcher"
19:18:56.897 [main] DEBUG org.evosuite.runtime.sandbox.MSecurityManager - Adding privileged thread: "Java2D Disposer"
19:18:56.897 [main] DEBUG org.evosuite.runtime.sandbox.MSecurityManager - Adding privileged thread: "AWT-XAWT"
19:18:56.897 [main] DEBUG org.evosuite.runtime.sandbox.MSecurityManager - Adding privileged thread: "main"
19:18:56.908 [main] INFO org.evosuite.runtime.instrumentation.EvoClassLoader - Seeing class for first time: org.apache.commons.math.special.Gamma$1
19:18:56.908 [main] INFO org.evosuite.runtime.instrumentation.EvoClassLoader - Instrumenting class 'org.apache.commons.math.special.Gamma$1'.
19:18:56.925 [main] INFO org.evosuite.runtime.instrumentation.MethodCallReplacementClassAdapter - Adding mock interface to class org/apache/commons/math/special/Gamma$1
19:18:56.974 [main] INFO org.evosuite.runtime.instrumentation.EvoClassLoader - Seeing class for first time: org.apache.commons.math.util.ContinuedFraction
19:18:56.974 [main] INFO org.evosuite.runtime.instrumentation.EvoClassLoader - Instrumenting class 'org.apache.commons.math.util.ContinuedFraction'.
19:18:56.975 [main] INFO org.evosuite.runtime.instrumentation.MethodCallReplacementClassAdapter - Adding mock interface to class org/apache/commons/math/util/ContinuedFraction
19:18:56.976 [main] INFO org.evosuite.runtime.instrumentation.CreateClassResetClassAdapter - Creating brand-new static initializer in class org/apache/commons/math/util/ContinuedFraction
19:18:56.976 [main] INFO org.evosuite.runtime.instrumentation.CreateClassResetClassAdapter - Adding bytecode for initializing field DEFAULT_EPSILON
19:18:56.976 [main] INFO org.evosuite.runtime.instrumentation.EvoClassLoader - Defined package (3): package org.apache.commons.math.util, -486343732
19:18:56.976 [main] INFO org.evosuite.runtime.instrumentation.EvoClassLoader - Keeping class: org.apache.commons.math.util.ContinuedFraction
19:18:56.976 [main] INFO org.evosuite.runtime.instrumentation.EvoClassLoader - Keeping class: org.apache.commons.math.special.Gamma$1
19:18:56.976 [main] INFO org.evosuite.runtime.instrumentation.EvoClassLoader - Seeing class for first time: org.apache.commons.math.ConvergenceException
19:18:56.976 [main] INFO org.evosuite.runtime.instrumentation.EvoClassLoader - Instrumenting class 'org.apache.commons.math.ConvergenceException'.
19:18:56.985 [main] INFO org.evosuite.runtime.instrumentation.MethodCallReplacementClassAdapter - Adding mock interface to class org/apache/commons/math/ConvergenceException
19:18:56.986 [main] INFO org.evosuite.runtime.instrumentation.CreateClassResetClassAdapter - Creating brand-new static initializer in class org/apache/commons/math/ConvergenceException
19:18:56.986 [main] INFO org.evosuite.runtime.instrumentation.EvoClassLoader - Defined package (3): package org.apache.commons.math, 802290660
19:18:56.986 [main] INFO org.evosuite.runtime.instrumentation.EvoClassLoader - Seeing class for first time: org.apache.commons.math.MathException
19:18:56.986 [main] INFO org.evosuite.runtime.instrumentation.EvoClassLoader - Instrumenting class 'org.apache.commons.math.MathException'.
19:18:56.988 [main] INFO org.evosuite.runtime.instrumentation.MethodCallReplacementClassAdapter - Adding mock interface to class org/apache/commons/math/MathException
19:18:56.991 [main] INFO org.evosuite.runtime.instrumentation.CreateClassResetClassAdapter - Found static initializer in class org/apache/commons/math/MathException
19:18:56.992 [main] INFO org.evosuite.runtime.instrumentation.EvoClassLoader - Keeping class: org.apache.commons.math.MathException
19:18:56.992 [main] INFO org.evosuite.runtime.instrumentation.EvoClassLoader - Keeping class: org.apache.commons.math.ConvergenceException
19:18:56.992 [main] INFO org.evosuite.runtime.instrumentation.EvoClassLoader - Seeing class for first time: org.apache.commons.math.MaxIterationsExceededException
19:18:56.992 [main] INFO org.evosuite.runtime.instrumentation.EvoClassLoader - Instrumenting class 'org.apache.commons.math.MaxIterationsExceededException'.
19:18:56.992 [main] INFO org.evosuite.runtime.instrumentation.MethodCallReplacementClassAdapter - Adding mock interface to class org/apache/commons/math/MaxIterationsExceededException
19:18:56.993 [main] INFO org.evosuite.runtime.instrumentation.CreateClassResetClassAdapter - Creating brand-new static initializer in class org/apache/commons/math/MaxIterationsExceededException
19:18:56.993 [main] INFO org.evosuite.runtime.instrumentation.EvoClassLoader - Keeping class: org.apache.commons.math.MaxIterationsExceededException
19:18:56.994 [main] INFO org.evosuite.runtime.instrumentation.EvoClassLoader - Seeing class for first time: org.apache.commons.math.special.Gamma
19:18:56.994 [main] INFO org.evosuite.runtime.instrumentation.EvoClassLoader - Instrumenting class 'org.apache.commons.math.special.Gamma'.
19:18:56.994 [main] INFO org.evosuite.runtime.instrumentation.MethodCallReplacementClassAdapter - Adding mock interface to class org/apache/commons/math/special/Gamma
19:18:56.995 [main] INFO org.evosuite.runtime.instrumentation.CreateClassResetClassAdapter - Found static initializer in class org/apache/commons/math/special/Gamma
19:18:56.995 [main] INFO org.evosuite.runtime.instrumentation.EvoClassLoader - Keeping class: org.apache.commons.math.special.Gamma
..............19:18:57.017 [Time-limited test] INFO org.evosuite.runtime.instrumentation.EvoClassLoader - Seeing class for first time: org.apache.commons.math.MessagesResources
19:18:57.017 [Time-limited test] INFO org.evosuite.runtime.instrumentation.EvoClassLoader - Instrumenting class 'org.apache.commons.math.MessagesResources'.
19:18:57.017 [Time-limited test] INFO org.evosuite.runtime.instrumentation.EvoClassLoader - Error while loading class: java.lang.ClassNotFoundException: Class 'org/apache/commons/math/MessagesResources.class' should be in target project, but could not be found!
19:18:57.018 [Time-limited test] INFO org.evosuite.runtime.instrumentation.EvoClassLoader - Seeing class for first time: org.apache.commons.math.MessagesResources_en
19:18:57.018 [Time-limited test] INFO org.evosuite.runtime.instrumentation.EvoClassLoader - Instrumenting class 'org.apache.commons.math.MessagesResources_en'.
19:18:57.018 [Time-limited test] INFO org.evosuite.runtime.instrumentation.EvoClassLoader - Error while loading class: java.lang.ClassNotFoundException: Class 'org/apache/commons/math/MessagesResources_en.class' should be in target project, but could not be found!
19:18:57.018 [Time-limited test] INFO org.evosuite.runtime.instrumentation.EvoClassLoader - Seeing class for first time: org.apache.commons.math.MessagesResources_en_US
19:18:57.018 [Time-limited test] INFO org.evosuite.runtime.instrumentation.EvoClassLoader - Instrumenting class 'org.apache.commons.math.MessagesResources_en_US'.
19:18:57.018 [Time-limited test] INFO org.evosuite.runtime.instrumentation.EvoClassLoader - Error while loading class: java.lang.ClassNotFoundException: Class 'org/apache/commons/math/MessagesResources_en_US.class' should be in target project, but could not be found!
...
Time: 0.181

OK (17 tests)

cd /home/liumengjiao/Desktop/CI/Benchmark/../bugs/Math_104_fix && timeout 300000 defects4j test -s /home/liumengjiao/Desktop/CI/Evosuite//Math_104/Math/evosuite/0/Math-104f-evosuite.0.tar.bz >> evosuite-report-clz/test_run_fix.log 2>&1

Test suite archive not found: /home/liumengjiao/Desktop/CI/Evosuite//Math_104/Math/evosuite/0/Math-104f-evosuite.0.tar.bz
Died at /home/liumengjiao/Desktop/defects4j/framework/bin/d4j/d4j-test line 125.
Compilation failed in require at /home/liumengjiao/Desktop/defects4j/framework/bin/defects4j line 195.
cd /home/liumengjiao/Desktop/CI/Benchmark/../bugs/Math_104_fix && timeout 300000 defects4j test -s /home/liumengjiao/Desktop/CI/Evosuite//Math_104/Math/evosuite/1/Math-104f-evosuite.1.tar.bz >> evosuite-report-clz/test_run_fix.log 2>&1

Test suite archive not found: /home/liumengjiao/Desktop/CI/Evosuite//Math_104/Math/evosuite/1/Math-104f-evosuite.1.tar.bz
Died at /home/liumengjiao/Desktop/defects4j/framework/bin/d4j/d4j-test line 125.
Compilation failed in require at /home/liumengjiao/Desktop/defects4j/framework/bin/defects4j line 195.
cd /home/liumengjiao/Desktop/CI/Benchmark/../bugs/Math_104_fix && timeout 300000 defects4j test -s /home/liumengjiao/Desktop/CI/Evosuite//Math_104/Math/evosuite/2/Math-104f-evosuite.2.tar.bz >> evosuite-report-clz/test_run_fix.log 2>&1

Test suite archive not found: /home/liumengjiao/Desktop/CI/Evosuite//Math_104/Math/evosuite/2/Math-104f-evosuite.2.tar.bz
Died at /home/liumengjiao/Desktop/defects4j/framework/bin/d4j/d4j-test line 125.
Compilation failed in require at /home/liumengjiao/Desktop/defects4j/framework/bin/defects4j line 195.
cd /home/liumengjiao/Desktop/CI/Benchmark/../bugs/Math_104_fix && timeout 300000 defects4j test -s /home/liumengjiao/Desktop/CI/Evosuite//Math_104/Math/evosuite/3/Math-104f-evosuite.3.tar.bz >> evosuite-report-clz/test_run_fix.log 2>&1

Test suite archive not found: /home/liumengjiao/Desktop/CI/Evosuite//Math_104/Math/evosuite/3/Math-104f-evosuite.3.tar.bz
Died at /home/liumengjiao/Desktop/defects4j/framework/bin/d4j/d4j-test line 125.
Compilation failed in require at /home/liumengjiao/Desktop/defects4j/framework/bin/defects4j line 195.
cd /home/liumengjiao/Desktop/CI/Benchmark/../bugs/Math_104_fix && timeout 300000 defects4j test -s /home/liumengjiao/Desktop/CI/Evosuite//Math_104/Math/evosuite/4/Math-104f-evosuite.4.tar.bz >> evosuite-report-clz/test_run_fix.log 2>&1

Test suite archive not found: /home/liumengjiao/Desktop/CI/Evosuite//Math_104/Math/evosuite/4/Math-104f-evosuite.4.tar.bz
Died at /home/liumengjiao/Desktop/defects4j/framework/bin/d4j/d4j-test line 125.
Compilation failed in require at /home/liumengjiao/Desktop/defects4j/framework/bin/defects4j line 195.
cd /home/liumengjiao/Desktop/CI/Benchmark/../bugs/Math_104_fix && timeout 300000 defects4j test -s /home/liumengjiao/Desktop/CI/Evosuite//Math_104/Math/evosuite/5/Math-104f-evosuite.5.tar.bz >> evosuite-report-clz/test_run_fix.log 2>&1

Test suite archive not found: /home/liumengjiao/Desktop/CI/Evosuite//Math_104/Math/evosuite/5/Math-104f-evosuite.5.tar.bz
Died at /home/liumengjiao/Desktop/defects4j/framework/bin/d4j/d4j-test line 125.
Compilation failed in require at /home/liumengjiao/Desktop/defects4j/framework/bin/defects4j line 195.
cd /home/liumengjiao/Desktop/CI/Benchmark/../bugs/Math_104_fix && timeout 300000 defects4j test -s /home/liumengjiao/Desktop/CI/Evosuite//Math_104/Math/evosuite/6/Math-104f-evosuite.6.tar.bz >> evosuite-report-clz/test_run_fix.log 2>&1

Test suite archive not found: /home/liumengjiao/Desktop/CI/Evosuite//Math_104/Math/evosuite/6/Math-104f-evosuite.6.tar.bz
Died at /home/liumengjiao/Desktop/defects4j/framework/bin/d4j/d4j-test line 125.
Compilation failed in require at /home/liumengjiao/Desktop/defects4j/framework/bin/defects4j line 195.
cd /home/liumengjiao/Desktop/CI/Benchmark/../bugs/Math_104_fix && timeout 300000 defects4j test -s /home/liumengjiao/Desktop/CI/Evosuite//Math_104/Math/evosuite/7/Math-104f-evosuite.7.tar.bz >> evosuite-report-clz/test_run_fix.log 2>&1

Test suite archive not found: /home/liumengjiao/Desktop/CI/Evosuite//Math_104/Math/evosuite/7/Math-104f-evosuite.7.tar.bz
Died at /home/liumengjiao/Desktop/defects4j/framework/bin/d4j/d4j-test line 125.
Compilation failed in require at /home/liumengjiao/Desktop/defects4j/framework/bin/defects4j line 195.
cd /home/liumengjiao/Desktop/CI/Benchmark/../bugs/Math_104_fix && timeout 300000 defects4j test -s /home/liumengjiao/Desktop/CI/Evosuite//Math_104/Math/evosuite/8/Math-104f-evosuite.8.tar.bz >> evosuite-report-clz/test_run_fix.log 2>&1

Test suite archive not found: /home/liumengjiao/Desktop/CI/Evosuite//Math_104/Math/evosuite/8/Math-104f-evosuite.8.tar.bz
Died at /home/liumengjiao/Desktop/defects4j/framework/bin/d4j/d4j-test line 125.
Compilation failed in require at /home/liumengjiao/Desktop/defects4j/framework/bin/defects4j line 195.
cd /home/liumengjiao/Desktop/CI/Benchmark/../bugs/Math_104_fix && timeout 300000 defects4j test -s /home/liumengjiao/Desktop/CI/Evosuite//Math_104/Math/evosuite/9/Math-104f-evosuite.9.tar.bz >> evosuite-report-clz/test_run_fix.log 2>&1

Test suite archive not found: /home/liumengjiao/Desktop/CI/Evosuite//Math_104/Math/evosuite/9/Math-104f-evosuite.9.tar.bz
Died at /home/liumengjiao/Desktop/defects4j/framework/bin/d4j/d4j-test line 125.
Compilation failed in require at /home/liumengjiao/Desktop/defects4j/framework/bin/defects4j line 195.
cd /home/liumengjiao/Desktop/CI/Benchmark/../bugs/Math_104_fix && timeout 300000 defects4j test -s /home/liumengjiao/Desktop/CI/Evosuite//Math_104/Math/evosuite/10/Math-104f-evosuite.10.tar.bz >> evosuite-report-clz/test_run_fix.log 2>&1

Test suite archive not found: /home/liumengjiao/Desktop/CI/Evosuite//Math_104/Math/evosuite/10/Math-104f-evosuite.10.tar.bz
Died at /home/liumengjiao/Desktop/defects4j/framework/bin/d4j/d4j-test line 125.
Compilation failed in require at /home/liumengjiao/Desktop/defects4j/framework/bin/defects4j line 195.
cd /home/liumengjiao/Desktop/CI/Benchmark/../bugs/Math_104_fix && timeout 300000 defects4j test -s /home/liumengjiao/Desktop/CI/Evosuite//Math_104/Math/evosuite/11/Math-104f-evosuite.11.tar.bz >> evosuite-report-clz/test_run_fix.log 2>&1

Test suite archive not found: /home/liumengjiao/Desktop/CI/Evosuite//Math_104/Math/evosuite/11/Math-104f-evosuite.11.tar.bz
Died at /home/liumengjiao/Desktop/defects4j/framework/bin/d4j/d4j-test line 125.
Compilation failed in require at /home/liumengjiao/Desktop/defects4j/framework/bin/defects4j line 195.
cd /home/liumengjiao/Desktop/CI/Benchmark/../bugs/Math_104_fix && timeout 300000 defects4j test -s /home/liumengjiao/Desktop/CI/Evosuite//Math_104/Math/evosuite/12/Math-104f-evosuite.12.tar.bz >> evosuite-report-clz/test_run_fix.log 2>&1

Test suite archive not found: /home/liumengjiao/Desktop/CI/Evosuite//Math_104/Math/evosuite/12/Math-104f-evosuite.12.tar.bz
Died at /home/liumengjiao/Desktop/defects4j/framework/bin/d4j/d4j-test line 125.
Compilation failed in require at /home/liumengjiao/Desktop/defects4j/framework/bin/defects4j line 195.
cd /home/liumengjiao/Desktop/CI/Benchmark/../bugs/Math_104_fix && timeout 300000 defects4j test -s /home/liumengjiao/Desktop/CI/Evosuite//Math_104/Math/evosuite/13/Math-104f-evosuite.13.tar.bz >> evosuite-report-clz/test_run_fix.log 2>&1

Test suite archive not found: /home/liumengjiao/Desktop/CI/Evosuite//Math_104/Math/evosuite/13/Math-104f-evosuite.13.tar.bz
Died at /home/liumengjiao/Desktop/defects4j/framework/bin/d4j/d4j-test line 125.
Compilation failed in require at /home/liumengjiao/Desktop/defects4j/framework/bin/defects4j line 195.
cd /home/liumengjiao/Desktop/CI/Benchmark/../bugs/Math_104_fix && timeout 300000 defects4j test -s /home/liumengjiao/Desktop/CI/Evosuite//Math_104/Math/evosuite/14/Math-104f-evosuite.14.tar.bz >> evosuite-report-clz/test_run_fix.log 2>&1

Test suite archive not found: /home/liumengjiao/Desktop/CI/Evosuite//Math_104/Math/evosuite/14/Math-104f-evosuite.14.tar.bz
Died at /home/liumengjiao/Desktop/defects4j/framework/bin/d4j/d4j-test line 125.
Compilation failed in require at /home/liumengjiao/Desktop/defects4j/framework/bin/defects4j line 195.
cd /home/liumengjiao/Desktop/CI/Benchmark/../bugs/Math_104_fix && timeout 300000 defects4j test -s /home/liumengjiao/Desktop/CI/Evosuite//Math_104/Math/evosuite/15/Math-104f-evosuite.15.tar.bz >> evosuite-report-clz/test_run_fix.log 2>&1

Test suite archive not found: /home/liumengjiao/Desktop/CI/Evosuite//Math_104/Math/evosuite/15/Math-104f-evosuite.15.tar.bz
Died at /home/liumengjiao/Desktop/defects4j/framework/bin/d4j/d4j-test line 125.
Compilation failed in require at /home/liumengjiao/Desktop/defects4j/framework/bin/defects4j line 195.
cd /home/liumengjiao/Desktop/CI/Benchmark/../bugs/Math_104_fix && timeout 300000 defects4j test -s /home/liumengjiao/Desktop/CI/Evosuite//Math_104/Math/evosuite/16/Math-104f-evosuite.16.tar.bz >> evosuite-report-clz/test_run_fix.log 2>&1

Test suite archive not found: /home/liumengjiao/Desktop/CI/Evosuite//Math_104/Math/evosuite/16/Math-104f-evosuite.16.tar.bz
Died at /home/liumengjiao/Desktop/defects4j/framework/bin/d4j/d4j-test line 125.
Compilation failed in require at /home/liumengjiao/Desktop/defects4j/framework/bin/defects4j line 195.
cd /home/liumengjiao/Desktop/CI/Benchmark/../bugs/Math_104_fix && timeout 300000 defects4j test -s /home/liumengjiao/Desktop/CI/Evosuite//Math_104/Math/evosuite/17/Math-104f-evosuite.17.tar.bz >> evosuite-report-clz/test_run_fix.log 2>&1

Test suite archive not found: /home/liumengjiao/Desktop/CI/Evosuite//Math_104/Math/evosuite/17/Math-104f-evosuite.17.tar.bz
Died at /home/liumengjiao/Desktop/defects4j/framework/bin/d4j/d4j-test line 125.
Compilation failed in require at /home/liumengjiao/Desktop/defects4j/framework/bin/defects4j line 195.
cd /home/liumengjiao/Desktop/CI/Benchmark/../bugs/Math_104_fix && timeout 300000 defects4j test -s /home/liumengjiao/Desktop/CI/Evosuite//Math_104/Math/evosuite/18/Math-104f-evosuite.18.tar.bz >> evosuite-report-clz/test_run_fix.log 2>&1

Test suite archive not found: /home/liumengjiao/Desktop/CI/Evosuite//Math_104/Math/evosuite/18/Math-104f-evosuite.18.tar.bz
Died at /home/liumengjiao/Desktop/defects4j/framework/bin/d4j/d4j-test line 125.
Compilation failed in require at /home/liumengjiao/Desktop/defects4j/framework/bin/defects4j line 195.
cd /home/liumengjiao/Desktop/CI/Benchmark/../bugs/Math_104_fix && timeout 300000 defects4j test -s /home/liumengjiao/Desktop/CI/Evosuite//Math_104/Math/evosuite/19/Math-104f-evosuite.19.tar.bz >> evosuite-report-clz/test_run_fix.log 2>&1

Test suite archive not found: /home/liumengjiao/Desktop/CI/Evosuite//Math_104/Math/evosuite/19/Math-104f-evosuite.19.tar.bz
Died at /home/liumengjiao/Desktop/defects4j/framework/bin/d4j/d4j-test line 125.
Compilation failed in require at /home/liumengjiao/Desktop/defects4j/framework/bin/defects4j line 195.
cd /home/liumengjiao/Desktop/CI/Benchmark/../bugs/Math_104_fix && timeout 300000 defects4j test -s /home/liumengjiao/Desktop/CI/Evosuite//Math_104/Math/evosuite/20/Math-104f-evosuite.20.tar.bz >> evosuite-report-clz/test_run_fix.log 2>&1

Test suite archive not found: /home/liumengjiao/Desktop/CI/Evosuite//Math_104/Math/evosuite/20/Math-104f-evosuite.20.tar.bz
Died at /home/liumengjiao/Desktop/defects4j/framework/bin/d4j/d4j-test line 125.
Compilation failed in require at /home/liumengjiao/Desktop/defects4j/framework/bin/defects4j line 195.
cd /home/liumengjiao/Desktop/CI/Benchmark/../bugs/Math_104_fix && timeout 300000 defects4j test -s /home/liumengjiao/Desktop/CI/Evosuite//Math_104/Math/evosuite/21/Math-104f-evosuite.21.tar.bz >> evosuite-report-clz/test_run_fix.log 2>&1

Test suite archive not found: /home/liumengjiao/Desktop/CI/Evosuite//Math_104/Math/evosuite/21/Math-104f-evosuite.21.tar.bz
Died at /home/liumengjiao/Desktop/defects4j/framework/bin/d4j/d4j-test line 125.
Compilation failed in require at /home/liumengjiao/Desktop/defects4j/framework/bin/defects4j line 195.
cd /home/liumengjiao/Desktop/CI/Benchmark/../bugs/Math_104_fix && timeout 300000 defects4j test -s /home/liumengjiao/Desktop/CI/Evosuite//Math_104/Math/evosuite/22/Math-104f-evosuite.22.tar.bz >> evosuite-report-clz/test_run_fix.log 2>&1

Test suite archive not found: /home/liumengjiao/Desktop/CI/Evosuite//Math_104/Math/evosuite/22/Math-104f-evosuite.22.tar.bz
Died at /home/liumengjiao/Desktop/defects4j/framework/bin/d4j/d4j-test line 125.
Compilation failed in require at /home/liumengjiao/Desktop/defects4j/framework/bin/defects4j line 195.
cd /home/liumengjiao/Desktop/CI/Benchmark/../bugs/Math_104_fix && timeout 300000 defects4j test -s /home/liumengjiao/Desktop/CI/Evosuite//Math_104/Math/evosuite/23/Math-104f-evosuite.23.tar.bz >> evosuite-report-clz/test_run_fix.log 2>&1

Test suite archive not found: /home/liumengjiao/Desktop/CI/Evosuite//Math_104/Math/evosuite/23/Math-104f-evosuite.23.tar.bz
Died at /home/liumengjiao/Desktop/defects4j/framework/bin/d4j/d4j-test line 125.
Compilation failed in require at /home/liumengjiao/Desktop/defects4j/framework/bin/defects4j line 195.
cd /home/liumengjiao/Desktop/CI/Benchmark/../bugs/Math_104_fix && timeout 300000 defects4j test -s /home/liumengjiao/Desktop/CI/Evosuite//Math_104/Math/evosuite/24/Math-104f-evosuite.24.tar.bz >> evosuite-report-clz/test_run_fix.log 2>&1

Test suite archive not found: /home/liumengjiao/Desktop/CI/Evosuite//Math_104/Math/evosuite/24/Math-104f-evosuite.24.tar.bz
Died at /home/liumengjiao/Desktop/defects4j/framework/bin/d4j/d4j-test line 125.
Compilation failed in require at /home/liumengjiao/Desktop/defects4j/framework/bin/defects4j line 195.
cd /home/liumengjiao/Desktop/CI/Benchmark/../bugs/Math_104_fix && timeout 300000 defects4j test -s /home/liumengjiao/Desktop/CI/Evosuite//Math_104/Math/evosuite/25/Math-104f-evosuite.25.tar.bz >> evosuite-report-clz/test_run_fix.log 2>&1

Test suite archive not found: /home/liumengjiao/Desktop/CI/Evosuite//Math_104/Math/evosuite/25/Math-104f-evosuite.25.tar.bz
Died at /home/liumengjiao/Desktop/defects4j/framework/bin/d4j/d4j-test line 125.
Compilation failed in require at /home/liumengjiao/Desktop/defects4j/framework/bin/defects4j line 195.
cd /home/liumengjiao/Desktop/CI/Benchmark/../bugs/Math_104_fix && timeout 300000 defects4j test -s /home/liumengjiao/Desktop/CI/Evosuite//Math_104/Math/evosuite/26/Math-104f-evosuite.26.tar.bz >> evosuite-report-clz/test_run_fix.log 2>&1

Test suite archive not found: /home/liumengjiao/Desktop/CI/Evosuite//Math_104/Math/evosuite/26/Math-104f-evosuite.26.tar.bz
Died at /home/liumengjiao/Desktop/defects4j/framework/bin/d4j/d4j-test line 125.
Compilation failed in require at /home/liumengjiao/Desktop/defects4j/framework/bin/defects4j line 195.
cd /home/liumengjiao/Desktop/CI/Benchmark/../bugs/Math_104_fix && timeout 300000 defects4j test -s /home/liumengjiao/Desktop/CI/Evosuite//Math_104/Math/evosuite/27/Math-104f-evosuite.27.tar.bz >> evosuite-report-clz/test_run_fix.log 2>&1

Test suite archive not found: /home/liumengjiao/Desktop/CI/Evosuite//Math_104/Math/evosuite/27/Math-104f-evosuite.27.tar.bz
Died at /home/liumengjiao/Desktop/defects4j/framework/bin/d4j/d4j-test line 125.
Compilation failed in require at /home/liumengjiao/Desktop/defects4j/framework/bin/defects4j line 195.
cd /home/liumengjiao/Desktop/CI/Benchmark/../bugs/Math_104_fix && timeout 300000 defects4j test -s /home/liumengjiao/Desktop/CI/Evosuite//Math_104/Math/evosuite/28/Math-104f-evosuite.28.tar.bz >> evosuite-report-clz/test_run_fix.log 2>&1

Test suite archive not found: /home/liumengjiao/Desktop/CI/Evosuite//Math_104/Math/evosuite/28/Math-104f-evosuite.28.tar.bz
Died at /home/liumengjiao/Desktop/defects4j/framework/bin/d4j/d4j-test line 125.
Compilation failed in require at /home/liumengjiao/Desktop/defects4j/framework/bin/defects4j line 195.
