cd /home/liumengjiao/Desktop/CI/Benchmark/../bugs/Math_104_fix && timeout 300000 gen_tests.pl -g evosuite -p Math -v 104f -n 3 -o /home/liumengjiao/Desktop/CI/Evosuite/Math_104/ -b 300 >> evosuite-report-clz/test_gen_fix.log 2>&1

--------------------------------------------------------------------------------
                     Defects4j Execution Environment 
--------------------------------------------------------------------------------
PWD.........................../home/liumengjiao/Desktop/CI/bugs/Math_104_fix
SHELL........................./bin/bash
TZ............................America/Los_Angeles
JAVA_HOME...................../usr/local/lib/jdk1.8.0_351
Java Exec...................../usr/local/lib/jdk1.8.0_351/bin/java
Java Exec Resolved............/usr/local/lib/jdk1.8.0_351/bin/java
Java Version:
  java version "1.8.0_351"
  Java(TM) SE Runtime Environment (build 1.8.0_351-b10)
  Java HotSpot(TM) 64-Bit Server VM (build 25.351-b10, mixed mode)
Git version...................git version 2.34.1
SVN version...................1.14.1
Perl version..................v5.34.0
--------------------------------------------------------------------------------
Checking out e39a7750 to /tmp/gen_tests.pl_562597_1695217120............... OK
Executed command: git clone /home/liumengjiao/Desktop/defects4j/project_repos/commons-math.git /tmp/gen_tests.pl_562597_1695217120 2>&1 && cd /tmp/gen_tests.pl_562597_1695217120 && git checkout e39a7750ef362679599b623b05bfadb150832515 2>&1
Cloning into '/tmp/gen_tests.pl_562597_1695217120'...
done.
Note: switching to 'e39a7750ef362679599b623b05bfadb150832515'.

You are in 'detached HEAD' state. You can look around, make experimental
changes and commit them, and you can discard any commits you make in this
state without impacting any branches by switching back to a branch.

If you want to create a new branch to retain commits you create, you may
do so (now or later) by using -c with the switch command. Example:

  git switch -c <new-branch-name>

Or undo this operation with:

  git switch -

Turn off this advice by setting config variable advice.detachedHead to false

HEAD is now at e39a7750e Increased default epsilon for Gamma, Beta function evaluation. JIRA: MATH-166 Reported and patched by Lukas Theussl
Init local repository...................................................... OK
Executed command: cd /tmp/gen_tests.pl_562597_1695217120 && git init 2>&1 && git config user.name defects4j 2>&1 && git config user.email defects4j@localhost 2>&1 && git config core.autocrlf false 2>&1
Reinitialized existing Git repository in /tmp/gen_tests.pl_562597_1695217120/.git/
Tag post-fix revision...................................................... OK
Executed command: cd /tmp/gen_tests.pl_562597_1695217120 && git init 2>&1 && echo ".svn" > .gitignore && git add -A 2>&1 && git commit -a -m D4J_Math_104_POST_FIX_REVISION 2>&1 && git tag D4J_Math_104_POST_FIX_REVISION 2>&1
Reinitialized existing Git repository in /tmp/gen_tests.pl_562597_1695217120/.git/
[detached HEAD b9a23e7f6] D4J_Math_104_POST_FIX_REVISION
 2 files changed, 4 insertions(+)
 create mode 100644 .defects4j.config
 create mode 100644 .gitignore
Excluding broken/flaky tests............................................... OK
Executed command: /home/liumengjiao/Desktop/defects4j/framework/util/rm_broken_tests.pl /home/liumengjiao/Desktop/defects4j/framework/projects/Math/random_tests /tmp/gen_tests.pl_562597_1695217120/src/test
Excluding broken/flaky tests............................................... OK
Executed command: /home/liumengjiao/Desktop/defects4j/framework/util/rm_broken_tests.pl /home/liumengjiao/Desktop/defects4j/framework/projects/Math/broken_tests /tmp/gen_tests.pl_562597_1695217120/src/test
Initialize fixed program version........................................... OK
Executed command: cd /tmp/gen_tests.pl_562597_1695217120 && git add -A 2>&1 && git commit -a -m "D4J_Math_104_FIXED_VERSION" 2>&1 && git tag D4J_Math_104_FIXED_VERSION 2>&1
[detached HEAD 8a387a5b2] D4J_Math_104_FIXED_VERSION
 9 files changed, 600 insertions(+)
 create mode 100644 defects4j.build.properties
 create mode 100644 src/test/org/apache/commons/math/distribution/ChiSquareDistributionTest.java.bak
 create mode 100644 src/test/org/apache/commons/math/distribution/WeibullDistributionTest.java.bak
 create mode 100644 src/test/org/apache/commons/math/ode/GraggBulirschStoerIntegratorTest.java.bak
 create mode 100644 src/test/org/apache/commons/math/stat/descriptive/summary/SumTest.java.bak
Apply patch................................................................ OK
Executed command: cd /tmp/gen_tests.pl_562597_1695217120; git apply -p1 /home/liumengjiao/Desktop/defects4j/framework/projects/Math/patches/104.src.patch 2>&1
Initialize buggy program version........................................... OK
Executed command: cd /tmp/gen_tests.pl_562597_1695217120 && git add -A 2>&1 && git commit -a -m "D4J_Math_104_BUGGY_VERSION" 2>&1 && git tag D4J_Math_104_BUGGY_VERSION 2>&1
[detached HEAD e25f2b586] D4J_Math_104_BUGGY_VERSION
 2 files changed, 2 insertions(+), 2 deletions(-)
Diff e39a7750:c43fa5d5..................................................... OK
Executed command: git --git-dir=/home/liumengjiao/Desktop/defects4j/project_repos/commons-math.git diff --no-ext-diff --binary e39a7750ef362679599b623b05bfadb150832515 c43fa5d5abc9a17a1bcc05831dfc42a5d0195bff 
diff --git a/src/java/org/apache/commons/math/special/Beta.java b/src/java/org/apache/commons/math/special/Beta.java
index 904e15663..4239c252d 100644
--- a/src/java/org/apache/commons/math/special/Beta.java
+++ b/src/java/org/apache/commons/math/special/Beta.java
@@ -33,7 +33,7 @@ public class Beta implements Serializable {
     private static final long serialVersionUID = -3833485397404128220L;
 
     /** Maximum allowed numerical error. */
-    private static final double DEFAULT_EPSILON = 10e-15;
+    private static final double DEFAULT_EPSILON = 10e-9;
 
     /**
      * Default constructor.  Prohibit instantiation.
diff --git a/src/java/org/apache/commons/math/special/Gamma.java b/src/java/org/apache/commons/math/special/Gamma.java
index ba2c4dbf3..8c565cbff 100644
--- a/src/java/org/apache/commons/math/special/Gamma.java
+++ b/src/java/org/apache/commons/math/special/Gamma.java
@@ -34,7 +34,7 @@ public class Gamma implements Serializable {
     private static final long serialVersionUID = -6587513359895466954L;
 
     /** Maximum allowed numerical error. */
-    private static final double DEFAULT_EPSILON = 10e-15;
+    private static final double DEFAULT_EPSILON = 10e-9;
 
     /** Lanczos coefficients */
     private static double[] lanczos =
diff --git a/src/test/org/apache/commons/math/special/BetaTest.java b/src/test/org/apache/commons/math/special/BetaTest.java
index 01446afce..5e916e246 100644
--- a/src/test/org/apache/commons/math/special/BetaTest.java
+++ b/src/test/org/apache/commons/math/special/BetaTest.java
@@ -38,7 +38,7 @@ public class BetaTest extends TestCase {
     {
         try {
             double actual = Beta.regularizedBeta(x, a, b);
-            TestUtils.assertEquals(expected, actual, 10e-15);
+            TestUtils.assertEquals(expected, actual, 10e-5);
         } catch(MathException ex){
             fail(ex.getMessage());
         }
@@ -46,7 +46,7 @@ public class BetaTest extends TestCase {
 
     private void testLogBeta(double expected, double a, double b) {
         double actual = Beta.logBeta(a, b);
-        TestUtils.assertEquals(expected, actual, 10e-15);
+        TestUtils.assertEquals(expected, actual, 10e-5);
     }
 
     public void testRegularizedBetaNanPositivePositive() {
@@ -114,6 +114,6 @@ public class BetaTest extends TestCase {
     }
     
     public void testLogBetaPositivePositive() {
-        testLogBeta(-0.693147180559945, 1.0, 2.0);
+        testLogBeta(-0.693147, 1.0, 2.0);
     }
 }
\ No newline at end of file
diff --git a/src/test/org/apache/commons/math/special/GammaTest.java b/src/test/org/apache/commons/math/special/GammaTest.java
index e7d459616..e7524f1b6 100644
--- a/src/test/org/apache/commons/math/special/GammaTest.java
+++ b/src/test/org/apache/commons/math/special/GammaTest.java
@@ -37,8 +37,8 @@ public class GammaTest extends TestCase {
         try {
             double actualP = Gamma.regularizedGammaP(a, x);
             double actualQ = Gamma.regularizedGammaQ(a, x);
-            TestUtils.assertEquals(expected, actualP, 10e-15);
-            TestUtils.assertEquals(actualP, 1.0 - actualQ, 10e-15);
+            TestUtils.assertEquals(expected, actualP, 10e-5);
+            TestUtils.assertEquals(actualP, 1.0 - actualQ, 10e-5);
         } catch(MathException ex){
             fail(ex.getMessage());
         }
@@ -46,7 +46,7 @@ public class GammaTest extends TestCase {
 
     private void testLogGamma(double expected, double x) {
         double actual = Gamma.logGamma(x);
-        TestUtils.assertEquals(expected, actual, 10e-15);
+        TestUtils.assertEquals(expected, actual, 10e-5);
     }
 
     public void testRegularizedGammaNanPositive() {
@@ -74,7 +74,7 @@ public class GammaTest extends TestCase {
     }
     
     public void testRegularizedGammaPositivePositive() {
-        testRegularizedGamma(0.632120558828558, 1.0, 1.0);
+        testRegularizedGamma(0.632121, 1.0, 1.0);
     }
     
     public void testLogGammaNan() {
@@ -90,6 +90,6 @@ public class GammaTest extends TestCase {
     }
     
     public void testLogGammaPositive() {
-        testLogGamma(0.6931471805599457, 3.0);
+        testLogGamma(0.693147, 3.0);
     }
 }
diff --git a/xdocs/changes.xml b/xdocs/changes.xml
index 441a7a262..f8f088c0e 100644
--- a/xdocs/changes.xml
+++ b/xdocs/changes.xml
@@ -78,9 +78,6 @@ Commons Math Release Notes</title>
       <action dev="brentworden" type="fix" issue="MATH-153" due-to="Remi Arntzen">
         Corrected nextInt and nextLong to handle wide value ranges.
       </action>
-      <action dev="psteitz" type="fix" issue="MATH-166" due-to="Lukas Theussl">
-        Increased default precision of Gamma and Beta functions.
-      </action>
     </release>
     <release version="1.1" date="2005-12-17"  
  description="This is a maintenance release containing bug fixes and enhancements.
Apply patch................................................................ OK
Executed command: cd /tmp/gen_tests.pl_562597_1695217120; git apply -p1 /tmp/gen_tests.pl_562597_1695217120/.defects4j.diff 2>&1
Tag pre-fix revision....................................................... OK
Executed command: cd /tmp/gen_tests.pl_562597_1695217120 && git add -A 2>&1 && git commit -a -m "D4J_Math_104_PRE_FIX_REVISION" 2>&1 && git tag D4J_Math_104_PRE_FIX_REVISION 2>&1
[detached HEAD 861ac5d3a] D4J_Math_104_PRE_FIX_REVISION
 5 files changed, 10 insertions(+), 13 deletions(-)
Check out program version: Math-104f....................................... OK
Executed command: cd /tmp/gen_tests.pl_562597_1695217120 && git checkout D4J_Math_104_FIXED_VERSION 2>&1
Previous HEAD position was 861ac5d3a D4J_Math_104_PRE_FIX_REVISION
HEAD is now at 8a387a5b2 D4J_Math_104_FIXED_VERSION
Running ant (compile)...................................................... OK
Executed command:  cd /tmp/gen_tests.pl_562597_1695217120 && /home/liumengjiao/Desktop/defects4j/major/bin/ant -f /home/liumengjiao/Desktop/defects4j/framework/projects/defects4j.build.xml -Dd4j.home=/home/liumengjiao/Desktop/defects4j -Dd4j.dir.projects=/home/liumengjiao/Desktop/defects4j/framework/projects -Dbasedir=/tmp/gen_tests.pl_562597_1695217120 -Dbuild.compiler=javac1.7  compile 2>&1
Java HotSpot(TM) 64-Bit Server VM warning: ignoring option MaxPermSize=1G; support was removed in 8.0
Buildfile: /home/liumengjiao/Desktop/defects4j/framework/projects/defects4j.build.xml

init:

setProxy:

noProxy:
     [echo] Proxy not used.

get-custom-dep-commons-logging.jar:

get-dep-commons-logging.jar:
      [get] Getting: http://www.ibiblio.org/maven/commons-logging/jars/commons-logging-1.0.4.jar
      [get] To: /home/liumengjiao/.maven/repository/commons-logging/jars/commons-logging-1.0.4.jar
      [get] Error opening connection java.io.FileNotFoundException: http://www.ibiblio.org/maven/commons-logging/jars/commons-logging-1.0.4.jar
      [get] Error opening connection java.io.FileNotFoundException: http://www.ibiblio.org/maven/commons-logging/jars/commons-logging-1.0.4.jar
      [get] Error opening connection java.io.FileNotFoundException: http://www.ibiblio.org/maven/commons-logging/jars/commons-logging-1.0.4.jar
      [get] Can't get http://www.ibiblio.org/maven/commons-logging/jars/commons-logging-1.0.4.jar to /home/liumengjiao/.maven/repository/commons-logging/jars/commons-logging-1.0.4.jar

get-custom-dep-commons-discovery.jar:

get-dep-commons-discovery.jar:
      [get] Getting: http://www.ibiblio.org/maven/commons-discovery/jars/commons-discovery-0.2.jar
      [get] To: /home/liumengjiao/.maven/repository/commons-discovery/jars/commons-discovery-0.2.jar
      [get] Error opening connection java.io.FileNotFoundException: http://www.ibiblio.org/maven/commons-discovery/jars/commons-discovery-0.2.jar
      [get] Error opening connection java.io.FileNotFoundException: http://www.ibiblio.org/maven/commons-discovery/jars/commons-discovery-0.2.jar
      [get] Error opening connection java.io.FileNotFoundException: http://www.ibiblio.org/maven/commons-discovery/jars/commons-discovery-0.2.jar
      [get] Can't get http://www.ibiblio.org/maven/commons-discovery/jars/commons-discovery-0.2.jar to /home/liumengjiao/.maven/repository/commons-discovery/jars/commons-discovery-0.2.jar

get-deps:

compile:
    [mkdir] Created dir: /tmp/gen_tests.pl_562597_1695217120/target/classes
    [javac] /tmp/gen_tests.pl_562597_1695217120/build.xml:72: warning: 'includeantruntime' was not set, defaulting to build.sysclasspath=last; set to false for repeatable builds
    [javac] Compiling 215 source files to /tmp/gen_tests.pl_562597_1695217120/target/classes
    [javac] warning: /usr/local/lib/jdk1.8.0_351/lib/ct.sym(META-INF/sym/rt.jar/java/io/PrintStream.class): major version 52 is newer than 51, the highest major version supported by this compiler.
    [javac]   It is recommended that the compiler be upgraded.
    [javac] warning: /usr/local/lib/jdk1.8.0_351/lib/ct.sym(META-INF/sym/rt.jar/java/io/PrintWriter.class): major version 52 is newer than 51, the highest major version supported by this compiler.
    [javac]   It is recommended that the compiler be upgraded.
    [javac] warning: /usr/local/lib/jdk1.8.0_351/lib/ct.sym(META-INF/sym/rt.jar/java/text/MessageFormat.class): major version 52 is newer than 51, the highest major version supported by this compiler.
    [javac]   It is recommended that the compiler be upgraded.
    [javac] warning: /usr/local/lib/jdk1.8.0_351/lib/ct.sym(META-INF/sym/rt.jar/java/util/Locale.class): major version 52 is newer than 51, the highest major version supported by this compiler.
    [javac]   It is recommended that the compiler be upgraded.
    [javac] warning: /usr/local/lib/jdk1.8.0_351/lib/ct.sym(META-INF/sym/rt.jar/java/util/MissingResourceException.class): major version 52 is newer than 51, the highest major version supported by this compiler.
    [javac]   It is recommended that the compiler be upgraded.
    [javac] warning: /usr/local/lib/jdk1.8.0_351/lib/ct.sym(META-INF/sym/rt.jar/java/util/ResourceBundle.class): major version 52 is newer than 51, the highest major version supported by this compiler.
    [javac]   It is recommended that the compiler be upgraded.
    [javac] warning: /usr/local/lib/jdk1.8.0_351/lib/ct.sym(META-INF/sym/rt.jar/java/lang/Exception.class): major version 52 is newer than 51, the highest major version supported by this compiler.
    [javac]   It is recommended that the compiler be upgraded.
    [javac] warning: /usr/local/lib/jdk1.8.0_351/lib/ct.sym(META-INF/sym/rt.jar/java/lang/Throwable.class): major version 52 is newer than 51, the highest major version supported by this compiler.
    [javac]   It is recommended that the compiler be upgraded.
    [javac] warning: /usr/local/lib/jdk1.8.0_351/lib/ct.sym(META-INF/sym/rt.jar/java/io/Serializable.class): major version 52 is newer than 51, the highest major version supported by this compiler.
    [javac]   It is recommended that the compiler be upgraded.
    [javac] warning: /usr/local/lib/jdk1.8.0_351/lib/ct.sym(META-INF/sym/rt.jar/java/lang/Object.class): major version 52 is newer than 51, the highest major version supported by this compiler.
    [javac]   It is recommended that the compiler be upgraded.
    [javac] warning: /usr/local/lib/jdk1.8.0_351/lib/ct.sym(META-INF/sym/rt.jar/java/lang/String.class): major version 52 is newer than 51, the highest major version supported by this compiler.
    [javac]   It is recommended that the compiler be upgraded.
    [javac] warning: /usr/local/lib/jdk1.8.0_351/lib/ct.sym(META-INF/sym/rt.jar/java/util/ListResourceBundle.class): major version 52 is newer than 51, the highest major version supported by this compiler.
    [javac]   It is recommended that the compiler be upgraded.
    [javac] warning: /usr/local/lib/jdk1.8.0_351/lib/ct.sym(META-INF/sym/rt.jar/java/lang/IllegalArgumentException.class): major version 52 is newer than 51, the highest major version supported by this compiler.
    [javac]   It is recommended that the compiler be upgraded.
    [javac] warning: /usr/local/lib/jdk1.8.0_351/lib/ct.sym(META-INF/sym/rt.jar/java/io/IOException.class): major version 52 is newer than 51, the highest major version supported by this compiler.
    [javac]   It is recommended that the compiler be upgraded.
    [javac] warning: /usr/local/lib/jdk1.8.0_351/lib/ct.sym(META-INF/sym/rt.jar/java/io/ObjectInputStream.class): major version 52 is newer than 51, the highest major version supported by this compiler.
    [javac]   It is recommended that the compiler be upgraded.
    [javac] warning: /usr/local/lib/jdk1.8.0_351/lib/ct.sym(META-INF/sym/rt.jar/java/lang/ClassNotFoundException.class): major version 52 is newer than 51, the highest major version supported by this compiler.
    [javac]   It is recommended that the compiler be upgraded.
    [javac] warning: /usr/local/lib/jdk1.8.0_351/lib/ct.sym(META-INF/sym/rt.jar/java/lang/ArithmeticException.class): major version 52 is newer than 51, the highest major version supported by this compiler.
    [javac]   It is recommended that the compiler be upgraded.
    [javac] warning: /usr/local/lib/jdk1.8.0_351/lib/ct.sym(META-INF/sym/rt.jar/java/util/Arrays.class): major version 52 is newer than 51, the highest major version supported by this compiler.
    [javac]   It is recommended that the compiler be upgraded.
    [javac] warning: /usr/local/lib/jdk1.8.0_351/lib/ct.sym(META-INF/sym/rt.jar/java/lang/IllegalStateException.class): major version 52 is newer than 51, the highest major version supported by this compiler.
    [javac]   It is recommended that the compiler be upgraded.
    [javac] warning: /usr/local/lib/jdk1.8.0_351/lib/ct.sym(META-INF/sym/rt.jar/java/text/FieldPosition.class): major version 52 is newer than 51, the highest major version supported by this compiler.
    [javac]   It is recommended that the compiler be upgraded.
    [javac] warning: /usr/local/lib/jdk1.8.0_351/lib/ct.sym(META-INF/sym/rt.jar/java/text/Format.class): major version 52 is newer than 51, the highest major version supported by this compiler.
    [javac]   It is recommended that the compiler be upgraded.
    [javac] warning: /usr/local/lib/jdk1.8.0_351/lib/ct.sym(META-INF/sym/rt.jar/java/text/NumberFormat.class): major version 52 is newer than 51, the highest major version supported by this compiler.
    [javac]   It is recommended that the compiler be upgraded.
    [javac] warning: /usr/local/lib/jdk1.8.0_351/lib/ct.sym(META-INF/sym/rt.jar/java/text/ParseException.class): major version 52 is newer than 51, the highest major version supported by this compiler.
    [javac]   It is recommended that the compiler be upgraded.
    [javac] warning: /usr/local/lib/jdk1.8.0_351/lib/ct.sym(META-INF/sym/rt.jar/java/text/ParsePosition.class): major version 52 is newer than 51, the highest major version supported by this compiler.
    [javac]   It is recommended that the compiler be upgraded.
    [javac] warning: /usr/local/lib/jdk1.8.0_351/lib/ct.sym(META-INF/sym/rt.jar/java/lang/Cloneable.class): major version 52 is newer than 51, the highest major version supported by this compiler.
    [javac]   It is recommended that the compiler be upgraded.
    [javac] warning: /usr/local/lib/jdk1.8.0_351/lib/ct.sym(META-INF/sym/rt.jar/java/lang/StringBuffer.class): major version 52 is newer than 51, the highest major version supported by this compiler.
    [javac]   It is recommended that the compiler be upgraded.
    [javac] warning: /usr/local/lib/jdk1.8.0_351/lib/ct.sym(META-INF/sym/rt.jar/java/lang/Number.class): major version 52 is newer than 51, the highest major version supported by this compiler.
    [javac]   It is recommended that the compiler be upgraded.
    [javac] warning: /usr/local/lib/jdk1.8.0_351/lib/ct.sym(META-INF/sym/rt.jar/java/math/BigInteger.class): major version 52 is newer than 51, the highest major version supported by this compiler.
    [javac]   It is recommended that the compiler be upgraded.
    [javac] warning: /usr/local/lib/jdk1.8.0_351/lib/ct.sym(META-INF/sym/rt.jar/java/lang/Comparable.class): major version 52 is newer than 51, the highest major version supported by this compiler.
    [javac]   It is recommended that the compiler be upgraded.
    [javac] warning: /usr/local/lib/jdk1.8.0_351/lib/ct.sym(META-INF/sym/rt.jar/java/math/BigDecimal.class): major version 52 is newer than 51, the highest major version supported by this compiler.
    [javac]   It is recommended that the compiler be upgraded.
    [javac] warning: /usr/local/lib/jdk1.8.0_351/lib/ct.sym(META-INF/sym/rt.jar/java/lang/RuntimeException.class): major version 52 is newer than 51, the highest major version supported by this compiler.
    [javac]   It is recommended that the compiler be upgraded.
    [javac] warning: /usr/local/lib/jdk1.8.0_351/lib/ct.sym(META-INF/sym/rt.jar/java/io/ObjectInput.class): major version 52 is newer than 51, the highest major version supported by this compiler.
    [javac]   It is recommended that the compiler be upgraded.
    [javac] warning: /usr/local/lib/jdk1.8.0_351/lib/ct.sym(META-INF/sym/rt.jar/java/io/ObjectOutput.class): major version 52 is newer than 51, the highest major version supported by this compiler.
    [javac]   It is recommended that the compiler be upgraded.
    [javac] warning: /usr/local/lib/jdk1.8.0_351/lib/ct.sym(META-INF/sym/rt.jar/java/io/Externalizable.class): major version 52 is newer than 51, the highest major version supported by this compiler.
    [javac]   It is recommended that the compiler be upgraded.
    [javac] warning: /usr/local/lib/jdk1.8.0_351/lib/ct.sym(META-INF/sym/rt.jar/java/util/ArrayList.class): major version 52 is newer than 51, the highest major version supported by this compiler.
    [javac]   It is recommended that the compiler be upgraded.
    [javac] warning: /usr/local/lib/jdk1.8.0_351/lib/ct.sym(META-INF/sym/rt.jar/java/util/Iterator.class): major version 52 is newer than 51, the highest major version supported by this compiler.
    [javac]   It is recommended that the compiler be upgraded.
    [javac] warning: /usr/local/lib/jdk1.8.0_351/lib/ct.sym(META-INF/sym/rt.jar/java/util/Comparator.class): major version 52 is newer than 51, the highest major version supported by this compiler.
    [javac]   It is recommended that the compiler be upgraded.
    [javac] warning: /usr/local/lib/jdk1.8.0_351/lib/ct.sym(META-INF/sym/rt.jar/java/io/File.class): major version 52 is newer than 51, the highest major version supported by this compiler.
    [javac]   It is recommended that the compiler be upgraded.
    [javac] warning: /usr/local/lib/jdk1.8.0_351/lib/ct.sym(META-INF/sym/rt.jar/java/net/URL.class): major version 52 is newer than 51, the highest major version supported by this compiler.
    [javac]   It is recommended that the compiler be upgraded.
    [javac] warning: /usr/local/lib/jdk1.8.0_351/lib/ct.sym(META-INF/sym/rt.jar/java/util/List.class): major version 52 is newer than 51, the highest major version supported by this compiler.
    [javac]   It is recommended that the compiler be upgraded.
    [javac] warning: /usr/local/lib/jdk1.8.0_351/lib/ct.sym(META-INF/sym/rt.jar/java/io/BufferedReader.class): major version 52 is newer than 51, the highest major version supported by this compiler.
    [javac]   It is recommended that the compiler be upgraded.
    [javac] warning: /usr/local/lib/jdk1.8.0_351/lib/ct.sym(META-INF/sym/rt.jar/java/io/FileReader.class): major version 52 is newer than 51, the highest major version supported by this compiler.
    [javac]   It is recommended that the compiler be upgraded.
    [javac] warning: /usr/local/lib/jdk1.8.0_351/lib/ct.sym(META-INF/sym/rt.jar/java/io/InputStreamReader.class): major version 52 is newer than 51, the highest major version supported by this compiler.
    [javac]   It is recommended that the compiler be upgraded.
    [javac] warning: /usr/local/lib/jdk1.8.0_351/lib/ct.sym(META-INF/sym/rt.jar/java/util/Collection.class): major version 52 is newer than 51, the highest major version supported by this compiler.
    [javac]   It is recommended that the compiler be upgraded.
    [javac] warning: /usr/local/lib/jdk1.8.0_351/lib/ct.sym(META-INF/sym/rt.jar/java/lang/Class.class): major version 52 is newer than 51, the highest major version supported by this compiler.
    [javac]   It is recommended that the compiler be upgraded.
    [javac] warning: /usr/local/lib/jdk1.8.0_351/lib/ct.sym(META-INF/sym/rt.jar/java/lang/InstantiationException.class): major version 52 is newer than 51, the highest major version supported by this compiler.
    [javac]   It is recommended that the compiler be upgraded.
    [javac] warning: /usr/local/lib/jdk1.8.0_351/lib/ct.sym(META-INF/sym/rt.jar/java/lang/IllegalAccessException.class): major version 52 is newer than 51, the highest major version supported by this compiler.
    [javac]   It is recommended that the compiler be upgraded.
    [javac] warning: /usr/local/lib/jdk1.8.0_351/lib/ct.sym(META-INF/sym/rt.jar/java/util/Random.class): major version 52 is newer than 51, the highest major version supported by this compiler.
    [javac]   It is recommended that the compiler be upgraded.
    [javac] warning: /usr/local/lib/jdk1.8.0_351/lib/ct.sym(META-INF/sym/rt.jar/java/security/MessageDigest.class): major version 52 is newer than 51, the highest major version supported by this compiler.
    [javac]   It is recommended that the compiler be upgraded.
    [javac] warning: /usr/local/lib/jdk1.8.0_351/lib/ct.sym(META-INF/sym/rt.jar/java/security/SecureRandom.class): major version 52 is newer than 51, the highest major version supported by this compiler.
    [javac]   It is recommended that the compiler be upgraded.
    [javac] warning: /usr/local/lib/jdk1.8.0_351/lib/ct.sym(META-INF/sym/rt.jar/java/security/NoSuchAlgorithmException.class): major version 52 is newer than 51, the highest major version supported by this compiler.
    [javac]   It is recommended that the compiler be upgraded.
    [javac] warning: /usr/local/lib/jdk1.8.0_351/lib/ct.sym(META-INF/sym/rt.jar/java/security/NoSuchProviderException.class): major version 52 is newer than 51, the highest major version supported by this compiler.
    [javac]   It is recommended that the compiler be upgraded.
    [javac] warning: /usr/local/lib/jdk1.8.0_351/lib/ct.sym(META-INF/sym/rt.jar/java/net/MalformedURLException.class): major version 52 is newer than 51, the highest major version supported by this compiler.
    [javac]   It is recommended that the compiler be upgraded.
    [javac] warning: /usr/local/lib/jdk1.8.0_351/lib/ct.sym(META-INF/sym/rt.jar/java/util/TreeMap.class): major version 52 is newer than 51, the highest major version supported by this compiler.
    [javac]   It is recommended that the compiler be upgraded.
    [javac] warning: /usr/local/lib/jdk1.8.0_351/lib/ct.sym(META-INF/sym/rt.jar/java/lang/Integer.class): major version 52 is newer than 51, the highest major version supported by this compiler.
    [javac]   It is recommended that the compiler be upgraded.
    [javac] /tmp/gen_tests.pl_562597_1695217120/src/java/org/apache/commons/math/stat/inference/ChiSquareTestImpl.java:22: warning: [deprecation] DistributionFactory in org.apache.commons.math.distribution has been deprecated
    [javac] import org.apache.commons.math.distribution.DistributionFactory;
    [javac]                                            ^
    [javac] /tmp/gen_tests.pl_562597_1695217120/src/java/org/apache/commons/math/stat/inference/TTestImpl.java:20: warning: [deprecation] DistributionFactory in org.apache.commons.math.distribution has been deprecated
    [javac] import org.apache.commons.math.distribution.DistributionFactory;
    [javac]                                            ^
    [javac] warning: /usr/local/lib/jdk1.8.0_351/lib/ct.sym(META-INF/sym/rt.jar/java/util/HashMap.class): major version 52 is newer than 51, the highest major version supported by this compiler.
    [javac]   It is recommended that the compiler be upgraded.
    [javac] warning: /usr/local/lib/jdk1.8.0_351/lib/ct.sym(META-INF/sym/rt.jar/java/util/Map.class): major version 52 is newer than 51, the highest major version supported by this compiler.
    [javac]   It is recommended that the compiler be upgraded.
    [javac] warning: /usr/local/lib/jdk1.8.0_351/lib/ct.sym(META-INF/sym/rt.jar/java/util/Set.class): major version 52 is newer than 51, the highest major version supported by this compiler.
    [javac]   It is recommended that the compiler be upgraded.
    [javac] /usr/local/lib/jdk1.8.0_351/lib/ct.sym(META-INF/sym/rt.jar/java/io/PrintStream.class): warning: Cannot find annotation method 'value()' in type 'Profile+Annotation': class file for jdk.Profile+Annotation not found
    [javac] /usr/local/lib/jdk1.8.0_351/lib/ct.sym(META-INF/sym/rt.jar/java/io/PrintWriter.class): warning: Cannot find annotation method 'value()' in type 'Profile+Annotation'
    [javac] /usr/local/lib/jdk1.8.0_351/lib/ct.sym(META-INF/sym/rt.jar/java/text/MessageFormat.class): warning: Cannot find annotation method 'value()' in type 'Profile+Annotation'
    [javac] /usr/local/lib/jdk1.8.0_351/lib/ct.sym(META-INF/sym/rt.jar/java/util/Locale.class): warning: Cannot find annotation method 'value()' in type 'Profile+Annotation'
    [javac] /usr/local/lib/jdk1.8.0_351/lib/ct.sym(META-INF/sym/rt.jar/java/util/MissingResourceException.class): warning: Cannot find annotation method 'value()' in type 'Profile+Annotation'
    [javac] /usr/local/lib/jdk1.8.0_351/lib/ct.sym(META-INF/sym/rt.jar/java/util/ResourceBundle.class): warning: Cannot find annotation method 'value()' in type 'Profile+Annotation'
    [javac] /usr/local/lib/jdk1.8.0_351/lib/ct.sym(META-INF/sym/rt.jar/java/lang/Exception.class): warning: Cannot find annotation method 'value()' in type 'Profile+Annotation'
    [javac] /usr/local/lib/jdk1.8.0_351/lib/ct.sym(META-INF/sym/rt.jar/java/lang/Throwable.class): warning: Cannot find annotation method 'value()' in type 'Profile+Annotation'
    [javac] /usr/local/lib/jdk1.8.0_351/lib/ct.sym(META-INF/sym/rt.jar/java/io/Serializable.class): warning: Cannot find annotation method 'value()' in type 'Profile+Annotation'
    [javac] /usr/local/lib/jdk1.8.0_351/lib/ct.sym(META-INF/sym/rt.jar/java/lang/Object.class): warning: Cannot find annotation method 'value()' in type 'Profile+Annotation'
    [javac] /usr/local/lib/jdk1.8.0_351/lib/ct.sym(META-INF/sym/rt.jar/java/lang/String.class): warning: Cannot find annotation method 'value()' in type 'Profile+Annotation'
    [javac] /usr/local/lib/jdk1.8.0_351/lib/ct.sym(META-INF/sym/rt.jar/java/util/ListResourceBundle.class): warning: Cannot find annotation method 'value()' in type 'Profile+Annotation'
    [javac] /usr/local/lib/jdk1.8.0_351/lib/ct.sym(META-INF/sym/rt.jar/java/lang/IllegalArgumentException.class): warning: Cannot find annotation method 'value()' in type 'Profile+Annotation'
    [javac] /usr/local/lib/jdk1.8.0_351/lib/ct.sym(META-INF/sym/rt.jar/java/io/IOException.class): warning: Cannot find annotation method 'value()' in type 'Profile+Annotation'
    [javac] /usr/local/lib/jdk1.8.0_351/lib/ct.sym(META-INF/sym/rt.jar/java/io/ObjectInputStream.class): warning: Cannot find annotation method 'value()' in type 'Profile+Annotation'
    [javac] /usr/local/lib/jdk1.8.0_351/lib/ct.sym(META-INF/sym/rt.jar/java/lang/ClassNotFoundException.class): warning: Cannot find annotation method 'value()' in type 'Profile+Annotation'
    [javac] /usr/local/lib/jdk1.8.0_351/lib/ct.sym(META-INF/sym/rt.jar/java/lang/ArithmeticException.class): warning: Cannot find annotation method 'value()' in type 'Profile+Annotation'
    [javac] /usr/local/lib/jdk1.8.0_351/lib/ct.sym(META-INF/sym/rt.jar/java/util/Arrays.class): warning: Cannot find annotation method 'value()' in type 'Profile+Annotation'
    [javac] /usr/local/lib/jdk1.8.0_351/lib/ct.sym(META-INF/sym/rt.jar/java/lang/IllegalStateException.class): warning: Cannot find annotation method 'value()' in type 'Profile+Annotation'
    [javac] /usr/local/lib/jdk1.8.0_351/lib/ct.sym(META-INF/sym/rt.jar/java/text/FieldPosition.class): warning: Cannot find annotation method 'value()' in type 'Profile+Annotation'
    [javac] /usr/local/lib/jdk1.8.0_351/lib/ct.sym(META-INF/sym/rt.jar/java/text/Format.class): warning: Cannot find annotation method 'value()' in type 'Profile+Annotation'
    [javac] /usr/local/lib/jdk1.8.0_351/lib/ct.sym(META-INF/sym/rt.jar/java/text/NumberFormat.class): warning: Cannot find annotation method 'value()' in type 'Profile+Annotation'
    [javac] /usr/local/lib/jdk1.8.0_351/lib/ct.sym(META-INF/sym/rt.jar/java/text/ParseException.class): warning: Cannot find annotation method 'value()' in type 'Profile+Annotation'
    [javac] /usr/local/lib/jdk1.8.0_351/lib/ct.sym(META-INF/sym/rt.jar/java/text/ParsePosition.class): warning: Cannot find annotation method 'value()' in type 'Profile+Annotation'
    [javac] /usr/local/lib/jdk1.8.0_351/lib/ct.sym(META-INF/sym/rt.jar/java/lang/Cloneable.class): warning: Cannot find annotation method 'value()' in type 'Profile+Annotation'
    [javac] /usr/local/lib/jdk1.8.0_351/lib/ct.sym(META-INF/sym/rt.jar/java/lang/StringBuffer.class): warning: Cannot find annotation method 'value()' in type 'Profile+Annotation'
    [javac] /usr/local/lib/jdk1.8.0_351/lib/ct.sym(META-INF/sym/rt.jar/java/lang/Number.class): warning: Cannot find annotation method 'value()' in type 'Profile+Annotation'
    [javac] /usr/local/lib/jdk1.8.0_351/lib/ct.sym(META-INF/sym/rt.jar/java/math/BigInteger.class): warning: Cannot find annotation method 'value()' in type 'Profile+Annotation'
    [javac] /usr/local/lib/jdk1.8.0_351/lib/ct.sym(META-INF/sym/rt.jar/java/lang/Comparable.class): warning: Cannot find annotation method 'value()' in type 'Profile+Annotation'
    [javac] /usr/local/lib/jdk1.8.0_351/lib/ct.sym(META-INF/sym/rt.jar/java/math/BigDecimal.class): warning: Cannot find annotation method 'value()' in type 'Profile+Annotation'
    [javac] /usr/local/lib/jdk1.8.0_351/lib/ct.sym(META-INF/sym/rt.jar/java/lang/RuntimeException.class): warning: Cannot find annotation method 'value()' in type 'Profile+Annotation'
    [javac] /usr/local/lib/jdk1.8.0_351/lib/ct.sym(META-INF/sym/rt.jar/java/io/ObjectInput.class): warning: Cannot find annotation method 'value()' in type 'Profile+Annotation'
    [javac] /usr/local/lib/jdk1.8.0_351/lib/ct.sym(META-INF/sym/rt.jar/java/io/ObjectOutput.class): warning: Cannot find annotation method 'value()' in type 'Profile+Annotation'
    [javac] /usr/local/lib/jdk1.8.0_351/lib/ct.sym(META-INF/sym/rt.jar/java/io/Externalizable.class): warning: Cannot find annotation method 'value()' in type 'Profile+Annotation'
    [javac] /usr/local/lib/jdk1.8.0_351/lib/ct.sym(META-INF/sym/rt.jar/java/util/ArrayList.class): warning: Cannot find annotation method 'value()' in type 'Profile+Annotation'
    [javac] /usr/local/lib/jdk1.8.0_351/lib/ct.sym(META-INF/sym/rt.jar/java/util/Iterator.class): warning: Cannot find annotation method 'value()' in type 'Profile+Annotation'
    [javac] /usr/local/lib/jdk1.8.0_351/lib/ct.sym(META-INF/sym/rt.jar/java/util/Comparator.class): warning: Cannot find annotation method 'value()' in type 'Profile+Annotation'
    [javac] /usr/local/lib/jdk1.8.0_351/lib/ct.sym(META-INF/sym/rt.jar/java/io/File.class): warning: Cannot find annotation method 'value()' in type 'Profile+Annotation'
    [javac] /usr/local/lib/jdk1.8.0_351/lib/ct.sym(META-INF/sym/rt.jar/java/net/URL.class): warning: Cannot find annotation method 'value()' in type 'Profile+Annotation'
    [javac] /usr/local/lib/jdk1.8.0_351/lib/ct.sym(META-INF/sym/rt.jar/java/util/List.class): warning: Cannot find annotation method 'value()' in type 'Profile+Annotation'
    [javac] Note: Some input files use unchecked or unsafe operations.
    [javac] Note: Recompile with -Xlint:unchecked for details.
    [javac] 100 warnings
    [mkdir] Created dir: /tmp/gen_tests.pl_562597_1695217120/target/classes/META-INF
     [copy] Copying 1 file to /tmp/gen_tests.pl_562597_1695217120/target/classes/META-INF

BUILD SUCCESSFUL
Total time: 3 seconds
Creating temporary output directory........................................ OK
Executed command: mkdir -p /tmp/gen_tests.pl_562597_1695217120/evosuite
Generating (regression) tests with: evosuite............................... OK
Executed command: /home/liumengjiao/Desktop/defects4j/framework/lib/test_generation/bin/evosuite.sh

Executing command:
java -cp /home/liumengjiao/Desktop/defects4j/framework/lib/test_generation/generation/evosuite-current.jar org.evosuite.EvoSuite     -class org.apache.commons.math.special.Gamma     -projectCP /tmp/gen_tests.pl_562597_1695217120/target/classes:/home/liumengjiao/Desktop/defects4j/framework/projects/Math/lib/commons-discovery-0.5.jar     -seed 3104     -Dsearch_budget=150     -Dassertion_timeout=150     -Dtest_dir=/tmp/gen_tests.pl_562597_1695217120/evosuite     -criterion branch -Dstopping_condition=MaxTime -Dshow_progress=false -Djunit_check=false -Dfilter_assertions=false -Dtest_comments=false -mem 1500 
* EvoSuite 1.1.0
* Going to generate test cases for class: org.apache.commons.math.special.Gamma
* Starting Client-0
* Connecting to master process on port 18818
* Analyzing classpath: 
  - /tmp/gen_tests.pl_562597_1695217120/target/classes
  - /home/liumengjiao/Desktop/defects4j/framework/projects/Math/lib/commons-discovery-0.5.jar
* Finished analyzing classpath
* Generating tests for class org.apache.commons.math.special.Gamma
* Test criterion:
  - Branch Coverage
* Total number of test goals for DYNAMOSA: 45
* Using seed 3104
* Starting evolution
* Initial Number of Goals in DynaMOSA = 11 / 45
* Search finished after 1s and 0 generations, 752 statements, best individual has fitness: 0.0
* Minimizing test suite
* Going to analyze the coverage criteria
* Coverage analysis for criterion BRANCH
* Coverage of criterion BRANCH: 100%
* Total number of goals: 45
* Number of covered goals: 45
* Generated 17 tests with total length 17
* Resulting test suite's coverage: 100%
* Generating assertions
* Resulting test suite's mutation score: 26%
* Writing tests to file
* Writing JUnit test case 'Gamma_ESTest' to /tmp/gen_tests.pl_562597_1695217120/evosuite
* Done!

* Computation finished
OK
Creating test suite archive................................................ OK
Executed command: tar -cjf /tmp/gen_tests.pl_562597_1695217120/Math-104f-evosuite.3.tar.bz2 -C /tmp/gen_tests.pl_562597_1695217120/evosuite/ .
Creating output directory.................................................. OK
Executed command: mkdir -p /home/liumengjiao/Desktop/CI/Evosuite/Math_104//Math/evosuite/3
Moving test suite archive to /home/liumengjiao/Desktop/CI/Evosuite/Math_104 OK
Executed command: mv /tmp/gen_tests.pl_562597_1695217120/Math-104f-evosuite.3.tar.bz2 /home/liumengjiao/Desktop/CI/Evosuite/Math_104//Math/evosuite/3
cd /home/liumengjiao/Desktop/CI/Benchmark/../bugs/Math_104_fix && /home/liumengjiao/Desktop/defects4j/framework/bin/gen_tests.pl -g evosuite -p Math -v 104f -n 0 -o /home/liumengjiao/Desktop/CI/Evosuite//Math_104 -b 3600 >> evosuite-report-clz/test_gen_fix.log 2>&1

Checking out e39a7750 to /tmp/gen_tests.pl_3449230_1703677392.............. OK
Init local repository...................................................... OK
Tag post-fix revision...................................................... OK
Excluding broken/flaky tests............................................... OK
Excluding broken/flaky tests............................................... OK
Initialize fixed program version........................................... OK
Apply patch................................................................ OK
Initialize buggy program version........................................... OK
Diff e39a7750:c43fa5d5..................................................... OK
Apply patch................................................................ OK
Tag pre-fix revision....................................................... OK
Check out program version: Math-104f....................................... OK
Running ant (compile)...................................................... OK
Creating temporary output directory........................................ OK
Generating (regression) tests with: evosuite............................... OK
Creating test suite archive................................................ OK
Creating output directory.................................................. OK
Moving test suite archive to /home/liumengjiao/Desktop/CI/Evosuite//Math_10 OK
cd /home/liumengjiao/Desktop/CI/Benchmark/../bugs/Math_104_fix && /home/liumengjiao/Desktop/defects4j/framework/bin/gen_tests.pl -g evosuite -p Math -v 104f -n 1 -o /home/liumengjiao/Desktop/CI/Evosuite//Math_104 -b 3600 >> evosuite-report-clz/test_gen_fix.log 2>&1

Checking out e39a7750 to /tmp/gen_tests.pl_3449554_1703677404.............. OK
Init local repository...................................................... OK
Tag post-fix revision...................................................... OK
Excluding broken/flaky tests............................................... OK
Excluding broken/flaky tests............................................... OK
Initialize fixed program version........................................... OK
Apply patch................................................................ OK
Initialize buggy program version........................................... OK
Diff e39a7750:c43fa5d5..................................................... OK
Apply patch................................................................ OK
Tag pre-fix revision....................................................... OK
Check out program version: Math-104f....................................... OK
Running ant (compile)...................................................... OK
Creating temporary output directory........................................ OK
Generating (regression) tests with: evosuite............................... OK
Creating test suite archive................................................ OK
Creating output directory.................................................. OK
Moving test suite archive to /home/liumengjiao/Desktop/CI/Evosuite//Math_10 OK
cd /home/liumengjiao/Desktop/CI/Benchmark/../bugs/Math_104_fix && /home/liumengjiao/Desktop/defects4j/framework/bin/gen_tests.pl -g evosuite -p Math -v 104f -n 2 -o /home/liumengjiao/Desktop/CI/Evosuite//Math_104 -b 3600 >> evosuite-report-clz/test_gen_fix.log 2>&1

Checking out e39a7750 to /tmp/gen_tests.pl_3449879_1703677417.............. OK
Init local repository...................................................... OK
Tag post-fix revision...................................................... OK
Excluding broken/flaky tests............................................... OK
Excluding broken/flaky tests............................................... OK
Initialize fixed program version........................................... OK
Apply patch................................................................ OK
Initialize buggy program version........................................... OK
Diff e39a7750:c43fa5d5..................................................... OK
Apply patch................................................................ OK
Tag pre-fix revision....................................................... OK
Check out program version: Math-104f....................................... OK
Running ant (compile)...................................................... OK
Creating temporary output directory........................................ OK
Generating (regression) tests with: evosuite............................... OK
Creating test suite archive................................................ OK
Creating output directory.................................................. OK
Moving test suite archive to /home/liumengjiao/Desktop/CI/Evosuite//Math_10 OK
cd /home/liumengjiao/Desktop/CI/Benchmark/../bugs/Math_104_fix && /home/liumengjiao/Desktop/defects4j/framework/bin/gen_tests.pl -g evosuite -p Math -v 104f -n 3 -o /home/liumengjiao/Desktop/CI/Evosuite//Math_104 -b 3600 >> evosuite-report-clz/test_gen_fix.log 2>&1

Checking out e39a7750 to /tmp/gen_tests.pl_3450197_1703677427.............. OK
Init local repository...................................................... OK
Tag post-fix revision...................................................... OK
Excluding broken/flaky tests............................................... OK
Excluding broken/flaky tests............................................... OK
Initialize fixed program version........................................... OK
Apply patch................................................................ OK
Initialize buggy program version........................................... OK
Diff e39a7750:c43fa5d5..................................................... OK
Apply patch................................................................ OK
Tag pre-fix revision....................................................... OK
Check out program version: Math-104f....................................... OK
Running ant (compile)...................................................... OK
Creating temporary output directory........................................ OK
Generating (regression) tests with: evosuite............................... OK
Creating test suite archive................................................ OK
Creating output directory.................................................. OK
Moving test suite archive to /home/liumengjiao/Desktop/CI/Evosuite//Math_10 OK
cd /home/liumengjiao/Desktop/CI/Benchmark/../bugs/Math_104_fix && /home/liumengjiao/Desktop/defects4j/framework/bin/gen_tests.pl -g evosuite -p Math -v 104f -n 4 -o /home/liumengjiao/Desktop/CI/Evosuite//Math_104 -b 3600 >> evosuite-report-clz/test_gen_fix.log 2>&1

Checking out e39a7750 to /tmp/gen_tests.pl_3450522_1703677449.............. OK
Init local repository...................................................... OK
Tag post-fix revision...................................................... OK
Excluding broken/flaky tests............................................... OK
Excluding broken/flaky tests............................................... OK
Initialize fixed program version........................................... OK
Apply patch................................................................ OK
Initialize buggy program version........................................... OK
Diff e39a7750:c43fa5d5..................................................... OK
Apply patch................................................................ OK
Tag pre-fix revision....................................................... OK
Check out program version: Math-104f....................................... OK
Running ant (compile)...................................................... OK
Creating temporary output directory........................................ OK
Generating (regression) tests with: evosuite............................... OK
Creating test suite archive................................................ OK
Creating output directory.................................................. OK
Moving test suite archive to /home/liumengjiao/Desktop/CI/Evosuite//Math_10 OK
cd /home/liumengjiao/Desktop/CI/Benchmark/../bugs/Math_104_fix && /home/liumengjiao/Desktop/defects4j/framework/bin/gen_tests.pl -g evosuite -p Math -v 104f -n 5 -o /home/liumengjiao/Desktop/CI/Evosuite//Math_104 -b 3600 >> evosuite-report-clz/test_gen_fix.log 2>&1

Checking out e39a7750 to /tmp/gen_tests.pl_3450855_1703677460.............. OK
Init local repository...................................................... OK
Tag post-fix revision...................................................... OK
Excluding broken/flaky tests............................................... OK
Excluding broken/flaky tests............................................... OK
Initialize fixed program version........................................... OK
Apply patch................................................................ OK
Initialize buggy program version........................................... OK
Diff e39a7750:c43fa5d5..................................................... OK
Apply patch................................................................ OK
Tag pre-fix revision....................................................... OK
Check out program version: Math-104f....................................... OK
Running ant (compile)...................................................... OK
Creating temporary output directory........................................ OK
Generating (regression) tests with: evosuite............................... OK
Creating test suite archive................................................ OK
Creating output directory.................................................. OK
Moving test suite archive to /home/liumengjiao/Desktop/CI/Evosuite//Math_10 OK
cd /home/liumengjiao/Desktop/CI/Benchmark/../bugs/Math_104_fix && /home/liumengjiao/Desktop/defects4j/framework/bin/gen_tests.pl -g evosuite -p Math -v 104f -n 6 -o /home/liumengjiao/Desktop/CI/Evosuite//Math_104 -b 3600 >> evosuite-report-clz/test_gen_fix.log 2>&1

Checking out e39a7750 to /tmp/gen_tests.pl_3451180_1703677476.............. OK
Init local repository...................................................... OK
Tag post-fix revision...................................................... OK
Excluding broken/flaky tests............................................... OK
Excluding broken/flaky tests............................................... OK
Initialize fixed program version........................................... OK
Apply patch................................................................ OK
Initialize buggy program version........................................... OK
Diff e39a7750:c43fa5d5..................................................... OK
Apply patch................................................................ OK
Tag pre-fix revision....................................................... OK
Check out program version: Math-104f....................................... OK
Running ant (compile)...................................................... OK
Creating temporary output directory........................................ OK
Generating (regression) tests with: evosuite............................... OK
Creating test suite archive................................................ OK
Creating output directory.................................................. OK
Moving test suite archive to /home/liumengjiao/Desktop/CI/Evosuite//Math_10 OK
cd /home/liumengjiao/Desktop/CI/Benchmark/../bugs/Math_104_fix && /home/liumengjiao/Desktop/defects4j/framework/bin/gen_tests.pl -g evosuite -p Math -v 104f -n 7 -o /home/liumengjiao/Desktop/CI/Evosuite//Math_104 -b 3600 >> evosuite-report-clz/test_gen_fix.log 2>&1

Checking out e39a7750 to /tmp/gen_tests.pl_3451497_1703677488.............. OK
Init local repository...................................................... OK
Tag post-fix revision...................................................... OK
Excluding broken/flaky tests............................................... OK
Excluding broken/flaky tests............................................... OK
Initialize fixed program version........................................... OK
Apply patch................................................................ OK
Initialize buggy program version........................................... OK
Diff e39a7750:c43fa5d5..................................................... OK
Apply patch................................................................ OK
Tag pre-fix revision....................................................... OK
Check out program version: Math-104f....................................... OK
Running ant (compile)...................................................... OK
Creating temporary output directory........................................ OK
Generating (regression) tests with: evosuite............................... OK
Creating test suite archive................................................ OK
Creating output directory.................................................. OK
Moving test suite archive to /home/liumengjiao/Desktop/CI/Evosuite//Math_10 OK
cd /home/liumengjiao/Desktop/CI/Benchmark/../bugs/Math_104_fix && /home/liumengjiao/Desktop/defects4j/framework/bin/gen_tests.pl -g evosuite -p Math -v 104f -n 8 -o /home/liumengjiao/Desktop/CI/Evosuite//Math_104 -b 3600 >> evosuite-report-clz/test_gen_fix.log 2>&1

Checking out e39a7750 to /tmp/gen_tests.pl_3451828_1703677499.............. OK
Init local repository...................................................... OK
Tag post-fix revision...................................................... OK
Excluding broken/flaky tests............................................... OK
Excluding broken/flaky tests............................................... OK
Initialize fixed program version........................................... OK
Apply patch................................................................ OK
Initialize buggy program version........................................... OK
Diff e39a7750:c43fa5d5..................................................... OK
Apply patch................................................................ OK
Tag pre-fix revision....................................................... OK
Check out program version: Math-104f....................................... OK
Running ant (compile)...................................................... OK
Creating temporary output directory........................................ OK
Generating (regression) tests with: evosuite............................... OK
Creating test suite archive................................................ OK
Creating output directory.................................................. OK
Moving test suite archive to /home/liumengjiao/Desktop/CI/Evosuite//Math_10 OK
cd /home/liumengjiao/Desktop/CI/Benchmark/../bugs/Math_104_fix && /home/liumengjiao/Desktop/defects4j/framework/bin/gen_tests.pl -g evosuite -p Math -v 104f -n 9 -o /home/liumengjiao/Desktop/CI/Evosuite//Math_104 -b 3600 >> evosuite-report-clz/test_gen_fix.log 2>&1

Checking out e39a7750 to /tmp/gen_tests.pl_3452144_1703677511.............. OK
Init local repository...................................................... OK
Tag post-fix revision...................................................... OK
Excluding broken/flaky tests............................................... OK
Excluding broken/flaky tests............................................... OK
Initialize fixed program version........................................... OK
Apply patch................................................................ OK
Initialize buggy program version........................................... OK
Diff e39a7750:c43fa5d5..................................................... OK
Apply patch................................................................ OK
Tag pre-fix revision....................................................... OK
Check out program version: Math-104f....................................... OK
Running ant (compile)...................................................... OK
Creating temporary output directory........................................ OK
Generating (regression) tests with: evosuite............................... OK
Creating test suite archive................................................ OK
Creating output directory.................................................. OK
Moving test suite archive to /home/liumengjiao/Desktop/CI/Evosuite//Math_10 OK
cd /home/liumengjiao/Desktop/CI/Benchmark/../bugs/Math_104_fix && /home/liumengjiao/Desktop/defects4j/framework/bin/gen_tests.pl -g evosuite -p Math -v 104f -n 10 -o /home/liumengjiao/Desktop/CI/Evosuite//Math_104 -b 3600 >> evosuite-report-clz/test_gen_fix.log 2>&1

Checking out e39a7750 to /tmp/gen_tests.pl_3452472_1703677533.............. OK
Init local repository...................................................... OK
Tag post-fix revision...................................................... OK
Excluding broken/flaky tests............................................... OK
Excluding broken/flaky tests............................................... OK
Initialize fixed program version........................................... OK
Apply patch................................................................ OK
Initialize buggy program version........................................... OK
Diff e39a7750:c43fa5d5..................................................... OK
Apply patch................................................................ OK
Tag pre-fix revision....................................................... OK
Check out program version: Math-104f....................................... OK
Running ant (compile)...................................................... OK
Creating temporary output directory........................................ OK
Generating (regression) tests with: evosuite............................... OK
Creating test suite archive................................................ OK
Creating output directory.................................................. OK
Moving test suite archive to /home/liumengjiao/Desktop/CI/Evosuite//Math_10 OK
cd /home/liumengjiao/Desktop/CI/Benchmark/../bugs/Math_104_fix && /home/liumengjiao/Desktop/defects4j/framework/bin/gen_tests.pl -g evosuite -p Math -v 104f -n 11 -o /home/liumengjiao/Desktop/CI/Evosuite//Math_104 -b 3600 >> evosuite-report-clz/test_gen_fix.log 2>&1

Checking out e39a7750 to /tmp/gen_tests.pl_3452792_1703677555.............. OK
Init local repository...................................................... OK
Tag post-fix revision...................................................... OK
Excluding broken/flaky tests............................................... OK
Excluding broken/flaky tests............................................... OK
Initialize fixed program version........................................... OK
Apply patch................................................................ OK
Initialize buggy program version........................................... OK
Diff e39a7750:c43fa5d5..................................................... OK
Apply patch................................................................ OK
Tag pre-fix revision....................................................... OK
Check out program version: Math-104f....................................... OK
Running ant (compile)...................................................... OK
Creating temporary output directory........................................ OK
Generating (regression) tests with: evosuite............................... OK
Creating test suite archive................................................ OK
Creating output directory.................................................. OK
Moving test suite archive to /home/liumengjiao/Desktop/CI/Evosuite//Math_10 OK
cd /home/liumengjiao/Desktop/CI/Benchmark/../bugs/Math_104_fix && /home/liumengjiao/Desktop/defects4j/framework/bin/gen_tests.pl -g evosuite -p Math -v 104f -n 12 -o /home/liumengjiao/Desktop/CI/Evosuite//Math_104 -b 3600 >> evosuite-report-clz/test_gen_fix.log 2>&1

Checking out e39a7750 to /tmp/gen_tests.pl_3453118_1703677572.............. OK
Init local repository...................................................... OK
Tag post-fix revision...................................................... OK
Excluding broken/flaky tests............................................... OK
Excluding broken/flaky tests............................................... OK
Initialize fixed program version........................................... OK
Apply patch................................................................ OK
Initialize buggy program version........................................... OK
Diff e39a7750:c43fa5d5..................................................... OK
Apply patch................................................................ OK
Tag pre-fix revision....................................................... OK
Check out program version: Math-104f....................................... OK
Running ant (compile)...................................................... OK
Creating temporary output directory........................................ OK
Generating (regression) tests with: evosuite............................... OK
Creating test suite archive................................................ OK
Creating output directory.................................................. OK
Moving test suite archive to /home/liumengjiao/Desktop/CI/Evosuite//Math_10 OK
cd /home/liumengjiao/Desktop/CI/Benchmark/../bugs/Math_104_fix && /home/liumengjiao/Desktop/defects4j/framework/bin/gen_tests.pl -g evosuite -p Math -v 104f -n 13 -o /home/liumengjiao/Desktop/CI/Evosuite//Math_104 -b 3600 >> evosuite-report-clz/test_gen_fix.log 2>&1

Checking out e39a7750 to /tmp/gen_tests.pl_3453448_1703677585.............. OK
Init local repository...................................................... OK
Tag post-fix revision...................................................... OK
Excluding broken/flaky tests............................................... OK
Excluding broken/flaky tests............................................... OK
Initialize fixed program version........................................... OK
Apply patch................................................................ OK
Initialize buggy program version........................................... OK
Diff e39a7750:c43fa5d5..................................................... OK
Apply patch................................................................ OK
Tag pre-fix revision....................................................... OK
Check out program version: Math-104f....................................... OK
Running ant (compile)...................................................... OK
Creating temporary output directory........................................ OK
Generating (regression) tests with: evosuite............................... OK
Creating test suite archive................................................ OK
Creating output directory.................................................. OK
Moving test suite archive to /home/liumengjiao/Desktop/CI/Evosuite//Math_10 OK
cd /home/liumengjiao/Desktop/CI/Benchmark/../bugs/Math_104_fix && /home/liumengjiao/Desktop/defects4j/framework/bin/gen_tests.pl -g evosuite -p Math -v 104f -n 14 -o /home/liumengjiao/Desktop/CI/Evosuite//Math_104 -b 3600 >> evosuite-report-clz/test_gen_fix.log 2>&1

Checking out e39a7750 to /tmp/gen_tests.pl_3453771_1703677600.............. OK
Init local repository...................................................... OK
Tag post-fix revision...................................................... OK
Excluding broken/flaky tests............................................... OK
Excluding broken/flaky tests............................................... OK
Initialize fixed program version........................................... OK
Apply patch................................................................ OK
Initialize buggy program version........................................... OK
Diff e39a7750:c43fa5d5..................................................... OK
Apply patch................................................................ OK
Tag pre-fix revision....................................................... OK
Check out program version: Math-104f....................................... OK
Running ant (compile)...................................................... OK
Creating temporary output directory........................................ OK
Generating (regression) tests with: evosuite............................... OK
Creating test suite archive................................................ OK
Creating output directory.................................................. OK
Moving test suite archive to /home/liumengjiao/Desktop/CI/Evosuite//Math_10 OK
cd /home/liumengjiao/Desktop/CI/Benchmark/../bugs/Math_104_fix && /home/liumengjiao/Desktop/defects4j/framework/bin/gen_tests.pl -g evosuite -p Math -v 104f -n 15 -o /home/liumengjiao/Desktop/CI/Evosuite//Math_104 -b 3600 >> evosuite-report-clz/test_gen_fix.log 2>&1

Checking out e39a7750 to /tmp/gen_tests.pl_3454089_1703677610.............. OK
Init local repository...................................................... OK
Tag post-fix revision...................................................... OK
Excluding broken/flaky tests............................................... OK
Excluding broken/flaky tests............................................... OK
Initialize fixed program version........................................... OK
Apply patch................................................................ OK
Initialize buggy program version........................................... OK
Diff e39a7750:c43fa5d5..................................................... OK
Apply patch................................................................ OK
Tag pre-fix revision....................................................... OK
Check out program version: Math-104f....................................... OK
Running ant (compile)...................................................... OK
Creating temporary output directory........................................ OK
Generating (regression) tests with: evosuite............................... OK
Creating test suite archive................................................ OK
Creating output directory.................................................. OK
Moving test suite archive to /home/liumengjiao/Desktop/CI/Evosuite//Math_10 OK
cd /home/liumengjiao/Desktop/CI/Benchmark/../bugs/Math_104_fix && /home/liumengjiao/Desktop/defects4j/framework/bin/gen_tests.pl -g evosuite -p Math -v 104f -n 16 -o /home/liumengjiao/Desktop/CI/Evosuite//Math_104 -b 3600 >> evosuite-report-clz/test_gen_fix.log 2>&1

Checking out e39a7750 to /tmp/gen_tests.pl_3454414_1703677622.............. OK
Init local repository...................................................... OK
Tag post-fix revision...................................................... OK
Excluding broken/flaky tests............................................... OK
Excluding broken/flaky tests............................................... OK
Initialize fixed program version........................................... OK
Apply patch................................................................ OK
Initialize buggy program version........................................... OK
Diff e39a7750:c43fa5d5..................................................... OK
Apply patch................................................................ OK
Tag pre-fix revision....................................................... OK
Check out program version: Math-104f....................................... OK
Running ant (compile)...................................................... OK
Creating temporary output directory........................................ OK
Generating (regression) tests with: evosuite............................... OK
Creating test suite archive................................................ OK
Creating output directory.................................................. OK
Moving test suite archive to /home/liumengjiao/Desktop/CI/Evosuite//Math_10 OK
cd /home/liumengjiao/Desktop/CI/Benchmark/../bugs/Math_104_fix && /home/liumengjiao/Desktop/defects4j/framework/bin/gen_tests.pl -g evosuite -p Math -v 104f -n 17 -o /home/liumengjiao/Desktop/CI/Evosuite//Math_104 -b 3600 >> evosuite-report-clz/test_gen_fix.log 2>&1

Checking out e39a7750 to /tmp/gen_tests.pl_3454731_1703677633.............. OK
Init local repository...................................................... OK
Tag post-fix revision...................................................... OK
Excluding broken/flaky tests............................................... OK
Excluding broken/flaky tests............................................... OK
Initialize fixed program version........................................... OK
Apply patch................................................................ OK
Initialize buggy program version........................................... OK
Diff e39a7750:c43fa5d5..................................................... OK
Apply patch................................................................ OK
Tag pre-fix revision....................................................... OK
Check out program version: Math-104f....................................... OK
Running ant (compile)...................................................... OK
Creating temporary output directory........................................ OK
Generating (regression) tests with: evosuite............................... OK
Creating test suite archive................................................ OK
Creating output directory.................................................. OK
Moving test suite archive to /home/liumengjiao/Desktop/CI/Evosuite//Math_10 OK
cd /home/liumengjiao/Desktop/CI/Benchmark/../bugs/Math_104_fix && /home/liumengjiao/Desktop/defects4j/framework/bin/gen_tests.pl -g evosuite -p Math -v 104f -n 18 -o /home/liumengjiao/Desktop/CI/Evosuite//Math_104 -b 3600 >> evosuite-report-clz/test_gen_fix.log 2>&1

Checking out e39a7750 to /tmp/gen_tests.pl_3455057_1703677649.............. OK
Init local repository...................................................... OK
Tag post-fix revision...................................................... OK
Excluding broken/flaky tests............................................... OK
Excluding broken/flaky tests............................................... OK
Initialize fixed program version........................................... OK
Apply patch................................................................ OK
Initialize buggy program version........................................... OK
Diff e39a7750:c43fa5d5..................................................... OK
Apply patch................................................................ OK
Tag pre-fix revision....................................................... OK
Check out program version: Math-104f....................................... OK
Running ant (compile)...................................................... OK
Creating temporary output directory........................................ OK
Generating (regression) tests with: evosuite............................... OK
Creating test suite archive................................................ OK
Creating output directory.................................................. OK
Moving test suite archive to /home/liumengjiao/Desktop/CI/Evosuite//Math_10 OK
cd /home/liumengjiao/Desktop/CI/Benchmark/../bugs/Math_104_fix && /home/liumengjiao/Desktop/defects4j/framework/bin/gen_tests.pl -g evosuite -p Math -v 104f -n 19 -o /home/liumengjiao/Desktop/CI/Evosuite//Math_104 -b 3600 >> evosuite-report-clz/test_gen_fix.log 2>&1

Checking out e39a7750 to /tmp/gen_tests.pl_3455374_1703677660.............. OK
Init local repository...................................................... OK
Tag post-fix revision...................................................... OK
Excluding broken/flaky tests............................................... OK
Excluding broken/flaky tests............................................... OK
Initialize fixed program version........................................... OK
Apply patch................................................................ OK
Initialize buggy program version........................................... OK
Diff e39a7750:c43fa5d5..................................................... OK
Apply patch................................................................ OK
Tag pre-fix revision....................................................... OK
Check out program version: Math-104f....................................... OK
Running ant (compile)...................................................... OK
Creating temporary output directory........................................ OK
Generating (regression) tests with: evosuite............................... OK
Creating test suite archive................................................ OK
Creating output directory.................................................. OK
Moving test suite archive to /home/liumengjiao/Desktop/CI/Evosuite//Math_10 OK
cd /home/liumengjiao/Desktop/CI/Benchmark/../bugs/Math_104_fix && /home/liumengjiao/Desktop/defects4j/framework/bin/gen_tests.pl -g evosuite -p Math -v 104f -n 20 -o /home/liumengjiao/Desktop/CI/Evosuite//Math_104 -b 3600 >> evosuite-report-clz/test_gen_fix.log 2>&1

Checking out e39a7750 to /tmp/gen_tests.pl_3455700_1703677672.............. OK
Init local repository...................................................... OK
Tag post-fix revision...................................................... OK
Excluding broken/flaky tests............................................... OK
Excluding broken/flaky tests............................................... OK
Initialize fixed program version........................................... OK
Apply patch................................................................ OK
Initialize buggy program version........................................... OK
Diff e39a7750:c43fa5d5..................................................... OK
Apply patch................................................................ OK
Tag pre-fix revision....................................................... OK
Check out program version: Math-104f....................................... OK
Running ant (compile)...................................................... OK
Creating temporary output directory........................................ OK
Generating (regression) tests with: evosuite............................... OK
Creating test suite archive................................................ OK
Creating output directory.................................................. OK
Moving test suite archive to /home/liumengjiao/Desktop/CI/Evosuite//Math_10 OK
cd /home/liumengjiao/Desktop/CI/Benchmark/../bugs/Math_104_fix && /home/liumengjiao/Desktop/defects4j/framework/bin/gen_tests.pl -g evosuite -p Math -v 104f -n 21 -o /home/liumengjiao/Desktop/CI/Evosuite//Math_104 -b 3600 >> evosuite-report-clz/test_gen_fix.log 2>&1

Checking out e39a7750 to /tmp/gen_tests.pl_3456023_1703677684.............. OK
Init local repository...................................................... OK
Tag post-fix revision...................................................... OK
Excluding broken/flaky tests............................................... OK
Excluding broken/flaky tests............................................... OK
Initialize fixed program version........................................... OK
Apply patch................................................................ OK
Initialize buggy program version........................................... OK
Diff e39a7750:c43fa5d5..................................................... OK
Apply patch................................................................ OK
Tag pre-fix revision....................................................... OK
Check out program version: Math-104f....................................... OK
Running ant (compile)...................................................... OK
Creating temporary output directory........................................ OK
Generating (regression) tests with: evosuite............................... OK
Creating test suite archive................................................ OK
Creating output directory.................................................. OK
Moving test suite archive to /home/liumengjiao/Desktop/CI/Evosuite//Math_10 OK
cd /home/liumengjiao/Desktop/CI/Benchmark/../bugs/Math_104_fix && /home/liumengjiao/Desktop/defects4j/framework/bin/gen_tests.pl -g evosuite -p Math -v 104f -n 22 -o /home/liumengjiao/Desktop/CI/Evosuite//Math_104 -b 3600 >> evosuite-report-clz/test_gen_fix.log 2>&1

Checking out e39a7750 to /tmp/gen_tests.pl_3456341_1703677696.............. OK
Init local repository...................................................... OK
Tag post-fix revision...................................................... OK
Excluding broken/flaky tests............................................... OK
Excluding broken/flaky tests............................................... OK
Initialize fixed program version........................................... OK
Apply patch................................................................ OK
Initialize buggy program version........................................... OK
Diff e39a7750:c43fa5d5..................................................... OK
Apply patch................................................................ OK
Tag pre-fix revision....................................................... OK
Check out program version: Math-104f....................................... OK
Running ant (compile)...................................................... OK
Creating temporary output directory........................................ OK
Generating (regression) tests with: evosuite............................... OK
Creating test suite archive................................................ OK
Creating output directory.................................................. OK
Moving test suite archive to /home/liumengjiao/Desktop/CI/Evosuite//Math_10 OK
cd /home/liumengjiao/Desktop/CI/Benchmark/../bugs/Math_104_fix && /home/liumengjiao/Desktop/defects4j/framework/bin/gen_tests.pl -g evosuite -p Math -v 104f -n 23 -o /home/liumengjiao/Desktop/CI/Evosuite//Math_104 -b 3600 >> evosuite-report-clz/test_gen_fix.log 2>&1

Checking out e39a7750 to /tmp/gen_tests.pl_3456669_1703677708.............. OK
Init local repository...................................................... OK
Tag post-fix revision...................................................... OK
Excluding broken/flaky tests............................................... OK
Excluding broken/flaky tests............................................... OK
Initialize fixed program version........................................... OK
Apply patch................................................................ OK
Initialize buggy program version........................................... OK
Diff e39a7750:c43fa5d5..................................................... OK
Apply patch................................................................ OK
Tag pre-fix revision....................................................... OK
Check out program version: Math-104f....................................... OK
Running ant (compile)...................................................... OK
Creating temporary output directory........................................ OK
Generating (regression) tests with: evosuite............................... OK
Creating test suite archive................................................ OK
Creating output directory.................................................. OK
Moving test suite archive to /home/liumengjiao/Desktop/CI/Evosuite//Math_10 OK
cd /home/liumengjiao/Desktop/CI/Benchmark/../bugs/Math_104_fix && /home/liumengjiao/Desktop/defects4j/framework/bin/gen_tests.pl -g evosuite -p Math -v 104f -n 24 -o /home/liumengjiao/Desktop/CI/Evosuite//Math_104 -b 3600 >> evosuite-report-clz/test_gen_fix.log 2>&1

Checking out e39a7750 to /tmp/gen_tests.pl_3456988_1703677721.............. OK
Init local repository...................................................... OK
Tag post-fix revision...................................................... OK
Excluding broken/flaky tests............................................... OK
Excluding broken/flaky tests............................................... OK
Initialize fixed program version........................................... OK
Apply patch................................................................ OK
Initialize buggy program version........................................... OK
Diff e39a7750:c43fa5d5..................................................... OK
Apply patch................................................................ OK
Tag pre-fix revision....................................................... OK
Check out program version: Math-104f....................................... OK
Running ant (compile)...................................................... OK
Creating temporary output directory........................................ OK
Generating (regression) tests with: evosuite............................... OK
Creating test suite archive................................................ OK
Creating output directory.................................................. OK
Moving test suite archive to /home/liumengjiao/Desktop/CI/Evosuite//Math_10 OK
cd /home/liumengjiao/Desktop/CI/Benchmark/../bugs/Math_104_fix && /home/liumengjiao/Desktop/defects4j/framework/bin/gen_tests.pl -g evosuite -p Math -v 104f -n 25 -o /home/liumengjiao/Desktop/CI/Evosuite//Math_104 -b 3600 >> evosuite-report-clz/test_gen_fix.log 2>&1

Checking out e39a7750 to /tmp/gen_tests.pl_3457305_1703677732.............. OK
Init local repository...................................................... OK
Tag post-fix revision...................................................... OK
Excluding broken/flaky tests............................................... OK
Excluding broken/flaky tests............................................... OK
Initialize fixed program version........................................... OK
Apply patch................................................................ OK
Initialize buggy program version........................................... OK
Diff e39a7750:c43fa5d5..................................................... OK
Apply patch................................................................ OK
Tag pre-fix revision....................................................... OK
Check out program version: Math-104f....................................... OK
Running ant (compile)...................................................... OK
Creating temporary output directory........................................ OK
Generating (regression) tests with: evosuite............................... OK
Creating test suite archive................................................ OK
Creating output directory.................................................. OK
Moving test suite archive to /home/liumengjiao/Desktop/CI/Evosuite//Math_10 OK
cd /home/liumengjiao/Desktop/CI/Benchmark/../bugs/Math_104_fix && /home/liumengjiao/Desktop/defects4j/framework/bin/gen_tests.pl -g evosuite -p Math -v 104f -n 26 -o /home/liumengjiao/Desktop/CI/Evosuite//Math_104 -b 3600 >> evosuite-report-clz/test_gen_fix.log 2>&1

Checking out e39a7750 to /tmp/gen_tests.pl_3457631_1703677746.............. OK
Init local repository...................................................... OK
Tag post-fix revision...................................................... OK
Excluding broken/flaky tests............................................... OK
Excluding broken/flaky tests............................................... OK
Initialize fixed program version........................................... OK
Apply patch................................................................ OK
Initialize buggy program version........................................... OK
Diff e39a7750:c43fa5d5..................................................... OK
Apply patch................................................................ OK
Tag pre-fix revision....................................................... OK
Check out program version: Math-104f....................................... OK
Running ant (compile)...................................................... OK
Creating temporary output directory........................................ OK
Generating (regression) tests with: evosuite............................... OK
Creating test suite archive................................................ OK
Creating output directory.................................................. OK
Moving test suite archive to /home/liumengjiao/Desktop/CI/Evosuite//Math_10 OK
cd /home/liumengjiao/Desktop/CI/Benchmark/../bugs/Math_104_fix && /home/liumengjiao/Desktop/defects4j/framework/bin/gen_tests.pl -g evosuite -p Math -v 104f -n 27 -o /home/liumengjiao/Desktop/CI/Evosuite//Math_104 -b 3600 >> evosuite-report-clz/test_gen_fix.log 2>&1

Checking out e39a7750 to /tmp/gen_tests.pl_3457956_1703677766.............. OK
Init local repository...................................................... OK
Tag post-fix revision...................................................... OK
Excluding broken/flaky tests............................................... OK
Excluding broken/flaky tests............................................... OK
Initialize fixed program version........................................... OK
Apply patch................................................................ OK
Initialize buggy program version........................................... OK
Diff e39a7750:c43fa5d5..................................................... OK
Apply patch................................................................ OK
Tag pre-fix revision....................................................... OK
Check out program version: Math-104f....................................... OK
Running ant (compile)...................................................... OK
Creating temporary output directory........................................ OK
Generating (regression) tests with: evosuite............................... OK
Creating test suite archive................................................ OK
Creating output directory.................................................. OK
Moving test suite archive to /home/liumengjiao/Desktop/CI/Evosuite//Math_10 OK
cd /home/liumengjiao/Desktop/CI/Benchmark/../bugs/Math_104_fix && /home/liumengjiao/Desktop/defects4j/framework/bin/gen_tests.pl -g evosuite -p Math -v 104f -n 28 -o /home/liumengjiao/Desktop/CI/Evosuite//Math_104 -b 3600 >> evosuite-report-clz/test_gen_fix.log 2>&1

Checking out e39a7750 to /tmp/gen_tests.pl_3458290_1703677776.............. OK
Init local repository...................................................... OK
Tag post-fix revision...................................................... OK
Excluding broken/flaky tests............................................... OK
Excluding broken/flaky tests............................................... OK
Initialize fixed program version........................................... OK
Apply patch................................................................ OK
Initialize buggy program version........................................... OK
Diff e39a7750:c43fa5d5..................................................... OK
Apply patch................................................................ OK
Tag pre-fix revision....................................................... OK
Check out program version: Math-104f....................................... OK
Running ant (compile)...................................................... OK
Creating temporary output directory........................................ OK
Generating (regression) tests with: evosuite............................... OK
Creating test suite archive................................................ OK
Creating output directory.................................................. OK
Moving test suite archive to /home/liumengjiao/Desktop/CI/Evosuite//Math_10 OK
cd /home/liumengjiao/Desktop/CI/Benchmark/../bugs/Math_104_fix && /home/liumengjiao/Desktop/defects4j/framework/bin/gen_tests.pl -g evosuite -p Math -v 104f -n 29 -o /home/liumengjiao/Desktop/CI/Evosuite//Math_104 -b 3600 >> evosuite-report-clz/test_gen_fix.log 2>&1

Checking out e39a7750 to /tmp/gen_tests.pl_3458610_1703677795.............. OK
Init local repository...................................................... OK
Tag post-fix revision...................................................... OK
Excluding broken/flaky tests............................................... OK
Excluding broken/flaky tests............................................... OK
Initialize fixed program version........................................... OK
Apply patch................................................................ OK
Initialize buggy program version........................................... OK
Diff e39a7750:c43fa5d5..................................................... OK
Apply patch................................................................ OK
Tag pre-fix revision....................................................... OK
Check out program version: Math-104f....................................... OK
Running ant (compile)...................................................... OK
Creating temporary output directory........................................ OK
Generating (regression) tests with: evosuite............................... OK
Creating test suite archive................................................ OK
Creating output directory.................................................. OK
Moving test suite archive to /home/liumengjiao/Desktop/CI/Evosuite//Math_10 OK
