cd /home/liumengjiao/Desktop/CI/Benchmark/../bugs/Closure_153_buggy && timeout 300000 javac -cp  /home/liumengjiao/Desktop/defects4j/framework/lib/test_generation/generation/evosuite-current.jar:build/classes/:lib/*  /home/liumengjiao/Desktop/CI/Evosuite/Closure_153/Closure/evosuite/1/com/google/javascript/jscomp/SyntacticScopeCreator_ESTest.java /home/liumengjiao/Desktop/CI/Evosuite/Closure_153/Closure/evosuite/1/com/google/javascript/jscomp/Normalize_ESTest_scaffolding.java /home/liumengjiao/Desktop/CI/Evosuite/Closure_153/Closure/evosuite/1/com/google/javascript/jscomp/Normalize_ESTest.java /home/liumengjiao/Desktop/CI/Evosuite/Closure_153/Closure/evosuite/1/com/google/javascript/jscomp/SyntacticScopeCreator_ESTest_scaffolding.java /home/liumengjiao/Desktop/CI/Evosuite/Closure_153/Closure/evosuite/0/com/google/javascript/jscomp/SyntacticScopeCreator_ESTest.java /home/liumengjiao/Desktop/CI/Evosuite/Closure_153/Closure/evosuite/0/com/google/javascript/jscomp/Normalize_ESTest_scaffolding.java /home/liumengjiao/Desktop/CI/Evosuite/Closure_153/Closure/evosuite/0/com/google/javascript/jscomp/Normalize_ESTest.java /home/liumengjiao/Desktop/CI/Evosuite/Closure_153/Closure/evosuite/0/com/google/javascript/jscomp/SyntacticScopeCreator_ESTest_scaffolding.java >> evosuite-report-org/test_build.log 2>&1

/home/liumengjiao/Desktop/CI/Evosuite/Closure_153/Closure/evosuite/0/com/google/javascript/jscomp/SyntacticScopeCreator_ESTest.java:21: error: duplicate class: com.google.javascript.jscomp.SyntacticScopeCreator_ESTest
public class SyntacticScopeCreator_ESTest extends SyntacticScopeCreator_ESTest_scaffolding {
       ^
/home/liumengjiao/Desktop/CI/Evosuite/Closure_153/Closure/evosuite/0/com/google/javascript/jscomp/Normalize_ESTest_scaffolding.java:18: error: duplicate class: com.google.javascript.jscomp.Normalize_ESTest_scaffolding
public class Normalize_ESTest_scaffolding {
       ^
/home/liumengjiao/Desktop/CI/Evosuite/Closure_153/Closure/evosuite/0/com/google/javascript/jscomp/Normalize_ESTest.java:26: error: duplicate class: com.google.javascript.jscomp.Normalize_ESTest
public class Normalize_ESTest extends Normalize_ESTest_scaffolding {
       ^
/home/liumengjiao/Desktop/CI/Evosuite/Closure_153/Closure/evosuite/0/com/google/javascript/jscomp/SyntacticScopeCreator_ESTest_scaffolding.java:18: error: duplicate class: com.google.javascript.jscomp.SyntacticScopeCreator_ESTest_scaffolding
public class SyntacticScopeCreator_ESTest_scaffolding {
       ^
/home/liumengjiao/Desktop/CI/Evosuite/Closure_153/Closure/evosuite/1/com/google/javascript/jscomp/Normalize_ESTest.java:25: error: cannot find symbol
      Normalize.parseAndNormalizeTestCode(compiler0, "MB&v5XSt7H", "MB&v5XSt7H");
               ^
  symbol:   method parseAndNormalizeTestCode(Compiler,String,String)
  location: class Normalize
/home/liumengjiao/Desktop/CI/Evosuite/Closure_153/Closure/evosuite/1/com/google/javascript/jscomp/Normalize_ESTest.java:62: error: cannot find symbol
      Node node0 = Normalize.parseAndNormalizeTestCode(compiler0, "function JSCompiler_returnArg(JSCompiler_rturnAg_value) {  return function() {return JSCompler_returnArg_9alue}}", "function JSCompiler_returnArg(JSCompiler_rturnAg_value) {  return function() {return JSCompler_returnArg_9alue}}");
                            ^
  symbol:   method parseAndNormalizeTestCode(Compiler,String,String)
  location: class Normalize
/home/liumengjiao/Desktop/CI/Evosuite/Closure_153/Closure/evosuite/1/com/google/javascript/jscomp/Normalize_ESTest.java:70: error: cannot find symbol
      Node node0 = Normalize.parseAndNormalizeTestCode(compiler0, "function JSCompiler_returnArg(JSCompiler_returnArg_value) {  return function() {return JSCompiler_returnArg_value}}", "function JSCompiler_returnArg(JSCompiler_returnArg_value) {  return function() {return JSCompiler_returnArg_value}}");
                            ^
  symbol:   method parseAndNormalizeTestCode(Compiler,String,String)
  location: class Normalize
/home/liumengjiao/Desktop/CI/Evosuite/Closure_153/Closure/evosuite/1/com/google/javascript/jscomp/Normalize_ESTest.java:71: error: cannot find symbol
      Normalize.PropagateConstantAnnotationsOverVars normalize_PropagateConstantAnnotationsOverVars0 = new Normalize.PropagateConstantAnnotationsOverVars(compiler0, true);
               ^
  symbol:   class PropagateConstantAnnotationsOverVars
  location: class Normalize
/home/liumengjiao/Desktop/CI/Evosuite/Closure_153/Closure/evosuite/1/com/google/javascript/jscomp/Normalize_ESTest.java:71: error: cannot find symbol
      Normalize.PropagateConstantAnnotationsOverVars normalize_PropagateConstantAnnotationsOverVars0 = new Normalize.PropagateConstantAnnotationsOverVars(compiler0, true);
                                                                                                                    ^
  symbol:   class PropagateConstantAnnotationsOverVars
  location: class Normalize
/home/liumengjiao/Desktop/CI/Evosuite/Closure_153/Closure/evosuite/1/com/google/javascript/jscomp/Normalize_ESTest.java:80: error: cannot find symbol
      Node node0 = Normalize.parseAndNormalizeTestCode(compiler0, "M8B&vDXSt,H", "M8B&vDXSt,H");
                            ^
  symbol:   method parseAndNormalizeTestCode(Compiler,String,String)
  location: class Normalize
/home/liumengjiao/Desktop/CI/Evosuite/Closure_153/Closure/evosuite/1/com/google/javascript/jscomp/Normalize_ESTest.java:82: error: cannot find symbol
      Normalize.PropagateConstantAnnotationsOverVars normalize_PropagateConstantAnnotationsOverVars0 = new Normalize.PropagateConstantAnnotationsOverVars(compiler0, false);
               ^
  symbol:   class PropagateConstantAnnotationsOverVars
  location: class Normalize
/home/liumengjiao/Desktop/CI/Evosuite/Closure_153/Closure/evosuite/1/com/google/javascript/jscomp/Normalize_ESTest.java:82: error: cannot find symbol
      Normalize.PropagateConstantAnnotationsOverVars normalize_PropagateConstantAnnotationsOverVars0 = new Normalize.PropagateConstantAnnotationsOverVars(compiler0, false);
                                                                                                                    ^
  symbol:   class PropagateConstantAnnotationsOverVars
  location: class Normalize
/home/liumengjiao/Desktop/CI/Evosuite/Closure_153/Closure/evosuite/1/com/google/javascript/jscomp/Normalize_ESTest.java:90: error: cannot find symbol
      Node node0 = Normalize.parseAndNormalizeTestCode(compiler0, "M8B&vDXSt,H", "M8B&vDXSt,H");
                            ^
  symbol:   method parseAndNormalizeTestCode(Compiler,String,String)
  location: class Normalize
/home/liumengjiao/Desktop/CI/Evosuite/Closure_153/Closure/evosuite/1/com/google/javascript/jscomp/Normalize_ESTest.java:93: error: cannot find symbol
      Normalize.PropagateConstantAnnotationsOverVars normalize_PropagateConstantAnnotationsOverVars0 = new Normalize.PropagateConstantAnnotationsOverVars(compiler0, false);
               ^
  symbol:   class PropagateConstantAnnotationsOverVars
  location: class Normalize
/home/liumengjiao/Desktop/CI/Evosuite/Closure_153/Closure/evosuite/1/com/google/javascript/jscomp/Normalize_ESTest.java:93: error: cannot find symbol
      Normalize.PropagateConstantAnnotationsOverVars normalize_PropagateConstantAnnotationsOverVars0 = new Normalize.PropagateConstantAnnotationsOverVars(compiler0, false);
                                                                                                                    ^
  symbol:   class PropagateConstantAnnotationsOverVars
  location: class Normalize
/home/liumengjiao/Desktop/CI/Evosuite/Closure_153/Closure/evosuite/1/com/google/javascript/jscomp/Normalize_ESTest.java:116: error: cannot find symbol
      Node node0 = Normalize.parseAndNormalizeTestCode(compiler0, "M8B&vDXSt,H", "M8B&vDXSt,H");
                            ^
  symbol:   method parseAndNormalizeTestCode(Compiler,String,String)
  location: class Normalize
/home/liumengjiao/Desktop/CI/Evosuite/Closure_153/Closure/evosuite/1/com/google/javascript/jscomp/Normalize_ESTest.java:119: error: cannot find symbol
      Normalize.PropagateConstantAnnotationsOverVars normalize_PropagateConstantAnnotationsOverVars0 = new Normalize.PropagateConstantAnnotationsOverVars(compiler0, true);
               ^
  symbol:   class PropagateConstantAnnotationsOverVars
  location: class Normalize
/home/liumengjiao/Desktop/CI/Evosuite/Closure_153/Closure/evosuite/1/com/google/javascript/jscomp/Normalize_ESTest.java:119: error: cannot find symbol
      Normalize.PropagateConstantAnnotationsOverVars normalize_PropagateConstantAnnotationsOverVars0 = new Normalize.PropagateConstantAnnotationsOverVars(compiler0, true);
                                                                                                                    ^
  symbol:   class PropagateConstantAnnotationsOverVars
  location: class Normalize
/home/liumengjiao/Desktop/CI/Evosuite/Closure_153/Closure/evosuite/1/com/google/javascript/jscomp/Normalize_ESTest.java:147: error: cannot find symbol
      Node node0 = Normalize.parseAndNormalizeTestCode(compiler0, "J&C_NAME_REFCRENCE_IN_EXTERNS", "J&C_NAME_REFCRENCE_IN_EXTERNS");
                            ^
  symbol:   method parseAndNormalizeTestCode(Compiler,String,String)
  location: class Normalize
/home/liumengjiao/Desktop/CI/Evosuite/Closure_153/Closure/evosuite/1/com/google/javascript/jscomp/Normalize_ESTest.java:165: error: cannot find symbol
      Node node0 = Normalize.parseAndNormalizeTestCode(compiler0, "M8B&v5XSt7H", "M8B&v5XSt7H");
                            ^
  symbol:   method parseAndNormalizeTestCode(Compiler,String,String)
  location: class Normalize
/home/liumengjiao/Desktop/CI/Evosuite/Closure_153/Closure/evosuite/1/com/google/javascript/jscomp/Normalize_ESTest.java:200: error: cannot find symbol
      Node node0 = Normalize.parseAndNormalizeTestCode(compiler0, "J&C_NAME_REFCRENCE_IN_EXTERNS", "J&C_NAME_REFCRENCE_IN_EXTERNS");
                            ^
  symbol:   method parseAndNormalizeTestCode(Compiler,String,String)
  location: class Normalize
/home/liumengjiao/Desktop/CI/Evosuite/Closure_153/Closure/evosuite/1/com/google/javascript/jscomp/Normalize_ESTest.java:226: error: cannot find symbol
      Node node0 = Normalize.parseAndNormalizeTestCode(compiler0, "ZM7", "ZM7");
                            ^
  symbol:   method parseAndNormalizeTestCode(Compiler,String,String)
  location: class Normalize
/home/liumengjiao/Desktop/CI/Evosuite/Closure_153/Closure/evosuite/1/com/google/javascript/jscomp/Normalize_ESTest.java:259: error: cannot find symbol
      Node node0 = Normalize.parseAndNormalizeTestCode(compiler0, "JSC_INTERNAL_ERROR_DATAFLOW", "JSC_INTERNAL_ERROR_DATAFLOW");
                            ^
  symbol:   method parseAndNormalizeTestCode(Compiler,String,String)
  location: class Normalize
/home/liumengjiao/Desktop/CI/Evosuite/Closure_153/Closure/evosuite/1/com/google/javascript/jscomp/Normalize_ESTest.java:269: error: cannot find symbol
      Node node0 = Normalize.parseAndNormalizeTestCode(compiler0, "Z:z:x<dl,q._L", "Z:z:x<dl,q._L");
                            ^
  symbol:   method parseAndNormalizeTestCode(Compiler,String,String)
  location: class Normalize
/home/liumengjiao/Desktop/CI/Evosuite/Closure_153/Closure/evosuite/1/com/google/javascript/jscomp/Normalize_ESTest.java:277: error: cannot find symbol
      Node node0 = Normalize.parseAndNormalizeTestCode(compiler0, "C'", "C'");
                            ^
  symbol:   method parseAndNormalizeTestCode(Compiler,String,String)
  location: class Normalize
25 errors
