cd /home/liumengjiao/Desktop/CI/Benchmark/../bugs/Closure_153_buggy && timeout 300000 javac -cp  /home/liumengjiao/Desktop/defects4j/framework/lib/test_generation/generation/evosuite-current.jar:build/classes/:lib/*  /home/liumengjiao/Desktop/CI/Evosuite/Closure_153/Closure/evosuite/3/com/google/javascript/jscomp/SyntacticScopeCreator_ESTest.java /home/liumengjiao/Desktop/CI/Evosuite/Closure_153/Closure/evosuite/3/com/google/javascript/jscomp/Normalize_ESTest_scaffolding.java /home/liumengjiao/Desktop/CI/Evosuite/Closure_153/Closure/evosuite/3/com/google/javascript/jscomp/Normalize_ESTest.java /home/liumengjiao/Desktop/CI/Evosuite/Closure_153/Closure/evosuite/3/com/google/javascript/jscomp/SyntacticScopeCreator_ESTest_scaffolding.java >> evosuite-report-org/test_build_org.log 2>&1

/home/liumengjiao/Desktop/CI/Evosuite/Closure_153/Closure/evosuite/3/com/google/javascript/jscomp/SyntacticScopeCreator_ESTest.java:74: error: cannot find symbol
      Node node1 = Normalize.parseAndNormalizeTestCode(compiler0, "_;13N!H", "_;13N!H");
                            ^
  symbol:   method parseAndNormalizeTestCode(Compiler,String,String)
  location: class Normalize
/home/liumengjiao/Desktop/CI/Evosuite/Closure_153/Closure/evosuite/3/com/google/javascript/jscomp/SyntacticScopeCreator_ESTest.java:131: error: cannot find symbol
      Node node0 = Normalize.parseAndNormalizeTestCode(compiler0, "TSS<X", "TSS<X");
                            ^
  symbol:   method parseAndNormalizeTestCode(Compiler,String,String)
  location: class Normalize
/home/liumengjiao/Desktop/CI/Evosuite/Closure_153/Closure/evosuite/3/com/google/javascript/jscomp/SyntacticScopeCreator_ESTest.java:152: error: cannot find symbol
      Normalize.parseAndNormalizeTestCode(compiler0, "Named type with empty name component", "Unknown class name");
               ^
  symbol:   method parseAndNormalizeTestCode(Compiler,String,String)
  location: class Normalize
/home/liumengjiao/Desktop/CI/Evosuite/Closure_153/Closure/evosuite/3/com/google/javascript/jscomp/Normalize_ESTest.java:33: error: cannot find symbol
      Node node0 = Normalize.parseAndNormalizeTestCode(compiler0, "var t;", "var t;");
                            ^
  symbol:   method parseAndNormalizeTestCode(Compiler,String,String)
  location: class Normalize
/home/liumengjiao/Desktop/CI/Evosuite/Closure_153/Closure/evosuite/3/com/google/javascript/jscomp/Normalize_ESTest.java:34: error: cannot find symbol
      Normalize.PropagateConstantAnnotationsOverVars normalize_PropagateConstantAnnotationsOverVars0 = new Normalize.PropagateConstantAnnotationsOverVars(compiler0, false);
               ^
  symbol:   class PropagateConstantAnnotationsOverVars
  location: class Normalize
/home/liumengjiao/Desktop/CI/Evosuite/Closure_153/Closure/evosuite/3/com/google/javascript/jscomp/Normalize_ESTest.java:34: error: cannot find symbol
      Normalize.PropagateConstantAnnotationsOverVars normalize_PropagateConstantAnnotationsOverVars0 = new Normalize.PropagateConstantAnnotationsOverVars(compiler0, false);
                                                                                                                    ^
  symbol:   class PropagateConstantAnnotationsOverVars
  location: class Normalize
/home/liumengjiao/Desktop/CI/Evosuite/Closure_153/Closure/evosuite/3/com/google/javascript/jscomp/Normalize_ESTest.java:42: error: cannot find symbol
      Normalize.parseAndNormalizeTestCode(compiler0, "DPRE", "DPRE");
               ^
  symbol:   method parseAndNormalizeTestCode(Compiler,String,String)
  location: class Normalize
/home/liumengjiao/Desktop/CI/Evosuite/Closure_153/Closure/evosuite/3/com/google/javascript/jscomp/Normalize_ESTest.java:78: error: cannot find symbol
      Node node0 = Normalize.parseAndNormalizeTestCode(compiler0, "o.google.javascript.jscomi.Normalize$DuplicateDeclarationHandler", "o.google.javascript.jscomi.Normalize$DuplicateDeclarationHandler");
                            ^
  symbol:   method parseAndNormalizeTestCode(Compiler,String,String)
  location: class Normalize
/home/liumengjiao/Desktop/CI/Evosuite/Closure_153/Closure/evosuite/3/com/google/javascript/jscomp/Normalize_ESTest.java:95: error: cannot find symbol
      Node node0 = Normalize.parseAndNormalizeTestCode(compiler0, "com.google.prtobuf.DescriporProtos$DescriptorProto$Builder", "com.google.prtobuf.DescriporProtos$DescriptorProto$Builder");
                            ^
  symbol:   method parseAndNormalizeTestCode(Compiler,String,String)
  location: class Normalize
/home/liumengjiao/Desktop/CI/Evosuite/Closure_153/Closure/evosuite/3/com/google/javascript/jscomp/Normalize_ESTest.java:96: error: cannot find symbol
      Normalize.PropagateConstantAnnotationsOverVars normalize_PropagateConstantAnnotationsOverVars0 = new Normalize.PropagateConstantAnnotationsOverVars(compiler0, true);
               ^
  symbol:   class PropagateConstantAnnotationsOverVars
  location: class Normalize
/home/liumengjiao/Desktop/CI/Evosuite/Closure_153/Closure/evosuite/3/com/google/javascript/jscomp/Normalize_ESTest.java:96: error: cannot find symbol
      Normalize.PropagateConstantAnnotationsOverVars normalize_PropagateConstantAnnotationsOverVars0 = new Normalize.PropagateConstantAnnotationsOverVars(compiler0, true);
                                                                                                                    ^
  symbol:   class PropagateConstantAnnotationsOverVars
  location: class Normalize
/home/liumengjiao/Desktop/CI/Evosuite/Closure_153/Closure/evosuite/3/com/google/javascript/jscomp/Normalize_ESTest.java:115: error: cannot find symbol
      Normalize.parseAndNormalizeTestCode(compiler0, "o.google.javascript.jscomi.Normalize$DuplicateDeclarationHandler", "o.google.javascript.jscomi.Normalize$DuplicateDeclarationHandler");
               ^
  symbol:   method parseAndNormalizeTestCode(Compiler,String,String)
  location: class Normalize
/home/liumengjiao/Desktop/CI/Evosuite/Closure_153/Closure/evosuite/3/com/google/javascript/jscomp/Normalize_ESTest.java:116: error: cannot find symbol
      Normalize.PropagateConstantAnnotationsOverVars normalize_PropagateConstantAnnotationsOverVars0 = new Normalize.PropagateConstantAnnotationsOverVars(compiler0, true);
               ^
  symbol:   class PropagateConstantAnnotationsOverVars
  location: class Normalize
/home/liumengjiao/Desktop/CI/Evosuite/Closure_153/Closure/evosuite/3/com/google/javascript/jscomp/Normalize_ESTest.java:116: error: cannot find symbol
      Normalize.PropagateConstantAnnotationsOverVars normalize_PropagateConstantAnnotationsOverVars0 = new Normalize.PropagateConstantAnnotationsOverVars(compiler0, true);
                                                                                                                    ^
  symbol:   class PropagateConstantAnnotationsOverVars
  location: class Normalize
/home/liumengjiao/Desktop/CI/Evosuite/Closure_153/Closure/evosuite/3/com/google/javascript/jscomp/Normalize_ESTest.java:132: error: cannot find symbol
      Node node0 = Normalize.parseAndNormalizeTestCode(compiler0, "DPRE", "DPRE");
                            ^
  symbol:   method parseAndNormalizeTestCode(Compiler,String,String)
  location: class Normalize
/home/liumengjiao/Desktop/CI/Evosuite/Closure_153/Closure/evosuite/3/com/google/javascript/jscomp/Normalize_ESTest.java:133: error: cannot find symbol
      Normalize.PropagateConstantAnnotationsOverVars normalize_PropagateConstantAnnotationsOverVars0 = new Normalize.PropagateConstantAnnotationsOverVars(compiler0, true);
               ^
  symbol:   class PropagateConstantAnnotationsOverVars
  location: class Normalize
/home/liumengjiao/Desktop/CI/Evosuite/Closure_153/Closure/evosuite/3/com/google/javascript/jscomp/Normalize_ESTest.java:133: error: cannot find symbol
      Normalize.PropagateConstantAnnotationsOverVars normalize_PropagateConstantAnnotationsOverVars0 = new Normalize.PropagateConstantAnnotationsOverVars(compiler0, true);
                                                                                                                    ^
  symbol:   class PropagateConstantAnnotationsOverVars
  location: class Normalize
/home/liumengjiao/Desktop/CI/Evosuite/Closure_153/Closure/evosuite/3/com/google/javascript/jscomp/Normalize_ESTest.java:163: error: cannot find symbol
      Node node0 = Normalize.parseAndNormalizeTestCode(compiler0, "\"-]@(bGoKL\"", "C7h4YrGW-uwj");
                            ^
  symbol:   method parseAndNormalizeTestCode(Compiler,String,String)
  location: class Normalize
/home/liumengjiao/Desktop/CI/Evosuite/Closure_153/Closure/evosuite/3/com/google/javascript/jscomp/Normalize_ESTest.java:171: error: cannot find symbol
      Normalize.parseAndNormalizeTestCode(compiler0, ",_,f!+Q$0~i&lv_H", ",_,f!+Q$0~i&lv_H");
               ^
  symbol:   method parseAndNormalizeTestCode(Compiler,String,String)
  location: class Normalize
/home/liumengjiao/Desktop/CI/Evosuite/Closure_153/Closure/evosuite/3/com/google/javascript/jscomp/Normalize_ESTest.java:180: error: cannot find symbol
      assertFalse(node0.isOnlyModifiesThisCall());
                       ^
  symbol:   method isOnlyModifiesThisCall()
  location: variable node0 of type Node
/home/liumengjiao/Desktop/CI/Evosuite/Closure_153/Closure/evosuite/3/com/google/javascript/jscomp/Normalize_ESTest.java:187: error: cannot find symbol
      Node node0 = Normalize.parseAndNormalizeTestCode(compiler0, "o.google.javascript.jscomi.Normalize$DuplicateDeclarationHandler", "o.google.javascript.jscomi.Normalize$DuplicateDeclarationHandler");
                            ^
  symbol:   method parseAndNormalizeTestCode(Compiler,String,String)
  location: class Normalize
/home/liumengjiao/Desktop/CI/Evosuite/Closure_153/Closure/evosuite/3/com/google/javascript/jscomp/Normalize_ESTest.java:197: error: cannot find symbol
      Node node0 = Normalize.parseAndNormalizeTestCode(compiler0, "DEPRECAED", "DEPRECAED");
                            ^
  symbol:   method parseAndNormalizeTestCode(Compiler,String,String)
  location: class Normalize
/home/liumengjiao/Desktop/CI/Evosuite/Closure_153/Closure/evosuite/3/com/google/javascript/jscomp/Normalize_ESTest.java:199: error: cannot find symbol
      assertEquals(2, Node.FLAG_THIS_UNMODIFIED);
                          ^
  symbol:   variable FLAG_THIS_UNMODIFIED
  location: class Node
/home/liumengjiao/Desktop/CI/Evosuite/Closure_153/Closure/evosuite/3/com/google/javascript/jscomp/Normalize_ESTest.java:206: error: cannot find symbol
      Node node0 = Normalize.parseAndNormalizeTestCode(compiler0, "JT", "JT");
                            ^
  symbol:   method parseAndNormalizeTestCode(Compiler,String,String)
  location: class Normalize
/home/liumengjiao/Desktop/CI/Evosuite/Closure_153/Closure/evosuite/3/com/google/javascript/jscomp/Normalize_ESTest.java:234: error: cannot find symbol
      Node node1 = Normalize.parseAndNormalizeTestCode(compiler0, "HDPRE", "The use of scope variable {0} is not allowed within a catch block with a catch exception of the same name.");
                            ^
  symbol:   method parseAndNormalizeTestCode(Compiler,String,String)
  location: class Normalize
/home/liumengjiao/Desktop/CI/Evosuite/Closure_153/Closure/evosuite/3/com/google/javascript/jscomp/Normalize_ESTest.java:276: error: cannot find symbol
      Node node0 = Normalize.parseAndNormalizeTestCode(compiler0, ";JT", ";JT");
                            ^
  symbol:   method parseAndNormalizeTestCode(Compiler,String,String)
  location: class Normalize
/home/liumengjiao/Desktop/CI/Evosuite/Closure_153/Closure/evosuite/3/com/google/javascript/jscomp/Normalize_ESTest.java:296: error: cannot find symbol
      Node node0 = Normalize.parseAndNormalizeTestCode(compiler0, "QXcjjR:eed|+zU", "QXcjjR:eed|+zU");
                            ^
  symbol:   method parseAndNormalizeTestCode(Compiler,String,String)
  location: class Normalize
27 errors
