cd /home/liumengjiao/Desktop/CI/Benchmark/../bugs/Closure_82_buggy && timeout 300000 java -jar /home/liumengjiao/Desktop/CI/Benchmark/libs/evosuite-shaded-1.2.1-SNAPSHOT.jar -projectCP build/classes/:lib/ -class com.google.javascript.rhino.jstype.JSType -Dtarget_method_list "isEmptyType()Z" -criterion=LINE >> evosuite-report/test_gen.log 2>&1

* EvoSuite 1.2.1-SNAPSHOT
* Going to generate test cases for class: com.google.javascript.rhino.jstype.JSType
* Starting Client-0
* Connecting to master process on port 12575
* Analyzing classpath: 
  - build/classes/
  - lib/
[MASTER] 05:29:03.702 [logback-2] ERROR ConcreteClassAnalyzer - Problem for com.google.javascript.rhino.jstype.JSType. Class not found: com.google.javascript.rhino.jstype.ProxyObjectType
[MASTER] 05:29:03.702 [logback-2] ERROR ConcreteClassAnalyzer - Removing class from inheritance tree
[MASTER] 05:29:03.707 [logback-2] ERROR ConcreteClassAnalyzer - Problem for com.google.javascript.rhino.jstype.JSType. Class not found: com.google.javascript.rhino.jstype.TemplateType
[MASTER] 05:29:03.708 [logback-2] ERROR ConcreteClassAnalyzer - Removing class from inheritance tree
[MASTER] 05:29:03.713 [logback-2] ERROR ConcreteClassAnalyzer - Problem for com.google.javascript.rhino.jstype.JSType. Class not found: com.google.javascript.rhino.jstype.NamedType
[MASTER] 05:29:03.713 [logback-2] ERROR ConcreteClassAnalyzer - Removing class from inheritance tree
[MASTER] 05:29:03.717 [logback-2] ERROR ConcreteClassAnalyzer - Problem for com.google.javascript.rhino.jstype.JSType. Class not found: com.google.javascript.rhino.jstype.IndexedType
[MASTER] 05:29:03.717 [logback-2] ERROR ConcreteClassAnalyzer - Removing class from inheritance tree
[MASTER] 05:29:03.719 [logback-2] ERROR ConcreteClassAnalyzer - Problem for com.google.javascript.rhino.jstype.JSType. Class not found: com.google.javascript.rhino.jstype.ParameterizedType
[MASTER] 05:29:03.719 [logback-2] ERROR ConcreteClassAnalyzer - Removing class from inheritance tree
[MASTER] 05:29:03.728 [logback-2] ERROR ConcreteClassAnalyzer - Problem for com.google.javascript.rhino.jstype.JSType. Class not found: com.google.javascript.rhino.jstype.UnionType
[MASTER] 05:29:03.728 [logback-2] ERROR ConcreteClassAnalyzer - Removing class from inheritance tree
[MASTER] 05:29:03.776 [logback-2] ERROR ConcreteClassAnalyzer - Problem for com.google.javascript.rhino.jstype.JSType. Class not found: com.google.javascript.rhino.jstype.ProxyObjectType
[MASTER] 05:29:03.776 [logback-2] ERROR ConcreteClassAnalyzer - Removing class from inheritance tree
[MASTER] 05:29:03.781 [logback-2] ERROR ConcreteClassAnalyzer - Problem for com.google.javascript.rhino.jstype.JSType. Class not found: com.google.javascript.rhino.jstype.TemplateType
[MASTER] 05:29:03.781 [logback-2] ERROR ConcreteClassAnalyzer - Removing class from inheritance tree
[MASTER] 05:29:03.786 [logback-2] ERROR ConcreteClassAnalyzer - Problem for com.google.javascript.rhino.jstype.JSType. Class not found: com.google.javascript.rhino.jstype.NamedType
[MASTER] 05:29:03.786 [logback-2] ERROR ConcreteClassAnalyzer - Removing class from inheritance tree
[MASTER] 05:29:03.789 [logback-2] ERROR ConcreteClassAnalyzer - Problem for com.google.javascript.rhino.jstype.JSType. Class not found: com.google.javascript.rhino.jstype.IndexedType
[MASTER] 05:29:03.789 [logback-2] ERROR ConcreteClassAnalyzer - Removing class from inheritance tree
[MASTER] 05:29:03.791 [logback-2] ERROR ConcreteClassAnalyzer - Problem for com.google.javascript.rhino.jstype.JSType. Class not found: com.google.javascript.rhino.jstype.ParameterizedType
[MASTER] 05:29:03.791 [logback-2] ERROR ConcreteClassAnalyzer - Removing class from inheritance tree
[MASTER] 05:29:03.800 [logback-2] ERROR TestClusterGenerator - Problem for com.google.javascript.rhino.jstype.JSType. Class not found
java.lang.ClassNotFoundException: com/google/javascript/rhino/jstype/ProxyObjectType
	at shaded.org.evosuite.instrumentation.InstrumentingClassLoader.instrumentClass(InstrumentingClassLoader.java:158)
	at shaded.org.evosuite.instrumentation.InstrumentingClassLoader.loadClass(InstrumentingClassLoader.java:126)
	at shaded.org.evosuite.setup.TestClusterGenerator.addCastClassDependencyIfAccessible(TestClusterGenerator.java:261)
	at shaded.org.evosuite.setup.TestClusterGenerator.handleCastClasses(TestClusterGenerator.java:203)
	at shaded.org.evosuite.setup.TestClusterGenerator.generateCluster(TestClusterGenerator.java:116)
	at shaded.org.evosuite.setup.DependencyAnalysis.analyze(DependencyAnalysis.java:120)
	at shaded.org.evosuite.setup.DependencyAnalysis.analyzeClass(DependencyAnalysis.java:136)
	at shaded.org.evosuite.TestSuiteGenerator.initializeTargetClass(TestSuiteGenerator.java:114)
	at shaded.org.evosuite.TestSuiteGenerator.generateTestSuite(TestSuiteGenerator.java:135)
	at shaded.org.evosuite.rmi.service.ClientNodeImpl.lambda$startNewSearch$0(ClientNodeImpl.java:140)
	at java.util.concurrent.Executors$RunnableAdapter.call(Executors.java:511)
	at java.util.concurrent.FutureTask.run(FutureTask.java:266)
	at java.util.concurrent.ThreadPoolExecutor.runWorker(ThreadPoolExecutor.java:1149)
	at java.util.concurrent.ThreadPoolExecutor$Worker.run(ThreadPoolExecutor.java:624)
	at java.lang.Thread.run(Thread.java:750)
Caused by: java.lang.NoClassDefFoundError: com/google/javascript/rhino/jstype/ProxyObjectType
	at java.lang.ClassLoader.defineClass1(Native Method)
	at java.lang.ClassLoader.defineClass(ClassLoader.java:756)
	at java.lang.ClassLoader.defineClass(ClassLoader.java:635)
	at shaded.org.evosuite.instrumentation.InstrumentingClassLoader.instrumentClass(InstrumentingClassLoader.java:151)
	... 14 common frames omitted
Caused by: java.lang.ClassNotFoundException: Class not found: com/google/common/collect/ImmutableSet: java.lang.NullPointerException: Class not found com/google/common/collect/ImmutableSet
	at shaded.org.evosuite.instrumentation.InstrumentingClassLoader.instrumentClass(InstrumentingClassLoader.java:158)
	at shaded.org.evosuite.instrumentation.InstrumentingClassLoader.loadClass(InstrumentingClassLoader.java:126)
	... 18 common frames omitted
Caused by: java.lang.RuntimeException: Class not found: com/google/common/collect/ImmutableSet: java.lang.NullPointerException: Class not found com/google/common/collect/ImmutableSet
	at shaded.org.evosuite.runtime.util.ComputeClassWriter.getCommonSuperClass(ComputeClassWriter.java:56)
	at shaded.org.evosuite.shaded.org.objectweb.asm.SymbolTable.addMergedType(SymbolTable.java:1202)
	at shaded.org.evosuite.shaded.org.objectweb.asm.Frame.merge(Frame.java:1299)
	at shaded.org.evosuite.shaded.org.objectweb.asm.Frame.merge(Frame.java:1244)
	at shaded.org.evosuite.shaded.org.objectweb.asm.MethodWriter.computeAllFrames(MethodWriter.java:1610)
	at shaded.org.evosuite.shaded.org.objectweb.asm.MethodWriter.visitMaxs(MethodWriter.java:1546)
	at shaded.org.evosuite.shaded.org.objectweb.asm.MethodVisitor.visitMaxs(MethodVisitor.java:773)
	at shaded.org.evosuite.shaded.org.objectweb.asm.MethodVisitor.visitMaxs(MethodVisitor.java:773)
	at shaded.org.evosuite.shaded.org.objectweb.asm.MethodVisitor.visitMaxs(MethodVisitor.java:773)
	at shaded.org.evosuite.runtime.instrumentation.LoopCounterMethodAdapter.visitMaxs(LoopCounterMethodAdapter.java:48)
	at shaded.org.evosuite.shaded.org.objectweb.asm.tree.MethodNode.accept(MethodNode.java:769)
	at shaded.org.evosuite.shaded.org.objectweb.asm.commons.JSRInlinerAdapter.visitEnd(JSRInlinerAdapter.java:158)
	at shaded.org.evosuite.shaded.org.objectweb.asm.MethodVisitor.visitEnd(MethodVisitor.java:783)
	at shaded.org.evosuite.shaded.org.objectweb.asm.MethodVisitor.visitEnd(MethodVisitor.java:783)
	at shaded.org.evosuite.shaded.org.objectweb.asm.MethodVisitor.visitEnd(MethodVisitor.java:783)
	at shaded.org.evosuite.shaded.org.objectweb.asm.tree.MethodNode.accept(MethodNode.java:772)
	at shaded.org.evosuite.shaded.org.objectweb.asm.tree.MethodNode.accept(MethodNode.java:649)
	at shaded.org.evosuite.shaded.org.objectweb.asm.tree.ClassNode.accept(ClassNode.java:452)
	at shaded.org.evosuite.instrumentation.BytecodeInstrumentation.transformBytes(BytecodeInstrumentation.java:282)
	at shaded.org.evosuite.instrumentation.InstrumentingClassLoader.getTransformedBytes(InstrumentingClassLoader.java:135)
	at shaded.org.evosuite.instrumentation.InstrumentingClassLoader.instrumentClass(InstrumentingClassLoader.java:149)
	... 19 common frames omitted
Caused by: java.lang.NullPointerException: Class not found com/google/common/collect/ImmutableSet
	at shaded.org.evosuite.runtime.util.ComputeClassWriter.typeInfo(ComputeClassWriter.java:179)
	at shaded.org.evosuite.runtime.util.ComputeClassWriter.getCommonSuperClass(ComputeClassWriter.java:53)
	... 39 common frames omitted
[MASTER] 05:29:03.802 [logback-2] ERROR TestClusterGenerator - Problem for com.google.javascript.rhino.jstype.JSType. Class not found
java.lang.ClassNotFoundException: Class not found: com/google/common/collect/ImmutableSet: java.lang.NullPointerException: Class not found com/google/common/collect/ImmutableSet
	at shaded.org.evosuite.instrumentation.InstrumentingClassLoader.instrumentClass(InstrumentingClassLoader.java:158)
	at shaded.org.evosuite.instrumentation.InstrumentingClassLoader.loadClass(InstrumentingClassLoader.java:126)
	at shaded.org.evosuite.setup.TestClusterGenerator.addCastClassDependencyIfAccessible(TestClusterGenerator.java:261)
	at shaded.org.evosuite.setup.TestClusterGenerator.handleCastClasses(TestClusterGenerator.java:203)
	at shaded.org.evosuite.setup.TestClusterGenerator.generateCluster(TestClusterGenerator.java:116)
	at shaded.org.evosuite.setup.DependencyAnalysis.analyze(DependencyAnalysis.java:120)
	at shaded.org.evosuite.setup.DependencyAnalysis.analyzeClass(DependencyAnalysis.java:136)
	at shaded.org.evosuite.TestSuiteGenerator.initializeTargetClass(TestSuiteGenerator.java:114)
	at shaded.org.evosuite.TestSuiteGenerator.generateTestSuite(TestSuiteGenerator.java:135)
	at shaded.org.evosuite.rmi.service.ClientNodeImpl.lambda$startNewSearch$0(ClientNodeImpl.java:140)
	at java.util.concurrent.Executors$RunnableAdapter.call(Executors.java:511)
	at java.util.concurrent.FutureTask.run(FutureTask.java:266)
	at java.util.concurrent.ThreadPoolExecutor.runWorker(ThreadPoolExecutor.java:1149)
	at java.util.concurrent.ThreadPoolExecutor$Worker.run(ThreadPoolExecutor.java:624)
	at java.lang.Thread.run(Thread.java:750)
Caused by: java.lang.RuntimeException: Class not found: com/google/common/collect/ImmutableSet: java.lang.NullPointerException: Class not found com/google/common/collect/ImmutableSet
	at shaded.org.evosuite.runtime.util.ComputeClassWriter.getCommonSuperClass(ComputeClassWriter.java:56)
	at shaded.org.evosuite.shaded.org.objectweb.asm.SymbolTable.addMergedType(SymbolTable.java:1202)
	at shaded.org.evosuite.shaded.org.objectweb.asm.Frame.merge(Frame.java:1299)
	at shaded.org.evosuite.shaded.org.objectweb.asm.Frame.merge(Frame.java:1244)
	at shaded.org.evosuite.shaded.org.objectweb.asm.MethodWriter.computeAllFrames(MethodWriter.java:1610)
	at shaded.org.evosuite.shaded.org.objectweb.asm.MethodWriter.visitMaxs(MethodWriter.java:1546)
	at shaded.org.evosuite.shaded.org.objectweb.asm.MethodVisitor.visitMaxs(MethodVisitor.java:773)
	at shaded.org.evosuite.shaded.org.objectweb.asm.MethodVisitor.visitMaxs(MethodVisitor.java:773)
	at shaded.org.evosuite.shaded.org.objectweb.asm.MethodVisitor.visitMaxs(MethodVisitor.java:773)
	at shaded.org.evosuite.runtime.instrumentation.LoopCounterMethodAdapter.visitMaxs(LoopCounterMethodAdapter.java:48)
	at shaded.org.evosuite.shaded.org.objectweb.asm.tree.MethodNode.accept(MethodNode.java:769)
	at shaded.org.evosuite.shaded.org.objectweb.asm.commons.JSRInlinerAdapter.visitEnd(JSRInlinerAdapter.java:158)
	at shaded.org.evosuite.shaded.org.objectweb.asm.MethodVisitor.visitEnd(MethodVisitor.java:783)
	at shaded.org.evosuite.shaded.org.objectweb.asm.MethodVisitor.visitEnd(MethodVisitor.java:783)
	at shaded.org.evosuite.shaded.org.objectweb.asm.MethodVisitor.visitEnd(MethodVisitor.java:783)
	at shaded.org.evosuite.shaded.org.objectweb.asm.tree.MethodNode.accept(MethodNode.java:772)
	at shaded.org.evosuite.shaded.org.objectweb.asm.tree.MethodNode.accept(MethodNode.java:649)
	at shaded.org.evosuite.shaded.org.objectweb.asm.tree.ClassNode.accept(ClassNode.java:452)
	at shaded.org.evosuite.instrumentation.BytecodeInstrumentation.transformBytes(BytecodeInstrumentation.java:282)
	at shaded.org.evosuite.instrumentation.InstrumentingClassLoader.getTransformedBytes(InstrumentingClassLoader.java:135)
	at shaded.org.evosuite.instrumentation.InstrumentingClassLoader.instrumentClass(InstrumentingClassLoader.java:149)
	... 14 common frames omitted
Caused by: java.lang.NullPointerException: Class not found com/google/common/collect/ImmutableSet
	at shaded.org.evosuite.runtime.util.ComputeClassWriter.typeInfo(ComputeClassWriter.java:179)
	at shaded.org.evosuite.runtime.util.ComputeClassWriter.getCommonSuperClass(ComputeClassWriter.java:53)
	... 34 common frames omitted
[MASTER] 05:29:03.805 [logback-2] ERROR TestClusterGenerator - Problem for com.google.javascript.rhino.jstype.JSType. Class not found
java.lang.ClassNotFoundException: Class not found: com/google/common/collect/ImmutableList: java.lang.NullPointerException: Class not found com/google/common/collect/ImmutableList
	at shaded.org.evosuite.instrumentation.InstrumentingClassLoader.instrumentClass(InstrumentingClassLoader.java:158)
	at shaded.org.evosuite.instrumentation.InstrumentingClassLoader.loadClass(InstrumentingClassLoader.java:126)
	at shaded.org.evosuite.setup.TestClusterGenerator.addCastClassDependencyIfAccessible(TestClusterGenerator.java:261)
	at shaded.org.evosuite.setup.TestClusterGenerator.handleCastClasses(TestClusterGenerator.java:203)
	at shaded.org.evosuite.setup.TestClusterGenerator.generateCluster(TestClusterGenerator.java:116)
	at shaded.org.evosuite.setup.DependencyAnalysis.analyze(DependencyAnalysis.java:120)
	at shaded.org.evosuite.setup.DependencyAnalysis.analyzeClass(DependencyAnalysis.java:136)
	at shaded.org.evosuite.TestSuiteGenerator.initializeTargetClass(TestSuiteGenerator.java:114)
	at shaded.org.evosuite.TestSuiteGenerator.generateTestSuite(TestSuiteGenerator.java:135)
	at shaded.org.evosuite.rmi.service.ClientNodeImpl.lambda$startNewSearch$0(ClientNodeImpl.java:140)
	at java.util.concurrent.Executors$RunnableAdapter.call(Executors.java:511)
	at java.util.concurrent.FutureTask.run(FutureTask.java:266)
	at java.util.concurrent.ThreadPoolExecutor.runWorker(ThreadPoolExecutor.java:1149)
	at java.util.concurrent.ThreadPoolExecutor$Worker.run(ThreadPoolExecutor.java:624)
	at java.lang.Thread.run(Thread.java:750)
Caused by: java.lang.RuntimeException: Class not found: com/google/common/collect/ImmutableList: java.lang.NullPointerException: Class not found com/google/common/collect/ImmutableList
	at shaded.org.evosuite.runtime.util.ComputeClassWriter.getCommonSuperClass(ComputeClassWriter.java:56)
	at shaded.org.evosuite.shaded.org.objectweb.asm.SymbolTable.addMergedType(SymbolTable.java:1202)
	at shaded.org.evosuite.shaded.org.objectweb.asm.Frame.merge(Frame.java:1299)
	at shaded.org.evosuite.shaded.org.objectweb.asm.Frame.merge(Frame.java:1197)
	at shaded.org.evosuite.shaded.org.objectweb.asm.MethodWriter.computeAllFrames(MethodWriter.java:1610)
	at shaded.org.evosuite.shaded.org.objectweb.asm.MethodWriter.visitMaxs(MethodWriter.java:1546)
	at shaded.org.evosuite.shaded.org.objectweb.asm.MethodVisitor.visitMaxs(MethodVisitor.java:773)
	at shaded.org.evosuite.shaded.org.objectweb.asm.MethodVisitor.visitMaxs(MethodVisitor.java:773)
	at shaded.org.evosuite.shaded.org.objectweb.asm.MethodVisitor.visitMaxs(MethodVisitor.java:773)
	at shaded.org.evosuite.runtime.instrumentation.LoopCounterMethodAdapter.visitMaxs(LoopCounterMethodAdapter.java:48)
	at shaded.org.evosuite.shaded.org.objectweb.asm.tree.MethodNode.accept(MethodNode.java:769)
	at shaded.org.evosuite.shaded.org.objectweb.asm.commons.JSRInlinerAdapter.visitEnd(JSRInlinerAdapter.java:158)
	at shaded.org.evosuite.shaded.org.objectweb.asm.MethodVisitor.visitEnd(MethodVisitor.java:783)
	at shaded.org.evosuite.shaded.org.objectweb.asm.MethodVisitor.visitEnd(MethodVisitor.java:783)
	at shaded.org.evosuite.shaded.org.objectweb.asm.MethodVisitor.visitEnd(MethodVisitor.java:783)
	at shaded.org.evosuite.shaded.org.objectweb.asm.tree.MethodNode.accept(MethodNode.java:772)
	at shaded.org.evosuite.shaded.org.objectweb.asm.tree.MethodNode.accept(MethodNode.java:649)
	at shaded.org.evosuite.shaded.org.objectweb.asm.tree.ClassNode.accept(ClassNode.java:452)
	at shaded.org.evosuite.instrumentation.BytecodeInstrumentation.transformBytes(BytecodeInstrumentation.java:282)
	at shaded.org.evosuite.instrumentation.InstrumentingClassLoader.getTransformedBytes(InstrumentingClassLoader.java:135)
	at shaded.org.evosuite.instrumentation.InstrumentingClassLoader.instrumentClass(InstrumentingClassLoader.java:149)
	... 14 common frames omitted
Caused by: java.lang.NullPointerException: Class not found com/google/common/collect/ImmutableList
	at shaded.org.evosuite.runtime.util.ComputeClassWriter.typeInfo(ComputeClassWriter.java:179)
	at shaded.org.evosuite.runtime.util.ComputeClassWriter.getCommonSuperClass(ComputeClassWriter.java:53)
	... 34 common frames omitted
* Finished analyzing classpath
* Generating tests for class com.google.javascript.rhino.jstype.JSType
* Test criterion:
  - Line Coverage
* Total number of test goals for DYNAMOSA: 1
* Using seed 1693484942731
* Starting evolution
[Progress:>                             0%] [Cov:>                                  0%]* Initial Number of Goals in DynaMOSA = 3 / 1
[MASTER] 05:29:04.027 [logback-1] WARN  FunctionalMockStatement - Problem with class com.google.javascript.rhino.jstype.JSTypeRegistry: java.lang.NoClassDefFoundError: com/google/javascript/rhino/jstype/NamedType
[Progress:=>                            5%] [Cov:>                                  0%][Progress:=>                            5%] [Cov:>                                  0%][Progress:=>                            6%] [Cov:>                                  0%][Progress:=>                            6%] [Cov:>                                  0%][Progress:==>                           8%] [Cov:>                                  0%][Progress:==>                           8%] [Cov:>                                  0%][Progress:===>                          10%] [Cov:>                                  0%][Progress:===>                          10%] [Cov:>                                  0%][Progress:===>                          11%] [Cov:>                                  0%][Progress:===>                          11%] [Cov:>                                  0%][Progress:===>                          13%] [Cov:>                                  0%][Progress:===>                          13%] [Cov:>                                  0%][Progress:====>                         15%] [Cov:>                                  0%][Progress:====>                         15%] [Cov:>                                  0%][Progress:====>                         16%] [Cov:>                                  0%][Progress:====>                         16%] [Cov:>                                  0%][Progress:=====>                        18%] [Cov:>                                  0%][Progress:=====>                        18%] [Cov:>                                  0%][Progress:=====>                        18%] [Cov:>                                  0%][Progress:======>                       20%] [Cov:>                                  0%][Progress:======>                       20%] [Cov:>                                  0%][Progress:======>                       20%] [Cov:>                                  0%][Progress:======>                       21%] [Cov:>                                  0%][Progress:======>                       21%] [Cov:>                                  0%][Progress:======>                       23%] [Cov:>                                  0%][Progress:======>                       23%] [Cov:>                                  0%][Progress:======>                       23%] [Cov:>                                  0%][Progress:=======>                      25%] [Cov:>                                  0%][Progress:=======>                      25%] [Cov:>                                  0%][Progress:=======>                      25%] [Cov:>                                  0%][Progress:=======>                      26%] [Cov:>                                  0%][Progress:========>                     28%] [Cov:>                                  0%][Progress:========>                     28%] [Cov:>                                  0%][Progress:========>                     28%] [Cov:>                                  0%][Progress:=========>                    30%] [Cov:>                                  0%][Progress:=========>                    31%] [Cov:>                                  0%][Progress:=========>                    31%] [Cov:>                                  0%][Progress:=========>                    31%] [Cov:>                                  0%][Progress:=========>                    31%] [Cov:>                                  0%][Progress:=========>                    33%] [Cov:>                                  0%][Progress:=========>                    33%] [Cov:>                                  0%][Progress:=========>                    33%] [Cov:>                                  0%][Progress:==========>                   35%] [Cov:>                                  0%][Progress:==========>                   36%] [Cov:>                                  0%][Progress:==========>                   36%] [Cov:>                                  0%][Progress:==========>                   36%] [Cov:>                                  0%][Progress:===========>                  38%] [Cov:>                                  0%][Progress:===========>                  38%] [Cov:>                                  0%][Progress:===========>                  38%] [Cov:>                                  0%][Progress:============>                 40%] [Cov:>                                  0%][Progress:============>                 40%] [Cov:>                                  0%][Progress:============>                 40%] [Cov:>                                  0%][Progress:============>                 40%] [Cov:>                                  0%][Progress:============>                 41%] [Cov:>                                  0%][Progress:============>                 41%] [Cov:>                                  0%][Progress:============>                 41%] [Cov:>                                  0%][Progress:============>                 43%] [Cov:>                                  0%][Progress:============>                 43%] [Cov:>                                  0%][Progress:============>                 43%] [Cov:>                                  0%][Progress:=============>                45%] [Cov:>                                  0%][Progress:=============>                45%] [Cov:>                                  0%][Progress:=============>                45%] [Cov:>                                  0%][Progress:=============>                46%] [Cov:>                                  0%][Progress:=============>                46%] [Cov:>                                  0%][Progress:==============>               48%] [Cov:>                                  0%][Progress:==============>               48%] [Cov:>                                  0%][Progress:==============>               48%] [Cov:>                                  0%][Progress:===============>              50%] [Cov:>                                  0%][Progress:===============>              50%] [Cov:>                                  0%][Progress:===============>              50%] [Cov:>                                  0%][Progress:===============>              51%] [Cov:>                                  0%][Progress:===============>              51%] [Cov:>                                  0%][Progress:===============>              53%] [Cov:>                                  0%][Progress:===============>              53%] [Cov:>                                  0%][Progress:================>             55%] [Cov:>                                  0%][Progress:================>             55%] [Cov:>                                  0%][Progress:================>             55%] [Cov:>                                  0%][Progress:================>             56%] [Cov:>                                  0%][Progress:================>             56%] [Cov:>                                  0%][Progress:================>             56%] [Cov:>                                  0%][Progress:=================>            58%] [Cov:>                                  0%][Progress:=================>            58%] [Cov:>                                  0%][Progress:=================>            58%] [Cov:>                                  0%][Progress:==================>           60%] [Cov:>                                  0%][Progress:==================>           60%] [Cov:>                                  0%][Progress:==================>           61%] [Cov:>                                  0%][Progress:==================>           61%] [Cov:>                                  0%][Progress:==================>           61%] [Cov:>                                  0%][Progress:==================>           63%] [Cov:>                                  0%][Progress:==================>           63%] [Cov:>                                  0%][Progress:==================>           63%] [Cov:>                                  0%][Progress:===================>          65%] [Cov:>                                  0%][Progress:===================>          65%] [Cov:>                                  0%][Progress:===================>          65%] [Cov:>                                  0%][Progress:===================>          66%] [Cov:>                                  0%][Progress:===================>          66%] [Cov:>                                  0%][Progress:===================>          66%] [Cov:>                                  0%][Progress:====================>         68%] [Cov:>                                  0%][Progress:====================>         68%] [Cov:>                                  0%][Progress:====================>         68%] [Cov:>                                  0%][Progress:=====================>        70%] [Cov:>                                  0%][Progress:=====================>        70%] [Cov:>                                  0%][Progress:=====================>        71%] [Cov:>                                  0%][Progress:=====================>        71%] [Cov:>                                  0%][Progress:=====================>        71%] [Cov:>                                  0%][Progress:=====================>        73%] [Cov:>                                  0%][Progress:=====================>        73%] [Cov:>                                  0%][Progress:=====================>        73%] [Cov:>                                  0%][Progress:======================>       75%] [Cov:>                                  0%][Progress:======================>       75%] [Cov:>                                  0%][Progress:======================>       75%] [Cov:>                                  0%][Progress:======================>       76%] [Cov:>                                  0%][Progress:======================>       76%] [Cov:>                                  0%][Progress:======================>       76%] [Cov:>                                  0%][Progress:=======================>      78%] [Cov:>                                  0%][Progress:=======================>      78%] [Cov:>                                  0%][Progress:=======================>      78%] [Cov:>                                  0%][Progress:========================>     80%] [Cov:>                                  0%][Progress:========================>     80%] [Cov:>                                  0%][Progress:========================>     81%] [Cov:>                                  0%][Progress:========================>     81%] [Cov:>                                  0%][Progress:========================>     81%] [Cov:>                                  0%][Progress:========================>     83%] [Cov:>                                  0%][Progress:========================>     83%] [Cov:>                                  0%][Progress:=========================>    85%] [Cov:>                                  0%][Progress:=========================>    85%] [Cov:>                                  0%][Progress:=========================>    85%] [Cov:>                                  0%][Progress:=========================>    86%] [Cov:>                                  0%][Progress:=========================>    86%] [Cov:>                                  0%][Progress:=========================>    86%] [Cov:>                                  0%][Progress:==========================>   88%] [Cov:>                                  0%][Progress:==========================>   88%] [Cov:>                                  0%][Progress:==========================>   88%] [Cov:>                                  0%][Progress:===========================>  90%] [Cov:>                                  0%][Progress:===========================>  90%] [Cov:>                                  0%][Progress:===========================>  90%] [Cov:>                                  0%][Progress:===========================>  91%] [Cov:>                                  0%][Progress:===========================>  91%] [Cov:>                                  0%][Progress:===========================>  91%] [Cov:>                                  0%][Progress:===========================>  93%] [Cov:>                                  0%][Progress:===========================>  93%] [Cov:>                                  0%][Progress:===========================>  93%] [Cov:>                                  0%][Progress:============================> 95%] [Cov:>                                  0%][Progress:============================> 95%] [Cov:>                                  0%][Progress:============================> 96%] [Cov:>                                  0%][Progress:============================> 96%] [Cov:>                                  0%][Progress:============================> 96%] [Cov:>                                  0%][Progress:============================> 96%] [Cov:>                                  0%][Progress:=============================>98%] [Cov:>                                  0%][Progress:=============================>98%] [Cov:>                                  0%][Progress:==============================100%] [Cov:>                                  0%][Progress:==============================100%] [Cov:>                                  0%][Progress:==============================100%] [Cov:>                                  0%][Progress:==============================100%] [Cov:>                                  0%]
* Search finished after 61s and 153 generations, 29341 statements, best individual has fitness: 1.0
* Minimizing test suite
* Going to analyze the coverage criteria
* Coverage analysis for criterion LINE
* Coverage of criterion LINE: 0%
* Total number of goals: 1
* Number of covered goals: 0
* Generated 0 tests with total length 0
* Resulting test suite's coverage: 0%
* Generating assertions
* Resulting test suite's mutation score: 0%
* Compiling and checking tests
* Writing tests to file
* Writing JUnit test case 'JSType_ESTest' to evosuite-tests
* Done!

* Computation finished
