cd /home/liumengjiao/Desktop/CI/Benchmark/../bugs/Math_48_buggy && timeout 300000 javac -cp  /home/liumengjiao/Desktop/defects4j/framework/lib/test_generation/generation/evosuite-current.jar:target/classes/  /home/liumengjiao/Desktop/CI/Evosuite/Math_48/Math/evosuite/3/org/apache/commons/math/analysis/solvers/BaseSecantSolver_ESTest.java /home/liumengjiao/Desktop/CI/Evosuite/Math_48/Math/evosuite/3/org/apache/commons/math/analysis/solvers/BaseSecantSolver_ESTest_scaffolding.java >> evosuite-report-org/test_build_org.log 2>&1

/home/liumengjiao/Desktop/CI/Evosuite/Math_48/Math/evosuite/3/org/apache/commons/math/analysis/solvers/BaseSecantSolver_ESTest.java:17: error: cannot find symbol
import org.apache.commons.math.analysis.solvers.AllowedSolution;
                                               ^
  symbol:   class AllowedSolution
  location: package org.apache.commons.math.analysis.solvers
/home/liumengjiao/Desktop/CI/Evosuite/Math_48/Math/evosuite/3/org/apache/commons/math/analysis/solvers/BaseSecantSolver_ESTest.java:31: error: cannot find symbol
      AllowedSolution allowedSolution0 = AllowedSolution.ABOVE_SIDE;
      ^
  symbol:   class AllowedSolution
  location: class BaseSecantSolver_ESTest
/home/liumengjiao/Desktop/CI/Evosuite/Math_48/Math/evosuite/3/org/apache/commons/math/analysis/solvers/BaseSecantSolver_ESTest.java:31: error: cannot find symbol
      AllowedSolution allowedSolution0 = AllowedSolution.ABOVE_SIDE;
                                         ^
  symbol:   variable AllowedSolution
  location: class BaseSecantSolver_ESTest
/home/liumengjiao/Desktop/CI/Evosuite/Math_48/Math/evosuite/3/org/apache/commons/math/analysis/solvers/BaseSecantSolver_ESTest.java:44: error: cannot find symbol
      AllowedSolution allowedSolution0 = AllowedSolution.BELOW_SIDE;
      ^
  symbol:   class AllowedSolution
  location: class BaseSecantSolver_ESTest
/home/liumengjiao/Desktop/CI/Evosuite/Math_48/Math/evosuite/3/org/apache/commons/math/analysis/solvers/BaseSecantSolver_ESTest.java:44: error: cannot find symbol
      AllowedSolution allowedSolution0 = AllowedSolution.BELOW_SIDE;
                                         ^
  symbol:   variable AllowedSolution
  location: class BaseSecantSolver_ESTest
/home/liumengjiao/Desktop/CI/Evosuite/Math_48/Math/evosuite/3/org/apache/commons/math/analysis/solvers/BaseSecantSolver_ESTest.java:45: error: no suitable constructor found for IllinoisSolver(int,int,int)
      IllinoisSolver illinoisSolver0 = new IllinoisSolver(640, 640, 640);
                                       ^
    constructor IllinoisSolver.IllinoisSolver() is not applicable
      (actual and formal argument lists differ in length)
    constructor IllinoisSolver.IllinoisSolver(double) is not applicable
      (actual and formal argument lists differ in length)
    constructor IllinoisSolver.IllinoisSolver(double,double) is not applicable
      (actual and formal argument lists differ in length)
/home/liumengjiao/Desktop/CI/Evosuite/Math_48/Math/evosuite/3/org/apache/commons/math/analysis/solvers/BaseSecantSolver_ESTest.java:55: error: cannot find symbol
      AllowedSolution allowedSolution0 = AllowedSolution.ABOVE_SIDE;
      ^
  symbol:   class AllowedSolution
  location: class BaseSecantSolver_ESTest
/home/liumengjiao/Desktop/CI/Evosuite/Math_48/Math/evosuite/3/org/apache/commons/math/analysis/solvers/BaseSecantSolver_ESTest.java:55: error: cannot find symbol
      AllowedSolution allowedSolution0 = AllowedSolution.ABOVE_SIDE;
                                         ^
  symbol:   variable AllowedSolution
  location: class BaseSecantSolver_ESTest
/home/liumengjiao/Desktop/CI/Evosuite/Math_48/Math/evosuite/3/org/apache/commons/math/analysis/solvers/BaseSecantSolver_ESTest.java:64: error: cannot find symbol
      AllowedSolution allowedSolution0 = AllowedSolution.BELOW_SIDE;
      ^
  symbol:   class AllowedSolution
  location: class BaseSecantSolver_ESTest
/home/liumengjiao/Desktop/CI/Evosuite/Math_48/Math/evosuite/3/org/apache/commons/math/analysis/solvers/BaseSecantSolver_ESTest.java:64: error: cannot find symbol
      AllowedSolution allowedSolution0 = AllowedSolution.BELOW_SIDE;
                                         ^
  symbol:   variable AllowedSolution
  location: class BaseSecantSolver_ESTest
/home/liumengjiao/Desktop/CI/Evosuite/Math_48/Math/evosuite/3/org/apache/commons/math/analysis/solvers/BaseSecantSolver_ESTest.java:75: error: cannot find symbol
      AllowedSolution allowedSolution0 = AllowedSolution.RIGHT_SIDE;
      ^
  symbol:   class AllowedSolution
  location: class BaseSecantSolver_ESTest
/home/liumengjiao/Desktop/CI/Evosuite/Math_48/Math/evosuite/3/org/apache/commons/math/analysis/solvers/BaseSecantSolver_ESTest.java:75: error: cannot find symbol
      AllowedSolution allowedSolution0 = AllowedSolution.RIGHT_SIDE;
                                         ^
  symbol:   variable AllowedSolution
  location: class BaseSecantSolver_ESTest
/home/liumengjiao/Desktop/CI/Evosuite/Math_48/Math/evosuite/3/org/apache/commons/math/analysis/solvers/BaseSecantSolver_ESTest.java:85: error: cannot find symbol
      AllowedSolution allowedSolution0 = AllowedSolution.ABOVE_SIDE;
      ^
  symbol:   class AllowedSolution
  location: class BaseSecantSolver_ESTest
/home/liumengjiao/Desktop/CI/Evosuite/Math_48/Math/evosuite/3/org/apache/commons/math/analysis/solvers/BaseSecantSolver_ESTest.java:85: error: cannot find symbol
      AllowedSolution allowedSolution0 = AllowedSolution.ABOVE_SIDE;
                                         ^
  symbol:   variable AllowedSolution
  location: class BaseSecantSolver_ESTest
/home/liumengjiao/Desktop/CI/Evosuite/Math_48/Math/evosuite/3/org/apache/commons/math/analysis/solvers/BaseSecantSolver_ESTest.java:95: error: no suitable constructor found for RegulaFalsiSolver(int,int,int)
      RegulaFalsiSolver regulaFalsiSolver0 = new RegulaFalsiSolver(640, 640, 640);
                                             ^
    constructor RegulaFalsiSolver.RegulaFalsiSolver() is not applicable
      (actual and formal argument lists differ in length)
    constructor RegulaFalsiSolver.RegulaFalsiSolver(double) is not applicable
      (actual and formal argument lists differ in length)
    constructor RegulaFalsiSolver.RegulaFalsiSolver(double,double) is not applicable
      (actual and formal argument lists differ in length)
/home/liumengjiao/Desktop/CI/Evosuite/Math_48/Math/evosuite/3/org/apache/commons/math/analysis/solvers/BaseSecantSolver_ESTest.java:113: error: cannot find symbol
      AllowedSolution allowedSolution0 = AllowedSolution.ANY_SIDE;
      ^
  symbol:   class AllowedSolution
  location: class BaseSecantSolver_ESTest
/home/liumengjiao/Desktop/CI/Evosuite/Math_48/Math/evosuite/3/org/apache/commons/math/analysis/solvers/BaseSecantSolver_ESTest.java:113: error: cannot find symbol
      AllowedSolution allowedSolution0 = AllowedSolution.ANY_SIDE;
                                         ^
  symbol:   variable AllowedSolution
  location: class BaseSecantSolver_ESTest
/home/liumengjiao/Desktop/CI/Evosuite/Math_48/Math/evosuite/3/org/apache/commons/math/analysis/solvers/BaseSecantSolver_ESTest.java:123: error: cannot find symbol
      AllowedSolution allowedSolution0 = AllowedSolution.LEFT_SIDE;
      ^
  symbol:   class AllowedSolution
  location: class BaseSecantSolver_ESTest
/home/liumengjiao/Desktop/CI/Evosuite/Math_48/Math/evosuite/3/org/apache/commons/math/analysis/solvers/BaseSecantSolver_ESTest.java:123: error: cannot find symbol
      AllowedSolution allowedSolution0 = AllowedSolution.LEFT_SIDE;
                                         ^
  symbol:   variable AllowedSolution
  location: class BaseSecantSolver_ESTest
/home/liumengjiao/Desktop/CI/Evosuite/Math_48/Math/evosuite/3/org/apache/commons/math/analysis/solvers/BaseSecantSolver_ESTest.java:133: error: cannot find symbol
      AllowedSolution allowedSolution0 = AllowedSolution.ABOVE_SIDE;
      ^
  symbol:   class AllowedSolution
  location: class BaseSecantSolver_ESTest
/home/liumengjiao/Desktop/CI/Evosuite/Math_48/Math/evosuite/3/org/apache/commons/math/analysis/solvers/BaseSecantSolver_ESTest.java:133: error: cannot find symbol
      AllowedSolution allowedSolution0 = AllowedSolution.ABOVE_SIDE;
                                         ^
  symbol:   variable AllowedSolution
  location: class BaseSecantSolver_ESTest
/home/liumengjiao/Desktop/CI/Evosuite/Math_48/Math/evosuite/3/org/apache/commons/math/analysis/solvers/BaseSecantSolver_ESTest.java:143: error: cannot find symbol
      AllowedSolution allowedSolution0 = AllowedSolution.LEFT_SIDE;
      ^
  symbol:   class AllowedSolution
  location: class BaseSecantSolver_ESTest
/home/liumengjiao/Desktop/CI/Evosuite/Math_48/Math/evosuite/3/org/apache/commons/math/analysis/solvers/BaseSecantSolver_ESTest.java:143: error: cannot find symbol
      AllowedSolution allowedSolution0 = AllowedSolution.LEFT_SIDE;
                                         ^
  symbol:   variable AllowedSolution
  location: class BaseSecantSolver_ESTest
/home/liumengjiao/Desktop/CI/Evosuite/Math_48/Math/evosuite/3/org/apache/commons/math/analysis/solvers/BaseSecantSolver_ESTest.java:153: error: cannot find symbol
      AllowedSolution allowedSolution0 = AllowedSolution.RIGHT_SIDE;
      ^
  symbol:   class AllowedSolution
  location: class BaseSecantSolver_ESTest
/home/liumengjiao/Desktop/CI/Evosuite/Math_48/Math/evosuite/3/org/apache/commons/math/analysis/solvers/BaseSecantSolver_ESTest.java:153: error: cannot find symbol
      AllowedSolution allowedSolution0 = AllowedSolution.RIGHT_SIDE;
                                         ^
  symbol:   variable AllowedSolution
  location: class BaseSecantSolver_ESTest
/home/liumengjiao/Desktop/CI/Evosuite/Math_48/Math/evosuite/3/org/apache/commons/math/analysis/solvers/BaseSecantSolver_ESTest.java:163: error: cannot find symbol
      AllowedSolution allowedSolution0 = AllowedSolution.BELOW_SIDE;
      ^
  symbol:   class AllowedSolution
  location: class BaseSecantSolver_ESTest
/home/liumengjiao/Desktop/CI/Evosuite/Math_48/Math/evosuite/3/org/apache/commons/math/analysis/solvers/BaseSecantSolver_ESTest.java:163: error: cannot find symbol
      AllowedSolution allowedSolution0 = AllowedSolution.BELOW_SIDE;
                                         ^
  symbol:   variable AllowedSolution
  location: class BaseSecantSolver_ESTest
/home/liumengjiao/Desktop/CI/Evosuite/Math_48/Math/evosuite/3/org/apache/commons/math/analysis/solvers/BaseSecantSolver_ESTest.java:173: error: cannot find symbol
      AllowedSolution allowedSolution0 = AllowedSolution.ABOVE_SIDE;
      ^
  symbol:   class AllowedSolution
  location: class BaseSecantSolver_ESTest
/home/liumengjiao/Desktop/CI/Evosuite/Math_48/Math/evosuite/3/org/apache/commons/math/analysis/solvers/BaseSecantSolver_ESTest.java:173: error: cannot find symbol
      AllowedSolution allowedSolution0 = AllowedSolution.ABOVE_SIDE;
                                         ^
  symbol:   variable AllowedSolution
  location: class BaseSecantSolver_ESTest
/home/liumengjiao/Desktop/CI/Evosuite/Math_48/Math/evosuite/3/org/apache/commons/math/analysis/solvers/BaseSecantSolver_ESTest.java:183: error: cannot find symbol
      AllowedSolution allowedSolution0 = AllowedSolution.ANY_SIDE;
      ^
  symbol:   class AllowedSolution
  location: class BaseSecantSolver_ESTest
/home/liumengjiao/Desktop/CI/Evosuite/Math_48/Math/evosuite/3/org/apache/commons/math/analysis/solvers/BaseSecantSolver_ESTest.java:183: error: cannot find symbol
      AllowedSolution allowedSolution0 = AllowedSolution.ANY_SIDE;
                                         ^
  symbol:   variable AllowedSolution
  location: class BaseSecantSolver_ESTest
/home/liumengjiao/Desktop/CI/Evosuite/Math_48/Math/evosuite/3/org/apache/commons/math/analysis/solvers/BaseSecantSolver_ESTest.java:193: error: cannot find symbol
      AllowedSolution allowedSolution0 = AllowedSolution.LEFT_SIDE;
      ^
  symbol:   class AllowedSolution
  location: class BaseSecantSolver_ESTest
/home/liumengjiao/Desktop/CI/Evosuite/Math_48/Math/evosuite/3/org/apache/commons/math/analysis/solvers/BaseSecantSolver_ESTest.java:193: error: cannot find symbol
      AllowedSolution allowedSolution0 = AllowedSolution.LEFT_SIDE;
                                         ^
  symbol:   variable AllowedSolution
  location: class BaseSecantSolver_ESTest
/home/liumengjiao/Desktop/CI/Evosuite/Math_48/Math/evosuite/3/org/apache/commons/math/analysis/solvers/BaseSecantSolver_ESTest.java:203: error: cannot find symbol
      AllowedSolution allowedSolution0 = AllowedSolution.RIGHT_SIDE;
      ^
  symbol:   class AllowedSolution
  location: class BaseSecantSolver_ESTest
/home/liumengjiao/Desktop/CI/Evosuite/Math_48/Math/evosuite/3/org/apache/commons/math/analysis/solvers/BaseSecantSolver_ESTest.java:203: error: cannot find symbol
      AllowedSolution allowedSolution0 = AllowedSolution.RIGHT_SIDE;
                                         ^
  symbol:   variable AllowedSolution
  location: class BaseSecantSolver_ESTest
/home/liumengjiao/Desktop/CI/Evosuite/Math_48/Math/evosuite/3/org/apache/commons/math/analysis/solvers/BaseSecantSolver_ESTest.java:213: error: cannot find symbol
      AllowedSolution allowedSolution0 = AllowedSolution.BELOW_SIDE;
      ^
  symbol:   class AllowedSolution
  location: class BaseSecantSolver_ESTest
/home/liumengjiao/Desktop/CI/Evosuite/Math_48/Math/evosuite/3/org/apache/commons/math/analysis/solvers/BaseSecantSolver_ESTest.java:213: error: cannot find symbol
      AllowedSolution allowedSolution0 = AllowedSolution.BELOW_SIDE;
                                         ^
  symbol:   variable AllowedSolution
  location: class BaseSecantSolver_ESTest
/home/liumengjiao/Desktop/CI/Evosuite/Math_48/Math/evosuite/3/org/apache/commons/math/analysis/solvers/BaseSecantSolver_ESTest.java:223: error: cannot find symbol
      AllowedSolution allowedSolution0 = AllowedSolution.ABOVE_SIDE;
      ^
  symbol:   class AllowedSolution
  location: class BaseSecantSolver_ESTest
/home/liumengjiao/Desktop/CI/Evosuite/Math_48/Math/evosuite/3/org/apache/commons/math/analysis/solvers/BaseSecantSolver_ESTest.java:223: error: cannot find symbol
      AllowedSolution allowedSolution0 = AllowedSolution.ABOVE_SIDE;
                                         ^
  symbol:   variable AllowedSolution
  location: class BaseSecantSolver_ESTest
39 errors
