cd /home/liumengjiao/Desktop/CI/Benchmark/../bugs/Closure_60_buggy && timeout 300000 javac -cp  /home/liumengjiao/Desktop/defects4j/framework/lib/test_generation/generation/evosuite-current.jar:build/classes/:lib/*  /home/liumengjiao/Desktop/CI/Evosuite/Closure_60/Closure/evosuite/3/com/google/javascript/jscomp/NodeUtil_ESTest_scaffolding.java /home/liumengjiao/Desktop/CI/Evosuite/Closure_60/Closure/evosuite/3/com/google/javascript/jscomp/NodeUtil_ESTest.java >> evosuite-report-org/test_build_org.log 2>&1

/home/liumengjiao/Desktop/CI/Evosuite/Closure_60/Closure/evosuite/3/com/google/javascript/jscomp/NodeUtil_ESTest.java:21: error: cannot find symbol
import com.google.javascript.jscomp.InlineSimpleMethods;
                                   ^
  symbol:   class InlineSimpleMethods
  location: package com.google.javascript.jscomp
/home/liumengjiao/Desktop/CI/Evosuite/Closure_60/Closure/evosuite/3/com/google/javascript/jscomp/NodeUtil_ESTest.java:76: error: cannot find symbol
        NodeUtil.getArgumentForCallOrNew(node0, 16);
                ^
  symbol:   method getArgumentForCallOrNew(Node,int)
  location: class NodeUtil
/home/liumengjiao/Desktop/CI/Evosuite/Closure_60/Closure/evosuite/3/com/google/javascript/jscomp/NodeUtil_ESTest.java:122: error: cannot find symbol
        NodeUtil.evaluatesToLocalValue(node0);
                ^
  symbol:   method evaluatesToLocalValue(Node)
  location: class NodeUtil
/home/liumengjiao/Desktop/CI/Evosuite/Closure_60/Closure/evosuite/3/com/google/javascript/jscomp/NodeUtil_ESTest.java:138: error: cannot find symbol
      Double double0 = NodeUtil.getNumberValue(node1);
                               ^
  symbol:   method getNumberValue(Node)
  location: class NodeUtil
/home/liumengjiao/Desktop/CI/Evosuite/Closure_60/Closure/evosuite/3/com/google/javascript/jscomp/NodeUtil_ESTest.java:164: error: no suitable method found for newQualifiedNameNode(CodingConvention,String,Node,String)
        NodeUtil.newQualifiedNameNode((CodingConvention) closureCodingConvention0, "3QrcQx/E<v", (Node) null, "3QrcQx/E<v");
                ^
    method NodeUtil.newQualifiedNameNode(String,int,int) is not applicable
      (actual and formal argument lists differ in length)
    method NodeUtil.newQualifiedNameNode(String,Node,String) is not applicable
      (actual and formal argument lists differ in length)
/home/liumengjiao/Desktop/CI/Evosuite/Closure_60/Closure/evosuite/3/com/google/javascript/jscomp/NodeUtil_ESTest.java:179: error: cannot find symbol
        NodeUtil.getArgumentForFunction((Node) null, 38);
                ^
  symbol:   method getArgumentForFunction(Node,int)
  location: class NodeUtil
/home/liumengjiao/Desktop/CI/Evosuite/Closure_60/Closure/evosuite/3/com/google/javascript/jscomp/NodeUtil_ESTest.java:209: error: cannot find symbol
      NodeUtil.NumbericResultPredicate nodeUtil_NumbericResultPredicate0 = new NodeUtil.NumbericResultPredicate();
              ^
  symbol:   class NumbericResultPredicate
  location: class NodeUtil
/home/liumengjiao/Desktop/CI/Evosuite/Closure_60/Closure/evosuite/3/com/google/javascript/jscomp/NodeUtil_ESTest.java:209: error: cannot find symbol
      NodeUtil.NumbericResultPredicate nodeUtil_NumbericResultPredicate0 = new NodeUtil.NumbericResultPredicate();
                                                                                       ^
  symbol:   class NumbericResultPredicate
  location: class NodeUtil
/home/liumengjiao/Desktop/CI/Evosuite/Closure_60/Closure/evosuite/3/com/google/javascript/jscomp/NodeUtil_ESTest.java:217: error: cannot find symbol
      boolean boolean0 = NodeUtil.mayBeStringHelper(node0);
                                 ^
  symbol:   method mayBeStringHelper(Node)
  location: class NodeUtil
/home/liumengjiao/Desktop/CI/Evosuite/Closure_60/Closure/evosuite/3/com/google/javascript/jscomp/NodeUtil_ESTest.java:253: error: cannot find symbol
      NodeUtil.BooleanResultPredicate nodeUtil_BooleanResultPredicate0 = new NodeUtil.BooleanResultPredicate();
              ^
  symbol:   class BooleanResultPredicate
  location: class NodeUtil
/home/liumengjiao/Desktop/CI/Evosuite/Closure_60/Closure/evosuite/3/com/google/javascript/jscomp/NodeUtil_ESTest.java:253: error: cannot find symbol
      NodeUtil.BooleanResultPredicate nodeUtil_BooleanResultPredicate0 = new NodeUtil.BooleanResultPredicate();
                                                                                     ^
  symbol:   class BooleanResultPredicate
  location: class NodeUtil
/home/liumengjiao/Desktop/CI/Evosuite/Closure_60/Closure/evosuite/3/com/google/javascript/jscomp/NodeUtil_ESTest.java:259: error: cannot find symbol
      Node node0 = Normalize.parseAndNormalizeTestCode(compiler0, "", "");
                            ^
  symbol:   method parseAndNormalizeTestCode(Compiler,String,String)
  location: class Normalize
/home/liumengjiao/Desktop/CI/Evosuite/Closure_60/Closure/evosuite/3/com/google/javascript/jscomp/NodeUtil_ESTest.java:262: error: cannot find symbol
      boolean boolean0 = NodeUtil.mayBeStringHelper(node1);
                                 ^
  symbol:   method mayBeStringHelper(Node)
  location: class NodeUtil
/home/liumengjiao/Desktop/CI/Evosuite/Closure_60/Closure/evosuite/3/com/google/javascript/jscomp/NodeUtil_ESTest.java:271: error: cannot find symbol
        NodeUtil.getImpureBooleanValue(node0);
                ^
  symbol:   method getImpureBooleanValue(Node)
  location: class NodeUtil
/home/liumengjiao/Desktop/CI/Evosuite/Closure_60/Closure/evosuite/3/com/google/javascript/jscomp/NodeUtil_ESTest.java:285: error: cannot find symbol
      NodeUtil.getImpureBooleanValue(node0);
              ^
  symbol:   method getImpureBooleanValue(Node)
  location: class NodeUtil
/home/liumengjiao/Desktop/CI/Evosuite/Closure_60/Closure/evosuite/3/com/google/javascript/jscomp/NodeUtil_ESTest.java:292: error: cannot find symbol
      NodeUtil.getImpureBooleanValue(node0);
              ^
  symbol:   method getImpureBooleanValue(Node)
  location: class NodeUtil
/home/liumengjiao/Desktop/CI/Evosuite/Closure_60/Closure/evosuite/3/com/google/javascript/jscomp/NodeUtil_ESTest.java:298: error: cannot find symbol
      NodeUtil.getImpureBooleanValue(node0);
              ^
  symbol:   method getImpureBooleanValue(Node)
  location: class NodeUtil
/home/liumengjiao/Desktop/CI/Evosuite/Closure_60/Closure/evosuite/3/com/google/javascript/jscomp/NodeUtil_ESTest.java:306: error: cannot find symbol
        NodeUtil.getImpureBooleanValue(node0);
                ^
  symbol:   method getImpureBooleanValue(Node)
  location: class NodeUtil
/home/liumengjiao/Desktop/CI/Evosuite/Closure_60/Closure/evosuite/3/com/google/javascript/jscomp/NodeUtil_ESTest.java:322: error: cannot find symbol
        NodeUtil.getImpureBooleanValue(node0);
                ^
  symbol:   method getImpureBooleanValue(Node)
  location: class NodeUtil
/home/liumengjiao/Desktop/CI/Evosuite/Closure_60/Closure/evosuite/3/com/google/javascript/jscomp/NodeUtil_ESTest.java:338: error: cannot find symbol
        NodeUtil.getImpureBooleanValue(node0);
                ^
  symbol:   method getImpureBooleanValue(Node)
  location: class NodeUtil
/home/liumengjiao/Desktop/CI/Evosuite/Closure_60/Closure/evosuite/3/com/google/javascript/jscomp/NodeUtil_ESTest.java:354: error: cannot find symbol
        NodeUtil.getImpureBooleanValue(node0);
                ^
  symbol:   method getImpureBooleanValue(Node)
  location: class NodeUtil
/home/liumengjiao/Desktop/CI/Evosuite/Closure_60/Closure/evosuite/3/com/google/javascript/jscomp/NodeUtil_ESTest.java:370: error: cannot find symbol
      NodeUtil.getImpureBooleanValue(node0);
              ^
  symbol:   method getImpureBooleanValue(Node)
  location: class NodeUtil
/home/liumengjiao/Desktop/CI/Evosuite/Closure_60/Closure/evosuite/3/com/google/javascript/jscomp/NodeUtil_ESTest.java:379: error: cannot find symbol
        NodeUtil.getPureBooleanValue(node0);
                ^
  symbol:   method getPureBooleanValue(Node)
  location: class NodeUtil
/home/liumengjiao/Desktop/CI/Evosuite/Closure_60/Closure/evosuite/3/com/google/javascript/jscomp/NodeUtil_ESTest.java:393: error: cannot find symbol
      NodeUtil.getPureBooleanValue(node0);
              ^
  symbol:   method getPureBooleanValue(Node)
  location: class NodeUtil
/home/liumengjiao/Desktop/CI/Evosuite/Closure_60/Closure/evosuite/3/com/google/javascript/jscomp/NodeUtil_ESTest.java:399: error: cannot find symbol
      NodeUtil.getPureBooleanValue(node0);
              ^
  symbol:   method getPureBooleanValue(Node)
  location: class NodeUtil
/home/liumengjiao/Desktop/CI/Evosuite/Closure_60/Closure/evosuite/3/com/google/javascript/jscomp/NodeUtil_ESTest.java:405: error: cannot find symbol
      NodeUtil.getImpureBooleanValue(node0);
              ^
  symbol:   method getImpureBooleanValue(Node)
  location: class NodeUtil
/home/liumengjiao/Desktop/CI/Evosuite/Closure_60/Closure/evosuite/3/com/google/javascript/jscomp/NodeUtil_ESTest.java:411: error: cannot find symbol
      NodeUtil.getImpureBooleanValue(node0);
              ^
  symbol:   method getImpureBooleanValue(Node)
  location: class NodeUtil
/home/liumengjiao/Desktop/CI/Evosuite/Closure_60/Closure/evosuite/3/com/google/javascript/jscomp/NodeUtil_ESTest.java:417: error: cannot find symbol
      NodeUtil.getImpureBooleanValue(node0);
              ^
  symbol:   method getImpureBooleanValue(Node)
  location: class NodeUtil
/home/liumengjiao/Desktop/CI/Evosuite/Closure_60/Closure/evosuite/3/com/google/javascript/jscomp/NodeUtil_ESTest.java:424: error: cannot find symbol
      NodeUtil.getPureBooleanValue(node0);
              ^
  symbol:   method getPureBooleanValue(Node)
  location: class NodeUtil
/home/liumengjiao/Desktop/CI/Evosuite/Closure_60/Closure/evosuite/3/com/google/javascript/jscomp/NodeUtil_ESTest.java:430: error: cannot find symbol
      NodeUtil.getPureBooleanValue(node0);
              ^
  symbol:   method getPureBooleanValue(Node)
  location: class NodeUtil
/home/liumengjiao/Desktop/CI/Evosuite/Closure_60/Closure/evosuite/3/com/google/javascript/jscomp/NodeUtil_ESTest.java:436: error: cannot find symbol
      NodeUtil.getPureBooleanValue(node0);
              ^
  symbol:   method getPureBooleanValue(Node)
  location: class NodeUtil
/home/liumengjiao/Desktop/CI/Evosuite/Closure_60/Closure/evosuite/3/com/google/javascript/jscomp/NodeUtil_ESTest.java:443: error: cannot find symbol
      NodeUtil.getImpureBooleanValue(node0);
              ^
  symbol:   method getImpureBooleanValue(Node)
  location: class NodeUtil
/home/liumengjiao/Desktop/CI/Evosuite/Closure_60/Closure/evosuite/3/com/google/javascript/jscomp/NodeUtil_ESTest.java:449: error: cannot find symbol
      NodeUtil.getPureBooleanValue(node0);
              ^
  symbol:   method getPureBooleanValue(Node)
  location: class NodeUtil
/home/liumengjiao/Desktop/CI/Evosuite/Closure_60/Closure/evosuite/3/com/google/javascript/jscomp/NodeUtil_ESTest.java:455: error: no suitable method found for newQualifiedNameNode(GoogleCodingConvention,String,int,int)
      Node node0 = NodeUtil.newQualifiedNameNode(googleCodingConvention0, "IQ", 19, 74);
                           ^
    method NodeUtil.newQualifiedNameNode(String,int,int) is not applicable
      (actual and formal argument lists differ in length)
    method NodeUtil.newQualifiedNameNode(String,Node,String) is not applicable
      (actual and formal argument lists differ in length)
/home/liumengjiao/Desktop/CI/Evosuite/Closure_60/Closure/evosuite/3/com/google/javascript/jscomp/NodeUtil_ESTest.java:456: error: cannot find symbol
      NodeUtil.getPureBooleanValue(node0);
              ^
  symbol:   method getPureBooleanValue(Node)
  location: class NodeUtil
/home/liumengjiao/Desktop/CI/Evosuite/Closure_60/Closure/evosuite/3/com/google/javascript/jscomp/NodeUtil_ESTest.java:458: error: cannot find symbol
      assertEquals(77898, node0.getSourcePosition());
                               ^
  symbol:   method getSourcePosition()
  location: variable node0 of type Node
/home/liumengjiao/Desktop/CI/Evosuite/Closure_60/Closure/evosuite/3/com/google/javascript/jscomp/NodeUtil_ESTest.java:473: error: cannot find symbol
      Double double0 = NodeUtil.getNumberValue(node0);
                               ^
  symbol:   method getNumberValue(Node)
  location: class NodeUtil
/home/liumengjiao/Desktop/CI/Evosuite/Closure_60/Closure/evosuite/3/com/google/javascript/jscomp/NodeUtil_ESTest.java:489: error: cannot find symbol
      String string0 = NodeUtil.arrayToString(node1);
                               ^
  symbol:   method arrayToString(Node)
  location: class NodeUtil
/home/liumengjiao/Desktop/CI/Evosuite/Closure_60/Closure/evosuite/3/com/google/javascript/jscomp/NodeUtil_ESTest.java:527: error: cannot find symbol
      Node node0 = Normalize.parseAndNormalizeTestCode(compiler0, "undefined", "undefined");
                            ^
  symbol:   method parseAndNormalizeTestCode(Compiler,String,String)
  location: class Normalize
/home/liumengjiao/Desktop/CI/Evosuite/Closure_60/Closure/evosuite/3/com/google/javascript/jscomp/NodeUtil_ESTest.java:528: error: cannot find symbol
      String string0 = NodeUtil.arrayToString(node0);
                               ^
  symbol:   method arrayToString(Node)
  location: class NodeUtil
/home/liumengjiao/Desktop/CI/Evosuite/Closure_60/Closure/evosuite/3/com/google/javascript/jscomp/NodeUtil_ESTest.java:535: error: no suitable method found for newQualifiedNameNode(GoogleCodingConvention,String,int,int)
      Node node0 = NodeUtil.newQualifiedNameNode(googleCodingConvention0, "undefined", 68, (-2920));
                           ^
    method NodeUtil.newQualifiedNameNode(String,int,int) is not applicable
      (actual and formal argument lists differ in length)
    method NodeUtil.newQualifiedNameNode(String,Node,String) is not applicable
      (actual and formal argument lists differ in length)
/home/liumengjiao/Desktop/CI/Evosuite/Closure_60/Closure/evosuite/3/com/google/javascript/jscomp/NodeUtil_ESTest.java:545: error: no suitable method found for newQualifiedNameNode(GoogleCodingConvention,String,int,int)
      Node node0 = NodeUtil.newQualifiedNameNode(googleCodingConvention0, "{7A0~5MDZt9|lF~", (-681), (-681));
                           ^
    method NodeUtil.newQualifiedNameNode(String,int,int) is not applicable
      (actual and formal argument lists differ in length)
    method NodeUtil.newQualifiedNameNode(String,Node,String) is not applicable
      (actual and formal argument lists differ in length)
/home/liumengjiao/Desktop/CI/Evosuite/Closure_60/Closure/evosuite/3/com/google/javascript/jscomp/NodeUtil_ESTest.java:553: error: incompatible types: double cannot be converted to Node
      String string0 = NodeUtil.getStringValue((-1455.1715828426309));
                                               ^
/home/liumengjiao/Desktop/CI/Evosuite/Closure_60/Closure/evosuite/3/com/google/javascript/jscomp/NodeUtil_ESTest.java:560: error: cannot find symbol
      String string0 = NodeUtil.getArrayElementStringValue(node0);
                               ^
  symbol:   method getArrayElementStringValue(Node)
  location: class NodeUtil
/home/liumengjiao/Desktop/CI/Evosuite/Closure_60/Closure/evosuite/3/com/google/javascript/jscomp/NodeUtil_ESTest.java:568: error: cannot find symbol
      String string0 = NodeUtil.getArrayElementStringValue(node0);
                               ^
  symbol:   method getArrayElementStringValue(Node)
  location: class NodeUtil
/home/liumengjiao/Desktop/CI/Evosuite/Closure_60/Closure/evosuite/3/com/google/javascript/jscomp/NodeUtil_ESTest.java:577: error: cannot find symbol
        NodeUtil.getNumberValue(node0);
                ^
  symbol:   method getNumberValue(Node)
  location: class NodeUtil
/home/liumengjiao/Desktop/CI/Evosuite/Closure_60/Closure/evosuite/3/com/google/javascript/jscomp/NodeUtil_ESTest.java:592: error: cannot find symbol
      Double double0 = NodeUtil.getNumberValue(node1);
                               ^
  symbol:   method getNumberValue(Node)
  location: class NodeUtil
/home/liumengjiao/Desktop/CI/Evosuite/Closure_60/Closure/evosuite/3/com/google/javascript/jscomp/NodeUtil_ESTest.java:599: error: no suitable method found for newQualifiedNameNode(GoogleCodingConvention,String,int,int)
      Node node0 = NodeUtil.newQualifiedNameNode(googleCodingConvention0, "X", 1290, 74);
                           ^
    method NodeUtil.newQualifiedNameNode(String,int,int) is not applicable
      (actual and formal argument lists differ in length)
    method NodeUtil.newQualifiedNameNode(String,Node,String) is not applicable
      (actual and formal argument lists differ in length)
/home/liumengjiao/Desktop/CI/Evosuite/Closure_60/Closure/evosuite/3/com/google/javascript/jscomp/NodeUtil_ESTest.java:600: error: cannot find symbol
      Double double0 = NodeUtil.getNumberValue(node0);
                               ^
  symbol:   method getNumberValue(Node)
  location: class NodeUtil
/home/liumengjiao/Desktop/CI/Evosuite/Closure_60/Closure/evosuite/3/com/google/javascript/jscomp/NodeUtil_ESTest.java:602: error: cannot find symbol
      assertEquals(5283914, node0.getSourcePosition());
                                 ^
  symbol:   method getSourcePosition()
  location: variable node0 of type Node
/home/liumengjiao/Desktop/CI/Evosuite/Closure_60/Closure/evosuite/3/com/google/javascript/jscomp/NodeUtil_ESTest.java:610: error: cannot find symbol
      Double double0 = NodeUtil.getNumberValue(node0);
                               ^
  symbol:   method getNumberValue(Node)
  location: class NodeUtil
/home/liumengjiao/Desktop/CI/Evosuite/Closure_60/Closure/evosuite/3/com/google/javascript/jscomp/NodeUtil_ESTest.java:617: error: cannot find symbol
      Double double0 = NodeUtil.getNumberValue(node0);
                               ^
  symbol:   method getNumberValue(Node)
  location: class NodeUtil
/home/liumengjiao/Desktop/CI/Evosuite/Closure_60/Closure/evosuite/3/com/google/javascript/jscomp/NodeUtil_ESTest.java:625: error: cannot find symbol
      Double double0 = NodeUtil.getNumberValue(node0);
                               ^
  symbol:   method getNumberValue(Node)
  location: class NodeUtil
/home/liumengjiao/Desktop/CI/Evosuite/Closure_60/Closure/evosuite/3/com/google/javascript/jscomp/NodeUtil_ESTest.java:632: error: cannot find symbol
      Double double0 = NodeUtil.getNumberValue(node0);
                               ^
  symbol:   method getNumberValue(Node)
  location: class NodeUtil
/home/liumengjiao/Desktop/CI/Evosuite/Closure_60/Closure/evosuite/3/com/google/javascript/jscomp/NodeUtil_ESTest.java:639: error: cannot find symbol
      Double double0 = NodeUtil.getNumberValue(node0);
                               ^
  symbol:   method getNumberValue(Node)
  location: class NodeUtil
/home/liumengjiao/Desktop/CI/Evosuite/Closure_60/Closure/evosuite/3/com/google/javascript/jscomp/NodeUtil_ESTest.java:646: error: cannot find symbol
      Double double0 = NodeUtil.getNumberValue(node0);
                               ^
  symbol:   method getNumberValue(Node)
  location: class NodeUtil
/home/liumengjiao/Desktop/CI/Evosuite/Closure_60/Closure/evosuite/3/com/google/javascript/jscomp/NodeUtil_ESTest.java:654: error: incompatible types: DefaultCodingConvention cannot be converted to String
      Node node1 = NodeUtil.newName(defaultCodingConvention0, "NaN", node0);
                                    ^
/home/liumengjiao/Desktop/CI/Evosuite/Closure_60/Closure/evosuite/3/com/google/javascript/jscomp/NodeUtil_ESTest.java:655: error: cannot find symbol
      Double double0 = NodeUtil.getNumberValue(node1);
                               ^
  symbol:   method getNumberValue(Node)
  location: class NodeUtil
/home/liumengjiao/Desktop/CI/Evosuite/Closure_60/Closure/evosuite/3/com/google/javascript/jscomp/NodeUtil_ESTest.java:664: error: cannot find symbol
      Double double0 = NodeUtil.getNumberValue(node0);
                               ^
  symbol:   method getNumberValue(Node)
  location: class NodeUtil
/home/liumengjiao/Desktop/CI/Evosuite/Closure_60/Closure/evosuite/3/com/google/javascript/jscomp/NodeUtil_ESTest.java:670: error: cannot find symbol
      Double double0 = NodeUtil.getStringNumberValue("");
                               ^
  symbol:   method getStringNumberValue(String)
  location: class NodeUtil
/home/liumengjiao/Desktop/CI/Evosuite/Closure_60/Closure/evosuite/3/com/google/javascript/jscomp/NodeUtil_ESTest.java:677: error: cannot find symbol
      Double double0 = NodeUtil.getStringNumberValue(" of ");
                               ^
  symbol:   method getStringNumberValue(String)
  location: class NodeUtil
/home/liumengjiao/Desktop/CI/Evosuite/Closure_60/Closure/evosuite/3/com/google/javascript/jscomp/NodeUtil_ESTest.java:684: error: cannot find symbol
      Double double0 = NodeUtil.getStringNumberValue("0?p`j)");
                               ^
  symbol:   method getStringNumberValue(String)
  location: class NodeUtil
/home/liumengjiao/Desktop/CI/Evosuite/Closure_60/Closure/evosuite/3/com/google/javascript/jscomp/NodeUtil_ESTest.java:691: error: cannot find symbol
      Double double0 = NodeUtil.getStringNumberValue("0xp`j)");
                               ^
  symbol:   method getStringNumberValue(String)
  location: class NodeUtil
/home/liumengjiao/Desktop/CI/Evosuite/Closure_60/Closure/evosuite/3/com/google/javascript/jscomp/NodeUtil_ESTest.java:698: error: cannot find symbol
      Double double0 = NodeUtil.getStringNumberValue("-infinity");
                               ^
  symbol:   method getStringNumberValue(String)
  location: class NodeUtil
/home/liumengjiao/Desktop/CI/Evosuite/Closure_60/Closure/evosuite/3/com/google/javascript/jscomp/NodeUtil_ESTest.java:704: error: cannot find symbol
      Double double0 = NodeUtil.getStringNumberValue("+infinity");
                               ^
  symbol:   method getStringNumberValue(String)
  location: class NodeUtil
/home/liumengjiao/Desktop/CI/Evosuite/Closure_60/Closure/evosuite/3/com/google/javascript/jscomp/NodeUtil_ESTest.java:710: error: cannot find symbol
      Double double0 = NodeUtil.getStringNumberValue("infinity");
                               ^
  symbol:   method getStringNumberValue(String)
  location: class NodeUtil
/home/liumengjiao/Desktop/CI/Evosuite/Closure_60/Closure/evosuite/3/com/google/javascript/jscomp/NodeUtil_ESTest.java:716: error: cannot find symbol
      NodeUtil.isStrWhiteSpaceChar(10);
              ^
  symbol:   method isStrWhiteSpaceChar(int)
  location: class NodeUtil
/home/liumengjiao/Desktop/CI/Evosuite/Closure_60/Closure/evosuite/3/com/google/javascript/jscomp/NodeUtil_ESTest.java:721: error: cannot find symbol
      NodeUtil.isStrWhiteSpaceChar(11);
              ^
  symbol:   method isStrWhiteSpaceChar(int)
  location: class NodeUtil
/home/liumengjiao/Desktop/CI/Evosuite/Closure_60/Closure/evosuite/3/com/google/javascript/jscomp/NodeUtil_ESTest.java:726: error: cannot find symbol
      NodeUtil.isStrWhiteSpaceChar(12);
              ^
  symbol:   method isStrWhiteSpaceChar(int)
  location: class NodeUtil
/home/liumengjiao/Desktop/CI/Evosuite/Closure_60/Closure/evosuite/3/com/google/javascript/jscomp/NodeUtil_ESTest.java:731: error: cannot find symbol
      NodeUtil.isStrWhiteSpaceChar(13);
              ^
  symbol:   method isStrWhiteSpaceChar(int)
  location: class NodeUtil
/home/liumengjiao/Desktop/CI/Evosuite/Closure_60/Closure/evosuite/3/com/google/javascript/jscomp/NodeUtil_ESTest.java:736: error: cannot find symbol
      NodeUtil.isStrWhiteSpaceChar(160);
              ^
  symbol:   method isStrWhiteSpaceChar(int)
  location: class NodeUtil
/home/liumengjiao/Desktop/CI/Evosuite/Closure_60/Closure/evosuite/3/com/google/javascript/jscomp/NodeUtil_ESTest.java:741: error: cannot find symbol
      NodeUtil.isStrWhiteSpaceChar(8232);
              ^
  symbol:   method isStrWhiteSpaceChar(int)
  location: class NodeUtil
/home/liumengjiao/Desktop/CI/Evosuite/Closure_60/Closure/evosuite/3/com/google/javascript/jscomp/NodeUtil_ESTest.java:746: error: cannot find symbol
      NodeUtil.isStrWhiteSpaceChar(8233);
              ^
  symbol:   method isStrWhiteSpaceChar(int)
  location: class NodeUtil
/home/liumengjiao/Desktop/CI/Evosuite/Closure_60/Closure/evosuite/3/com/google/javascript/jscomp/NodeUtil_ESTest.java:751: error: cannot find symbol
      NodeUtil.isStrWhiteSpaceChar(65279);
              ^
  symbol:   method isStrWhiteSpaceChar(int)
  location: class NodeUtil
/home/liumengjiao/Desktop/CI/Evosuite/Closure_60/Closure/evosuite/3/com/google/javascript/jscomp/NodeUtil_ESTest.java:756: error: cannot find symbol
      NodeUtil.isStrWhiteSpaceChar(8192);
              ^
  symbol:   method isStrWhiteSpaceChar(int)
  location: class NodeUtil
/home/liumengjiao/Desktop/CI/Evosuite/Closure_60/Closure/evosuite/3/com/google/javascript/jscomp/NodeUtil_ESTest.java:786: error: cannot find symbol
      boolean boolean0 = NodeUtil.evaluatesToLocalValue(node0);
                                 ^
  symbol:   method evaluatesToLocalValue(Node)
  location: class NodeUtil
/home/liumengjiao/Desktop/CI/Evosuite/Closure_60/Closure/evosuite/3/com/google/javascript/jscomp/NodeUtil_ESTest.java:801: error: cannot find symbol
      boolean boolean0 = NodeUtil.evaluatesToLocalValue(node0);
                                 ^
  symbol:   method evaluatesToLocalValue(Node)
  location: class NodeUtil
/home/liumengjiao/Desktop/CI/Evosuite/Closure_60/Closure/evosuite/3/com/google/javascript/jscomp/NodeUtil_ESTest.java:808: error: cannot find symbol
      boolean boolean0 = NodeUtil.evaluatesToLocalValue(node0);
                                 ^
  symbol:   method evaluatesToLocalValue(Node)
  location: class NodeUtil
/home/liumengjiao/Desktop/CI/Evosuite/Closure_60/Closure/evosuite/3/com/google/javascript/jscomp/NodeUtil_ESTest.java:815: error: cannot find symbol
      boolean boolean0 = NodeUtil.evaluatesToLocalValue(node0);
                                 ^
  symbol:   method evaluatesToLocalValue(Node)
  location: class NodeUtil
/home/liumengjiao/Desktop/CI/Evosuite/Closure_60/Closure/evosuite/3/com/google/javascript/jscomp/NodeUtil_ESTest.java:829: error: no suitable method found for newQualifiedNameNode(DefaultCodingConvention,String,int,int)
      Node node0 = NodeUtil.newQualifiedNameNode(defaultCodingConvention0, "-infnity", 98, 98);
                           ^
    method NodeUtil.newQualifiedNameNode(String,int,int) is not applicable
      (actual and formal argument lists differ in length)
    method NodeUtil.newQualifiedNameNode(String,Node,String) is not applicable
      (actual and formal argument lists differ in length)
/home/liumengjiao/Desktop/CI/Evosuite/Closure_60/Closure/evosuite/3/com/google/javascript/jscomp/NodeUtil_ESTest.java:830: error: cannot find symbol
      boolean boolean0 = NodeUtil.evaluatesToLocalValue(node0);
                                 ^
  symbol:   method evaluatesToLocalValue(Node)
  location: class NodeUtil
/home/liumengjiao/Desktop/CI/Evosuite/Closure_60/Closure/evosuite/3/com/google/javascript/jscomp/NodeUtil_ESTest.java:833: error: cannot find symbol
      assertEquals(401506, node0.getSourcePosition());
                                ^
  symbol:   method getSourcePosition()
  location: variable node0 of type Node
/home/liumengjiao/Desktop/CI/Evosuite/Closure_60/Closure/evosuite/3/com/google/javascript/jscomp/NodeUtil_ESTest.java:851: error: cannot find symbol
      assertEquals(208948, node1.getSourcePosition());
                                ^
  symbol:   method getSourcePosition()
  location: variable node1 of type Node
/home/liumengjiao/Desktop/CI/Evosuite/Closure_60/Closure/evosuite/3/com/google/javascript/jscomp/NodeUtil_ESTest.java:865: error: cannot find symbol
      assertEquals(208896, node1.getSourcePosition());
                                ^
  symbol:   method getSourcePosition()
  location: variable node1 of type Node
/home/liumengjiao/Desktop/CI/Evosuite/Closure_60/Closure/evosuite/3/com/google/javascript/jscomp/NodeUtil_ESTest.java:1227: error: no suitable method found for newQualifiedNameNode(DefaultCodingConvention,String,int,int)
      Node node0 = NodeUtil.newQualifiedNameNode(defaultCodingConvention0, "-infnity", 87, 87);
                           ^
    method NodeUtil.newQualifiedNameNode(String,int,int) is not applicable
      (actual and formal argument lists differ in length)
    method NodeUtil.newQualifiedNameNode(String,Node,String) is not applicable
      (actual and formal argument lists differ in length)
/home/liumengjiao/Desktop/CI/Evosuite/Closure_60/Closure/evosuite/3/com/google/javascript/jscomp/NodeUtil_ESTest.java:1230: error: cannot find symbol
      assertEquals(356439, node0.getSourcePosition());
                                ^
  symbol:   method getSourcePosition()
  location: variable node0 of type Node
/home/liumengjiao/Desktop/CI/Evosuite/Closure_60/Closure/evosuite/3/com/google/javascript/jscomp/NodeUtil_ESTest.java:1278: error: cannot find symbol
      Node node0 = Normalize.parseAndNormalizeTestCode(compiler0, "", "");
                            ^
  symbol:   method parseAndNormalizeTestCode(Compiler,String,String)
  location: class Normalize
/home/liumengjiao/Desktop/CI/Evosuite/Closure_60/Closure/evosuite/3/com/google/javascript/jscomp/NodeUtil_ESTest.java:1299: error: no suitable method found for newName(ClosureCodingConvention,String,Node,String)
      Node node1 = NodeUtil.newName(closureCodingConvention0, "RANGE_ERROR_FUNCTION_TYPE", node0, "GETPROP");
                           ^
    method NodeUtil.newName(String,Node) is not applicable
      (actual and formal argument lists differ in length)
    method NodeUtil.newName(String,Node,String) is not applicable
      (actual and formal argument lists differ in length)
/home/liumengjiao/Desktop/CI/Evosuite/Closure_60/Closure/evosuite/3/com/google/javascript/jscomp/NodeUtil_ESTest.java:1346: error: cannot find symbol
      boolean boolean0 = NodeUtil.evaluatesToLocalValue(node0);
                                 ^
  symbol:   method evaluatesToLocalValue(Node)
  location: class NodeUtil
/home/liumengjiao/Desktop/CI/Evosuite/Closure_60/Closure/evosuite/3/com/google/javascript/jscomp/NodeUtil_ESTest.java:1366: error: cannot find symbol
      boolean boolean0 = NodeUtil.evaluatesToLocalValue(node0);
                                 ^
  symbol:   method evaluatesToLocalValue(Node)
  location: class NodeUtil
/home/liumengjiao/Desktop/CI/Evosuite/Closure_60/Closure/evosuite/3/com/google/javascript/jscomp/NodeUtil_ESTest.java:1373: error: cannot find symbol
      boolean boolean0 = NodeUtil.evaluatesToLocalValue(node0);
                                 ^
  symbol:   method evaluatesToLocalValue(Node)
  location: class NodeUtil
/home/liumengjiao/Desktop/CI/Evosuite/Closure_60/Closure/evosuite/3/com/google/javascript/jscomp/NodeUtil_ESTest.java:1381: error: cannot find symbol
      boolean boolean0 = NodeUtil.evaluatesToLocalValue(node1);
                                 ^
  symbol:   method evaluatesToLocalValue(Node)
  location: class NodeUtil
/home/liumengjiao/Desktop/CI/Evosuite/Closure_60/Closure/evosuite/3/com/google/javascript/jscomp/NodeUtil_ESTest.java:1395: error: cannot find symbol
      boolean boolean0 = NodeUtil.evaluatesToLocalValue(node0);
                                 ^
  symbol:   method evaluatesToLocalValue(Node)
  location: class NodeUtil
/home/liumengjiao/Desktop/CI/Evosuite/Closure_60/Closure/evosuite/3/com/google/javascript/jscomp/NodeUtil_ESTest.java:1402: error: cannot find symbol
      boolean boolean0 = NodeUtil.evaluatesToLocalValue(node0);
                                 ^
  symbol:   method evaluatesToLocalValue(Node)
  location: class NodeUtil
/home/liumengjiao/Desktop/CI/Evosuite/Closure_60/Closure/evosuite/3/com/google/javascript/jscomp/NodeUtil_ESTest.java:1409: error: cannot find symbol
      boolean boolean0 = NodeUtil.evaluatesToLocalValue(node0);
                                 ^
  symbol:   method evaluatesToLocalValue(Node)
  location: class NodeUtil
/home/liumengjiao/Desktop/CI/Evosuite/Closure_60/Closure/evosuite/3/com/google/javascript/jscomp/NodeUtil_ESTest.java:1451: error: cannot find symbol
      boolean boolean0 = NodeUtil.evaluatesToLocalValue(node0);
                                 ^
  symbol:   method evaluatesToLocalValue(Node)
  location: class NodeUtil
/home/liumengjiao/Desktop/CI/Evosuite/Closure_60/Closure/evosuite/3/com/google/javascript/jscomp/NodeUtil_ESTest.java:1458: error: cannot find symbol
      boolean boolean0 = NodeUtil.evaluatesToLocalValue(node0);
                                 ^
  symbol:   method evaluatesToLocalValue(Node)
  location: class NodeUtil
/home/liumengjiao/Desktop/CI/Evosuite/Closure_60/Closure/evosuite/3/com/google/javascript/jscomp/NodeUtil_ESTest.java:1466: error: cannot find symbol
      boolean boolean0 = NodeUtil.evaluatesToLocalValue(node1);
                                 ^
  symbol:   method evaluatesToLocalValue(Node)
  location: class NodeUtil
/home/liumengjiao/Desktop/CI/Evosuite/Closure_60/Closure/evosuite/3/com/google/javascript/jscomp/NodeUtil_ESTest.java:1504: error: cannot find symbol
        NodeUtil.evaluatesToLocalValue(node0);
                ^
  symbol:   method evaluatesToLocalValue(Node)
  location: class NodeUtil
/home/liumengjiao/Desktop/CI/Evosuite/Closure_60/Closure/evosuite/3/com/google/javascript/jscomp/NodeUtil_ESTest.java:1538: error: cannot find symbol
      boolean boolean0 = NodeUtil.evaluatesToLocalValue(node0);
                                 ^
  symbol:   method evaluatesToLocalValue(Node)
  location: class NodeUtil
Note: Some messages have been simplified; recompile with -Xdiags:verbose to get full output
100 errors
