cd /home/liumengjiao/Desktop/CI/Benchmark/../bugs/Math_79_fix && timeout 300000 java -cp /home/liumengjiao/Desktop/defects4j/framework/lib/test_generation/generation/evosuite-current.jar:/home/liumengjiao/Desktop/CI/Evosuite/Math_79/Math/evosuite//3/::target/classes/ org.junit.runner.JUnitCore org.apache.commons.math.util.MathUtils_ESTest >> evosuite-report-clz/test_run_fix.log 2>&1

JUnit version 4.13
19:19:24.377 [main] INFO org.evosuite.runtime.instrumentation.EvoClassLoader - Seeing class for first time: org.apache.commons.math.util.MathUtils_ESTest
19:19:24.378 [main] INFO org.evosuite.runtime.instrumentation.EvoClassLoader - Instrumenting class 'org.apache.commons.math.util.MathUtils_ESTest'.
19:19:24.424 [main] INFO org.evosuite.runtime.instrumentation.EvoClassLoader - Seeing class for first time: org.apache.commons.math.util.MathUtils_ESTest_scaffolding
19:19:24.425 [main] INFO org.evosuite.runtime.instrumentation.EvoClassLoader - Instrumenting class 'org.apache.commons.math.util.MathUtils_ESTest_scaffolding'.
19:19:24.426 [main] INFO org.evosuite.runtime.instrumentation.EvoClassLoader - Keeping class: org.apache.commons.math.util.MathUtils_ESTest_scaffolding
19:19:24.426 [main] INFO org.evosuite.runtime.instrumentation.EvoClassLoader - Keeping class: org.apache.commons.math.util.MathUtils_ESTest
19:19:24.506 [main] DEBUG org.evosuite.runtime.sandbox.MSecurityManager - Adding privileged thread: "Reference Handler"
19:19:24.507 [main] DEBUG org.evosuite.runtime.sandbox.MSecurityManager - Adding privileged thread: "Finalizer"
19:19:24.507 [main] DEBUG org.evosuite.runtime.sandbox.MSecurityManager - Adding privileged thread: "Signal Dispatcher"
19:19:24.507 [main] DEBUG org.evosuite.runtime.sandbox.MSecurityManager - Adding privileged thread: "Java2D Disposer"
19:19:24.507 [main] DEBUG org.evosuite.runtime.sandbox.MSecurityManager - Adding privileged thread: "AWT-XAWT"
19:19:24.507 [main] DEBUG org.evosuite.runtime.sandbox.MSecurityManager - Adding privileged thread: "main"
19:19:24.517 [main] INFO org.evosuite.runtime.instrumentation.EvoClassLoader - Seeing class for first time: org.apache.commons.math.MathRuntimeException
19:19:24.517 [main] INFO org.evosuite.runtime.instrumentation.EvoClassLoader - Instrumenting class 'org.apache.commons.math.MathRuntimeException'.
19:19:24.533 [main] INFO org.evosuite.runtime.instrumentation.MethodCallReplacementClassAdapter - Adding mock interface to class org/apache/commons/math/MathRuntimeException
19:19:24.586 [main] INFO org.evosuite.runtime.instrumentation.CreateClassResetClassAdapter - Creating brand-new static initializer in class org/apache/commons/math/MathRuntimeException
19:19:24.587 [main] INFO org.evosuite.runtime.instrumentation.EvoClassLoader - Defined package (3): package org.apache.commons.math, 802290660
19:19:24.587 [main] INFO org.evosuite.runtime.instrumentation.EvoClassLoader - Keeping class: org.apache.commons.math.MathRuntimeException
19:19:24.587 [main] INFO org.evosuite.runtime.instrumentation.EvoClassLoader - Seeing class for first time: org.apache.commons.math.MathRuntimeException$10
19:19:24.587 [main] INFO org.evosuite.runtime.instrumentation.EvoClassLoader - Instrumenting class 'org.apache.commons.math.MathRuntimeException$10'.
19:19:24.588 [main] INFO org.evosuite.runtime.instrumentation.MethodCallReplacementClassAdapter - Adding mock interface to class org/apache/commons/math/MathRuntimeException$10
19:19:24.588 [main] INFO org.evosuite.runtime.instrumentation.EvoClassLoader - Keeping class: org.apache.commons.math.MathRuntimeException$10
19:19:24.588 [main] INFO org.evosuite.runtime.instrumentation.EvoClassLoader - Seeing class for first time: org.apache.commons.math.MathRuntimeException$9
19:19:24.588 [main] INFO org.evosuite.runtime.instrumentation.EvoClassLoader - Instrumenting class 'org.apache.commons.math.MathRuntimeException$9'.
19:19:24.589 [main] INFO org.evosuite.runtime.instrumentation.MethodCallReplacementClassAdapter - Adding mock interface to class org/apache/commons/math/MathRuntimeException$9
19:19:24.589 [main] INFO org.evosuite.runtime.instrumentation.EvoClassLoader - Keeping class: org.apache.commons.math.MathRuntimeException$9
19:19:24.589 [main] INFO org.evosuite.runtime.instrumentation.EvoClassLoader - Seeing class for first time: org.apache.commons.math.MathRuntimeException$8
19:19:24.589 [main] INFO org.evosuite.runtime.instrumentation.EvoClassLoader - Instrumenting class 'org.apache.commons.math.MathRuntimeException$8'.
19:19:24.590 [main] INFO org.evosuite.runtime.instrumentation.MethodCallReplacementClassAdapter - Adding mock interface to class org/apache/commons/math/MathRuntimeException$8
19:19:24.590 [main] INFO org.evosuite.runtime.instrumentation.EvoClassLoader - Keeping class: org.apache.commons.math.MathRuntimeException$8
19:19:24.590 [main] INFO org.evosuite.runtime.instrumentation.EvoClassLoader - Seeing class for first time: org.apache.commons.math.MathRuntimeException$7
19:19:24.590 [main] INFO org.evosuite.runtime.instrumentation.EvoClassLoader - Instrumenting class 'org.apache.commons.math.MathRuntimeException$7'.
19:19:24.591 [main] INFO org.evosuite.runtime.instrumentation.MethodCallReplacementClassAdapter - Adding mock interface to class org/apache/commons/math/MathRuntimeException$7
19:19:24.591 [main] INFO org.evosuite.runtime.instrumentation.EvoClassLoader - Keeping class: org.apache.commons.math.MathRuntimeException$7
19:19:24.591 [main] INFO org.evosuite.runtime.instrumentation.EvoClassLoader - Seeing class for first time: org.apache.commons.math.MathRuntimeException$6
19:19:24.591 [main] INFO org.evosuite.runtime.instrumentation.EvoClassLoader - Instrumenting class 'org.apache.commons.math.MathRuntimeException$6'.
19:19:24.592 [main] INFO org.evosuite.runtime.instrumentation.MethodCallReplacementClassAdapter - Adding mock interface to class org/apache/commons/math/MathRuntimeException$6
19:19:24.592 [main] INFO org.evosuite.runtime.instrumentation.EvoClassLoader - Keeping class: org.apache.commons.math.MathRuntimeException$6
19:19:24.592 [main] INFO org.evosuite.runtime.instrumentation.EvoClassLoader - Seeing class for first time: org.apache.commons.math.MathRuntimeException$5
19:19:24.592 [main] INFO org.evosuite.runtime.instrumentation.EvoClassLoader - Instrumenting class 'org.apache.commons.math.MathRuntimeException$5'.
19:19:24.593 [main] INFO org.evosuite.runtime.instrumentation.MethodCallReplacementClassAdapter - Adding mock interface to class org/apache/commons/math/MathRuntimeException$5
19:19:24.593 [main] INFO org.evosuite.runtime.instrumentation.EvoClassLoader - Keeping class: org.apache.commons.math.MathRuntimeException$5
19:19:24.593 [main] INFO org.evosuite.runtime.instrumentation.EvoClassLoader - Seeing class for first time: org.apache.commons.math.MathRuntimeException$4
19:19:24.593 [main] INFO org.evosuite.runtime.instrumentation.EvoClassLoader - Instrumenting class 'org.apache.commons.math.MathRuntimeException$4'.
19:19:24.593 [main] INFO org.evosuite.runtime.instrumentation.MethodCallReplacementClassAdapter - Adding mock interface to class org/apache/commons/math/MathRuntimeException$4
19:19:24.594 [main] INFO org.evosuite.runtime.instrumentation.EvoClassLoader - Keeping class: org.apache.commons.math.MathRuntimeException$4
19:19:24.594 [main] INFO org.evosuite.runtime.instrumentation.EvoClassLoader - Seeing class for first time: org.apache.commons.math.MathRuntimeException$3
19:19:24.594 [main] INFO org.evosuite.runtime.instrumentation.EvoClassLoader - Instrumenting class 'org.apache.commons.math.MathRuntimeException$3'.
19:19:24.594 [main] INFO org.evosuite.runtime.instrumentation.MethodCallReplacementClassAdapter - Adding mock interface to class org/apache/commons/math/MathRuntimeException$3
19:19:24.595 [main] INFO org.evosuite.runtime.instrumentation.EvoClassLoader - Keeping class: org.apache.commons.math.MathRuntimeException$3
19:19:24.595 [main] INFO org.evosuite.runtime.instrumentation.EvoClassLoader - Seeing class for first time: org.apache.commons.math.MathRuntimeException$2
19:19:24.595 [main] INFO org.evosuite.runtime.instrumentation.EvoClassLoader - Instrumenting class 'org.apache.commons.math.MathRuntimeException$2'.
19:19:24.595 [main] INFO org.evosuite.runtime.instrumentation.MethodCallReplacementClassAdapter - Adding mock interface to class org/apache/commons/math/MathRuntimeException$2
19:19:24.598 [main] INFO org.evosuite.runtime.instrumentation.EvoClassLoader - Keeping class: org.apache.commons.math.MathRuntimeException$2
19:19:24.598 [main] INFO org.evosuite.runtime.instrumentation.EvoClassLoader - Seeing class for first time: org.apache.commons.math.MathRuntimeException$1
19:19:24.598 [main] INFO org.evosuite.runtime.instrumentation.EvoClassLoader - Instrumenting class 'org.apache.commons.math.MathRuntimeException$1'.
19:19:24.599 [main] INFO org.evosuite.runtime.instrumentation.MethodCallReplacementClassAdapter - Adding mock interface to class org/apache/commons/math/MathRuntimeException$1
19:19:24.599 [main] INFO org.evosuite.runtime.instrumentation.EvoClassLoader - Keeping class: org.apache.commons.math.MathRuntimeException$1
19:19:24.600 [main] INFO org.evosuite.runtime.instrumentation.EvoClassLoader - Seeing class for first time: org.apache.commons.math.util.MathUtils
19:19:24.600 [main] INFO org.evosuite.runtime.instrumentation.EvoClassLoader - Instrumenting class 'org.apache.commons.math.util.MathUtils'.
19:19:24.601 [main] INFO org.evosuite.runtime.instrumentation.MethodCallReplacementClassAdapter - Adding mock interface to class org/apache/commons/math/util/MathUtils
19:19:24.608 [main] INFO org.evosuite.runtime.instrumentation.CreateClassResetClassAdapter - Found static initializer in class org/apache/commons/math/util/MathUtils
19:19:24.609 [main] INFO org.evosuite.runtime.instrumentation.EvoClassLoader - Keeping class: org.apache.commons.math.util.MathUtils
........................................................E...........................................................................................................
Time: 0.259
There was 1 failure:
1) test141(org.apache.commons.math.util.MathUtils_ESTest)
java.lang.AssertionError: Expecting exception: ArithmeticException
	at org.junit.Assert.fail(Assert.java:89)
	at org.apache.commons.math.util.MathUtils_ESTest.test141(MathUtils_ESTest.java:1143)

FAILURES!!!
Tests run: 163,  Failures: 1

cd /home/liumengjiao/Desktop/CI/Benchmark/../bugs/Math_79_fix && timeout 300000 defects4j test -s /home/liumengjiao/Desktop/CI/Evosuite//Math_79/Math/evosuite/0/Math-79f-evosuite.0.tar.bz >> evosuite-report-clz/test_run_fix.log 2>&1

Test suite archive not found: /home/liumengjiao/Desktop/CI/Evosuite//Math_79/Math/evosuite/0/Math-79f-evosuite.0.tar.bz
Died at /home/liumengjiao/Desktop/defects4j/framework/bin/d4j/d4j-test line 125.
Compilation failed in require at /home/liumengjiao/Desktop/defects4j/framework/bin/defects4j line 195.
cd /home/liumengjiao/Desktop/CI/Benchmark/../bugs/Math_79_fix && timeout 300000 defects4j test -s /home/liumengjiao/Desktop/CI/Evosuite//Math_79/Math/evosuite/1/Math-79f-evosuite.1.tar.bz >> evosuite-report-clz/test_run_fix.log 2>&1

Test suite archive not found: /home/liumengjiao/Desktop/CI/Evosuite//Math_79/Math/evosuite/1/Math-79f-evosuite.1.tar.bz
Died at /home/liumengjiao/Desktop/defects4j/framework/bin/d4j/d4j-test line 125.
Compilation failed in require at /home/liumengjiao/Desktop/defects4j/framework/bin/defects4j line 195.
cd /home/liumengjiao/Desktop/CI/Benchmark/../bugs/Math_79_fix && timeout 300000 defects4j test -s /home/liumengjiao/Desktop/CI/Evosuite//Math_79/Math/evosuite/2/Math-79f-evosuite.2.tar.bz >> evosuite-report-clz/test_run_fix.log 2>&1

Test suite archive not found: /home/liumengjiao/Desktop/CI/Evosuite//Math_79/Math/evosuite/2/Math-79f-evosuite.2.tar.bz
Died at /home/liumengjiao/Desktop/defects4j/framework/bin/d4j/d4j-test line 125.
Compilation failed in require at /home/liumengjiao/Desktop/defects4j/framework/bin/defects4j line 195.
cd /home/liumengjiao/Desktop/CI/Benchmark/../bugs/Math_79_fix && timeout 300000 defects4j test -s /home/liumengjiao/Desktop/CI/Evosuite//Math_79/Math/evosuite/3/Math-79f-evosuite.3.tar.bz >> evosuite-report-clz/test_run_fix.log 2>&1

Test suite archive not found: /home/liumengjiao/Desktop/CI/Evosuite//Math_79/Math/evosuite/3/Math-79f-evosuite.3.tar.bz
Died at /home/liumengjiao/Desktop/defects4j/framework/bin/d4j/d4j-test line 125.
Compilation failed in require at /home/liumengjiao/Desktop/defects4j/framework/bin/defects4j line 195.
cd /home/liumengjiao/Desktop/CI/Benchmark/../bugs/Math_79_fix && timeout 300000 defects4j test -s /home/liumengjiao/Desktop/CI/Evosuite//Math_79/Math/evosuite/4/Math-79f-evosuite.4.tar.bz >> evosuite-report-clz/test_run_fix.log 2>&1

Test suite archive not found: /home/liumengjiao/Desktop/CI/Evosuite//Math_79/Math/evosuite/4/Math-79f-evosuite.4.tar.bz
Died at /home/liumengjiao/Desktop/defects4j/framework/bin/d4j/d4j-test line 125.
Compilation failed in require at /home/liumengjiao/Desktop/defects4j/framework/bin/defects4j line 195.
cd /home/liumengjiao/Desktop/CI/Benchmark/../bugs/Math_79_fix && timeout 300000 defects4j test -s /home/liumengjiao/Desktop/CI/Evosuite//Math_79/Math/evosuite/5/Math-79f-evosuite.5.tar.bz >> evosuite-report-clz/test_run_fix.log 2>&1

Test suite archive not found: /home/liumengjiao/Desktop/CI/Evosuite//Math_79/Math/evosuite/5/Math-79f-evosuite.5.tar.bz
Died at /home/liumengjiao/Desktop/defects4j/framework/bin/d4j/d4j-test line 125.
Compilation failed in require at /home/liumengjiao/Desktop/defects4j/framework/bin/defects4j line 195.
cd /home/liumengjiao/Desktop/CI/Benchmark/../bugs/Math_79_fix && timeout 300000 defects4j test -s /home/liumengjiao/Desktop/CI/Evosuite//Math_79/Math/evosuite/6/Math-79f-evosuite.6.tar.bz >> evosuite-report-clz/test_run_fix.log 2>&1

Test suite archive not found: /home/liumengjiao/Desktop/CI/Evosuite//Math_79/Math/evosuite/6/Math-79f-evosuite.6.tar.bz
Died at /home/liumengjiao/Desktop/defects4j/framework/bin/d4j/d4j-test line 125.
Compilation failed in require at /home/liumengjiao/Desktop/defects4j/framework/bin/defects4j line 195.
cd /home/liumengjiao/Desktop/CI/Benchmark/../bugs/Math_79_fix && timeout 300000 defects4j test -s /home/liumengjiao/Desktop/CI/Evosuite//Math_79/Math/evosuite/7/Math-79f-evosuite.7.tar.bz >> evosuite-report-clz/test_run_fix.log 2>&1

Test suite archive not found: /home/liumengjiao/Desktop/CI/Evosuite//Math_79/Math/evosuite/7/Math-79f-evosuite.7.tar.bz
Died at /home/liumengjiao/Desktop/defects4j/framework/bin/d4j/d4j-test line 125.
Compilation failed in require at /home/liumengjiao/Desktop/defects4j/framework/bin/defects4j line 195.
cd /home/liumengjiao/Desktop/CI/Benchmark/../bugs/Math_79_fix && timeout 300000 defects4j test -s /home/liumengjiao/Desktop/CI/Evosuite//Math_79/Math/evosuite/8/Math-79f-evosuite.8.tar.bz >> evosuite-report-clz/test_run_fix.log 2>&1

Test suite archive not found: /home/liumengjiao/Desktop/CI/Evosuite//Math_79/Math/evosuite/8/Math-79f-evosuite.8.tar.bz
Died at /home/liumengjiao/Desktop/defects4j/framework/bin/d4j/d4j-test line 125.
Compilation failed in require at /home/liumengjiao/Desktop/defects4j/framework/bin/defects4j line 195.
cd /home/liumengjiao/Desktop/CI/Benchmark/../bugs/Math_79_fix && timeout 300000 defects4j test -s /home/liumengjiao/Desktop/CI/Evosuite//Math_79/Math/evosuite/9/Math-79f-evosuite.9.tar.bz >> evosuite-report-clz/test_run_fix.log 2>&1

Test suite archive not found: /home/liumengjiao/Desktop/CI/Evosuite//Math_79/Math/evosuite/9/Math-79f-evosuite.9.tar.bz
Died at /home/liumengjiao/Desktop/defects4j/framework/bin/d4j/d4j-test line 125.
Compilation failed in require at /home/liumengjiao/Desktop/defects4j/framework/bin/defects4j line 195.
cd /home/liumengjiao/Desktop/CI/Benchmark/../bugs/Math_79_fix && timeout 300000 defects4j test -s /home/liumengjiao/Desktop/CI/Evosuite//Math_79/Math/evosuite/10/Math-79f-evosuite.10.tar.bz >> evosuite-report-clz/test_run_fix.log 2>&1

Test suite archive not found: /home/liumengjiao/Desktop/CI/Evosuite//Math_79/Math/evosuite/10/Math-79f-evosuite.10.tar.bz
Died at /home/liumengjiao/Desktop/defects4j/framework/bin/d4j/d4j-test line 125.
Compilation failed in require at /home/liumengjiao/Desktop/defects4j/framework/bin/defects4j line 195.
cd /home/liumengjiao/Desktop/CI/Benchmark/../bugs/Math_79_fix && timeout 300000 defects4j test -s /home/liumengjiao/Desktop/CI/Evosuite//Math_79/Math/evosuite/11/Math-79f-evosuite.11.tar.bz >> evosuite-report-clz/test_run_fix.log 2>&1

Test suite archive not found: /home/liumengjiao/Desktop/CI/Evosuite//Math_79/Math/evosuite/11/Math-79f-evosuite.11.tar.bz
Died at /home/liumengjiao/Desktop/defects4j/framework/bin/d4j/d4j-test line 125.
Compilation failed in require at /home/liumengjiao/Desktop/defects4j/framework/bin/defects4j line 195.
cd /home/liumengjiao/Desktop/CI/Benchmark/../bugs/Math_79_fix && timeout 300000 defects4j test -s /home/liumengjiao/Desktop/CI/Evosuite//Math_79/Math/evosuite/12/Math-79f-evosuite.12.tar.bz >> evosuite-report-clz/test_run_fix.log 2>&1

Test suite archive not found: /home/liumengjiao/Desktop/CI/Evosuite//Math_79/Math/evosuite/12/Math-79f-evosuite.12.tar.bz
Died at /home/liumengjiao/Desktop/defects4j/framework/bin/d4j/d4j-test line 125.
Compilation failed in require at /home/liumengjiao/Desktop/defects4j/framework/bin/defects4j line 195.
cd /home/liumengjiao/Desktop/CI/Benchmark/../bugs/Math_79_fix && timeout 300000 defects4j test -s /home/liumengjiao/Desktop/CI/Evosuite//Math_79/Math/evosuite/13/Math-79f-evosuite.13.tar.bz >> evosuite-report-clz/test_run_fix.log 2>&1

Test suite archive not found: /home/liumengjiao/Desktop/CI/Evosuite//Math_79/Math/evosuite/13/Math-79f-evosuite.13.tar.bz
Died at /home/liumengjiao/Desktop/defects4j/framework/bin/d4j/d4j-test line 125.
Compilation failed in require at /home/liumengjiao/Desktop/defects4j/framework/bin/defects4j line 195.
cd /home/liumengjiao/Desktop/CI/Benchmark/../bugs/Math_79_fix && timeout 300000 defects4j test -s /home/liumengjiao/Desktop/CI/Evosuite//Math_79/Math/evosuite/14/Math-79f-evosuite.14.tar.bz >> evosuite-report-clz/test_run_fix.log 2>&1

Test suite archive not found: /home/liumengjiao/Desktop/CI/Evosuite//Math_79/Math/evosuite/14/Math-79f-evosuite.14.tar.bz
Died at /home/liumengjiao/Desktop/defects4j/framework/bin/d4j/d4j-test line 125.
Compilation failed in require at /home/liumengjiao/Desktop/defects4j/framework/bin/defects4j line 195.
cd /home/liumengjiao/Desktop/CI/Benchmark/../bugs/Math_79_fix && timeout 300000 defects4j test -s /home/liumengjiao/Desktop/CI/Evosuite//Math_79/Math/evosuite/15/Math-79f-evosuite.15.tar.bz >> evosuite-report-clz/test_run_fix.log 2>&1

Test suite archive not found: /home/liumengjiao/Desktop/CI/Evosuite//Math_79/Math/evosuite/15/Math-79f-evosuite.15.tar.bz
Died at /home/liumengjiao/Desktop/defects4j/framework/bin/d4j/d4j-test line 125.
Compilation failed in require at /home/liumengjiao/Desktop/defects4j/framework/bin/defects4j line 195.
cd /home/liumengjiao/Desktop/CI/Benchmark/../bugs/Math_79_fix && timeout 300000 defects4j test -s /home/liumengjiao/Desktop/CI/Evosuite//Math_79/Math/evosuite/16/Math-79f-evosuite.16.tar.bz >> evosuite-report-clz/test_run_fix.log 2>&1

Test suite archive not found: /home/liumengjiao/Desktop/CI/Evosuite//Math_79/Math/evosuite/16/Math-79f-evosuite.16.tar.bz
Died at /home/liumengjiao/Desktop/defects4j/framework/bin/d4j/d4j-test line 125.
Compilation failed in require at /home/liumengjiao/Desktop/defects4j/framework/bin/defects4j line 195.
cd /home/liumengjiao/Desktop/CI/Benchmark/../bugs/Math_79_fix && timeout 300000 defects4j test -s /home/liumengjiao/Desktop/CI/Evosuite//Math_79/Math/evosuite/17/Math-79f-evosuite.17.tar.bz >> evosuite-report-clz/test_run_fix.log 2>&1

Test suite archive not found: /home/liumengjiao/Desktop/CI/Evosuite//Math_79/Math/evosuite/17/Math-79f-evosuite.17.tar.bz
Died at /home/liumengjiao/Desktop/defects4j/framework/bin/d4j/d4j-test line 125.
Compilation failed in require at /home/liumengjiao/Desktop/defects4j/framework/bin/defects4j line 195.
cd /home/liumengjiao/Desktop/CI/Benchmark/../bugs/Math_79_fix && timeout 300000 defects4j test -s /home/liumengjiao/Desktop/CI/Evosuite//Math_79/Math/evosuite/18/Math-79f-evosuite.18.tar.bz >> evosuite-report-clz/test_run_fix.log 2>&1

Test suite archive not found: /home/liumengjiao/Desktop/CI/Evosuite//Math_79/Math/evosuite/18/Math-79f-evosuite.18.tar.bz
Died at /home/liumengjiao/Desktop/defects4j/framework/bin/d4j/d4j-test line 125.
Compilation failed in require at /home/liumengjiao/Desktop/defects4j/framework/bin/defects4j line 195.
cd /home/liumengjiao/Desktop/CI/Benchmark/../bugs/Math_79_fix && timeout 300000 defects4j test -s /home/liumengjiao/Desktop/CI/Evosuite//Math_79/Math/evosuite/19/Math-79f-evosuite.19.tar.bz >> evosuite-report-clz/test_run_fix.log 2>&1

Test suite archive not found: /home/liumengjiao/Desktop/CI/Evosuite//Math_79/Math/evosuite/19/Math-79f-evosuite.19.tar.bz
Died at /home/liumengjiao/Desktop/defects4j/framework/bin/d4j/d4j-test line 125.
Compilation failed in require at /home/liumengjiao/Desktop/defects4j/framework/bin/defects4j line 195.
cd /home/liumengjiao/Desktop/CI/Benchmark/../bugs/Math_79_fix && timeout 300000 defects4j test -s /home/liumengjiao/Desktop/CI/Evosuite//Math_79/Math/evosuite/20/Math-79f-evosuite.20.tar.bz >> evosuite-report-clz/test_run_fix.log 2>&1

Test suite archive not found: /home/liumengjiao/Desktop/CI/Evosuite//Math_79/Math/evosuite/20/Math-79f-evosuite.20.tar.bz
Died at /home/liumengjiao/Desktop/defects4j/framework/bin/d4j/d4j-test line 125.
Compilation failed in require at /home/liumengjiao/Desktop/defects4j/framework/bin/defects4j line 195.
cd /home/liumengjiao/Desktop/CI/Benchmark/../bugs/Math_79_fix && timeout 300000 defects4j test -s /home/liumengjiao/Desktop/CI/Evosuite//Math_79/Math/evosuite/21/Math-79f-evosuite.21.tar.bz >> evosuite-report-clz/test_run_fix.log 2>&1

Test suite archive not found: /home/liumengjiao/Desktop/CI/Evosuite//Math_79/Math/evosuite/21/Math-79f-evosuite.21.tar.bz
Died at /home/liumengjiao/Desktop/defects4j/framework/bin/d4j/d4j-test line 125.
Compilation failed in require at /home/liumengjiao/Desktop/defects4j/framework/bin/defects4j line 195.
cd /home/liumengjiao/Desktop/CI/Benchmark/../bugs/Math_79_fix && timeout 300000 defects4j test -s /home/liumengjiao/Desktop/CI/Evosuite//Math_79/Math/evosuite/22/Math-79f-evosuite.22.tar.bz >> evosuite-report-clz/test_run_fix.log 2>&1

Test suite archive not found: /home/liumengjiao/Desktop/CI/Evosuite//Math_79/Math/evosuite/22/Math-79f-evosuite.22.tar.bz
Died at /home/liumengjiao/Desktop/defects4j/framework/bin/d4j/d4j-test line 125.
Compilation failed in require at /home/liumengjiao/Desktop/defects4j/framework/bin/defects4j line 195.
cd /home/liumengjiao/Desktop/CI/Benchmark/../bugs/Math_79_fix && timeout 300000 defects4j test -s /home/liumengjiao/Desktop/CI/Evosuite//Math_79/Math/evosuite/23/Math-79f-evosuite.23.tar.bz >> evosuite-report-clz/test_run_fix.log 2>&1

Test suite archive not found: /home/liumengjiao/Desktop/CI/Evosuite//Math_79/Math/evosuite/23/Math-79f-evosuite.23.tar.bz
Died at /home/liumengjiao/Desktop/defects4j/framework/bin/d4j/d4j-test line 125.
Compilation failed in require at /home/liumengjiao/Desktop/defects4j/framework/bin/defects4j line 195.
cd /home/liumengjiao/Desktop/CI/Benchmark/../bugs/Math_79_fix && timeout 300000 defects4j test -s /home/liumengjiao/Desktop/CI/Evosuite//Math_79/Math/evosuite/24/Math-79f-evosuite.24.tar.bz >> evosuite-report-clz/test_run_fix.log 2>&1

Test suite archive not found: /home/liumengjiao/Desktop/CI/Evosuite//Math_79/Math/evosuite/24/Math-79f-evosuite.24.tar.bz
Died at /home/liumengjiao/Desktop/defects4j/framework/bin/d4j/d4j-test line 125.
Compilation failed in require at /home/liumengjiao/Desktop/defects4j/framework/bin/defects4j line 195.
cd /home/liumengjiao/Desktop/CI/Benchmark/../bugs/Math_79_fix && timeout 300000 defects4j test -s /home/liumengjiao/Desktop/CI/Evosuite//Math_79/Math/evosuite/25/Math-79f-evosuite.25.tar.bz >> evosuite-report-clz/test_run_fix.log 2>&1

Test suite archive not found: /home/liumengjiao/Desktop/CI/Evosuite//Math_79/Math/evosuite/25/Math-79f-evosuite.25.tar.bz
Died at /home/liumengjiao/Desktop/defects4j/framework/bin/d4j/d4j-test line 125.
Compilation failed in require at /home/liumengjiao/Desktop/defects4j/framework/bin/defects4j line 195.
cd /home/liumengjiao/Desktop/CI/Benchmark/../bugs/Math_79_fix && timeout 300000 defects4j test -s /home/liumengjiao/Desktop/CI/Evosuite//Math_79/Math/evosuite/26/Math-79f-evosuite.26.tar.bz >> evosuite-report-clz/test_run_fix.log 2>&1

Test suite archive not found: /home/liumengjiao/Desktop/CI/Evosuite//Math_79/Math/evosuite/26/Math-79f-evosuite.26.tar.bz
Died at /home/liumengjiao/Desktop/defects4j/framework/bin/d4j/d4j-test line 125.
Compilation failed in require at /home/liumengjiao/Desktop/defects4j/framework/bin/defects4j line 195.
cd /home/liumengjiao/Desktop/CI/Benchmark/../bugs/Math_79_fix && timeout 300000 defects4j test -s /home/liumengjiao/Desktop/CI/Evosuite//Math_79/Math/evosuite/27/Math-79f-evosuite.27.tar.bz >> evosuite-report-clz/test_run_fix.log 2>&1

Test suite archive not found: /home/liumengjiao/Desktop/CI/Evosuite//Math_79/Math/evosuite/27/Math-79f-evosuite.27.tar.bz
Died at /home/liumengjiao/Desktop/defects4j/framework/bin/d4j/d4j-test line 125.
Compilation failed in require at /home/liumengjiao/Desktop/defects4j/framework/bin/defects4j line 195.
cd /home/liumengjiao/Desktop/CI/Benchmark/../bugs/Math_79_fix && timeout 300000 defects4j test -s /home/liumengjiao/Desktop/CI/Evosuite//Math_79/Math/evosuite/28/Math-79f-evosuite.28.tar.bz >> evosuite-report-clz/test_run_fix.log 2>&1

Test suite archive not found: /home/liumengjiao/Desktop/CI/Evosuite//Math_79/Math/evosuite/28/Math-79f-evosuite.28.tar.bz
Died at /home/liumengjiao/Desktop/defects4j/framework/bin/d4j/d4j-test line 125.
Compilation failed in require at /home/liumengjiao/Desktop/defects4j/framework/bin/defects4j line 195.
