cd /home/liumengjiao/Desktop/CI/Benchmark/../bugs/Closure_12_buggy && timeout 300000 javac -cp  /home/liumengjiao/Desktop/defects4j/framework/lib/test_generation/generation/evosuite-current.jar:build/classes/:lib/*  /home/liumengjiao/Desktop/CI/Evosuite/Closure_12/Closure/evosuite/3/com/google/javascript/jscomp/MaybeReachingVariableUse_ESTest_scaffolding.java /home/liumengjiao/Desktop/CI/Evosuite/Closure_12/Closure/evosuite/3/com/google/javascript/jscomp/MaybeReachingVariableUse_ESTest.java >> evosuite-report-org/test_build_org.log 2>&1

/home/liumengjiao/Desktop/CI/Evosuite/Closure_12/Closure/evosuite/3/com/google/javascript/jscomp/MaybeReachingVariableUse_ESTest.java:28: error: cannot find symbol
      Node node0 = Normalize.parseAndNormalizeTestCode(compiler0, "com.google.javajcript.jscompMaybeReachingVaribleUse$ReachingUsesJoinOp", "com.google.javajcript.jscompMaybeReachingVaribleUse$ReachingUsesJoinOp");
                            ^
  symbol:   method parseAndNormalizeTestCode(Compiler,String,String)
  location: class Normalize
/home/liumengjiao/Desktop/CI/Evosuite/Closure_12/Closure/evosuite/3/com/google/javascript/jscomp/MaybeReachingVariableUse_ESTest.java:29: error: constructor ControlFlowGraph in class ControlFlowGraph<N> cannot be applied to given types;
      ControlFlowGraph<Node> controlFlowGraph0 = new ControlFlowGraph<Node>(node0, false, false);
                                                 ^
  required: Node
  found: Node,boolean,boolean
  reason: actual and formal argument lists differ in length
  where N is a type-variable:
    N extends Object declared in class ControlFlowGraph
/home/liumengjiao/Desktop/CI/Evosuite/Closure_12/Closure/evosuite/3/com/google/javascript/jscomp/MaybeReachingVariableUse_ESTest.java:48: error: cannot find symbol
      Node node0 = Normalize.parseAndNormalizeTestCode(compiler0, "com.google.javajcript.jscompMaybeReachingVaribleUse$ReachingUsesJoinOp", "com.google.javajcript.jscompMaybeReachingVaribleUse$ReachingUsesJoinOp");
                            ^
  symbol:   method parseAndNormalizeTestCode(Compiler,String,String)
  location: class Normalize
/home/liumengjiao/Desktop/CI/Evosuite/Closure_12/Closure/evosuite/3/com/google/javascript/jscomp/MaybeReachingVariableUse_ESTest.java:49: error: constructor ControlFlowGraph in class ControlFlowGraph<N> cannot be applied to given types;
      ControlFlowGraph<Node> controlFlowGraph0 = new ControlFlowGraph<Node>(node0, false, false);
                                                 ^
  required: Node
  found: Node,boolean,boolean
  reason: actual and formal argument lists differ in length
  where N is a type-variable:
    N extends Object declared in class ControlFlowGraph
/home/liumengjiao/Desktop/CI/Evosuite/Closure_12/Closure/evosuite/3/com/google/javascript/jscomp/MaybeReachingVariableUse_ESTest.java:67: error: cannot find symbol
      Node node0 = Normalize.parseAndNormalizeTestCode(compiler0, "dJFhV$Kvl=8", "dJFhV$Kvl=8");
                            ^
  symbol:   method parseAndNormalizeTestCode(Compiler,String,String)
  location: class Normalize
/home/liumengjiao/Desktop/CI/Evosuite/Closure_12/Closure/evosuite/3/com/google/javascript/jscomp/MaybeReachingVariableUse_ESTest.java:68: error: constructor ControlFlowGraph in class ControlFlowGraph<N> cannot be applied to given types;
      ControlFlowGraph<Node> controlFlowGraph0 = new ControlFlowGraph<Node>(node0, true, true);
                                                 ^
  required: Node
  found: Node,boolean,boolean
  reason: actual and formal argument lists differ in length
  where N is a type-variable:
    N extends Object declared in class ControlFlowGraph
/home/liumengjiao/Desktop/CI/Evosuite/Closure_12/Closure/evosuite/3/com/google/javascript/jscomp/MaybeReachingVariableUse_ESTest.java:79: error: cannot find symbol
      Node node0 = Normalize.parseAndNormalizeTestCode(compiler0, "com.google.jovajcript.jscompMaybeReachingVaribleUse$ReachingUsesJoinOp", "com.google.jovajcript.jscompMaybeReachingVaribleUse$ReachingUsesJoinOp");
                            ^
  symbol:   method parseAndNormalizeTestCode(Compiler,String,String)
  location: class Normalize
/home/liumengjiao/Desktop/CI/Evosuite/Closure_12/Closure/evosuite/3/com/google/javascript/jscomp/MaybeReachingVariableUse_ESTest.java:80: error: constructor ControlFlowGraph in class ControlFlowGraph<N> cannot be applied to given types;
      ControlFlowGraph<Node> controlFlowGraph0 = new ControlFlowGraph<Node>(node0, true, true);
                                                 ^
  required: Node
  found: Node,boolean,boolean
  reason: actual and formal argument lists differ in length
  where N is a type-variable:
    N extends Object declared in class ControlFlowGraph
/home/liumengjiao/Desktop/CI/Evosuite/Closure_12/Closure/evosuite/3/com/google/javascript/jscomp/MaybeReachingVariableUse_ESTest.java:93: error: cannot find symbol
      Node node0 = Normalize.parseAndNormalizeTestCode(compiler0, "dJFhV$Kvl=8", "dJFhV$Kvl=8");
                            ^
  symbol:   method parseAndNormalizeTestCode(Compiler,String,String)
  location: class Normalize
/home/liumengjiao/Desktop/CI/Evosuite/Closure_12/Closure/evosuite/3/com/google/javascript/jscomp/MaybeReachingVariableUse_ESTest.java:94: error: constructor ControlFlowGraph in class ControlFlowGraph<N> cannot be applied to given types;
      ControlFlowGraph<Node> controlFlowGraph0 = new ControlFlowGraph<Node>(node0, true, true);
                                                 ^
  required: Node
  found: Node,boolean,boolean
  reason: actual and formal argument lists differ in length
  where N is a type-variable:
    N extends Object declared in class ControlFlowGraph
/home/liumengjiao/Desktop/CI/Evosuite/Closure_12/Closure/evosuite/3/com/google/javascript/jscomp/MaybeReachingVariableUse_ESTest.java:107: error: cannot find symbol
      Node node0 = Normalize.parseAndNormalizeTestCode(compiler0, "com.google.javajcript.jscompMaybeReachingVaribleUse$ReachingUsesJoinOp", "com.google.javajcript.jscompMaybeReachingVaribleUse$ReachingUsesJoinOp");
                            ^
  symbol:   method parseAndNormalizeTestCode(Compiler,String,String)
  location: class Normalize
/home/liumengjiao/Desktop/CI/Evosuite/Closure_12/Closure/evosuite/3/com/google/javascript/jscomp/MaybeReachingVariableUse_ESTest.java:108: error: constructor ControlFlowGraph in class ControlFlowGraph<N> cannot be applied to given types;
      ControlFlowGraph<Node> controlFlowGraph0 = new ControlFlowGraph<Node>(node0, true, true);
                                                 ^
  required: Node
  found: Node,boolean,boolean
  reason: actual and formal argument lists differ in length
  where N is a type-variable:
    N extends Object declared in class ControlFlowGraph
/home/liumengjiao/Desktop/CI/Evosuite/Closure_12/Closure/evosuite/3/com/google/javascript/jscomp/MaybeReachingVariableUse_ESTest.java:129: error: cannot find symbol
      Node node0 = Normalize.parseAndNormalizeTestCode(compiler0, "com.google.javajcript.jscompMaybeReachingVaribleUse$ReachingUsesJoinOp", "com.google.javajcript.jscompMaybeReachingVaribleUse$ReachingUsesJoinOp");
                            ^
  symbol:   method parseAndNormalizeTestCode(Compiler,String,String)
  location: class Normalize
/home/liumengjiao/Desktop/CI/Evosuite/Closure_12/Closure/evosuite/3/com/google/javascript/jscomp/MaybeReachingVariableUse_ESTest.java:130: error: constructor ControlFlowGraph in class ControlFlowGraph<N> cannot be applied to given types;
      ControlFlowGraph<Node> controlFlowGraph0 = new ControlFlowGraph<Node>(node0, true, true);
                                                 ^
  required: Node
  found: Node,boolean,boolean
  reason: actual and formal argument lists differ in length
  where N is a type-variable:
    N extends Object declared in class ControlFlowGraph
/home/liumengjiao/Desktop/CI/Evosuite/Closure_12/Closure/evosuite/3/com/google/javascript/jscomp/MaybeReachingVariableUse_ESTest.java:142: error: cannot find symbol
      Node node0 = Normalize.parseAndNormalizeTestCode(compiler0, "dJhV$Kvl=8", "dJhV$Kvl=8");
                            ^
  symbol:   method parseAndNormalizeTestCode(Compiler,String,String)
  location: class Normalize
/home/liumengjiao/Desktop/CI/Evosuite/Closure_12/Closure/evosuite/3/com/google/javascript/jscomp/MaybeReachingVariableUse_ESTest.java:143: error: constructor ControlFlowGraph in class ControlFlowGraph<N> cannot be applied to given types;
      ControlFlowGraph<Node> controlFlowGraph0 = new ControlFlowGraph<Node>(node0, false, true);
                                                 ^
  required: Node
  found: Node,boolean,boolean
  reason: actual and formal argument lists differ in length
  where N is a type-variable:
    N extends Object declared in class ControlFlowGraph
/home/liumengjiao/Desktop/CI/Evosuite/Closure_12/Closure/evosuite/3/com/google/javascript/jscomp/MaybeReachingVariableUse_ESTest.java:155: error: cannot find symbol
      Node node0 = Normalize.parseAndNormalizeTestCode(compiler0, "com.google.jovajcript.jscompMaybeReachingVaribleUse$ReachingUsesJoinOp", "com.google.jovajcript.jscompMaybeReachingVaribleUse$ReachingUsesJoinOp");
                            ^
  symbol:   method parseAndNormalizeTestCode(Compiler,String,String)
  location: class Normalize
/home/liumengjiao/Desktop/CI/Evosuite/Closure_12/Closure/evosuite/3/com/google/javascript/jscomp/MaybeReachingVariableUse_ESTest.java:156: error: constructor ControlFlowGraph in class ControlFlowGraph<N> cannot be applied to given types;
      ControlFlowGraph<Node> controlFlowGraph0 = new ControlFlowGraph<Node>(node0, true, true);
                                                 ^
  required: Node
  found: Node,boolean,boolean
  reason: actual and formal argument lists differ in length
  where N is a type-variable:
    N extends Object declared in class ControlFlowGraph
/home/liumengjiao/Desktop/CI/Evosuite/Closure_12/Closure/evosuite/3/com/google/javascript/jscomp/MaybeReachingVariableUse_ESTest.java:168: error: cannot find symbol
      Node node0 = Normalize.parseAndNormalizeTestCode(compiler0, "com.google.javajcript.jscompMaybeReachingVaribleUse$ReachingUsesJoinOp", "com.google.javajcript.jscompMaybeReachingVaribleUse$ReachingUsesJoinOp");
                            ^
  symbol:   method parseAndNormalizeTestCode(Compiler,String,String)
  location: class Normalize
/home/liumengjiao/Desktop/CI/Evosuite/Closure_12/Closure/evosuite/3/com/google/javascript/jscomp/MaybeReachingVariableUse_ESTest.java:169: error: constructor ControlFlowGraph in class ControlFlowGraph<N> cannot be applied to given types;
      ControlFlowGraph<Node> controlFlowGraph0 = new ControlFlowGraph<Node>(node0, true, true);
                                                 ^
  required: Node
  found: Node,boolean,boolean
  reason: actual and formal argument lists differ in length
  where N is a type-variable:
    N extends Object declared in class ControlFlowGraph
/home/liumengjiao/Desktop/CI/Evosuite/Closure_12/Closure/evosuite/3/com/google/javascript/jscomp/MaybeReachingVariableUse_ESTest.java:181: error: cannot find symbol
      Node node0 = Normalize.parseAndNormalizeTestCode(compiler0, "com.google.javajcript.jscompMaybeReachingVaribleUse$ReachingUsesJoinOp", "com.google.javajcript.jscompMaybeReachingVaribleUse$ReachingUsesJoinOp");
                            ^
  symbol:   method parseAndNormalizeTestCode(Compiler,String,String)
  location: class Normalize
/home/liumengjiao/Desktop/CI/Evosuite/Closure_12/Closure/evosuite/3/com/google/javascript/jscomp/MaybeReachingVariableUse_ESTest.java:182: error: constructor ControlFlowGraph in class ControlFlowGraph<N> cannot be applied to given types;
      ControlFlowGraph<Node> controlFlowGraph0 = new ControlFlowGraph<Node>(node0, true, true);
                                                 ^
  required: Node
  found: Node,boolean,boolean
  reason: actual and formal argument lists differ in length
  where N is a type-variable:
    N extends Object declared in class ControlFlowGraph
/home/liumengjiao/Desktop/CI/Evosuite/Closure_12/Closure/evosuite/3/com/google/javascript/jscomp/MaybeReachingVariableUse_ESTest.java:194: error: cannot find symbol
      Node node0 = Normalize.parseAndNormalizeTestCode(compiler0, "dJFhV$Kvl=8", "dJFhV$Kvl=8");
                            ^
  symbol:   method parseAndNormalizeTestCode(Compiler,String,String)
  location: class Normalize
/home/liumengjiao/Desktop/CI/Evosuite/Closure_12/Closure/evosuite/3/com/google/javascript/jscomp/MaybeReachingVariableUse_ESTest.java:195: error: constructor ControlFlowGraph in class ControlFlowGraph<N> cannot be applied to given types;
      ControlFlowGraph<Node> controlFlowGraph0 = new ControlFlowGraph<Node>(node0, false, false);
                                                 ^
  required: Node
  found: Node,boolean,boolean
  reason: actual and formal argument lists differ in length
  where N is a type-variable:
    N extends Object declared in class ControlFlowGraph
/home/liumengjiao/Desktop/CI/Evosuite/Closure_12/Closure/evosuite/3/com/google/javascript/jscomp/MaybeReachingVariableUse_ESTest.java:216: error: cannot find symbol
      Node node0 = Normalize.parseAndNormalizeTestCode(compiler0, "dJFhV$Kvl=8", "dJFhV$Kvl=8");
                            ^
  symbol:   method parseAndNormalizeTestCode(Compiler,String,String)
  location: class Normalize
/home/liumengjiao/Desktop/CI/Evosuite/Closure_12/Closure/evosuite/3/com/google/javascript/jscomp/MaybeReachingVariableUse_ESTest.java:217: error: constructor ControlFlowGraph in class ControlFlowGraph<N> cannot be applied to given types;
      ControlFlowGraph<Node> controlFlowGraph0 = new ControlFlowGraph<Node>(node0, false, false);
                                                 ^
  required: Node
  found: Node,boolean,boolean
  reason: actual and formal argument lists differ in length
  where N is a type-variable:
    N extends Object declared in class ControlFlowGraph
/home/liumengjiao/Desktop/CI/Evosuite/Closure_12/Closure/evosuite/3/com/google/javascript/jscomp/MaybeReachingVariableUse_ESTest.java:239: error: constructor ControlFlowGraph in class ControlFlowGraph<N> cannot be applied to given types;
      ControlFlowGraph<Node> controlFlowGraph0 = new ControlFlowGraph<Node>(node0, false, false);
                                                 ^
  required: Node
  found: Node,boolean,boolean
  reason: actual and formal argument lists differ in length
  where N is a type-variable:
    N extends Object declared in class ControlFlowGraph
/home/liumengjiao/Desktop/CI/Evosuite/Closure_12/Closure/evosuite/3/com/google/javascript/jscomp/MaybeReachingVariableUse_ESTest.java:251: error: cannot find symbol
      Node node0 = Normalize.parseAndNormalizeTestCode(compiler0, "j", "j");
                            ^
  symbol:   method parseAndNormalizeTestCode(Compiler,String,String)
  location: class Normalize
/home/liumengjiao/Desktop/CI/Evosuite/Closure_12/Closure/evosuite/3/com/google/javascript/jscomp/MaybeReachingVariableUse_ESTest.java:252: error: constructor ControlFlowGraph in class ControlFlowGraph<N> cannot be applied to given types;
      ControlFlowGraph<Node> controlFlowGraph0 = new ControlFlowGraph<Node>(node0, false, false);
                                                 ^
  required: Node
  found: Node,boolean,boolean
  reason: actual and formal argument lists differ in length
  where N is a type-variable:
    N extends Object declared in class ControlFlowGraph
29 errors
